Make CSV: MT (census)
Pop loss [301119400004]: 2010: 751, loss: 30.76%
Pop loss [301119400004]: 2010: 829, loss: 9.05%
Pop loss [301119400004]: 2010: 1426, loss: 30.01%
Pop loss [301119400004]: 2010: 639, loss: 2.66%
Pop loss [301119400004]: 2010: 797, loss: 14.55%
Pop loss [301119400004]: 2010: 1282, loss: 20.05%
Pop loss [301119400004]: 2010: 1956, loss: 3.17%
Pop loss [301119400004]: 2010: 495, loss: 25.25%
Pop loss [301119400004]: 2010: 825, loss: 15.88%
Pop loss [301119400004]: 2010: 604, loss: 9.44%
Pop loss [301119400004]: 2010: 532, loss: 17.67%
Pop loss [301119400004]: 2010: 974, loss: 11.62%
Pop loss [301119400004]: 2010: 2197, loss: 3.82%
Pop loss [301119400004]: 2010: 689, loss: 19.3%
Pop loss [301119400004]: 2010: 605, loss: 49.92%
Pop loss [301119400004]: 2010: 1130, loss: 9.19%
Pop loss [301119400004]: 2010: 545, loss: 1.1%
Pop loss [301119400004]: 2010: 992, loss: 2.52%
Pop loss [301119400004]: 2010: 929, loss: 19.16%
Pop loss [301119400004]: 2010: 752, loss: 1.73%
Pop loss [301119400004]: 2010: 1012, loss: 11.36%
Pop loss [301119400004]: 2010: 934, loss: 8.14%
Pop loss [301119400004]: 2010: 1064, loss: 12.78%
Pop loss [301119400004]: 2010: 1273, loss: 4.16%
Pop loss [301119400004]: 2010: 1509, loss: 16.5%
Pop loss [301119400004]: 2010: 874, loss: 0.57%
Pop loss [301119400004]: 2010: 776, loss: 4.64%
Pop loss [301119400004]: 2010: 1123, loss: 9.88%
Pop loss [301119400004]: 2010: 787, loss: 5.72%
Pop loss [301119400004]: 2010: 992, loss: 16.83%
Pop loss [301119400004]: 2010: 932, loss: 10.84%
Pop loss [301119400004]: 2010: 878, loss: 7.4%
Pop loss [301119400004]: 2010: 647, loss: 23.96%
Pop loss [301119400004]: 2010: 674, loss: 15.58%
Pop loss [301119400004]: 2010: 1390, loss: 6.12%
Pop loss [301119400004]: 2010: 1000, loss: 27.5%
Pop loss [301119400004]: 2010: 652, loss: 9.51%
Pop loss [301119400004]: 2010: 934, loss: 11.35%
Pop loss [301119400004]: 2010: 1072, loss: 19.22%
Pop loss [301119400004]: 2010: 1279, loss: 2.35%
Pop loss [301119400004]: 2010: 1032, loss: 15.6%
Pop loss [301119400004]: 2010: 963, loss: 14.85%
Pop loss [301119400004]: 2010: 634, loss: 36.75%
Pop loss [301119400004]: 2010: 999, loss: 17.12%
Pop loss [301119400004]: 2010: 748, loss: 21.66%
Pop loss [301119400004]: 2010: 818, loss: 13.81%
Pop loss [301119400004]: 2010: 680, loss: 18.53%
Pop loss [301119400004]: 2010: 927, loss: 1.51%
Pop loss [301119400004]: 2010: 1264, loss: 13.53%
Pop loss [301119400004]: 2010: 1343, loss: 1.49%
Pop loss [301119400004]: 2010: 816, loss: 19.24%
Pop loss [301119400004]: 2010: 1571, loss: 24.51%
Pop loss [301119400004]: 2010: 1022, loss: 9.59%
Pop loss [301119400004]: 2010: 1240, loss: 8.15%
Pop loss [301119400004]: 2010: 658, loss: 8.97%
Pop loss [301119400004]: 2010: 2366, loss: 6.55%
Pop loss [301119400004]: 2010: 1151, loss: 12.42%
Pop loss [301119400004]: 2010: 1680, loss: 6.9%
Pop loss [301119400004]: 2010: 1488, loss: 9.41%
Pop loss [301119400004]: 2010: 1352, loss: 4.07%
Pop loss [301119400004]: 2010: 617, loss: 11.35%
Pop loss [301119400004]: 2010: 1263, loss: 8.31%
Pop loss [301119400004]: 2010: 1144, loss: 4.37%
Pop loss [301119400004]: 2010: 771, loss: 21.4%
Pop loss [301119400004]: 2010: 709, loss: 31.17%
Pop loss [301119400004]: 2010: 680, loss: 1.47%
Pop loss [301119400004]: 2010: 1133, loss: 0.97%
Pop loss [301119400004]: 2010: 761, loss: 20.76%
Pop loss [301119400004]: 2010: 792, loss: 5.56%
Pop loss [301119400004]: 2010: 1054, loss: 0.76%
Pop loss [301119400004]: 2010: 665, loss: 27.37%
Pop loss [301119400004]: 2010: 744, loss: 13.17%
Pop loss [301119400004]: 2010: 660, loss: 30.3%
Pop loss [301119400004]: 2010: 869, loss: 24.86%
Pop loss [301119400004]: 2010: 540, loss: 0.74%
Pop loss [301119400004]: 2010: 627, loss: 2.87%
Pop loss [301119400004]: 2010: 859, loss: 27.24%
Pop loss [301119400004]: 2010: 1029, loss: 0.49%
Pop loss [301119400004]: 2010: 946, loss: 14.59%
Pop loss [301119400004]: 2010: 739, loss: 5.82%
Pop loss [301119400004]: 2010: 695, loss: 0.29%
Pop loss [301119400004]: 2010: 586, loss: 30.2%
Pop loss [301119400004]: 2010: 873, loss: 18.1%
Pop loss [301119400004]: 2010: 913, loss: 8.87%
Pop loss [301119400004]: 2010: 1241, loss: 7.74%
Pop loss [301119400004]: 2010: 2522, loss: 13.76%
Pop loss [301119400004]: 2010: 2206, loss: 1.31%
Pop loss [301119400004]: 2010: 1350, loss: 9.04%
Pop loss [301119400004]: 2010: 2278, loss: 0.04%
Pop loss [301119400004]: 2010: 1078, loss: 0.19%
Pop loss [301119400004]: 2010: 1017, loss: 3.05%
Pop loss [301119400004]: 2010: 1739, loss: 6.04%
Pop loss [301119400004]: 2010: 18, loss: 38.89%
Pop loss [301119400004]: 2010: 1436, loss: 19.57%
Pop loss [301119400004]: 2010: 1573, loss: 2.99%
Pop loss [301119400004]: 2010: 1007, loss: 17.38%
Pop loss [301119400004]: 2010: 1103, loss: 21.31%
Pop loss [301119400004]: 2010: 1835, loss: 8.94%
Pop loss [301119400004]: 2010: 1262, loss: 6.1%
Pop loss [301119400004]: 2010: 1059, loss: 7.55%
Pop loss [301119400004]: 2010: 925, loss: 24.11%
Pop loss [301119400004]: 2010: 856, loss: 10.51%
Pop loss [301119400004]: 2010: 845, loss: 6.75%
Pop loss [301119400004]: 2010: 1973, loss: 8.77%
Pop loss [301119400004]: 2010: 1451, loss: 8.82%
Pop loss [301119400004]: 2010: 1936, loss: 6.2%
Pop loss [301119400004]: 2010: 1328, loss: 50.0%
Pop loss [301119400004]: 2010: 1669, loss: 21.03%
Pop loss [301119400004]: 2010: 826, loss: 30.39%
Pop loss [301119400004]: 2010: 674, loss: 55.19%
Pop loss [301119400004]: 2010: 1004, loss: 36.55%
Pop loss [301119400004]: 2010: 613, loss: 12.56%
Pop loss [301119400004]: 2010: 2975, loss: 7.97%
Pop loss [301119400004]: 2010: 3419, loss: 1.73%
Pop loss [301119400004]: 2010: 679, loss: 21.35%
Pop loss [301119400004]: 2010: 724, loss: 12.71%
Pop loss [301119400004]: 2010: 1249, loss: 7.29%
Pop loss [301119400004]: 2010: 1622, loss: 2.96%
Pop loss [301119400004]: 2010: 1264, loss: 1.42%
Pop loss [301119400004]: 2010: 694, loss: 1.87%
Pop loss [301119400004]: 2010: 1517, loss: 0.4%
Pop loss [301119400004]: 2010: 962, loss: 8.94%
Pop loss [301119400004]: 2010: 711, loss: 2.11%
Pop loss [301119400004]: 2010: 1999, loss: 4.6%
Pop loss [301119400004]: 2010: 792, loss: 6.06%
Pop loss [301119400004]: 2010: 502, loss: 10.76%
Pop loss [301119400004]: 2010: 1271, loss: 20.06%
Pop loss [301119400004]: 2010: 1206, loss: 5.39%
Pop loss [301119400004]: 2010: 1051, loss: 34.25%
Pop loss [301119400004]: 2010: 739, loss: 13.53%
Pop loss [301119400004]: 2010: 1062, loss: 2.54%
Pop loss [301119400004]: 2010: 654, loss: 33.18%
Pop loss [301119400004]: 2010: 971, loss: 4.74%
Pop loss [301119400004]: 2010: 762, loss: 27.03%
Pop loss [301119400004]: 2010: 884, loss: 18.1%
Pop loss [301119400004]: 2010: 1009, loss: 0.2%
Pop loss [301119400004]: 2010: 910, loss: 25.82%
Pop loss [301119400004]: 2010: 818, loss: 5.75%
Pop loss [301119400004]: 2010: 1111, loss: 1.26%
Pop loss [301119400004]: 2010: 695, loss: 6.04%
Pop loss [301119400004]: 2010: 667, loss: 23.54%
Pop loss [301119400004]: 2010: 427, loss: 11.01%
Pop loss [301119400004]: 2010: 800, loss: 18.62%
Pop loss [301119400004]: 2010: 1041, loss: 49.18%
Pop loss [301119400004]: 2010: 678, loss: 4.13%
Pop loss [301119400004]: 2010: 886, loss: 19.19%
Pop loss [301119400004]: 2010: 518, loss: 22.78%
Pop loss [301119400004]: 2010: 781, loss: 20.36%
Pop loss [301119400004]: 2010: 617, loss: 20.1%
Pop loss [301119400004]: 2010: 858, loss: 24.36%
Pop loss [301119400004]: 2010: 1092, loss: 8.52%
Pop loss [301119400004]: 2010: 980, loss: 2.86%
Pop loss [301119400004]: 2010: 719, loss: 26.7%
Pop loss [301119400004]: 2010: 1306, loss: 6.51%
Pop loss [301119400004]: 2010: 655, loss: 9.16%
Pop loss [301119400004]: 2010: 1236, loss: 13.75%
Pop loss [301119400004]: 2010: 1377, loss: 19.03%
Pop loss [301119400004]: 2010: 1195, loss: 20.5%
Pop loss [301119400004]: 2010: 1509, loss: 22.8%
Pop loss [301119400004]: 2010: 1154, loss: 0.26%
Pop loss [301119400004]: 2010: 708, loss: 0.28%
Pop loss [301119400004]: 2010: 699, loss: 3.29%
Pop loss [301119400004]: 2010: 1463, loss: 5.26%
Pop loss [301119400004]: 2010: 858, loss: 16.08%
Pop loss [301119400004]: 2010: 583, loss: 13.04%
Pop loss [301119400004]: 2010: 1265, loss: 19.84%
Pop loss [301119400004]: 2010: 1849, loss: 18.44%
Pop loss [301119400004]: 2010: 1126, loss: 8.7%
Pop loss [301119400004]: 2010: 1262, loss: 10.54%
Pop loss [301119400004]: 2010: 1579, loss: 11.27%
Pop loss [301119400004]: 2010: 1000, loss: 5.0%
Pop loss [301119400004]: 2010: 748, loss: 18.32%
Pop loss [301119400004]: 2010: 846, loss: 2.84%
Pop loss [301119400004]: 2010: 821, loss: 12.3%
Pop loss [301119400004]: 2010: 851, loss: 10.34%
Pop loss [301119400004]: 2010: 1141, loss: 4.38%
Pop loss [301119400004]: 2010: 871, loss: 3.44%
Pop loss [301119400004]: 2010: 787, loss: 4.32%
Pop loss [301119400004]: 2010: 1034, loss: 3.0%
Pop loss [301119400004]: 2010: 1349, loss: 3.41%
Pop loss [301119400004]: 2010: 1654, loss: 3.99%
Pop loss [301119400004]: 2010: 2109, loss: 4.17%
Pop loss [301119400004]: 2010: 1855, loss: 4.58%
Pop loss [301119400004]: 2010: 1214, loss: 22.16%
Pop loss [301119400004]: 2010: 1274, loss: 12.95%
Pop loss [301119400004]: 2010: 1036, loss: 4.05%
Pop loss [301119400004]: 2010: 525, loss: 5.9%
Pop loss [301119400004]: 2010: 1988, loss: 4.68%
Pop loss [301119400004]: 2010: 1225, loss: 19.03%
Pop loss [301119400004]: 2010: 1958, loss: 2.25%
Pop loss [301119400004]: 2010: 1671, loss: 7.0%
Pop loss [301119400004]: 2010: 1240, loss: 0.4%
Pop loss [301119400004]: 2010: 1095, loss: 16.07%
Pop loss [301119400004]: 2010: 1330, loss: 19.85%
Pop loss [301119400004]: 2010: 765, loss: 51.37%
Pop loss [301119400004]: 2010: 587, loss: 3.07%
Pop loss [301119400004]: 2010: 922, loss: 31.89%
Pop loss [301119400004]: 2010: 905, loss: 35.91%
Pop loss [301119400004]: 2010: 1147, loss: 9.59%
Pop loss [301119400004]: 2010: 1233, loss: 7.62%
Pop loss [301119400004]: 2010: 716, loss: 21.79%
Pop loss [301119400004]: 2010: 1066, loss: 6.78%
Pop loss [301119400004]: 2010: 724, loss: 1.38%
Pop loss [301119400004]: 2010: 790, loss: 3.42%
Pop loss [301119400004]: 2010: 921, loss: 4.34%
Pop loss [301119400004]: 2010: 1318, loss: 15.55%
Pop loss [301119400004]: 2010: 920, loss: 9.78%
Pop loss [301119400004]: 2010: 1216, loss: 6.09%
Pop loss [301119400004]: 2010: 1563, loss: 3.13%
Pop loss [301119400004]: 2010: 1742, loss: 0.29%
Pop loss [301119400004]: 2010: 1600, loss: 20.0%
Pop loss [301119400004]: 2010: 2141, loss: 17.89%
Pop loss [301119400004]: 2010: 1372, loss: 8.82%
Pop loss [301119400004]: 2010: 852, loss: 12.44%
Pop loss [301119400004]: 2010: 978, loss: 9.1%
Pop loss [301119400004]: 2010: 1485, loss: 12.79%
Pop loss [301119400004]: 2010: 2274, loss: 37.03%
Pop loss [301119400004]: 2010: 1477, loss: 3.45%
Pop loss [301119400004]: 2010: 1311, loss: 8.85%
Pop loss [301119400004]: 2010: 990, loss: 13.23%
Pop loss [301119400004]: 2010: 985, loss: 33.6%
Pop loss [301119400004]: 2010: 2571, loss: 15.21%
Pop loss [301119400004]: 2010: 1361, loss: 3.23%
Pop loss [301119400004]: 2010: 1891, loss: 3.65%
Pop loss [301119400004]: 2010: 1008, loss: 3.08%
Pop loss [301119400004]: 2010: 1253, loss: 0.64%
Pop loss [301119400004]: 2010: 1328, loss: 2.64%
Pop loss [301119400004]: 2010: 1441, loss: 22.48%
Pop loss [301119400004]: 2010: 1006, loss: 15.31%
Pop loss [301119400004]: 2010: 1128, loss: 14.1%
Pop loss [301119400004]: 2010: 1342, loss: 16.1%
Pop loss [301119400004]: 2010: 951, loss: 4.31%
Pop loss [301119400004]: 2010: 1063, loss: 3.67%
Pop loss [301119400004]: 2010: 1227, loss: 5.04%
Pop loss [301119400004]: 2010: 1375, loss: 24.73%
Pop loss [301119400004]: 2010: 1763, loss: 22.29%
Pop loss [301119400004]: 2010: 887, loss: 9.47%
Pop loss [301119400004]: 2010: 984, loss: 12.09%
Pop loss [301119400004]: 2010: 773, loss: 3.62%
Pop loss [301119400004]: 2010: 753, loss: 1.99%
Pop loss [301119400004]: 2010: 1411, loss: 4.32%
Pop loss [301119400004]: 2010: 1102, loss: 6.81%
Pop loss [301119400004]: 2010: 808, loss: 12.0%
Pop loss [301119400004]: 2010: 968, loss: 11.26%
Pop loss [301119400004]: 2010: 1031, loss: 27.21%
Pop loss [301119400004]: 2010: 1186, loss: 13.74%
Pop loss [301119400004]: 2010: 33, loss: 100.0%
Pop loss [301119400004]: 2010: 494, loss: 12.55%
Pop loss [301119400004]: 2010: 908, loss: 4.3%
Pop loss [301119400004]: 2010: 1139, loss: 2.11%
Pop loss [301119400004]: 2010: 1150, loss: 31.48%
Pop loss [301119400004]: 2010: 592, loss: 10.64%
Pop loss [301119400004]: 2010: 851, loss: 22.21%
Pop loss [301119400004]: 2010: 578, loss: 7.96%
Pop loss [301119400004]: 2010: 1535, loss: 6.58%
Pop loss [301119400004]: 2010: 718, loss: 5.15%
Pop loss [301119400004]: 2010: 1025, loss: 8.49%
Pop loss [301119400004]: 2010: 576, loss: 2.12%
Pop loss [301119400004]: 2010: 855, loss: 5.15%
Pop loss [301119400004]: 2010: 777, loss: 0.73%
Pop loss [301119400004]: 2010: 708, loss: 30.79%
Pop loss [301119400004]: 2010: 912, loss: 7.35%
Pop loss [301119400004]: 2010: 971, loss: 9.68%
Pop loss [301119400004]: 2010: 1180, loss: 4.19%
Pop loss [301119400004]: 2010: 463, loss: 2.38%
Pop loss [301119400004]: 2010: 704, loss: 6.25%
Pop loss [301119400004]: 2010: 1561, loss: 9.74%
Pop loss [301119400004]: 2010: 877, loss: 2.85%
Pop loss [301119400004]: 2010: 1345, loss: 15.32%
Pop loss [301119400004]: 2010: 1620, loss: 4.51%
Pop loss [301119400004]: 2010: 1038, loss: 7.23%
Pop loss [301119400004]: 2010: 1554, loss: 7.66%
Pop loss [301119400004]: 2010: 652, loss: 40.03%
Pop loss [301119400004]: 2010: 710, loss: 6.9%
Pop loss [301119400004]: 2010: 817, loss: 13.22%
Pop loss [301119400004]: 2010: 695, loss: 5.47%
Pop loss [301119400004]: 2010: 744, loss: 4.84%
Pop loss [301119400004]: 2010: 1870, loss: 0.57%
Pop loss [301119400004]: 2010: 1009, loss: 12.98%
Pop loss [301119400004]: 2010: 766, loss: 2.87%
Pop loss [301119400004]: 2010: 934, loss: 12.21%
Pop loss [301119400004]: 2010: 1586, loss: 4.98%
Pop loss [301119400004]: 2010: 695, loss: 30.65%
Pop loss [301119400004]: 2010: 1037, loss: 0.58%
Pop loss [301119400004]: 2010: 689, loss: 1.89%
Pop loss [301119400004]: 2010: 1588, loss: 0.09%
Pop loss [301119400004]: 2010: 1309, loss: 5.81%
Pop loss [301119400004]: 2010: 647, loss: 16.32%
Pop loss [301119400004]: 2010: 990, loss: 3.03%
Pop loss [301119400004]: 2010: 1407, loss: 1.07%
Pop loss [301119400004]: 2010: 797, loss: 5.27%
Pop loss [301119400004]: 2010: 874, loss: 12.47%
Pop loss [301119400004]: 2010: 830, loss: 8.31%
Pop loss [301119400004]: 2010: 1183, loss: 1.48%
Pop loss [301119400004]: 2010: 635, loss: 13.07%
Pop loss [301119400004]: 2010: 727, loss: 26.13%
Pop loss [301119400004]: 2010: 621, loss: 5.8%
Pop loss [301119400004]: 2010: 668, loss: 39.97%
Pop loss [301119400004]: 2010: 665, loss: 15.94%
Pop loss [301119400004]: 2010: 745, loss: 3.76%
Pop loss [301119400004]: 2010: 1349, loss: 6.6%
Pop loss [301119400004]: 2010: 961, loss: 15.5%
Pop loss [301119400004]: 2010: 720, loss: 33.19%
Pop loss [301119400004]: 2010: 1136, loss: 11.44%
Pop loss [301119400004]: 2010: 681, loss: 24.96%
Pop loss [301119400004]: 2010: 709, loss: 7.9%
Pop loss [301119400004]: 2010: 763, loss: 3.41%
Pop loss [301119400004]: 2010: 769, loss: 6.63%
Pop loss [301119400004]: 2010: 729, loss: 41.84%
Pop loss [301119400004]: 2010: 818, loss: 4.28%
Pop loss [301119400004]: 2010: 635, loss: 25.83%
Pop loss [301119400004]: 2010: 1134, loss: 17.99%
Pop loss [301119400004]: 2010: 1333, loss: 24.38%
Pop loss [301119400004]: 2010: 1119, loss: 10.01%
Pop loss [301119400004]: 2010: 1276, loss: 6.97%
Pop loss [301119400004]: 2010: 1150, loss: 25.3%
Pop loss [301119400004]: 2010: 656, loss: 9.76%
Pop loss [301119400004]: 2010: 767, loss: 9.39%
Pop loss [301119400004]: 2010: 2331, loss: 5.96%
Pop loss [301119400004]: 2010: 811, loss: 9.49%
Pop loss [301119400004]: 2010: 629, loss: 14.47%
Pop loss [301119400004]: 2010: 874, loss: 8.12%
Pop loss [301119400004]: 2010: 676, loss: 50.0%
Pop loss [301119400004]: 2010: 669, loss: 13.75%
Pop loss [301119400004]: 2010: 688, loss: 24.71%
Pop loss [301119400004]: 2010: 619, loss: 6.79%
Pop loss [301119400004]: 2010: 676, loss: 24.26%
Pop loss [301119400004]: 2010: 573, loss: 15.53%
Pop loss [301119400004]: 2010: 1003, loss: 22.63%
Pop loss [301119400004]: 2010: 976, loss: 25.51%
Pop loss [301119400004]: 2010: 1252, loss: 0.8%
Pop loss [301119400004]: 2010: 854, loss: 14.05%
Pop loss [301119400004]: 2010: 998, loss: 13.63%
Pop loss [301119400004]: 2010: 1282, loss: 1.09%
Pop loss [301119400004]: 2010: 919, loss: 39.93%
Pop loss [301119400004]: 2010: 966, loss: 21.43%
Pop loss [301119400004]: 2010: 726, loss: 11.16%
Pop loss [301119400004]: 2010: 1170, loss: 32.31%
Pop loss [301119400004]: 2010: 1170, loss: 21.71%
Pop loss [301119400004]: 2010: 991, loss: 25.63%
Pop loss [301119400004]: 2010: 761, loss: 19.05%
Pop loss [301119400004]: 2010: 2272, loss: 10.61%
Pop loss [301119400004]: 2010: 1268, loss: 10.57%
Pop loss [301119400004]: 2010: 1230, loss: 2.85%
Pop loss [301119400004]: 2010: 671, loss: 28.17%
Pop loss [301119400004]: 2010: 1081, loss: 17.11%
Pop loss [301119400004]: 2010: 1235, loss: 9.64%
Pop loss [301119400004]: 2010: 1055, loss: 61.52%
Pop loss [301119400004]: 2010: 1148, loss: 3.57%
Pop loss [301119400004]: 2010: 968, loss: 19.32%
Pop loss [301119400004]: 2010: 1126, loss: 22.56%
Pop loss [301119400004]: 2010: 1214, loss: 0.82%
Pop loss [301119400004]: 2010: 1326, loss: 1.21%
Pop loss [301119400004]: 2010: 926, loss: 50.43%
Pop loss [301119400004]: 2010: 847, loss: 20.19%
Pop loss [301119400004]: 2010: 1310, loss: 21.07%
Pop loss [301119400004]: 2010: 1041, loss: 22.77%
Pop loss [301119400004]: 2010: 1304, loss: 2.91%
Pop loss [301119400004]: 2010: 1465, loss: 0.34%
Pop loss [301119400004]: 2010: 1280, loss: 1.95%
Pop loss [301119400004]: 2010: 1297, loss: 23.28%
Pop loss [301119400004]: 2010: 1274, loss: 12.32%
Pop loss [301119400004]: 2010: 1553, loss: 13.59%
Pop loss [301119400004]: 2010: 1800, loss: 4.5%
Pop loss [301119400004]: 2010: 1131, loss: 6.72%
Pop loss [301119400004]: 2010: 2239, loss: 11.84%
Pop loss [301119400004]: 2010: 1215, loss: 14.02%
Pop loss [301119400004]: 2010: 1124, loss: 1.25%
Pop loss [301119400004]: 2010: 1464, loss: 1.57%
Pop loss [301119400004]: 2010: 1891, loss: 16.66%
Pop loss [301119400004]: 2010: 784, loss: 9.57%
Pop loss [301119400004]: 2010: 1144, loss: 20.98%
Pop loss [301119400004]: 2010: 701, loss: 8.56%
Pop loss [301119400004]: 2010: 1214, loss: 2.31%
Pop loss [301119400004]: 2010: 1396, loss: 15.83%
Pop loss [301119400004]: 2010: 801, loss: 8.11%
Pop loss [301119400004]: 2010: 702, loss: 23.22%
Pop loss [301119400004]: 2010: 1247, loss: 6.09%
Pop loss [301119400004]: 2010: 1501, loss: 8.99%
Pop loss [301119400004]: 2010: 935, loss: 0.32%
Pop loss [301119400004]: 2010: 1519, loss: 13.96%
Pop loss [301119400004]: 2010: 1299, loss: 1.77%
Pop loss [301119400004]: 2010: 1072, loss: 14.55%
Row count: 842
Loss count: 383
Tot 2010 Pop: 989415
Tot 2018 Pop: 1041732.0
