Make Demographic_Data_IL.v06 (2025-06-18)

Row count: 10084
Totals from Block Data (BData) and CSV Data (CData)
Field;			BData;	CData;	Diff
T_10_CENS_Total;	12824440;	12824440;	0
T_10_CENS_White;	8164395;	8164395;	0
T_10_CENS_Hispanic;	2027215;	2027215;	0
T_10_CENS_Black;	1972055;	1972055;	0
T_10_CENS_Asian;	668262;	668262;	0
T_10_CENS_Native;	101398;	101398;	0
T_10_CENS_Pacific;	13542;	13542;	0
T_18_ACS_Total;	12821497;	12821497;	0
T_18_ACS_White;	7894286;	7894286;	0
T_18_ACS_Hispanic;	2174842;	2174842;	0
T_18_ACS_Black;	1959970;	1959970;	0
T_18_ACS_Asian;	795139;	795139;	0
T_18_ACS_Native;	98170;	98170;	0
T_18_ACS_Pacific;	14558;	14558;	0
T_19_ACS_Total;	12770631;	12770631;	0
T_19_ACS_White;	7829850;	7829850;	0
T_19_ACS_Hispanic;	2186387;	2186387;	0
T_19_ACS_Black;	1955309;	1955309;	0
T_19_ACS_Asian;	808038;	808038;	0
T_19_ACS_Native;	101063;	101063;	0
T_19_ACS_Pacific;	15026;	15026;	0
T_20_CENS_Total;	12812508;	12812508;	0
T_20_CENS_White;	7472751;	7472751;	0
T_20_CENS_Hispanic;	2337410;	2337410;	0
T_20_CENS_Black;	1992213;	1992213;	0
T_20_CENS_Asian;	875488;	875488;	0
T_20_CENS_Native;	280985;	280985;	0
T_20_CENS_Pacific;	16842;	16842;	0
T_20_ACS_Total;	12716164;	12716164;	0
T_20_ACS_White;	7737459;	7737459;	0
T_20_ACS_Hispanic;	2190696;	2190696;	0
T_20_ACS_Black;	1957092;	1957092;	0
T_20_ACS_Asian;	828847;	828847;	0
T_20_ACS_Native;	104386;	104386;	0
T_20_ACS_Pacific;	16535;	16535;	0
T_22_ACS_Total;	12757634;	12757634;	0
T_22_ACS_White;	7601615;	7601615;	0
T_22_ACS_Hispanic;	2275704;	2275704;	0
T_22_ACS_Black;	1971436;	1971436;	0
T_22_ACS_Asian;	863490;	863490;	0
T_22_ACS_Native;	157665;	157665;	0
T_22_ACS_Pacific;	17942;	17942;	0
V_10_VAP_Total;	9695550;	9695550;	0
V_10_VAP_White;	6507312;	6507312;	0
V_10_VAP_Hispanic;	1304053;	1304053;	0
V_10_VAP_Black;	1376017;	1376017;	0
V_10_VAP_Asian;	495758;	495758;	0
V_10_VAP_Native;	69415;	69415;	0
V_10_VAP_Pacific;	9406;	9406;	0
V_18_CVAP_Total;	9055030;	9055030;	0
V_18_CVAP_White;	6247898;	6247898;	0
V_18_CVAP_Hispanic;	987108;	987108;	0
V_18_CVAP_Black;	1367302;	1367302;	0
V_18_CVAP_Asian;	398635;	398635;	0
V_18_CVAP_Native;	42861;	42861;	0
V_18_CVAP_Pacific;	2409;	2409;	0
V_19_CVAP_Total;	9050125;	9050125;	0
V_19_CVAP_White;	6206228;	6206228;	0
V_19_CVAP_Hispanic;	1015191;	1015191;	0
V_19_CVAP_Black;	1365436;	1365436;	0
V_19_CVAP_Asian;	408476;	408476;	0
V_19_CVAP_Native;	41909;	41909;	0
V_19_CVAP_Pacific;	2165;	2165;	0
V_20_VAP_Total;	9999469;	9999469;	0
V_20_VAP_White;	6123548;	6123548;	0
V_20_VAP_Hispanic;	1620312;	1620312;	0
V_20_VAP_Black;	1468381;	1468381;	0
V_20_VAP_Asian;	662189;	662189;	0
V_20_VAP_Native;	204938;	204938;	0
V_20_VAP_Pacific;	11949;	11949;	0
V_20_VAP_NH_Total;	9999469;	9999469;	0
V_20_VAP_NH_White;	6123548;	6123548;	0
V_20_VAP_NH_Hispanic;	1620312;	1620312;	0
V_20_VAP_NH_BlackAlone;	1356415;	1356415;	0
V_20_VAP_NH_AsianAlone;	596814;	596814;	0
V_20_VAP_NH_NativeAlone;	13313;	13313;	0
V_20_VAP_NH_PacificAlone;	2354;	2354;	0
V_20_VAP_NH_OtherAlone;	31674;	31674;	0
V_20_VAP_NH_TwoOrMore;	255039;	255039;	0
V_20_CVAP_Total;	9064727;	9064727;	0
V_20_CVAP_White;	6166132;	6166132;	0
V_20_CVAP_Hispanic;	1057372;	1057372;	0
V_20_CVAP_Black;	1362522;	1362522;	0
V_20_CVAP_Asian;	419936;	419936;	0
V_20_CVAP_Native;	40629;	40629;	0
V_20_CVAP_Pacific;	2416;	2416;	0
V_22_CVAP_Total;	9143764;	9143764;	0
V_22_CVAP_White;	6113389;	6113389;	0
V_22_CVAP_Hispanic;	1148617;	1148617;	0
V_22_CVAP_Black;	1370291;	1370291;	0
V_22_CVAP_Asian;	449837;	449837;	0
V_22_CVAP_Native;	49615;	49615;	0
V_22_CVAP_Pacific;	2324;	2324;	0
V_22_CVAP_RemTwoOrMore;	19499;	19499;	0
