Make Election_Data_IL.v06 (2025-06-18)

Row count: 10084
Totals from Block Data (BData) and CSV Data (CData)
Field;			BData;	CData;	Diff
E_08_PRES_Total;	5544586;	5544586;	0
E_08_PRES_Dem;	3420591;	3420591;	0
E_08_PRES_Rep;	2033126;	2033126;	0
E_12_PRES_Total;	5145412;	5145412;	0
E_12_PRES_Dem;	3013750;	3013750;	0
E_12_PRES_Rep;	2131662;	2131662;	0
E_16_PRES_Total;	5589925;	5589925;	0
E_16_PRES_Dem;	3090729;	3090729;	0
E_16_PRES_Rep;	2146015;	2146015;	0
E_16_SEN_Total;	5498006;	5498006;	0
E_16_SEN_Dem;	3012940;	3012940;	0
E_16_SEN_Rep;	2184692;	2184692;	0
E_18_GOV_Total;	4547542;	4547542;	0
E_18_GOV_Dem;	2479746;	2479746;	0
E_18_GOV_Rep;	1765751;	1765751;	0
E_18_AG_Total;	4548409;	4548409;	0
E_18_AG_Dem;	2488326;	2488326;	0
E_18_AG_Rep;	1944142;	1944142;	0
E_16-20_COMP_Total;	5346234;	5346234;	0
E_16-20_COMP_Dem;	2966528;	2966528;	0
E_16-20_COMP_Rep;	2133354;	2133354;	0
E_20_PRES_Total;	6033438;	6033438;	0
E_20_PRES_Dem;	3471915;	3471915;	0
E_20_PRES_Rep;	2446891;	2446891;	0
E_20_SEN_Total;	5968883;	5968883;	0
E_20_SEN_Dem;	3278930;	3278930;	0
E_20_SEN_Rep;	2319870;	2319870;	0
E_16-22_COMP_Total;	4955005;	4955005;	0
E_16-22_COMP_Dem;	2769195;	2769195;	0
E_16-22_COMP_Rep;	2014672;	2014672;	0
E_22_SEN_Total;	4100287;	4100287;	0
E_22_SEN_Dem;	2329136;	2329136;	0
E_22_SEN_Rep;	1701055;	1701055;	0
E_22_GOV_Total;	4106208;	4106208;	0
E_22_GOV_Dem;	2253748;	2253748;	0
E_22_GOV_Rep;	1739095;	1739095;	0
E_22_AG_Total;	4083552;	4083552;	0
E_22_AG_Dem;	2219420;	2219420;	0
E_22_AG_Rep;	1774468;	1774468;	0
E_22_SOS_Total;	4091478;	4091478;	0
E_22_SOS_Dem;	2220713;	2220713;	0
E_22_SOS_Rep;	1783070;	1783070;	0
E_22_TREAS_Total;	4065082;	4065082;	0
E_22_TREAS_Dem;	2206434;	2206434;	0
E_22_TREAS_Rep;	1767242;	1767242;	0
E_22_CMPTR_Total;	4085642;	4085642;	0
E_22_CMPTR_Dem;	2331714;	2331714;	0
E_22_CMPTR_Rep;	1676637;	1676637;	0
E_22_CONG_Total;	4049941;	4049941;	0
E_22_CONG_Dem;	2271361;	2271361;	0
E_22_CONG_Rep;	1768782;	1768782;	0
