Make Demographic_Data_NM.v04 (2024-01-31)

Row count: 1977
Totals from Block Data (BData) and CSV Data (CData)
Field;			BData;	CData;	Diff
T_10_CENS_Total;	2059179;	2059179;	0
T_10_CENS_White;	833810;	833810;	0
T_10_CENS_Hispanic;	953403;	953403;	0
T_10_CENS_Black;	57040;	57040;	0
T_10_CENS_Asian;	40456;	40456;	0
T_10_CENS_Native;	219512;	219512;	0
T_10_CENS_Pacific;	4698;	4698;	0
T_18_ACS_Total;	2092434;	2092434;	0
T_18_ACS_White;	788308;	788308;	0
T_18_ACS_Hispanic;	1015751;	1015751;	0
T_18_ACS_Black;	57850;	57850;	0
T_18_ACS_Asian;	49668;	49668;	0
T_18_ACS_Native;	224547;	224547;	0
T_18_ACS_Pacific;	3500;	3500;	0
T_19_ACS_Total;	2092454;	2092454;	0
T_19_ACS_White;	782269;	782269;	0
T_19_ACS_Hispanic;	1020817;	1020817;	0
T_19_ACS_Black;	60672;	60672;	0
T_19_ACS_Asian;	48809;	48809;	0
T_19_ACS_Native;	226198;	226198;	0
T_19_ACS_Pacific;	3550;	3550;	0
T_20_CENS_Total;	2117522;	2117522;	0
T_20_CENS_White;	772952;	772952;	0
T_20_CENS_Hispanic;	1010811;	1010811;	0
T_20_CENS_Black;	68409;	68409;	0
T_20_CENS_Asian;	55997;	55997;	0
T_20_CENS_Native;	263615;	263615;	0
T_20_CENS_Pacific;	6012;	6012;	0
T_20_ACS_Total;	2097021;	2097021;	0
T_20_ACS_White;	769139;	769139;	0
T_20_ACS_Hispanic;	1031788;	1031788;	0
T_20_ACS_Black;	62321;	62321;	0
T_20_ACS_Asian;	48942;	48942;	0
T_20_ACS_Native;	229071;	229071;	0
T_20_ACS_Pacific;	4511;	4511;	0
V_10_VAP_Total;	1540507;	1540507;	0
V_10_VAP_White;	697848;	697848;	0
V_10_VAP_Hispanic;	651326;	651326;	0
V_10_VAP_Black;	36964;	36964;	0
V_10_VAP_Asian;	28644;	28644;	0
V_10_VAP_Native;	148454;	148454;	0
V_10_VAP_Pacific;	3015;	3015;	0
V_18_CVAP_Total;	1485550;	1485550;	0
V_18_CVAP_White;	662731;	662731;	0
V_18_CVAP_Hispanic;	626188;	626188;	0
V_18_CVAP_Black;	32254;	32254;	0
V_18_CVAP_Asian;	21006;	21006;	0
V_18_CVAP_Native;	141316;	141316;	0
V_18_CVAP_Pacific;	806;	806;	0
V_19_CVAP_Total;	1496265;	1496265;	0
V_19_CVAP_White;	659683;	659683;	0
V_19_CVAP_Hispanic;	638579;	638579;	0
V_19_CVAP_Black;	32644;	32644;	0
V_19_CVAP_Asian;	21208;	21208;	0
V_19_CVAP_Native;	142093;	142093;	0
V_19_CVAP_Pacific;	945;	945;	0
V_20_VAP_Total;	1638989;	1638989;	0
V_20_VAP_White;	664062;	664062;	0
V_20_VAP_Hispanic;	726764;	726764;	0
V_20_VAP_Black;	46422;	46422;	0
V_20_VAP_Asian;	41222;	41222;	0
V_20_VAP_Native;	188477;	188477;	0
V_20_VAP_Pacific;	4204;	4204;	0
V_20_VAP_NH_Total;	1638989;	1638989;	0
V_20_VAP_NH_White;	664062;	664062;	0
V_20_VAP_NH_Hispanic;	726764;	726764;	0
V_20_VAP_NH_BlackAlone;	30778;	30778;	0
V_20_VAP_NH_AsianAlone;	28989;	28989;	0
V_20_VAP_NH_NativeAlone;	137360;	137360;	0
V_20_VAP_NH_PacificAlone;	1199;	1199;	0
V_20_VAP_NH_OtherAlone;	7925;	7925;	0
V_20_VAP_NH_TwoOrMore;	41912;	41912;	0
V_20_CVAP_Total;	1511557;	1511557;	0
V_20_CVAP_White;	657110;	657110;	0
V_20_CVAP_Hispanic;	653065;	653065;	0
V_20_CVAP_Black;	33141;	33141;	0
V_20_CVAP_Asian;	21646;	21646;	0
V_20_CVAP_Native;	143928;	143928;	0
V_20_CVAP_Pacific;	1029;	1029;	0
