Make Election_Data_NM.v06 (2025-06-18)

Row count: 1977
Totals from Block Data (BData) and CSV Data (CData)
Field;			BData;	CData;	Diff
E_08_PRES_Total;	786100;	786100;	0
E_08_PRES_Dem;	443673;	443673;	0
E_08_PRES_Rep;	334712;	334712;	0
E_12_PRES_Total;	748532;	748532;	0
E_12_PRES_Dem;	414051;	414051;	0
E_12_PRES_Rep;	334481;	334481;	0
E_16_PRES_Total;	798319;	798319;	0
E_16_PRES_Dem;	385234;	385234;	0
E_16_PRES_Rep;	319667;	319667;	0
E_18_SEN_Total;	697012;	697012;	0
E_18_SEN_Dem;	376998;	376998;	0
E_18_SEN_Rep;	212813;	212813;	0
E_18_GOV_Total;	696459;	696459;	0
E_18_GOV_Dem;	398368;	398368;	0
E_18_GOV_Rep;	298091;	298091;	0
E_18_AG_Total;	691810;	691810;	0
E_18_AG_Dem;	427583;	427583;	0
E_18_AG_Rep;	231296;	231296;	0
E_16-20_COMP_Total;	816755;	816755;	0
E_16-20_COMP_Dem;	441725;	441725;	0
E_16-20_COMP_Rep;	345793;	345793;	0
E_20_PRES_Total;	923965;	923965;	0
E_20_PRES_Dem;	501614;	501614;	0
E_20_PRES_Rep;	401894;	401894;	0
E_20_SEN_Total;	917237;	917237;	0
E_20_SEN_Dem;	474483;	474483;	0
E_20_SEN_Rep;	418483;	418483;	0
E_16-22_COMP_Total;	824936;	824936;	0
E_16-22_COMP_Dem;	432269;	432269;	0
E_16-22_COMP_Rep;	366004;	366004;	0
E_22_GOV_Total;	709514;	709514;	0
E_22_GOV_Dem;	370125;	370125;	0
E_22_GOV_Rep;	324665;	324665;	0
E_22_AG_Total;	702541;	702541;	0
E_22_AG_Dem;	388542;	388542;	0
E_22_AG_Rep;	313999;	313999;	0
E_22_AUD_Total;	645470;	645470;	0
E_22_AUD_Dem;	399774;	399774;	0
E_22_AUD_Rep;	0;	0;	0
E_22_SOS_Total;	703412;	703412;	0
E_22_SOS_Dem;	384477;	384477;	0
E_22_SOS_Rep;	300732;	300732;	0
E_22_TREAS_Total;	696247;	696247;	0
E_22_TREAS_Dem;	370046;	370046;	0
E_22_TREAS_Rep;	326201;	326201;	0
E_22_CONG_Total;	703959;	703959;	0
E_22_CONG_Dem;	387630;	387630;	0
E_22_CONG_Rep;	316329;	316329;	0
E_22_SC1_Total;	694774;	694774;	0
E_22_SC1_Dem;	366324;	366324;	0
E_22_SC1_Rep;	328450;	328450;	0
E_22_SC2_Total;	693969;	693969;	0
E_22_SC2_Dem;	375785;	375785;	0
E_22_SC2_Rep;	318184;	318184;	0
E_20-24_COMP_Total;	849756;	849756;	0
E_20-24_COMP_Dem;	449384;	449384;	0
E_20-24_COMP_Rep;	385293;	385293;	0
E_24_PRES_Total;	923396;	923396;	0
E_24_PRES_Dem;	478801;	478801;	0
E_24_PRES_Rep;	423385;	423385;	0
