Make CSV: AK (census)
Pop loss [0229006-625]: 2010: 1027, loss: 22.16%
Pop loss [0229006-625]: 2010: 143, loss: 38.04%
Pop loss [0229006-625]: 2010: 586, loss: 9.66%
Pop loss [0229006-625]: 2010: 102, loss: 21.57%
Pop loss [0229006-625]: 2010: 479, loss: 28.43%
Pop loss [0229006-625]: 2010: 3223, loss: 8.36%
Pop loss [0229006-625]: 2010: 3383, loss: 2.13%
Pop loss [0229006-625]: 2010: 2670, loss: 3.36%
Pop loss [0229006-625]: 2010: 1288, loss: 5.57%
Pop loss [0229006-625]: 2010: 5937, loss: 14.7%
Pop loss [0229006-625]: 2010: 1532, loss: 4.28%
Pop loss [0229006-625]: 2010: 1376, loss: 25.87%
Pop loss [0229006-625]: 2010: 2652, loss: 3.82%
Pop loss [0229006-625]: 2010: 2634, loss: 3.05%
Pop loss [0229006-625]: 2010: 3293, loss: 9.54%
Pop loss [0229006-625]: 2010: 4090, loss: 11.87%
Pop loss [0229006-625]: 2010: 2757, loss: 10.99%
Pop loss [0229006-625]: 2010: 3281, loss: 5.03%
Pop loss [0229006-625]: 2010: 1972, loss: 5.32%
Pop loss [0229006-625]: 2010: 3841, loss: 15.41%
Pop loss [0229006-625]: 2010: 2432, loss: 4.93%
Pop loss [0229006-625]: 2010: 840, loss: 7.82%
Pop loss [0229006-625]: 2010: 1515, loss: 7.04%
Pop loss [0229006-625]: 2010: 2596, loss: 6.27%
Pop loss [0229006-625]: 2010: 3860, loss: 10.75%
Pop loss [0229006-625]: 2010: 2982, loss: 5.88%
Pop loss [0229006-625]: 2010: 2579, loss: 3.11%
Pop loss [0229006-625]: 2010: 1030, loss: 0.8%
Pop loss [0229006-625]: 2010: 4520, loss: 16.58%
Pop loss [0229006-625]: 2010: 2352, loss: 11.81%
Pop loss [0229006-625]: 2010: 1887, loss: 14.41%
Pop loss [0229006-625]: 2010: 725, loss: 20.83%
Pop loss [0229006-625]: 2010: 2172, loss: 7.57%
Pop loss [0229006-625]: 2010: 2374, loss: 8.56%
Pop loss [0229006-625]: 2010: 2835, loss: 26.98%
Pop loss [0229006-625]: 2010: 2086, loss: 10.99%
Pop loss [0229006-625]: 2010: 820, loss: 8.74%
Pop loss [0229006-625]: 2010: 1894, loss: 12.63%
Pop loss [0229006-625]: 2010: 1864, loss: 2.84%
Pop loss [0229006-625]: 2010: 2336, loss: 0.85%
Pop loss [0229006-625]: 2010: 1845, loss: 10.11%
Pop loss [0229006-625]: 2010: 1139, loss: 11.26%
Pop loss [0229006-625]: 2010: 1151, loss: 9.8%
Pop loss [0229006-625]: 2010: 2542, loss: 2.22%
Pop loss [0229006-625]: 2010: 2891, loss: 3.42%
Pop loss [0229006-625]: 2010: 2836, loss: 1.78%
Pop loss [0229006-625]: 2010: 2659, loss: 22.03%
Pop loss [0229006-625]: 2010: 2189, loss: 10.83%
Pop loss [0229006-625]: 2010: 3992, loss: 1.22%
Pop loss [0229006-625]: 2010: 1938, loss: 0.86%
Pop loss [0229006-625]: 2010: 1331, loss: 19.7%
Pop loss [0229006-625]: 2010: 2283, loss: 1.16%
Pop loss [0229006-625]: 2010: 2998, loss: 5.86%
Pop loss [0229006-625]: 2010: 3627, loss: 21.15%
Pop loss [0229006-625]: 2010: 1443, loss: 6.65%
Pop loss [0229006-625]: 2010: 2540, loss: 0.18%
Pop loss [0229006-625]: 2010: 2492, loss: 4.31%
Pop loss [0229006-625]: 2010: 2207, loss: 3.83%
Pop loss [0229006-625]: 2010: 1197, loss: 2.82%
Pop loss [0229006-625]: 2010: 2723, loss: 4.5%
Pop loss [0229006-625]: 2010: 2075, loss: 2.05%
Pop loss [0229006-625]: 2010: 1310, loss: 8.78%
Pop loss [0229006-625]: 2010: 2253, loss: 7.82%
Pop loss [0229006-625]: 2010: 317, loss: 14.16%
Pop loss [0229006-625]: 2010: 118, loss: 24.24%
Pop loss [0229006-625]: 2010: 117, loss: 14.27%
Pop loss [0229006-625]: 2010: 44, loss: 9.32%
Pop loss [0229006-625]: 2010: 166, loss: 13.37%
Pop loss [0229006-625]: 2010: 627, loss: 1.23%
Pop loss [0229006-625]: 2010: 346, loss: 0.35%
Pop loss [0229006-625]: 2010: 210, loss: 0.86%
Pop loss [0229006-625]: 2010: 723, loss: 3.75%
Pop loss [0229006-625]: 2010: 354, loss: 15.99%
Pop loss [0229006-625]: 2010: 280, loss: 4.61%
Pop loss [0229006-625]: 2010: 669, loss: 0.72%
Pop loss [0229006-625]: 2010: 590, loss: 9.71%
Pop loss [0229006-625]: 2010: 327, loss: 4.19%
Pop loss [0229006-625]: 2010: 374, loss: 11.2%
Pop loss [0229006-625]: 2010: 544, loss: 10.85%
Pop loss [0229006-625]: 2010: 79, loss: 7.72%
Pop loss [0229006-625]: 2010: 211, loss: 51.61%
Pop loss [0229006-625]: 2010: 2390, loss: 2.6%
Pop loss [0229006-625]: 2010: 209, loss: 8.13%
Pop loss [0229006-625]: 2010: 510, loss: 4.8%
Pop loss [0229006-625]: 2010: 891, loss: 13.8%
Pop loss [0229006-625]: 2010: 1458, loss: 35.63%
Pop loss [0229006-625]: 2010: 1967, loss: 13.15%
Pop loss [0229006-625]: 2010: 2269, loss: 14.56%
Pop loss [0229006-625]: 2010: 1605, loss: 26.04%
Pop loss [0229006-625]: 2010: 524, loss: 32.1%
Pop loss [0229006-625]: 2010: 1351, loss: 5.66%
Pop loss [0229006-625]: 2010: 1425, loss: 1.85%
Pop loss [0229006-625]: 2010: 2630, loss: 1.85%
Pop loss [0229006-625]: 2010: 2910, loss: 20.17%
Pop loss [0229006-625]: 2010: 1109, loss: 26.82%
Pop loss [0229006-625]: 2010: 3158, loss: 20.22%
Pop loss [0229006-625]: 2010: 1122, loss: 17.63%
Pop loss [0229006-625]: 2010: 2126, loss: 19.87%
Pop loss [0229006-625]: 2010: 3177, loss: 10.48%
Pop loss [0229006-625]: 2010: 2661, loss: 14.03%
Pop loss [0229006-625]: 2010: 1438, loss: 14.21%
Pop loss [0229006-625]: 2010: 468, loss: 19.57%
Pop loss [0229006-625]: 2010: 200, loss: 6.15%
Pop loss [0229006-625]: 2010: 442, loss: 7.65%
Pop loss [0229006-625]: 2010: 95, loss: 50.53%
Pop loss [0229006-625]: 2010: 960, loss: 7.66%
Pop loss [0229006-625]: 2010: 1085, loss: 9.82%
Pop loss [0229006-625]: 2010: 1453, loss: 3.17%
Pop loss [0229006-625]: 2010: 1258, loss: 0.95%
Pop loss [0229006-625]: 2010: 1545, loss: 6.67%
Pop loss [0229006-625]: 2010: 2924, loss: 5.46%
Pop loss [0229006-625]: 2010: 2634, loss: 7.54%
Pop loss [0229006-625]: 2010: 3481, loss: 0.67%
Pop loss [0229006-625]: 2010: 1352, loss: 14.02%
Pop loss [0229006-625]: 2010: 2198, loss: 9.15%
Pop loss [0229006-625]: 2010: 1978, loss: 5.04%
Pop loss [0229006-625]: 2010: 4736, loss: 5.58%
Pop loss [0229006-625]: 2010: 2079, loss: 21.5%
Pop loss [0229006-625]: 2010: 1692, loss: 10.28%
Pop loss [0229006-625]: 2010: 3058, loss: 0.5%
Pop loss [0229006-625]: 2010: 2151, loss: 0.31%
Pop loss [0229006-625]: 2010: 411, loss: 0.15%
Pop loss [0229006-625]: 2010: 2, loss: 35.0%
Pop loss [0229006-625]: 2010: 3, loss: 36.67%
Pop loss [0229006-625]: 2010: 240, loss: 10.75%
Pop loss [0229006-625]: 2010: 2915, loss: 8.21%
Pop loss [0229006-625]: 2010: 4327, loss: 4.24%
Pop loss [0229006-625]: 2010: 218, loss: 11.83%
Pop loss [0229006-625]: 2010: 175, loss: 5.43%
Pop loss [0229006-625]: 2010: 326, loss: 9.36%
Pop loss [0229006-625]: 2010: 299, loss: 20.74%
Pop loss [0229006-625]: 2010: 226, loss: 15.22%
Pop loss [0229006-625]: 2010: 76, loss: 11.05%
Pop loss [0229006-625]: 2010: 333, loss: 19.61%
Pop loss [0229006-625]: 2010: 44, loss: 13.41%
Pop loss [0229006-625]: 2010: 362, loss: 14.01%
Pop loss [0229006-625]: 2010: 189, loss: 3.33%
Pop loss [0229006-625]: 2010: 102, loss: 22.55%
Pop loss [0229006-625]: 2010: 330, loss: 28.97%
Pop loss [0229006-625]: 2010: 3329, loss: 8.37%
Pop loss [0229006-625]: 2010: 3421, loss: 3.45%
Pop loss [0229006-625]: 2010: 1195, loss: 24.41%
Pop loss [0229006-625]: 2010: 1032, loss: 3.59%
Pop loss [0229006-625]: 2010: 566, loss: 12.16%
Pop loss [0229006-625]: 2010: 388, loss: 7.11%
Pop loss [0229006-625]: 2010: 330, loss: 10.45%
Pop loss [0229006-625]: 2010: 156, loss: 13.27%
Pop loss [0229006-625]: 2010: 332, loss: 16.75%
Pop loss [0229006-625]: 2010: 251, loss: 5.82%
Pop loss [0229006-625]: 2010: 401, loss: 0.47%
Pop loss [0229006-625]: 2010: 556, loss: 2.54%
Pop loss [0229006-625]: 2010: 190, loss: 4.84%
Pop loss [0229006-625]: 2010: 233, loss: 20.47%
Pop loss [0229006-625]: 2010: 243, loss: 8.93%
Pop loss [0229006-625]: 2010: 496, loss: 3.41%
Pop loss [0229006-625]: 2010: 678, loss: 0.44%
Pop loss [0229006-625]: 2010: 556, loss: 13.4%
Pop loss [0229006-625]: 2010: 378, loss: 12.57%
Pop loss [0229006-625]: 2010: 514, loss: 17.68%
Pop loss [0229006-625]: 2010: 670, loss: 15.6%
Pop loss [0229006-625]: 2010: 52, loss: 14.42%
Pop loss [0229006-625]: 2010: 13, loss: 6.92%
Pop loss [0229006-625]: 2010: 561, loss: 10.25%
Pop loss [0229006-625]: 2010: 176, loss: 2.22%
Pop loss [0229006-625]: 2010: 87, loss: 82.76%
Pop loss [0229006-625]: 2010: 481, loss: 17.09%
Pop loss [0229006-625]: 2010: 2501, loss: 3.06%
Pop loss [0229006-625]: 2010: 1989, loss: 14.36%
Pop loss [0229006-625]: 2010: 2118, loss: 7.28%
Pop loss [0229006-625]: 2010: 1278, loss: 7.65%
Pop loss [0229006-625]: 2010: 1721, loss: 9.24%
Pop loss [0229006-625]: 2010: 202, loss: 3.66%
Pop loss [0229006-625]: 2010: 253, loss: 29.41%
Pop loss [0229006-625]: 2010: 956, loss: 19.74%
Pop loss [0229006-625]: 2010: 394, loss: 36.65%
Pop loss [0229006-625]: 2010: 514, loss: 83.52%
Pop loss [0229006-625]: 2010: 118, loss: 34.41%
Pop loss [0229006-625]: 2010: 717, loss: 20.32%
Pop loss [0229006-625]: 2010: 1014, loss: 30.18%
Pop loss [0229006-625]: 2010: 1647, loss: 20.99%
Pop loss [0229006-625]: 2010: 417, loss: 19.95%
Pop loss [0229006-625]: 2010: 329, loss: 13.92%
Pop loss [0229006-625]: 2010: 480, loss: 1.42%
Pop loss [0229006-625]: 2010: 9, loss: 6.67%
Pop loss [0229006-625]: 2010: 85, loss: 1.65%
Pop loss [0229006-625]: 2010: 154, loss: 10.97%
Pop loss [0229006-625]: 2010: 85, loss: 8.47%
Pop loss [0229006-625]: 2010: 145, loss: 6.0%
Pop loss [0229006-625]: 2010: 87, loss: 16.21%
Pop loss [0229006-625]: 2010: 687, loss: 18.22%
Pop loss [0229006-625]: 2010: 194, loss: 3.66%
Pop loss [0229006-625]: 2010: 178, loss: 0.11%
Pop loss [0229006-625]: 2010: 190, loss: 12.16%
Pop loss [0229006-625]: 2010: 98, loss: 11.73%
Pop loss [0229006-625]: 2010: 144, loss: 5.76%
Pop loss [0229006-625]: 2010: 370, loss: 14.38%
Pop loss [0229006-625]: 2010: 676, loss: 17.78%
Pop loss [0229006-625]: 2010: 94, loss: 16.6%
Pop loss [0229006-625]: 2010: 264, loss: 10.0%
Pop loss [0229006-625]: 2010: 54, loss: 17.04%
Pop loss [0229006-625]: 2010: 180, loss: 13.0%
Pop loss [0229006-625]: 2010: 11, loss: 0.91%
Row count: 456
Loss count: 202
Tot 2010 Pop: 710231
Tot 2018 Pop: 738516.0
