Make Demographic_Data_GA.v06 (2025-06-18)

Row count: 2698
Totals from Block Data (BData) and CSV Data (CData)
Field;			BData;	CData;	Diff
T_10_CENS_Total;	9687188;	9687188;	0
T_10_CENS_White;	5413541;	5413541;	0
T_10_CENS_Hispanic;	853681;	853681;	0
T_10_CENS_Black;	3054071;	3054071;	0
T_10_CENS_Asian;	365446;	365446;	0
T_10_CENS_Native;	84024;	84024;	0
T_10_CENS_Pacific;	15577;	15577;	0
T_18_ACS_Total;	10297484;	10297484;	0
T_18_ACS_White;	5476441;	5476441;	0
T_18_ACS_Hispanic;	968463;	968463;	0
T_18_ACS_Black;	3378256;	3378256;	0
T_18_ACS_Asian;	472366;	472366;	0
T_18_ACS_Native;	97559;	97559;	0
T_18_ACS_Pacific;	16576;	16576;	0
T_19_ACS_Total;	10403847;	10403847;	0
T_19_ACS_White;	5485855;	5485855;	0
T_19_ACS_Hispanic;	992394;	992394;	0
T_19_ACS_Black;	3436530;	3436530;	0
T_19_ACS_Asian;	488952;	488952;	0
T_19_ACS_Native;	101415;	101415;	0
T_19_ACS_Pacific;	17562;	17562;	0
T_20_CENS_Total;	10711908;	10711908;	0
T_20_CENS_White;	5362156;	5362156;	0
T_20_CENS_Hispanic;	1123457;	1123457;	0
T_20_CENS_Black;	3538146;	3538146;	0
T_20_CENS_Asian;	565644;	565644;	0
T_20_CENS_Native;	214041;	214041;	0
T_20_CENS_Pacific;	19020;	19020;	0
T_20_ACS_Total;	10516579;	10516579;	0
T_20_ACS_White;	5478289;	5478289;	0
T_20_ACS_Hispanic;	1013057;	1013057;	0
T_20_ACS_Black;	3499486;	3499486;	0
T_20_ACS_Asian;	515434;	515434;	0
T_20_ACS_Native;	107995;	107995;	0
T_20_ACS_Pacific;	19468;	19468;	0
T_22_ACS_Total;	10722325;	10722325;	0
T_22_ACS_White;	5445155;	5445155;	0
T_22_ACS_Hispanic;	1078457;	1078457;	0
T_22_ACS_Black;	3602429;	3602429;	0
T_22_ACS_Asian;	555851;	555851;	0
T_22_ACS_Native;	141456;	141456;	0
T_22_ACS_Pacific;	21972;	21972;	0
V_10_VAP_Total;	7195795;	7195795;	0
V_10_VAP_White;	4242265;	4242265;	0
V_10_VAP_Hispanic;	538998;	538998;	0
V_10_VAP_Black;	2140007;	2140007;	0
V_10_VAP_Asian;	262645;	262645;	0
V_10_VAP_Native;	58967;	58967;	0
V_10_VAP_Pacific;	9920;	9920;	0
V_18_CVAP_Total;	7254795;	7254795;	0
V_18_CVAP_White;	4315660;	4315660;	0
V_18_CVAP_Hispanic;	324203;	324203;	0
V_18_CVAP_Black;	2343701;	2343701;	0
V_18_CVAP_Asian;	210359;	210359;	0
V_18_CVAP_Native;	48048;	48048;	0
V_18_CVAP_Pacific;	3476;	3476;	0
V_19_CVAP_Total;	7356630;	7356630;	0
V_19_CVAP_White;	4333134;	4333134;	0
V_19_CVAP_Hispanic;	344087;	344087;	0
V_19_CVAP_Black;	2399900;	2399900;	0
V_19_CVAP_Asian;	218473;	218473;	0
V_19_CVAP_Native;	47814;	47814;	0
V_19_CVAP_Pacific;	3413;	3413;	0
V_20_VAP_Total;	8220274;	8220274;	0
V_20_VAP_White;	4342333;	4342333;	0
V_20_VAP_Hispanic;	742918;	742918;	0
V_20_VAP_Black;	2607986;	2607986;	0
V_20_VAP_Asian;	416584;	416584;	0
V_20_VAP_Native;	157885;	157885;	0
V_20_VAP_Pacific;	12728;	12728;	0
V_20_VAP_NH_Total;	8220274;	8220274;	0
V_20_VAP_NH_White;	4342333;	4342333;	0
V_20_VAP_NH_Hispanic;	742918;	742918;	0
V_20_VAP_NH_BlackAlone;	2462933;	2462933;	0
V_20_VAP_NH_AsianAlone;	367605;	367605;	0
V_20_VAP_NH_NativeAlone;	16155;	16155;	0
V_20_VAP_NH_PacificAlone;	4556;	4556;	0
V_20_VAP_NH_OtherAlone;	37161;	37161;	0
V_20_VAP_NH_TwoOrMore;	246613;	246613;	0
V_20_CVAP_Total;	7482528;	7482528;	0
V_20_CVAP_White;	4358578;	4358578;	0
V_20_CVAP_Hispanic;	376496;	376496;	0
V_20_CVAP_Black;	2450729;	2450729;	0
V_20_CVAP_Asian;	229805;	229805;	0
V_20_CVAP_Native;	50476;	50476;	0
V_20_CVAP_Pacific;	3380;	3380;	0
V_22_CVAP_Total;	7686574;	7686574;	0
V_22_CVAP_White;	4381896;	4381896;	0
V_22_CVAP_Hispanic;	432889;	432889;	0
V_22_CVAP_Black;	2535986;	2535986;	0
V_22_CVAP_Asian;	259827;	259827;	0
V_22_CVAP_Native;	59940;	59940;	0
V_22_CVAP_Pacific;	3704;	3704;	0
V_22_CVAP_RemTwoOrMore;	25071;	25071;	0
