Make Election_Data_GA.v02 (2024-04-21)

Row count: 2698
Totals from Block Data (BData) and CSV Data (CData)
Field;			BData;	CData;	Diff
E_08_PRES_Total;	3936152;	3936152;	0
E_08_PRES_Dem;	1844206;	1844206;	0
E_08_PRES_Rep;	2048825;	2048825;	0
E_12_PRES_Total;	3846305;	3846305;	0
E_12_PRES_Dem;	1770025;	1770025;	0
E_12_PRES_Rep;	2076280;	2076280;	0
E_16_PRES_Total;	4092373;	4092373;	0
E_16_PRES_Dem;	1877963;	1877963;	0
E_16_PRES_Rep;	2089104;	2089104;	0
E_16_SEN_Total;	3897792;	3897792;	0
E_16_SEN_Dem;	1599726;	1599726;	0
E_16_SEN_Rep;	2135806;	2135806;	0
E_18_GOV_Total;	3939328;	3939328;	0
E_18_GOV_Dem;	1923685;	1923685;	0
E_18_GOV_Rep;	1978408;	1978408;	0
E_18_AG_Total;	3862370;	3862370;	0
E_18_AG_Dem;	1880807;	1880807;	0
E_18_AG_Rep;	1981563;	1981563;	0
E_18_LTG_Total;	3780304;	3780304;	0
E_18_LTG_Dem;	1828566;	1828566;	0
E_18_LTG_Rep;	1951738;	1951738;	0
E_16-20_COMP_Total;	4277514;	4277514;	0
E_16-20_COMP_Dem;	2018308;	2018308;	0
E_16-20_COMP_Rep;	2184216;	2184216;	0
E_20_PRES_Total;	4998482;	4998482;	0
E_20_PRES_Dem;	2474507;	2474507;	0
E_20_PRES_Rep;	2461837;	2461837;	0
E_20_SEN_Total;	4952175;	4952175;	0
E_20_SEN_Dem;	2374519;	2374519;	0
E_20_SEN_Rep;	2462617;	2462617;	0
E_20_SEN_SPEC_Total;	4914361;	4914361;	0
E_20_SEN_SPEC_Dem;	2378312;	2378312;	0
E_20_SEN_SPEC_Rep;	2426120;	2426120;	0
E_21_SEN_ROFF_Total;	4484902;	4484902;	0
E_21_SEN_ROFF_Dem;	2269923;	2269923;	0
E_21_SEN_ROFF_Rep;	2214979;	2214979;	0
E_21_SEN_SPECROFF_Total;	4484954;	4484954;	0
E_21_SEN_SPECROFF_Dem;	2289113;	2289113;	0
E_21_SEN_SPECROFF_Rep;	2195841;	2195841;	0
E_16-22_COMP_Total;	4297492;	4297492;	0
E_16-22_COMP_Dem;	2049125;	2049125;	0
E_16-22_COMP_Rep;	2175435;	2175435;	0
E_22_SEN_Total;	3935924;	3935924;	0
E_22_SEN_Dem;	1946117;	1946117;	0
E_22_SEN_Rep;	1908442;	1908442;	0
E_22_GOV_Total;	3953408;	3953408;	0
E_22_GOV_Dem;	1813673;	1813673;	0
E_22_GOV_Rep;	2111572;	2111572;	0
E_22_AG_Total;	3919044;	3919044;	0
E_22_AG_Dem;	1826437;	1826437;	0
E_22_AG_Rep;	2032500;	2032500;	0
E_22_LTG_Total;	3910348;	3910348;	0
E_22_LTG_Dem;	1815524;	1815524;	0
E_22_LTG_Rep;	2009617;	2009617;	0
E_22_SOS_Total;	3910047;	3910047;	0
E_22_SOS_Dem;	1719922;	1719922;	0
E_22_SOS_Rep;	2081241;	2081241;	0
E_22_CONG_Total;	3907972;	3907972;	0
E_22_CONG_Dem;	1863870;	1863870;	0
E_22_CONG_Rep;	2044102;	2044102;	0
