Make CSV: RI (census)
Pop loss [440099902000]: 2010: 1492, loss: 9.12%
Pop loss [440099902000]: 2010: 882, loss: 6.35%
Pop loss [440099902000]: 2010: 1222, loss: 14.48%
Pop loss [440099902000]: 2010: 973, loss: 6.27%
Pop loss [440099902000]: 2010: 1252, loss: 2.16%
Pop loss [440099902000]: 2010: 963, loss: 1.45%
Pop loss [440099902000]: 2010: 1670, loss: 5.51%
Pop loss [440099902000]: 2010: 1609, loss: 7.27%
Pop loss [440099902000]: 2010: 1012, loss: 15.42%
Pop loss [440099902000]: 2010: 952, loss: 4.52%
Pop loss [440099902000]: 2010: 877, loss: 21.09%
Pop loss [440099902000]: 2010: 1508, loss: 14.12%
Pop loss [440099902000]: 2010: 2769, loss: 19.83%
Pop loss [440099902000]: 2010: 1331, loss: 32.98%
Pop loss [440099902000]: 2010: 1824, loss: 14.14%
Pop loss [440099902000]: 2010: 1391, loss: 10.14%
Pop loss [440099902000]: 2010: 1230, loss: 10.98%
Pop loss [440099902000]: 2010: 866, loss: 13.39%
Pop loss [440099902000]: 2010: 1211, loss: 31.38%
Pop loss [440099902000]: 2010: 1302, loss: 2.53%
Pop loss [440099902000]: 2010: 1920, loss: 8.49%
Pop loss [440099902000]: 2010: 1456, loss: 1.66%
Pop loss [440099902000]: 2010: 1588, loss: 18.39%
Pop loss [440099902000]: 2010: 1834, loss: 23.06%
Pop loss [440099902000]: 2010: 2849, loss: 3.26%
Pop loss [440099902000]: 2010: 2483, loss: 4.83%
Pop loss [440099902000]: 2010: 2960, loss: 11.05%
Pop loss [440099902000]: 2010: 2758, loss: 3.49%
Pop loss [440099902000]: 2010: 1242, loss: 4.27%
Pop loss [440099902000]: 2010: 2852, loss: 3.79%
Pop loss [440099902000]: 2010: 754, loss: 2.92%
Pop loss [440099902000]: 2010: 880, loss: 8.3%
Pop loss [440099902000]: 2010: 2225, loss: 16.82%
Pop loss [440099902000]: 2010: 1761, loss: 3.46%
Pop loss [440099902000]: 2010: 1952, loss: 14.96%
Pop loss [440099902000]: 2010: 1356, loss: 4.13%
Pop loss [440099902000]: 2010: 1906, loss: 7.66%
Pop loss [440099902000]: 2010: 636, loss: 1.1%
Pop loss [440099902000]: 2010: 1283, loss: 9.9%
Pop loss [440099902000]: 2010: 1396, loss: 36.32%
Pop loss [440099902000]: 2010: 966, loss: 27.23%
Pop loss [440099902000]: 2010: 1112, loss: 20.86%
Pop loss [440099902000]: 2010: 1162, loss: 34.08%
Pop loss [440099902000]: 2010: 1012, loss: 4.35%
Pop loss [440099902000]: 2010: 858, loss: 9.79%
Pop loss [440099902000]: 2010: 1196, loss: 5.27%
Pop loss [440099902000]: 2010: 746, loss: 24.8%
Pop loss [440099902000]: 2010: 739, loss: 0.41%
Pop loss [440099902000]: 2010: 1080, loss: 12.78%
Pop loss [440099902000]: 2010: 810, loss: 15.06%
Pop loss [440099902000]: 2010: 966, loss: 15.84%
Pop loss [440099902000]: 2010: 978, loss: 3.58%
Pop loss [440099902000]: 2010: 700, loss: 21.71%
Pop loss [440099902000]: 2010: 1093, loss: 19.67%
Pop loss [440099902000]: 2010: 832, loss: 41.11%
Pop loss [440099902000]: 2010: 1016, loss: 19.39%
Pop loss [440099902000]: 2010: 1060, loss: 22.08%
Pop loss [440099902000]: 2010: 2604, loss: 2.53%
Pop loss [440099902000]: 2010: 1540, loss: 4.16%
Pop loss [440099902000]: 2010: 807, loss: 22.18%
Pop loss [440099902000]: 2010: 996, loss: 7.13%
Pop loss [440099902000]: 2010: 527, loss: 28.27%
Pop loss [440099902000]: 2010: 1068, loss: 9.18%
Pop loss [440099902000]: 2010: 672, loss: 15.03%
Pop loss [440099902000]: 2010: 1558, loss: 3.66%
Pop loss [440099902000]: 2010: 299, loss: 30.43%
Pop loss [440099902000]: 2010: 1310, loss: 12.44%
Pop loss [440099902000]: 2010: 992, loss: 31.96%
Pop loss [440099902000]: 2010: 1303, loss: 19.03%
Pop loss [440099902000]: 2010: 1549, loss: 19.88%
Pop loss [440099902000]: 2010: 770, loss: 6.1%
Pop loss [440099902000]: 2010: 747, loss: 12.05%
Pop loss [440099902000]: 2010: 891, loss: 3.82%
Pop loss [440099902000]: 2010: 1291, loss: 2.4%
Pop loss [440099902000]: 2010: 1056, loss: 7.67%
Pop loss [440099902000]: 2010: 3, loss: 100.0%
Pop loss [440099902000]: 2010: 2305, loss: 16.26%
Pop loss [440099902000]: 2010: 1355, loss: 13.28%
Pop loss [440099902000]: 2010: 1563, loss: 11.52%
Pop loss [440099902000]: 2010: 1345, loss: 23.2%
Pop loss [440099902000]: 2010: 1838, loss: 20.51%
Pop loss [440099902000]: 2010: 1465, loss: 0.61%
Pop loss [440099902000]: 2010: 1152, loss: 10.88%
Pop loss [440099902000]: 2010: 972, loss: 3.09%
Pop loss [440099902000]: 2010: 1378, loss: 20.25%
Pop loss [440099902000]: 2010: 1504, loss: 1.12%
Pop loss [440099902000]: 2010: 2080, loss: 2.12%
Pop loss [440099902000]: 2010: 811, loss: 21.21%
Pop loss [440099902000]: 2010: 2187, loss: 2.15%
Pop loss [440099902000]: 2010: 2089, loss: 16.28%
Pop loss [440099902000]: 2010: 2359, loss: 10.85%
Pop loss [440099902000]: 2010: 913, loss: 20.92%
Pop loss [440099902000]: 2010: 1160, loss: 12.16%
Pop loss [440099902000]: 2010: 1443, loss: 2.01%
Pop loss [440099902000]: 2010: 2828, loss: 3.5%
Pop loss [440099902000]: 2010: 12, loss: 100.0%
Pop loss [440099902000]: 2010: 567, loss: 43.56%
Pop loss [440099902000]: 2010: 1307, loss: 5.05%
Pop loss [440099902000]: 2010: 2226, loss: 15.77%
Pop loss [440099902000]: 2010: 757, loss: 17.7%
Pop loss [440099902000]: 2010: 602, loss: 41.2%
Pop loss [440099902000]: 2010: 1298, loss: 38.91%
Pop loss [440099902000]: 2010: 875, loss: 6.06%
Pop loss [440099902000]: 2010: 645, loss: 14.42%
Pop loss [440099902000]: 2010: 547, loss: 4.75%
Pop loss [440099902000]: 2010: 1418, loss: 17.84%
Pop loss [440099902000]: 2010: 901, loss: 16.76%
Pop loss [440099902000]: 2010: 87, loss: 14.94%
Pop loss [440099902000]: 2010: 330, loss: 13.94%
Pop loss [440099902000]: 2010: 1752, loss: 6.51%
Pop loss [440099902000]: 2010: 1972, loss: 0.56%
Pop loss [440099902000]: 2010: 1612, loss: 21.03%
Pop loss [440099902000]: 2010: 2612, loss: 3.45%
Pop loss [440099902000]: 2010: 3, loss: 100.0%
Pop loss [440099902000]: 2010: 1636, loss: 12.22%
Pop loss [440099902000]: 2010: 1358, loss: 15.32%
Pop loss [440099902000]: 2010: 3359, loss: 14.83%
Pop loss [440099902000]: 2010: 2009, loss: 19.71%
Pop loss [440099902000]: 2010: 1877, loss: 8.52%
Pop loss [440099902000]: 2010: 1525, loss: 13.25%
Pop loss [440099902000]: 2010: 1001, loss: 13.89%
Pop loss [440099902000]: 2010: 1036, loss: 17.66%
Pop loss [440099902000]: 2010: 956, loss: 7.22%
Pop loss [440099902000]: 2010: 2897, loss: 15.6%
Pop loss [440099902000]: 2010: 1012, loss: 27.37%
Pop loss [440099902000]: 2010: 1197, loss: 1.42%
Pop loss [440099902000]: 2010: 1446, loss: 3.39%
Pop loss [440099902000]: 2010: 2175, loss: 4.23%
Pop loss [440099902000]: 2010: 2802, loss: 6.17%
Pop loss [440099902000]: 2010: 1034, loss: 3.58%
Pop loss [440099902000]: 2010: 676, loss: 23.22%
Pop loss [440099902000]: 2010: 713, loss: 8.84%
Pop loss [440099902000]: 2010: 1517, loss: 9.89%
Pop loss [440099902000]: 2010: 1096, loss: 19.25%
Pop loss [440099902000]: 2010: 663, loss: 18.85%
Pop loss [440099902000]: 2010: 1214, loss: 8.57%
Pop loss [440099902000]: 2010: 861, loss: 2.15%
Pop loss [440099902000]: 2010: 976, loss: 19.47%
Pop loss [440099902000]: 2010: 1234, loss: 9.72%
Pop loss [440099902000]: 2010: 863, loss: 42.41%
Pop loss [440099902000]: 2010: 960, loss: 7.29%
Pop loss [440099902000]: 2010: 911, loss: 14.38%
Pop loss [440099902000]: 2010: 1255, loss: 11.95%
Pop loss [440099902000]: 2010: 642, loss: 11.37%
Pop loss [440099902000]: 2010: 816, loss: 17.89%
Pop loss [440099902000]: 2010: 1963, loss: 5.86%
Pop loss [440099902000]: 2010: 961, loss: 40.89%
Pop loss [440099902000]: 2010: 743, loss: 16.29%
Pop loss [440099902000]: 2010: 3784, loss: 14.35%
Pop loss [440099902000]: 2010: 1520, loss: 9.74%
Pop loss [440099902000]: 2010: 1180, loss: 15.0%
Pop loss [440099902000]: 2010: 855, loss: 7.25%
Pop loss [440099902000]: 2010: 1878, loss: 8.36%
Pop loss [440099902000]: 2010: 1549, loss: 1.42%
Pop loss [440099902000]: 2010: 3651, loss: 11.56%
Pop loss [440099902000]: 2010: 2339, loss: 5.0%
Pop loss [440099902000]: 2010: 1620, loss: 11.79%
Pop loss [440099902000]: 2010: 966, loss: 13.77%
Pop loss [440099902000]: 2010: 719, loss: 23.78%
Pop loss [440099902000]: 2010: 1309, loss: 19.94%
Pop loss [440099902000]: 2010: 2072, loss: 13.08%
Pop loss [440099902000]: 2010: 1526, loss: 0.07%
Pop loss [440099902000]: 2010: 2739, loss: 5.29%
Pop loss [440099902000]: 2010: 1899, loss: 13.64%
Pop loss [440099902000]: 2010: 1619, loss: 2.96%
Pop loss [440099902000]: 2010: 832, loss: 20.31%
Pop loss [440099902000]: 2010: 1103, loss: 5.71%
Pop loss [440099902000]: 2010: 1516, loss: 0.07%
Pop loss [440099902000]: 2010: 1120, loss: 1.61%
Pop loss [440099902000]: 2010: 1576, loss: 2.09%
Pop loss [440099902000]: 2010: 1616, loss: 26.24%
Pop loss [440099902000]: 2010: 1602, loss: 3.75%
Pop loss [440099902000]: 2010: 739, loss: 1.08%
Pop loss [440099902000]: 2010: 1239, loss: 18.24%
Pop loss [440099902000]: 2010: 672, loss: 4.76%
Pop loss [440099902000]: 2010: 1193, loss: 38.39%
Pop loss [440099902000]: 2010: 1265, loss: 11.38%
Pop loss [440099902000]: 2010: 1056, loss: 34.94%
Pop loss [440099902000]: 2010: 664, loss: 7.23%
Pop loss [440099902000]: 2010: 1930, loss: 14.66%
Pop loss [440099902000]: 2010: 1468, loss: 2.93%
Pop loss [440099902000]: 2010: 798, loss: 16.04%
Pop loss [440099902000]: 2010: 1829, loss: 8.31%
Pop loss [440099902000]: 2010: 1371, loss: 12.91%
Pop loss [440099902000]: 2010: 1982, loss: 6.86%
Pop loss [440099902000]: 2010: 1944, loss: 7.46%
Pop loss [440099902000]: 2010: 502, loss: 15.94%
Pop loss [440099902000]: 2010: 760, loss: 0.92%
Pop loss [440099902000]: 2010: 1138, loss: 9.93%
Pop loss [440099902000]: 2010: 1751, loss: 0.57%
Pop loss [440099902000]: 2010: 811, loss: 37.61%
Pop loss [440099902000]: 2010: 540, loss: 23.44%
Pop loss [440099902000]: 2010: 1240, loss: 4.03%
Pop loss [440099902000]: 2010: 995, loss: 10.65%
Pop loss [440099902000]: 2010: 995, loss: 14.77%
Pop loss [440099902000]: 2010: 1462, loss: 29.48%
Pop loss [440099902000]: 2010: 2837, loss: 6.7%
Pop loss [440099902000]: 2010: 1312, loss: 10.21%
Pop loss [440099902000]: 2010: 887, loss: 21.53%
Pop loss [440099902000]: 2010: 1617, loss: 3.96%
Pop loss [440099902000]: 2010: 1852, loss: 4.32%
Pop loss [440099902000]: 2010: 2672, loss: 16.02%
Pop loss [440099902000]: 2010: 945, loss: 34.71%
Pop loss [440099902000]: 2010: 1848, loss: 6.39%
Pop loss [440099902000]: 2010: 1178, loss: 5.01%
Pop loss [440099902000]: 2010: 926, loss: 13.82%
Pop loss [440099902000]: 2010: 2765, loss: 14.5%
Pop loss [440099902000]: 2010: 1661, loss: 10.9%
Pop loss [440099902000]: 2010: 928, loss: 2.59%
Pop loss [440099902000]: 2010: 1178, loss: 9.76%
Pop loss [440099902000]: 2010: 1640, loss: 23.29%
Pop loss [440099902000]: 2010: 1474, loss: 14.13%
Pop loss [440099902000]: 2010: 912, loss: 14.36%
Pop loss [440099902000]: 2010: 1183, loss: 13.95%
Pop loss [440099902000]: 2010: 1556, loss: 10.99%
Pop loss [440099902000]: 2010: 950, loss: 18.32%
Pop loss [440099902000]: 2010: 896, loss: 26.12%
Pop loss [440099902000]: 2010: 1255, loss: 15.14%
Pop loss [440099902000]: 2010: 1085, loss: 5.9%
Pop loss [440099902000]: 2010: 2036, loss: 10.27%
Pop loss [440099902000]: 2010: 928, loss: 22.31%
Pop loss [440099902000]: 2010: 1317, loss: 7.9%
Pop loss [440099902000]: 2010: 951, loss: 18.3%
Pop loss [440099902000]: 2010: 1440, loss: 2.99%
Pop loss [440099902000]: 2010: 1754, loss: 8.49%
Pop loss [440099902000]: 2010: 3022, loss: 5.2%
Pop loss [440099902000]: 2010: 2051, loss: 10.73%
Pop loss [440099902000]: 2010: 1499, loss: 8.27%
Pop loss [440099902000]: 2010: 1024, loss: 33.4%
Pop loss [440099902000]: 2010: 901, loss: 5.44%
Pop loss [440099902000]: 2010: 1353, loss: 25.13%
Pop loss [440099902000]: 2010: 792, loss: 29.55%
Pop loss [440099902000]: 2010: 644, loss: 12.11%
Pop loss [440099902000]: 2010: 656, loss: 4.73%
Pop loss [440099902000]: 2010: 1099, loss: 23.29%
Pop loss [440099902000]: 2010: 742, loss: 12.4%
Pop loss [440099902000]: 2010: 1097, loss: 17.5%
Pop loss [440099902000]: 2010: 524, loss: 4.01%
Pop loss [440099902000]: 2010: 817, loss: 11.75%
Pop loss [440099902000]: 2010: 785, loss: 20.89%
Pop loss [440099902000]: 2010: 706, loss: 8.78%
Pop loss [440099902000]: 2010: 799, loss: 24.03%
Pop loss [440099902000]: 2010: 685, loss: 48.18%
Pop loss [440099902000]: 2010: 769, loss: 21.33%
Pop loss [440099902000]: 2010: 1065, loss: 8.36%
Pop loss [440099902000]: 2010: 1446, loss: 12.38%
Pop loss [440099902000]: 2010: 632, loss: 6.28%
Pop loss [440099902000]: 2010: 1549, loss: 6.0%
Pop loss [440099902000]: 2010: 908, loss: 24.12%
Pop loss [440099902000]: 2010: 1158, loss: 27.81%
Pop loss [440099902000]: 2010: 708, loss: 22.03%
Pop loss [440099902000]: 2010: 578, loss: 17.99%
Pop loss [440099902000]: 2010: 695, loss: 6.91%
Pop loss [440099902000]: 2010: 871, loss: 17.11%
Pop loss [440099902000]: 2010: 796, loss: 1.26%
Pop loss [440099902000]: 2010: 806, loss: 9.06%
Pop loss [440099902000]: 2010: 2541, loss: 0.31%
Pop loss [440099902000]: 2010: 732, loss: 49.32%
Pop loss [440099902000]: 2010: 1812, loss: 20.03%
Pop loss [440099902000]: 2010: 1239, loss: 19.95%
Pop loss [440099902000]: 2010: 1634, loss: 4.53%
Pop loss [440099902000]: 2010: 1050, loss: 1.62%
Pop loss [440099902000]: 2010: 1287, loss: 26.26%
Pop loss [440099902000]: 2010: 1208, loss: 53.81%
Pop loss [440099902000]: 2010: 924, loss: 47.4%
Pop loss [440099902000]: 2010: 1493, loss: 23.17%
Pop loss [440099902000]: 2010: 1015, loss: 11.82%
Pop loss [440099902000]: 2010: 1135, loss: 21.06%
Pop loss [440099902000]: 2010: 684, loss: 10.67%
Pop loss [440099902000]: 2010: 409, loss: 4.62%
Pop loss [440099902000]: 2010: 555, loss: 21.26%
Pop loss [440099902000]: 2010: 801, loss: 37.45%
Pop loss [440099902000]: 2010: 963, loss: 2.39%
Pop loss [440099902000]: 2010: 1246, loss: 25.76%
Pop loss [440099902000]: 2010: 796, loss: 37.31%
Pop loss [440099902000]: 2010: 852, loss: 3.99%
Pop loss [440099902000]: 2010: 995, loss: 8.94%
Pop loss [440099902000]: 2010: 1259, loss: 13.9%
Pop loss [440099902000]: 2010: 1093, loss: 11.99%
Pop loss [440099902000]: 2010: 1007, loss: 23.54%
Pop loss [440099902000]: 2010: 1328, loss: 14.16%
Pop loss [440099902000]: 2010: 1134, loss: 22.4%
Pop loss [440099902000]: 2010: 753, loss: 64.81%
Pop loss [440099902000]: 2010: 1346, loss: 19.61%
Pop loss [440099902000]: 2010: 1607, loss: 9.09%
Pop loss [440099902000]: 2010: 868, loss: 52.65%
Pop loss [440099902000]: 2010: 996, loss: 35.53%
Pop loss [440099902000]: 2010: 1071, loss: 21.66%
Pop loss [440099902000]: 2010: 1025, loss: 44.39%
Pop loss [440099902000]: 2010: 1693, loss: 1.42%
Pop loss [440099902000]: 2010: 1198, loss: 33.31%
Pop loss [440099902000]: 2010: 627, loss: 17.7%
Pop loss [440099902000]: 2010: 833, loss: 21.01%
Pop loss [440099902000]: 2010: 1116, loss: 9.95%
Pop loss [440099902000]: 2010: 1365, loss: 38.46%
Pop loss [440099902000]: 2010: 2322, loss: 1.72%
Pop loss [440099902000]: 2010: 1352, loss: 13.17%
Pop loss [440099902000]: 2010: 1350, loss: 10.67%
Pop loss [440099902000]: 2010: 1247, loss: 18.36%
Pop loss [440099902000]: 2010: 766, loss: 12.4%
Pop loss [440099902000]: 2010: 719, loss: 0.28%
Pop loss [440099902000]: 2010: 1275, loss: 8.31%
Pop loss [440099902000]: 2010: 1367, loss: 28.53%
Pop loss [440099902000]: 2010: 1338, loss: 8.89%
Pop loss [440099902000]: 2010: 1109, loss: 34.27%
Pop loss [440099902000]: 2010: 758, loss: 33.51%
Pop loss [440099902000]: 2010: 741, loss: 28.48%
Pop loss [440099902000]: 2010: 1181, loss: 8.13%
Pop loss [440099902000]: 2010: 711, loss: 42.83%
Pop loss [440099902000]: 2010: 314, loss: 9.24%
Pop loss [440099902000]: 2010: 1646, loss: 11.42%
Pop loss [440099902000]: 2010: 1058, loss: 47.83%
Pop loss [440099902000]: 2010: 1175, loss: 9.02%
Pop loss [440099902000]: 2010: 1064, loss: 21.99%
Pop loss [440099902000]: 2010: 1773, loss: 10.32%
Pop loss [440099902000]: 2010: 2166, loss: 16.9%
Pop loss [440099902000]: 2010: 1354, loss: 51.62%
Pop loss [440099902000]: 2010: 1717, loss: 2.85%
Pop loss [440099902000]: 2010: 2042, loss: 4.75%
Pop loss [440099902000]: 2010: 915, loss: 16.5%
Pop loss [440099902000]: 2010: 920, loss: 20.76%
Pop loss [440099902000]: 2010: 726, loss: 21.76%
Pop loss [440099902000]: 2010: 757, loss: 8.72%
Pop loss [440099902000]: 2010: 1055, loss: 16.11%
Pop loss [440099902000]: 2010: 1189, loss: 19.93%
Pop loss [440099902000]: 2010: 835, loss: 2.04%
Pop loss [440099902000]: 2010: 1700, loss: 0.82%
Pop loss [440099902000]: 2010: 925, loss: 23.24%
Pop loss [440099902000]: 2010: 1425, loss: 14.39%
Pop loss [440099902000]: 2010: 1606, loss: 24.35%
Pop loss [440099902000]: 2010: 995, loss: 4.72%
Pop loss [440099902000]: 2010: 2754, loss: 17.39%
Pop loss [440099902000]: 2010: 868, loss: 23.85%
Pop loss [440099902000]: 2010: 957, loss: 2.09%
Pop loss [440099902000]: 2010: 1110, loss: 23.78%
Pop loss [440099902000]: 2010: 638, loss: 1.41%
Pop loss [440099902000]: 2010: 2010, loss: 11.33%
Pop loss [440099902000]: 2010: 1780, loss: 5.51%
Pop loss [440099902000]: 2010: 1006, loss: 30.42%
Pop loss [440099902000]: 2010: 3011, loss: 5.31%
Pop loss [440099902000]: 2010: 1232, loss: 1.38%
Pop loss [440099902000]: 2010: 970, loss: 2.06%
Pop loss [440099902000]: 2010: 1114, loss: 9.78%
Pop loss [440099902000]: 2010: 1098, loss: 3.37%
Pop loss [440099902000]: 2010: 971, loss: 16.68%
Pop loss [440099902000]: 2010: 1366, loss: 8.2%
Pop loss [440099902000]: 2010: 1013, loss: 13.13%
Pop loss [440099902000]: 2010: 1001, loss: 1.4%
Pop loss [440099902000]: 2010: 1006, loss: 24.06%
Pop loss [440099902000]: 2010: 1054, loss: 2.28%
Pop loss [440099902000]: 2010: 1361, loss: 2.72%
Pop loss [440099902000]: 2010: 1141, loss: 29.1%
Pop loss [440099902000]: 2010: 800, loss: 13.12%
Pop loss [440099902000]: 2010: 897, loss: 18.06%
Pop loss [440099902000]: 2010: 817, loss: 4.65%
Pop loss [440099902000]: 2010: 1102, loss: 3.27%
Pop loss [440099902000]: 2010: 1039, loss: 4.62%
Pop loss [440099902000]: 2010: 901, loss: 22.64%
Pop loss [440099902000]: 2010: 740, loss: 11.49%
Pop loss [440099902000]: 2010: 1144, loss: 6.38%
Pop loss [440099902000]: 2010: 1703, loss: 5.23%
Pop loss [440099902000]: 2010: 886, loss: 11.63%
Pop loss [440099902000]: 2010: 1184, loss: 14.1%
Pop loss [440099902000]: 2010: 823, loss: 12.27%
Pop loss [440099902000]: 2010: 1349, loss: 3.26%
Pop loss [440099902000]: 2010: 1996, loss: 0.45%
Pop loss [440099902000]: 2010: 195, loss: 4.62%
Pop loss [440099902000]: 2010: 2494, loss: 6.66%
Pop loss [440099902000]: 2010: 405, loss: 28.89%
Pop loss [440099902000]: 2010: 1044, loss: 2.75%
Pop loss [440099902000]: 2010: 2603, loss: 1.81%
Pop loss [440099902000]: 2010: 1047, loss: 23.11%
Pop loss [440099902000]: 2010: 944, loss: 11.02%
Pop loss [440099902000]: 2010: 1146, loss: 21.29%
Pop loss [440099902000]: 2010: 908, loss: 26.54%
Pop loss [440099902000]: 2010: 1848, loss: 14.77%
Pop loss [440099902000]: 2010: 1433, loss: 32.8%
Pop loss [440099902000]: 2010: 2106, loss: 2.75%
Pop loss [440099902000]: 2010: 1663, loss: 17.14%
Pop loss [440099902000]: 2010: 965, loss: 32.33%
Pop loss [440099902000]: 2010: 1310, loss: 1.6%
Pop loss [440099902000]: 2010: 928, loss: 8.84%
Pop loss [440099902000]: 2010: 943, loss: 13.15%
Pop loss [440099902000]: 2010: 108, loss: 92.59%
Pop loss [440099902000]: 2010: 962, loss: 16.11%
Pop loss [440099902000]: 2010: 993, loss: 38.77%
Pop loss [440099902000]: 2010: 873, loss: 8.71%
Pop loss [440099902000]: 2010: 2859, loss: 0.31%
Pop loss [440099902000]: 2010: 1075, loss: 12.93%
Pop loss [440099902000]: 2010: 1483, loss: 14.23%
Pop loss [440099902000]: 2010: 869, loss: 21.86%
Pop loss [440099902000]: 2010: 1603, loss: 8.61%
Pop loss [440099902000]: 2010: 670, loss: 17.61%
Pop loss [440099902000]: 2010: 881, loss: 2.16%
Pop loss [440099902000]: 2010: 1205, loss: 1.58%
Pop loss [440099902000]: 2010: 1794, loss: 2.84%
Pop loss [440099902000]: 2010: 1441, loss: 18.27%
Pop loss [440099902000]: 2010: 969, loss: 15.79%
Pop loss [440099902000]: 2010: 5677, loss: 2.62%
Pop loss [440099902000]: 2010: 1563, loss: 4.93%
Pop loss [440099902000]: 2010: 1289, loss: 7.21%
Pop loss [440099902000]: 2010: 550, loss: 5.27%
Pop loss [440099902000]: 2010: 471, loss: 42.68%
Pop loss [440099902000]: 2010: 1159, loss: 1.12%
Pop loss [440099902000]: 2010: 1433, loss: 30.22%
Pop loss [440099902000]: 2010: 2892, loss: 9.61%
Pop loss [440099902000]: 2010: 437, loss: 18.08%
Pop loss [440099902000]: 2010: 410, loss: 10.73%
Pop loss [440099902000]: 2010: 1536, loss: 34.51%
Pop loss [440099902000]: 2010: 1615, loss: 6.5%
Pop loss [440099902000]: 2010: 1645, loss: 21.28%
Pop loss [440099902000]: 2010: 1183, loss: 23.25%
Pop loss [440099902000]: 2010: 1039, loss: 32.15%
Row count: 815
Loss count: 413
Tot 2010 Pop: 1052567
Tot 2018 Pop: 1056611.0
