Make CSV: AL (election)
Row count: 1837
R_2018_gov: 1022457
D_2018_gov: 694495
Tot_2018_gov: 1719589
R_2018_ag: 1004438
D_2018_ag: 702858
Tot_2018_ag: 1708437
R_2018_ltg: 1044941
D_2018_ltg: 660013
Tot_2018_ltg: 1705977
R_2020_pres: 1441170
D_2020_pres: 849624
Tot_2020_pres: 2323282
R_2020_sen: 1392076
D_2020_sen: 920478
Tot_2020_sen: 2316445
R_2017_sen_spec: 651983
D_2017_sen_spec: 673889
Tot_2017_sen_spec: 1348749
R_2016_pres: 1318629
D_2016_pres: 729607
Tot_2016_pres: 2123824
R_2016_sen: 1335470
D_2016_sen: 748787
Tot_2016_sen: 2087889
