Make Demographic_Data_AL.v04 (2024-01-31)

Row count: 1837
Totals from Block Data (BData) and CSV Data (CData)
Field;			BData;	CData;	Diff
T_10_CENS_Total;	4779670;	4779670;	0
T_10_CENS_White;	3204391;	3204391;	0
T_10_CENS_Hispanic;	185601;	185601;	0
T_10_CENS_Black;	1281064;	1281064;	0
T_10_CENS_Asian;	67036;	67036;	0
T_10_CENS_Native;	57118;	57118;	0
T_10_CENS_Pacific;	5914;	5914;	0
T_18_ACS_Total;	4864680;	4864680;	0
T_18_ACS_White;	3196730;	3196730;	0
T_18_ACS_Hispanic;	203146;	203146;	0
T_18_ACS_Black;	1334893;	1334893;	0
T_18_ACS_Asian;	84654;	84654;	0
T_18_ACS_Native;	61432;	61432;	0
T_18_ACS_Pacific;	5147;	5147;	0
T_19_ACS_Total;	4876250;	4876250;	0
T_19_ACS_White;	3194929;	3194929;	0
T_19_ACS_Hispanic;	208626;	208626;	0
T_19_ACS_Black;	1340976;	1340976;	0
T_19_ACS_Asian;	86490;	86490;	0
T_19_ACS_Native;	61168;	61168;	0
T_19_ACS_Pacific;	5243;	5243;	0
T_20_CENS_Total;	5024279;	5024279;	0
T_20_CENS_White;	3171351;	3171351;	0
T_20_CENS_Hispanic;	264047;	264047;	0
T_20_CENS_Black;	1364736;	1364736;	0
T_20_CENS_Asian;	102777;	102777;	0
T_20_CENS_Native;	131030;	131030;	0
T_20_CENS_Pacific;	7479;	7479;	0
T_20_ACS_Total;	4893186;	4893186;	0
T_20_ACS_White;	3192147;	3192147;	0
T_20_ACS_Hispanic;	212951;	212951;	0
T_20_ACS_Black;	1349127;	1349127;	0
T_20_ACS_Asian;	89031;	89031;	0
T_20_ACS_Native;	61655;	61655;	0
T_20_ACS_Pacific;	5155;	5155;	0
V_10_VAP_Total;	3647238;	3647238;	0
V_10_VAP_White;	2530757;	2530757;	0
V_10_VAP_Hispanic;	118335;	118335;	0
V_10_VAP_Black;	917292;	917292;	0
V_10_VAP_Asian;	47973;	47973;	0
V_10_VAP_Native;	42394;	42394;	0
V_10_VAP_Pacific;	3798;	3798;	0
V_18_CVAP_Total;	3671190;	3671190;	0
V_18_CVAP_White;	2548852;	2548852;	0
V_18_CVAP_Hispanic;	70201;	70201;	0
V_18_CVAP_Black;	971699;	971699;	0
V_18_CVAP_Asian;	35484;	35484;	0
V_18_CVAP_Native;	42175;	42175;	0
V_18_CVAP_Pacific;	1107;	1107;	0
V_19_CVAP_Total;	3685099;	3685099;	0
V_19_CVAP_White;	2550935;	2550935;	0
V_19_CVAP_Hispanic;	71948;	71948;	0
V_19_CVAP_Black;	979823;	979823;	0
V_19_CVAP_Asian;	37547;	37547;	0
V_19_CVAP_Native;	41683;	41683;	0
V_19_CVAP_Pacific;	1099;	1099;	0
V_20_VAP_Total;	3917166;	3917166;	0
V_20_VAP_White;	2564544;	2564544;	0
V_20_VAP_Hispanic;	166856;	166856;	0
V_20_VAP_Black;	1014372;	1014372;	0
V_20_VAP_Asian;	74909;	74909;	0
V_20_VAP_Native;	98114;	98114;	0
V_20_VAP_Pacific;	4890;	4890;	0
V_20_VAP_NH_Total;	3917166;	3917166;	0
V_20_VAP_NH_White;	2564544;	2564544;	0
V_20_VAP_NH_Hispanic;	166856;	166856;	0
V_20_VAP_NH_BlackAlone;	976732;	976732;	0
V_20_VAP_NH_AsianAlone;	59997;	59997;	0
V_20_VAP_NH_NativeAlone;	18137;	18137;	0
V_20_VAP_NH_PacificAlone;	1872;	1872;	0
V_20_VAP_NH_OtherAlone;	9084;	9084;	0
V_20_VAP_NH_TwoOrMore;	119944;	119944;	0
V_20_CVAP_Total;	3709303;	3709303;	0
V_20_CVAP_White;	2558913;	2558913;	0
V_20_CVAP_Hispanic;	75846;	75846;	0
V_20_CVAP_Black;	987191;	987191;	0
V_20_CVAP_Asian;	39522;	39522;	0
V_20_CVAP_Native;	42526;	42526;	0
V_20_CVAP_Pacific;	1199;	1199;	0
