Make Demographic_Data_TN.v06 (2025-06-19)

Row count: 1965
Totals from Block Data (BData) and CSV Data (CData)
Field;			BData;	CData;	Diff
T_10_CENS_Total;	6346105;	6346105;	0
T_10_CENS_White;	4800782;	4800782;	0
T_10_CENS_Hispanic;	290059;	290059;	0
T_10_CENS_Black;	1107178;	1107178;	0
T_10_CENS_Asian;	113398;	113398;	0
T_10_CENS_Native;	54874;	54874;	0
T_10_CENS_Pacific;	7785;	7785;	0
T_18_ACS_Total;	6648633;	6648633;	0
T_18_ACS_White;	4922896;	4922896;	0
T_18_ACS_Hispanic;	352364;	352364;	0
T_18_ACS_Black;	1187178;	1187178;	0
T_18_ACS_Asian;	142769;	142769;	0
T_18_ACS_Native;	61825;	61825;	0
T_18_ACS_Pacific;	10319;	10319;	0
T_19_ACS_Total;	6709356;	6709356;	0
T_19_ACS_White;	4951558;	4951558;	0
T_19_ACS_Hispanic;	364174;	364174;	0
T_19_ACS_Black;	1200241;	1200241;	0
T_19_ACS_Asian;	148955;	148955;	0
T_19_ACS_Native;	62201;	62201;	0
T_19_ACS_Pacific;	10017;	10017;	0
T_20_CENS_Total;	6910840;	6910840;	0
T_20_CENS_White;	4900246;	4900246;	0
T_20_CENS_Hispanic;	479187;	479187;	0
T_20_CENS_Black;	1196114;	1196114;	0
T_20_CENS_Asian;	178683;	178683;	0
T_20_CENS_Native;	161436;	161436;	0
T_20_CENS_Pacific;	11008;	11008;	0
T_20_ACS_Total;	6772268;	6772268;	0
T_20_ACS_White;	4969371;	4969371;	0
T_20_ACS_Hispanic;	377162;	377162;	0
T_20_ACS_Black;	1214063;	1214063;	0
T_20_ACS_Asian;	155558;	155558;	0
T_20_ACS_Native;	62889;	62889;	0
T_20_ACS_Pacific;	10542;	10542;	0
T_22_ACS_Total;	6923772;	6923772;	0
T_22_ACS_White;	5024964;	5024964;	0
T_22_ACS_Hispanic;	412622;	412622;	0
T_22_ACS_Black;	1236877;	1236877;	0
T_22_ACS_Asian;	168504;	168504;	0
T_22_ACS_Native;	76142;	76142;	0
T_22_ACS_Pacific;	12165;	12165;	0
V_10_VAP_Total;	4850104;	4850104;	0
V_10_VAP_White;	3787577;	3787577;	0
V_10_VAP_Hispanic;	182006;	182006;	0
V_10_VAP_Black;	771057;	771057;	0
V_10_VAP_Asian;	79242;	79242;	0
V_10_VAP_Native;	40636;	40636;	0
V_10_VAP_Pacific;	4866;	4866;	0
V_18_CVAP_Total;	4962488;	4962488;	0
V_18_CVAP_White;	3913166;	3913166;	0
V_18_CVAP_Hispanic;	111182;	111182;	0
V_18_CVAP_Black;	829670;	829670;	0
V_18_CVAP_Asian;	60093;	60093;	0
V_18_CVAP_Native;	42074;	42074;	0
V_18_CVAP_Pacific;	2114;	2114;	0
V_19_CVAP_Total;	5016643;	5016643;	0
V_19_CVAP_White;	3944444;	3944444;	0
V_19_CVAP_Hispanic;	117476;	117476;	0
V_19_CVAP_Black;	841547;	841547;	0
V_19_CVAP_Asian;	65024;	65024;	0
V_19_CVAP_Native;	41658;	41658;	0
V_19_CVAP_Pacific;	2262;	2262;	0
V_20_VAP_Total;	5384473;	5384473;	0
V_20_VAP_White;	3958296;	3958296;	0
V_20_VAP_Hispanic;	305717;	305717;	0
V_20_VAP_Black;	864737;	864737;	0
V_20_VAP_Asian;	128390;	128390;	0
V_20_VAP_Native;	123061;	123061;	0
V_20_VAP_Pacific;	7245;	7245;	0
V_20_VAP_NH_Total;	5384473;	5384473;	0
V_20_VAP_NH_White;	3958296;	3958296;	0
V_20_VAP_NH_Hispanic;	305717;	305717;	0
V_20_VAP_NH_BlackAlone;	812207;	812207;	0
V_20_VAP_NH_AsianAlone;	103925;	103925;	0
V_20_VAP_NH_NativeAlone;	12745;	12745;	0
V_20_VAP_NH_PacificAlone;	2625;	2625;	0
V_20_VAP_NH_OtherAlone;	15557;	15557;	0
V_20_VAP_NH_TwoOrMore;	173401;	173401;	0
V_20_CVAP_Total;	5082630;	5082630;	0
V_20_CVAP_White;	3982131;	3982131;	0
V_20_CVAP_Hispanic;	127745;	127745;	0
V_20_CVAP_Black;	853564;	853564;	0
V_20_CVAP_Asian;	69253;	69253;	0
V_20_CVAP_Native;	42158;	42158;	0
V_20_CVAP_Pacific;	2077;	2077;	0
V_22_CVAP_Total;	5206732;	5206732;	0
V_22_CVAP_White;	4058631;	4058631;	0
V_22_CVAP_Hispanic;	144785;	144785;	0
V_22_CVAP_Black;	868880;	868880;	0
V_22_CVAP_Asian;	81288;	81288;	0
V_22_CVAP_Native;	46444;	46444;	0
V_22_CVAP_Pacific;	1855;	1855;	0
V_22_CVAP_RemTwoOrMore;	9567;	9567;	0
