Make Election_Data_TN.v05 (2024-04-21)

Row count: 1965
Totals from Block Data (BData) and CSV Data (CData)
Field;			BData;	CData;	Diff
E_08_PRES_Total;	2608617;	2608617;	0
E_08_PRES_Dem;	1087437;	1087437;	0
E_08_PRES_Rep;	1479178;	1479178;	0
E_12_PRES_Total;	2419070;	2419070;	0
E_12_PRES_Dem;	957827;	957827;	0
E_12_PRES_Rep;	1461243;	1461243;	0
E_16_PRES_Total;	2508027;	2508027;	0
E_16_PRES_Dem;	870695;	870695;	0
E_16_PRES_Rep;	1522925;	1522925;	0
E_18_SEN_Total;	2243740;	2243740;	0
E_18_SEN_Dem;	985450;	985450;	0
E_18_SEN_Rep;	1227483;	1227483;	0
E_18_GOV_Total;	2243294;	2243294;	0
E_18_GOV_Dem;	864863;	864863;	0
E_18_GOV_Rep;	1336106;	1336106;	0
E_16-20_COMP_Total;	2531850;	2531850;	0
E_16-20_COMP_Dem;	959161;	959161;	0
E_16-20_COMP_Rep;	1518846;	1518846;	0
E_20_PRES_Total;	3052989;	3052989;	0
E_20_PRES_Dem;	1143711;	1143711;	0
E_20_PRES_Rep;	1852475;	1852475;	0
E_20_SEN_Total;	2950099;	2950099;	0
E_20_SEN_Dem;	1040691;	1040691;	0
E_20_SEN_Rep;	1840926;	1840926;	0
