Make Demographic_Data_CT.v04 (2024-01-31)

Row count: 766
Totals from Block Data (BData) and CSV Data (CData)
Field;			BData;	CData;	Diff
T_10_CENS_Total;	3574097;	3574097;	0
T_10_CENS_White;	2546262;	2546262;	0
T_10_CENS_Hispanic;	479087;	479087;	0
T_10_CENS_Black;	405600;	405600;	0
T_10_CENS_Asian;	157088;	157088;	0
T_10_CENS_Native;	31140;	31140;	0
T_10_CENS_Pacific;	5397;	5397;	0
T_18_ACS_Total;	3581504;	3581504;	0
T_18_ACS_White;	2418696;	2418696;	0
T_18_ACS_Hispanic;	561791;	561791;	0
T_18_ACS_Black;	437087;	437087;	0
T_18_ACS_Asian;	188150;	188150;	0
T_18_ACS_Native;	36551;	36551;	0
T_18_ACS_Pacific;	5255;	5255;	0
T_19_ACS_Total;	3575074;	3575074;	0
T_19_ACS_White;	2392013;	2392013;	0
T_19_ACS_Hispanic;	574240;	574240;	0
T_19_ACS_Black;	447432;	447432;	0
T_19_ACS_Asian;	191505;	191505;	0
T_19_ACS_Native;	37477;	37477;	0
T_19_ACS_Pacific;	5775;	5775;	0
T_20_CENS_Total;	3605944;	3605944;	0
T_20_CENS_White;	2279232;	2279232;	0
T_20_CENS_Hispanic;	623293;	623293;	0
T_20_CENS_Black;	467416;	467416;	0
T_20_CENS_Asian;	205693;	205693;	0
T_20_CENS_Native;	60910;	60910;	0
T_20_CENS_Pacific;	5971;	5971;	0
T_20_CENS_ADJ_Total;	3603566;	3603566;	0
T_20_CENS_ADJ_White;	2278660;	2278660;	0
T_20_CENS_ADJ_Hispanic;	623145;	623145;	0
T_20_CENS_ADJ_Black;	464809;	464809;	0
T_20_CENS_ADJ_Asian;	205666;	205666;	0
T_20_CENS_ADJ_Native;	60888;	60888;	0
T_20_CENS_ADJ_Pacific;	5968;	5968;	0
T_20_ACS_Total;	3570549;	3570549;	0
T_20_ACS_White;	2357942;	2357942;	0
T_20_ACS_Hispanic;	587212;	587212;	0
T_20_ACS_Black;	456214;	456214;	0
T_20_ACS_Asian;	196347;	196347;	0
T_20_ACS_Native;	35973;	35973;	0
T_20_ACS_Pacific;	6148;	6148;	0
V_10_VAP_Total;	2757082;	2757082;	0
V_10_VAP_White;	2046548;	2046548;	0
V_10_VAP_Hispanic;	318947;	318947;	0
V_10_VAP_Black;	280916;	280916;	0
V_10_VAP_Asian;	111716;	111716;	0
V_10_VAP_Native;	21269;	21269;	0
V_10_VAP_Pacific;	3765;	3765;	0
V_18_CVAP_Total;	2601055;	2601055;	0
V_18_CVAP_White;	1944153;	1944153;	0
V_18_CVAP_Hispanic;	300851;	300851;	0
V_18_CVAP_Black;	256417;	256417;	0
V_18_CVAP_Asian;	81430;	81430;	0
V_18_CVAP_Native;	15025;	15025;	0
V_18_CVAP_Pacific;	903;	903;	0
V_19_CVAP_Total;	2605395;	2605395;	0
V_19_CVAP_White;	1930357;	1930357;	0
V_19_CVAP_Hispanic;	309879;	309879;	0
V_19_CVAP_Black;	261265;	261265;	0
V_19_CVAP_Asian;	85344;	85344;	0
V_19_CVAP_Native;	15008;	15008;	0
V_19_CVAP_Pacific;	759;	759;	0
V_20_VAP_Total;	2869227;	2869227;	0
V_20_VAP_White;	1913793;	1913793;	0
V_20_VAP_Hispanic;	430695;	430695;	0
V_20_VAP_Black;	339200;	339200;	0
V_20_VAP_Asian;	150724;	150724;	0
V_20_VAP_Native;	44697;	44697;	0
V_20_VAP_Pacific;	4294;	4294;	0
V_20_VAP_NH_Total;	2869227;	2869227;	0
V_20_VAP_NH_White;	1913793;	1913793;	0
V_20_VAP_NH_Hispanic;	430695;	430695;	0
V_20_VAP_NH_BlackAlone;	279080;	279080;	0
V_20_VAP_NH_AsianAlone;	132859;	132859;	0
V_20_VAP_NH_NativeAlone;	4967;	4967;	0
V_20_VAP_NH_PacificAlone;	757;	757;	0
V_20_VAP_NH_OtherAlone;	19450;	19450;	0
V_20_VAP_NH_TwoOrMore;	87626;	87626;	0
V_20_CVAP_Total;	2616047;	2616047;	0
V_20_CVAP_White;	1920042;	1920042;	0
V_20_CVAP_Hispanic;	320110;	320110;	0
V_20_CVAP_Black;	267101;	267101;	0
V_20_CVAP_Asian;	89534;	89534;	0
V_20_CVAP_Native;	14892;	14892;	0
V_20_CVAP_Pacific;	661;	661;	0
