Make Election_Data_CT.v06 (2025-06-18)

Row count: 766
Totals from Block Data (BData) and CSV Data (CData)
Field;			BData;	CData;	Diff
E_08_PRES_Total;	1648173;	1648173;	0
E_08_PRES_Dem;	998047;	998047;	0
E_08_PRES_Rep;	629204;	629204;	0
E_12_PRES_Total;	1539627;	1539627;	0
E_12_PRES_Dem;	904993;	904993;	0
E_12_PRES_Rep;	634634;	634634;	0
E_16_PRES_Total;	1644655;	1644655;	0
E_16_PRES_Dem;	897417;	897417;	0
E_16_PRES_Rep;	673109;	673109;	0
E_16_SEN_Total;	1596043;	1596043;	0
E_16_SEN_Dem;	1008527;	1008527;	0
E_16_SEN_Rep;	552577;	552577;	0
E_18_SEN_Total;	1386663;	1386663;	0
E_18_SEN_Dem;	825464;	825464;	0
E_18_SEN_Rep;	545655;	545655;	0
E_18_GOV_Total;	1406603;	1406603;	0
E_18_GOV_Dem;	694413;	694413;	0
E_18_GOV_Rep;	650038;	650038;	0
E_18_AG_Total;	1362885;	1362885;	0
E_18_AG_Dem;	715248;	715248;	0
E_18_AG_Rep;	633280;	633280;	0
E_16-20_COMP_Total;	1533374;	1533374;	0
E_16-20_COMP_Dem;	870082;	870082;	0
E_16-20_COMP_Rep;	627920;	627920;	0
E_20_PRES_Total;	1823627;	1823627;	0
E_20_PRES_Dem;	1080710;	1080710;	0
E_20_PRES_Rep;	714608;	714608;	0
