Make Demographic_Data_AK.v04 (2024-01-31)

Row count: 456
Totals from Block Data (BData) and CSV Data (CData)
Field;			BData;	CData;	Diff
T_10_CENS_Total;	710231;	710231;	0
T_10_CENS_White;	455320;	455320;	0
T_10_CENS_Hispanic;	39249;	39249;	0
T_10_CENS_Black;	33150;	33150;	0
T_10_CENS_Asian;	50402;	50402;	0
T_10_CENS_Native;	138312;	138312;	0
T_10_CENS_Pacific;	11154;	11154;	0
T_18_ACS_Total;	738516;	738516;	0
T_18_ACS_White;	450754;	450754;	0
T_18_ACS_Hispanic;	51186;	51186;	0
T_18_ACS_Black;	36217;	36217;	0
T_18_ACS_Asian;	61274;	61274;	0
T_18_ACS_Native;	145816;	145816;	0
T_18_ACS_Pacific;	14412;	14412;	0
T_19_ACS_Total;	737068;	737068;	0
T_19_ACS_White;	446897;	446897;	0
T_19_ACS_Hispanic;	51870;	51870;	0
T_19_ACS_Black;	35935;	35935;	0
T_19_ACS_Asian;	61128;	61128;	0
T_19_ACS_Native;	147196;	147196;	0
T_19_ACS_Pacific;	14450;	14450;	0
T_20_CENS_Total;	733391;	733391;	0
T_20_CENS_White;	421758;	421758;	0
T_20_CENS_Hispanic;	49824;	49824;	0
T_20_CENS_Black;	35454;	35454;	0
T_20_CENS_Asian;	61460;	61460;	0
T_20_CENS_Native;	160287;	160287;	0
T_20_CENS_Pacific;	18668;	18668;	0
T_20_ACS_Total;	736990;	736990;	0
T_20_ACS_White;	439979;	439979;	0
T_20_ACS_Hispanic;	53059;	53059;	0
T_20_ACS_Black;	37226;	37226;	0
T_20_ACS_Asian;	64669;	64669;	0
T_20_ACS_Native;	146557;	146557;	0
T_20_ACS_Pacific;	16627;	16627;	0
V_10_VAP_Total;	522853;	522853;	0
V_10_VAP_White;	356987;	356987;	0
V_10_VAP_Hispanic;	24437;	24437;	0
V_10_VAP_Black;	20156;	20156;	0
V_10_VAP_Asian;	33779;	33779;	0
V_10_VAP_Native;	88232;	88232;	0
V_10_VAP_Pacific;	6230;	6230;	0
V_18_CVAP_Total;	530320;	530320;	0
V_18_CVAP_White;	355070;	355070;	0
V_18_CVAP_Hispanic;	29933;	29933;	0
V_18_CVAP_Black;	19751;	19751;	0
V_18_CVAP_Asian;	27258;	27258;	0
V_18_CVAP_Native;	89925;	89925;	0
V_18_CVAP_Pacific;	5176;	5176;	0
V_19_CVAP_Total;	531065;	531065;	0
V_19_CVAP_White;	353456;	353456;	0
V_19_CVAP_Hispanic;	30359;	30359;	0
V_19_CVAP_Black;	19903;	19903;	0
V_19_CVAP_Asian;	27362;	27362;	0
V_19_CVAP_Native;	91076;	91076;	0
V_19_CVAP_Pacific;	5376;	5376;	0
V_20_VAP_Total;	554003;	554003;	0
V_20_VAP_White;	340580;	340580;	0
V_20_VAP_Hispanic;	33441;	33441;	0
V_20_VAP_Black;	23665;	23665;	0
V_20_VAP_Asian;	43407;	43407;	0
V_20_VAP_Native;	105737;	105737;	0
V_20_VAP_Pacific;	11184;	11184;	0
V_20_VAP_NH_Total;	554003;	554003;	0
V_20_VAP_NH_White;	340580;	340580;	0
V_20_VAP_NH_Hispanic;	33441;	33441;	0
V_20_VAP_NH_BlackAlone;	16566;	16566;	0
V_20_VAP_NH_AsianAlone;	34290;	34290;	0
V_20_VAP_NH_NativeAlone;	75017;	75017;	0
V_20_VAP_NH_PacificAlone;	8122;	8122;	0
V_20_VAP_NH_OtherAlone;	3308;	3308;	0
V_20_VAP_NH_TwoOrMore;	42679;	42679;	0
V_20_CVAP_Total;	532511;	532511;	0
V_20_CVAP_White;	352011;	352011;	0
V_20_CVAP_Hispanic;	31177;	31177;	0
V_20_CVAP_Black;	20317;	20317;	0
V_20_CVAP_Asian;	29052;	29052;	0
V_20_CVAP_Native;	90043;	90043;	0
V_20_CVAP_Pacific;	5564;	5564;	0
