Make Election_Data_AK.v04 (2024-02-01)

Row count: 456
Totals from Block Data (BData) and CSV Data (CData)
Field;			BData;	CData;	Diff
E_16_PRES_Total;	318608;	318608;	0
E_16_PRES_Dem;	116454;	116454;	0
E_16_PRES_Rep;	163387;	163387;	0
E_16_SEN_Total;	311441;	311441;	0
E_16_SEN_Dem;	36200;	36200;	0
E_16_SEN_Rep;	138149;	138149;	0
E_18_GOV_Total;	283134;	283134;	0
E_18_GOV_Dem;	125739;	125739;	0
E_18_GOV_Rep;	145631;	145631;	0
E_16-20_COMP_Total;	324817;	324817;	0
E_16-20_COMP_Dem;	135645;	135645;	0
E_16-20_COMP_Rep;	171369;	171369;	0
E_20_PRES_Total;	357569;	357569;	0
E_20_PRES_Dem;	153778;	153778;	0
E_20_PRES_Rep;	189951;	189951;	0
E_20_SEN_Total;	353986;	353986;	0
E_20_SEN_Dem;	146068;	146068;	0
E_20_SEN_Rep;	191112;	191112;	0
