Make Demographic_Data_WV.v06 (2025-06-19)

Row count: 1639
Totals from Block Data (BData) and CSV Data (CData)
Field;			BData;	CData;	Diff
T_10_CENS_Total;	1852994;	1852994;	0
T_10_CENS_White;	1726256;	1726256;	0
T_10_CENS_Hispanic;	22268;	22268;	0
T_10_CENS_Black;	76945;	76945;	0
T_10_CENS_Asian;	16465;	16465;	0
T_10_CENS_Native;	13314;	13314;	0
T_10_CENS_Pacific;	1254;	1254;	0
T_18_ACS_Total;	1829054;	1829054;	0
T_18_ACS_White;	1684756;	1684756;	0
T_18_ACS_Hispanic;	27522;	27522;	0
T_18_ACS_Black;	84775;	84775;	0
T_18_ACS_Asian;	19937;	19937;	0
T_18_ACS_Native;	13129;	13129;	0
T_18_ACS_Pacific;	1500;	1500;	0
T_19_ACS_Total;	1817305;	1817305;	0
T_19_ACS_White;	1671546;	1671546;	0
T_19_ACS_Hispanic;	28368;	28368;	0
T_19_ACS_Black;	85538;	85538;	0
T_19_ACS_Asian;	19794;	19794;	0
T_19_ACS_Native;	12682;	12682;	0
T_19_ACS_Pacific;	1778;	1778;	0
T_20_CENS_Total;	1793716;	1793716;	0
T_20_CENS_White;	1598834;	1598834;	0
T_20_CENS_Hispanic;	34827;	34827;	0
T_20_CENS_Black;	90526;	90526;	0
T_20_CENS_Asian;	22281;	22281;	0
T_20_CENS_Native;	37689;	37689;	0
T_20_CENS_Pacific;	1726;	1726;	0
T_20_ACS_Total;	1807426;	1807426;	0
T_20_ACS_White;	1654681;	1654681;	0
T_20_ACS_Hispanic;	28679;	28679;	0
T_20_ACS_Black;	84768;	84768;	0
T_20_ACS_Asian;	20784;	20784;	0
T_20_ACS_Native;	13391;	13391;	0
T_20_ACS_Pacific;	1735;	1735;	0
T_22_ACS_Total;	1792967;	1792967;	0
T_22_ACS_White;	1625416;	1625416;	0
T_22_ACS_Hispanic;	32910;	32910;	0
T_22_ACS_Black;	87024;	87024;	0
T_22_ACS_Asian;	20937;	20937;	0
T_22_ACS_Native;	16880;	16880;	0
T_22_ACS_Pacific;	2083;	2083;	0
V_10_VAP_Total;	1465576;	1465576;	0
V_10_VAP_White;	1376801;	1376801;	0
V_10_VAP_Hispanic;	14764;	14764;	0
V_10_VAP_Black;	52755;	52755;	0
V_10_VAP_Asian;	12083;	12083;	0
V_10_VAP_Native;	10313;	10313;	0
V_10_VAP_Pacific;	828;	828;	0
V_18_CVAP_Total;	1442050;	1442050;	0
V_18_CVAP_White;	1350840;	1350840;	0
V_18_CVAP_Hispanic;	15780;	15780;	0
V_18_CVAP_Black;	55447;	55447;	0
V_18_CVAP_Asian;	9142;	9142;	0
V_18_CVAP_Native;	9450;	9450;	0
V_18_CVAP_Pacific;	259;	259;	0
V_19_CVAP_Total;	1434360;	1434360;	0
V_19_CVAP_White;	1341864;	1341864;	0
V_19_CVAP_Hispanic;	16265;	16265;	0
V_19_CVAP_Black;	56003;	56003;	0
V_19_CVAP_Asian;	9461;	9461;	0
V_19_CVAP_Native;	9060;	9060;	0
V_19_CVAP_Pacific;	332;	332;	0
V_20_VAP_Total;	1432932;	1432932;	0
V_20_VAP_White;	1293040;	1293040;	0
V_20_VAP_Hispanic;	23483;	23483;	0
V_20_VAP_Black;	62960;	62960;	0
V_20_VAP_Asian;	16245;	16245;	0
V_20_VAP_Native;	29047;	29047;	0
V_20_VAP_Pacific;	1162;	1162;	0
V_20_VAP_NH_Total;	1432932;	1432932;	0
V_20_VAP_NH_White;	1293040;	1293040;	0
V_20_VAP_NH_Hispanic;	23483;	23483;	0
V_20_VAP_NH_BlackAlone;	52002;	52002;	0
V_20_VAP_NH_AsianAlone;	12233;	12233;	0
V_20_VAP_NH_NativeAlone;	2761;	2761;	0
V_20_VAP_NH_PacificAlone;	333;	333;	0
V_20_VAP_NH_OtherAlone;	2981;	2981;	0
V_20_VAP_NH_TwoOrMore;	46099;	46099;	0
V_20_CVAP_Total;	1428444;	1428444;	0
V_20_CVAP_White;	1335401;	1335401;	0
V_20_CVAP_Hispanic;	16885;	16885;	0
V_20_CVAP_Black;	55664;	55664;	0
V_20_CVAP_Asian;	9229;	9229;	0
V_20_CVAP_Native;	9438;	9438;	0
V_20_CVAP_Pacific;	159;	159;	0
V_22_CVAP_Total;	1421310;	1421310;	0
V_22_CVAP_White;	1320335;	1320335;	0
V_22_CVAP_Hispanic;	19223;	19223;	0
V_22_CVAP_Black;	57904;	57904;	0
V_22_CVAP_Asian;	10683;	10683;	0
V_22_CVAP_Native;	11374;	11374;	0
V_22_CVAP_Pacific;	485;	485;	0
V_22_CVAP_RemTwoOrMore;	2044;	2044;	0
