Make Election_Data_WV.v02 (2024-04-21)

Row count: 1639
Totals from Block Data (BData) and CSV Data (CData)
Field;			BData;	CData;	Diff
E_08_PRES_Total;	717172;	717172;	0
E_08_PRES_Dem;	303845;	303845;	0
E_08_PRES_Rep;	397444;	397444;	0
E_12_PRES_Total;	654190;	654190;	0
E_12_PRES_Dem;	237086;	237086;	0
E_12_PRES_Rep;	417104;	417104;	0
E_16_PRES_Total;	713049;	713049;	0
E_16_PRES_Dem;	188792;	188792;	0
E_16_PRES_Rep;	489371;	489371;	0
E_16_GOV_Total;	713855;	713855;	0
E_16_GOV_Dem;	350405;	350405;	0
E_16_GOV_Rep;	301987;	301987;	0
E_16_AG_Total;	694153;	694153;	0
E_16_AG_Dem;	291232;	291232;	0
E_16_AG_Rep;	358423;	358423;	0
E_18_SEN_Total;	586034;	586034;	0
E_18_SEN_Dem;	290510;	290510;	0
E_18_SEN_Rep;	271113;	271113;	0
E_16-20_COMP_Total;	733000;	733000;	0
E_16-20_COMP_Dem;	238722;	238722;	0
E_16-20_COMP_Rep;	474346;	474346;	0
E_20_PRES_Total;	794652;	794652;	0
E_20_PRES_Dem;	235984;	235984;	0
E_20_PRES_Rep;	545382;	545382;	0
E_20_SEN_Total;	778918;	778918;	0
E_20_SEN_Dem;	210309;	210309;	0
E_20_SEN_Rep;	547454;	547454;	0
E_20_GOV_Total;	768804;	768804;	0
E_20_GOV_Dem;	237024;	237024;	0
E_20_GOV_Rep;	497944;	497944;	0
E_20_AG_Total;	764048;	764048;	0
E_20_AG_Dem;	276798;	276798;	0
E_20_AG_Rep;	487250;	487250;	0
