Make Demographic_Data_NV.v04 (2024-01-31)

Row count: 2102
Totals from Block Data (BData) and CSV Data (CData)
Field;			BData;	CData;	Diff
T_10_CENS_Total;	2699896;	2699896;	0
T_10_CENS_White;	1461627;	1461627;	0
T_10_CENS_Hispanic;	716433;	716433;	0
T_10_CENS_Black;	254426;	254426;	0
T_10_CENS_Asian;	242815;	242815;	0
T_10_CENS_Native;	55929;	55929;	0
T_10_CENS_Pacific;	32845;	32845;	0
T_18_ACS_Total;	2922849;	2922849;	0
T_18_ACS_White;	1458093;	1458093;	0
T_18_ACS_Hispanic;	831597;	831597;	0
T_18_ACS_Black;	309359;	309359;	0
T_18_ACS_Asian;	296156;	296156;	0
T_18_ACS_Native;	62595;	62595;	0
T_18_ACS_Pacific;	39768;	39768;	0
T_19_ACS_Total;	2972382;	2972382;	0
T_19_ACS_White;	1463237;	1463237;	0
T_19_ACS_Hispanic;	853041;	853041;	0
T_19_ACS_Black;	322756;	322756;	0
T_19_ACS_Asian;	305500;	305500;	0
T_19_ACS_Native;	65762;	65762;	0
T_19_ACS_Pacific;	40403;	40403;	0
T_20_CENS_Total;	3104614;	3104614;	0
T_20_CENS_White;	1425952;	1425952;	0
T_20_CENS_Hispanic;	890257;	890257;	0
T_20_CENS_Black;	375198;	375198;	0
T_20_CENS_Asian;	353593;	353593;	0
T_20_CENS_Native;	105790;	105790;	0
T_20_CENS_Pacific;	52532;	52532;	0
T_20_CENS_ADJ_Total;	3104614;	3104614;	0
T_20_CENS_ADJ_White;	1425318;	1425318;	0
T_20_CENS_ADJ_Hispanic;	890906;	890906;	0
T_20_CENS_ADJ_Black;	373989;	373989;	0
T_20_CENS_ADJ_Asian;	353536;	353536;	0
T_20_CENS_ADJ_Native;	105761;	105761;	0
T_20_CENS_ADJ_Pacific;	52533;	52533;	0
T_20_ACS_Total;	3030281;	3030281;	0
T_20_ACS_White;	1460159;	1460159;	0
T_20_ACS_Hispanic;	875798;	875798;	0
T_20_ACS_Black;	337681;	337681;	0
T_20_ACS_Asian;	320596;	320596;	0
T_20_ACS_Native;	67377;	67377;	0
T_20_ACS_Pacific;	43543;	43543;	0
V_10_VAP_Total;	2034972;	2034972;	0
V_10_VAP_White;	1198896;	1198896;	0
V_10_VAP_Hispanic;	454485;	454485;	0
V_10_VAP_Black;	172881;	172881;	0
V_10_VAP_Asian;	181208;	181208;	0
V_10_VAP_Native;	38624;	38624;	0
V_10_VAP_Pacific;	20934;	20934;	0
V_18_CVAP_Total;	1973810;	1973810;	0
V_18_CVAP_White;	1195427;	1195427;	0
V_18_CVAP_Hispanic;	363547;	363547;	0
V_18_CVAP_Black;	193216;	193216;	0
V_18_CVAP_Asian;	163674;	163674;	0
V_18_CVAP_Native;	31642;	31642;	0
V_18_CVAP_Pacific;	12766;	12766;	0
V_19_CVAP_Total;	2018929;	2018929;	0
V_19_CVAP_White;	1201757;	1201757;	0
V_19_CVAP_Hispanic;	385390;	385390;	0
V_19_CVAP_Black;	201673;	201673;	0
V_19_CVAP_Asian;	171437;	171437;	0
V_19_CVAP_Native;	32485;	32485;	0
V_19_CVAP_Pacific;	12936;	12936;	0
V_20_VAP_Total;	2413326;	2413326;	0
V_20_VAP_White;	1205651;	1205651;	0
V_20_VAP_Hispanic;	609396;	609396;	0
V_20_VAP_Black;	262830;	262830;	0
V_20_VAP_Asian;	273326;	273326;	0
V_20_VAP_Native;	78079;	78079;	0
V_20_VAP_Pacific;	34821;	34821;	0
V_20_VAP_NH_Total;	2413326;	2413326;	0
V_20_VAP_NH_White;	1205651;	1205651;	0
V_20_VAP_NH_Hispanic;	609396;	609396;	0
V_20_VAP_NH_BlackAlone;	219333;	219333;	0
V_20_VAP_NH_AsianAlone;	224400;	224400;	0
V_20_VAP_NH_NativeAlone;	18317;	18317;	0
V_20_VAP_NH_PacificAlone;	17118;	17118;	0
V_20_VAP_NH_OtherAlone;	12441;	12441;	0
V_20_VAP_NH_TwoOrMore;	106670;	106670;	0
V_20_CVAP_Total;	2071300;	2071300;	0
V_20_CVAP_White;	1210822;	1210822;	0
V_20_CVAP_Hispanic;	407784;	407784;	0
V_20_CVAP_Black;	212167;	212167;	0
V_20_CVAP_Asian;	179738;	179738;	0
V_20_CVAP_Native;	32831;	32831;	0
V_20_CVAP_Pacific;	13574;	13574;	0
