Make Election_Data_NV.v04 (2024-02-01)

Row count: 2102
Totals from Block Data (BData) and CSV Data (CData)
Field;			BData;	CData;	Diff
E_16_PRES_Total;	1125356;	1125356;	0
E_16_PRES_Dem;	539251;	539251;	0
E_16_PRES_Rep;	512038;	512038;	0
E_16_SEN_Total;	1108265;	1108265;	0
E_16_SEN_Dem;	521985;	521985;	0
E_16_SEN_Rep;	495059;	495059;	0
E_18_SEN_Total;	972131;	972131;	0
E_18_SEN_Dem;	490071;	490071;	0
E_18_SEN_Rep;	441201;	441201;	0
E_18_GOV_Total;	971798;	971798;	0
E_18_GOV_Dem;	480007;	480007;	0
E_18_GOV_Rep;	440319;	440319;	0
E_18_AG_Total;	965752;	965752;	0
E_18_AG_Dem;	456225;	456225;	0
E_18_AG_Rep;	451691;	451691;	0
E_18_LTG_Total;	965942;	965942;	0
E_18_LTG_Dem;	486381;	486381;	0
E_18_LTG_Rep;	421696;	421696;	0
E_16-20_COMP_Total;	1089485;	1089485;	0
E_16-20_COMP_Dem;	531310;	531310;	0
E_16-20_COMP_Rep;	501449;	501449;	0
E_20_PRES_Total;	1405376;	1405376;	0
E_20_PRES_Dem;	703486;	703486;	0
E_20_PRES_Rep;	669890;	669890;	0
