Make Demographic_Data_OH.v04 (2024-01-31)

Row count: 8941
Totals from Block Data (BData) and CSV Data (CData)
Field;			BData;	CData;	Diff
T_10_CENS_Total;	11535794;	11535794;	0
T_10_CENS_White;	9358791;	9358791;	0
T_10_CENS_Hispanic;	354661;	354661;	0
T_10_CENS_Black;	1541565;	1541565;	0
T_10_CENS_Asian;	238277;	238277;	0
T_10_CENS_Native;	90119;	90119;	0
T_10_CENS_Pacific;	10525;	10525;	0
T_18_ACS_Total;	11641879;	11641879;	0
T_18_ACS_White;	9220638;	9220638;	0
T_18_ACS_Hispanic;	431327;	431327;	0
T_18_ACS_Black;	1639043;	1639043;	0
T_18_ACS_Asian;	314709;	314709;	0
T_18_ACS_Native;	101503;	101503;	0
T_18_ACS_Pacific;	11546;	11546;	0
T_19_ACS_Total;	11655397;	11655397;	0
T_19_ACS_White;	9197115;	9197115;	0
T_19_ACS_Hispanic;	443415;	443415;	0
T_19_ACS_Black;	1654697;	1654697;	0
T_19_ACS_Asian;	326348;	326348;	0
T_19_ACS_Native;	101157;	101157;	0
T_19_ACS_Pacific;	12806;	12806;	0
T_20_CENS_Total;	11799448;	11799448;	0
T_20_CENS_White;	8954135;	8954135;	0
T_20_CENS_Hispanic;	521308;	521308;	0
T_20_CENS_Black;	1704492;	1704492;	0
T_20_CENS_Asian;	377303;	377303;	0
T_20_CENS_Native;	234389;	234389;	0
T_20_CENS_Pacific;	15181;	15181;	0
T_20_ACS_Total;	11675275;	11675275;	0
T_20_ACS_White;	9141370;	9141370;	0
T_20_ACS_Hispanic;	459939;	459939;	0
T_20_ACS_Black;	1673910;	1673910;	0
T_20_ACS_Asian;	344131;	344131;	0
T_20_ACS_Native;	99662;	99662;	0
T_20_ACS_Pacific;	14978;	14978;	0
V_10_VAP_Total;	8805178;	8805178;	0
V_10_VAP_White;	7330008;	7330008;	0
V_10_VAP_Hispanic;	218913;	218913;	0
V_10_VAP_Black;	1047832;	1047832;	0
V_10_VAP_Asian;	168516;	168516;	0
V_10_VAP_Native;	64037;	64037;	0
V_10_VAP_Pacific;	6497;	6497;	0
V_18_CVAP_Total;	8797880;	8797880;	0
V_18_CVAP_White;	7299167;	7299167;	0
V_18_CVAP_Hispanic;	220804;	220804;	0
V_18_CVAP_Black;	1082299;	1082299;	0
V_18_CVAP_Asian;	127971;	127971;	0
V_18_CVAP_Native;	58184;	58184;	0
V_18_CVAP_Pacific;	2000;	2000;	0
V_19_CVAP_Total;	8820720;	8820720;	0
V_19_CVAP_White;	7296483;	7296483;	0
V_19_CVAP_Hispanic;	227482;	227482;	0
V_19_CVAP_Black;	1093797;	1093797;	0
V_19_CVAP_Asian;	135434;	135434;	0
V_19_CVAP_Native;	58089;	58089;	0
V_19_CVAP_Pacific;	2066;	2066;	0
V_20_VAP_Total;	9207562;	9207562;	0
V_20_VAP_White;	7218892;	7218892;	0
V_20_VAP_Hispanic;	336028;	336028;	0
V_20_VAP_Black;	1188984;	1188984;	0
V_20_VAP_Asian;	271124;	271124;	0
V_20_VAP_Native;	171578;	171578;	0
V_20_VAP_Pacific;	10072;	10072;	0
V_20_VAP_NH_Total;	9207562;	9207562;	0
V_20_VAP_NH_White;	7218892;	7218892;	0
V_20_VAP_NH_Hispanic;	336028;	336028;	0
V_20_VAP_NH_BlackAlone;	1073902;	1073902;	0
V_20_VAP_NH_AsianAlone;	228920;	228920;	0
V_20_VAP_NH_NativeAlone;	15496;	15496;	0
V_20_VAP_NH_PacificAlone;	3233;	3233;	0
V_20_VAP_NH_OtherAlone;	28843;	28843;	0
V_20_VAP_NH_TwoOrMore;	302248;	302248;	0
V_20_CVAP_Total;	8855527;	8855527;	0
V_20_CVAP_White;	7294706;	7294706;	0
V_20_CVAP_Hispanic;	239331;	239331;	0
V_20_CVAP_Black;	1105408;	1105408;	0
V_20_CVAP_Asian;	144080;	144080;	0
V_20_CVAP_Native;	57461;	57461;	0
V_20_CVAP_Pacific;	1903;	1903;	0
