Make Election_Data_OH.v04 (2024-02-01)

Row count: 8941
Totals from Block Data (BData) and CSV Data (CData)
Field;			BData;	CData;	Diff
E_16_PRES_Total;	5480173;	5480173;	0
E_16_PRES_Dem;	2394164;	2394164;	0
E_16_PRES_Rep;	2841005;	2841005;	0
E_16_SEN_Total;	5374053;	5374053;	0
E_16_SEN_Dem;	1996908;	1996908;	0
E_16_SEN_Rep;	3118567;	3118567;	0
E_18_SEN_Total;	4416067;	4416067;	0
E_18_SEN_Dem;	2358508;	2358508;	0
E_18_SEN_Rep;	2057559;	2057559;	0
E_18_GOV_Total;	4435462;	4435462;	0
E_18_GOV_Dem;	2070046;	2070046;	0
E_18_GOV_Rep;	2235825;	2235825;	0
E_18_AG_Total;	4363129;	4363129;	0
E_18_AG_Dem;	2086715;	2086715;	0
E_18_AG_Rep;	2276414;	2276414;	0
E_16-20_COMP_Total;	4983616;	4983616;	0
E_16-20_COMP_Dem;	2259824;	2259824;	0
E_16-20_COMP_Rep;	2612162;	2612162;	0
E_20_PRES_Total;	5920380;	5920380;	0
E_20_PRES_Dem;	2679165;	2679165;	0
E_20_PRES_Rep;	3154834;	3154834;	0
E_16-22_COMP_Total;	4681211;	4681211;	0
E_16-22_COMP_Dem;	2091591;	2091591;	0
E_16-22_COMP_Rep;	2550160;	2550160;	0
E_22_SEN_Total;	4131603;	4131603;	0
E_22_SEN_Dem;	1939489;	1939489;	0
E_22_SEN_Rep;	2192114;	2192114;	0
E_22_GOV_Total;	4125913;	4125913;	0
E_22_GOV_Dem;	1545489;	1545489;	0
E_22_GOV_Rep;	2580424;	2580424;	0
E_22_AG_Total;	4132397;	4132397;	0
E_22_AG_Dem;	1647644;	1647644;	0
E_22_AG_Rep;	2484753;	2484753;	0
E_22_AUD_Total;	4080423;	4080423;	0
E_22_AUD_Dem;	1683216;	1683216;	0
E_22_AUD_Rep;	2397207;	2397207;	0
E_22_SOS_Total;	4122959;	4122959;	0
E_22_SOS_Dem;	1635824;	1635824;	0
E_22_SOS_Rep;	2444382;	2444382;	0
E_22_TREAS_Total;	4082702;	4082702;	0
E_22_TREAS_Dem;	1692160;	1692160;	0
E_22_TREAS_Rep;	2390542;	2390542;	0
E_22_CONG_Total;	4109607;	4109607;	0
E_22_CONG_Dem;	1790614;	1790614;	0
E_22_CONG_Rep;	2318993;	2318993;	0
E_22_SC1_Total;	4095420;	4095420;	0
E_22_SC1_Dem;	1764845;	1764845;	0
E_22_SC1_Rep;	2330575;	2330575;	0
E_22_SC2_Total;	4095812;	4095812;	0
E_22_SC2_Dem;	1789384;	1789384;	0
E_22_SC2_Rep;	2306428;	2306428;	0
E_22_SCC_Total;	4114548;	4114548;	0
E_22_SCC_Dem;	1807133;	1807133;	0
E_22_SCC_Rep;	2307415;	2307415;	0
