Make Election_Data_OK.v05 (2024-04-21)

Row count: 1947
Totals from Block Data (BData) and CSV Data (CData)
Field;			BData;	CData;	Diff
E_08_PRES_Total;	1478480;	1478480;	0
E_08_PRES_Dem;	502496;	502496;	0
E_08_PRES_Rep;	960165;	960165;	0
E_12_PRES_Total;	1329869;	1329869;	0
E_12_PRES_Dem;	439446;	439446;	0
E_12_PRES_Rep;	890423;	890423;	0
E_16_PRES_Total;	1452992;	1452992;	0
E_16_PRES_Dem;	420375;	420375;	0
E_16_PRES_Rep;	949136;	949136;	0
E_16_SEN_Total;	1448047;	1448047;	0
E_16_SEN_Dem;	355911;	355911;	0
E_16_SEN_Rep;	980892;	980892;	0
E_18_GOV_Total;	1186385;	1186385;	0
E_18_GOV_Dem;	500973;	500973;	0
E_18_GOV_Rep;	644579;	644579;	0
E_18_AG_Total;	1172468;	1172468;	0
E_18_AG_Dem;	421699;	421699;	0
E_18_AG_Rep;	750769;	750769;	0
E_18_LTG_Total;	1178190;	1178190;	0
E_18_LTG_Dem;	406797;	406797;	0
E_18_LTG_Rep;	729219;	729219;	0
E_16-20_COMP_Total;	1389858;	1389858;	0
E_16-20_COMP_Dem;	449422;	449422;	0
E_16-20_COMP_Rep;	887096;	887096;	0
E_20_PRES_Total;	1560699;	1560699;	0
E_20_PRES_Dem;	503890;	503890;	0
E_20_PRES_Rep;	1020280;	1020280;	0
E_20_SEN_Total;	1556361;	1556361;	0
E_20_SEN_Dem;	509763;	509763;	0
E_20_SEN_Rep;	979140;	979140;	0
