Make Demographic_Data_OK.v06 (2025-06-19)

Row count: 1947
Totals from Block Data (BData) and CSV Data (CData)
Field;			BData;	CData;	Diff
T_10_CENS_Total;	3751351;	3751351;	0
T_10_CENS_White;	2575381;	2575381;	0
T_10_CENS_Hispanic;	332007;	332007;	0
T_10_CENS_Black;	327621;	327621;	0
T_10_CENS_Asian;	84170;	84170;	0
T_10_CENS_Native;	482760;	482760;	0
T_10_CENS_Pacific;	8206;	8206;	0
T_18_ACS_Total;	3918137;	3918137;	0
T_18_ACS_White;	2586110;	2586110;	0
T_18_ACS_Hispanic;	407521;	407521;	0
T_18_ACS_Black;	358388;	358388;	0
T_18_ACS_Asian;	109897;	109897;	0
T_18_ACS_Native;	523360;	523360;	0
T_18_ACS_Pacific;	8982;	8982;	0
T_19_ACS_Total;	3932870;	3932870;	0
T_19_ACS_White;	2581231;	2581231;	0
T_19_ACS_Hispanic;	417906;	417906;	0
T_19_ACS_Black;	359841;	359841;	0
T_19_ACS_Asian;	112607;	112607;	0
T_19_ACS_Native;	526408;	526408;	0
T_19_ACS_Pacific;	11829;	11829;	0
T_20_CENS_Total;	3959353;	3959353;	0
T_20_CENS_White;	2407188;	2407188;	0
T_20_CENS_Hispanic;	471931;	471931;	0
T_20_CENS_Black;	382698;	382698;	0
T_20_CENS_Asian;	123614;	123614;	0
T_20_CENS_Native;	633831;	633831;	0
T_20_CENS_Pacific;	15026;	15026;	0
T_20_ACS_Total;	3949342;	3949342;	0
T_20_ACS_White;	2563119;	2563119;	0
T_20_ACS_Hispanic;	431467;	431467;	0
T_20_ACS_Black;	364516;	364516;	0
T_20_ACS_Asian;	116701;	116701;	0
T_20_ACS_Native;	535675;	535675;	0
T_20_ACS_Pacific;	12351;	12351;	0
T_22_ACS_Total;	3970497;	3970497;	0
T_22_ACS_White;	2529927;	2529927;	0
T_22_ACS_Hispanic;	458686;	458686;	0
T_22_ACS_Black;	378021;	378021;	0
T_22_ACS_Asian;	123968;	123968;	0
T_22_ACS_Native;	546565;	546565;	0
T_22_ACS_Pacific;	13681;	13681;	0
V_10_VAP_Total;	2821685;	2821685;	0
V_10_VAP_White;	2055504;	2055504;	0
V_10_VAP_Hispanic;	199457;	199457;	0
V_10_VAP_Black;	215873;	215873;	0
V_10_VAP_Asian;	59234;	59234;	0
V_10_VAP_Native;	311821;	311821;	0
V_10_VAP_Pacific;	5069;	5069;	0
V_18_CVAP_Total;	2819084;	2819084;	0
V_18_CVAP_White;	2060577;	2060577;	0
V_18_CVAP_Hispanic;	152834;	152834;	0
V_18_CVAP_Black;	225950;	225950;	0
V_18_CVAP_Asian;	48238;	48238;	0
V_18_CVAP_Native;	332004;	332004;	0
V_18_CVAP_Pacific;	2103;	2103;	0
V_19_CVAP_Total;	2837150;	2837150;	0
V_19_CVAP_White;	2059467;	2059467;	0
V_19_CVAP_Hispanic;	161401;	161401;	0
V_19_CVAP_Black;	228445;	228445;	0
V_19_CVAP_Asian;	51191;	51191;	0
V_19_CVAP_Native;	336752;	336752;	0
V_19_CVAP_Pacific;	2521;	2521;	0
V_20_VAP_Total;	3010698;	3010698;	0
V_20_VAP_White;	1963854;	1963854;	0
V_20_VAP_Hispanic;	295621;	295621;	0
V_20_VAP_Black;	258909;	258909;	0
V_20_VAP_Asian;	87335;	87335;	0
V_20_VAP_Native;	423192;	423192;	0
V_20_VAP_Pacific;	8991;	8991;	0
V_20_VAP_NH_Total;	3010698;	3010698;	0
V_20_VAP_NH_White;	1963854;	1963854;	0
V_20_VAP_NH_Hispanic;	295621;	295621;	0
V_20_VAP_NH_BlackAlone;	212976;	212976;	0
V_20_VAP_NH_AsianAlone;	69282;	69282;	0
V_20_VAP_NH_NativeAlone;	219638;	219638;	0
V_20_VAP_NH_PacificAlone;	5082;	5082;	0
V_20_VAP_NH_OtherAlone;	10012;	10012;	0
V_20_VAP_NH_TwoOrMore;	234233;	234233;	0
V_20_CVAP_Total;	2855562;	2855562;	0
V_20_CVAP_White;	2057806;	2057806;	0
V_20_CVAP_Hispanic;	170762;	170762;	0
V_20_CVAP_Black;	230655;	230655;	0
V_20_CVAP_Asian;	53511;	53511;	0
V_20_CVAP_Native;	340102;	340102;	0
V_20_CVAP_Pacific;	1723;	1723;	0
V_22_CVAP_Total;	2884146;	2884146;	0
V_22_CVAP_White;	2049697;	2049697;	0
V_22_CVAP_Hispanic;	192765;	192765;	0
V_22_CVAP_Black;	236025;	236025;	0
V_22_CVAP_Asian;	59623;	59623;	0
V_22_CVAP_Native;	343352;	343352;	0
V_22_CVAP_Pacific;	2015;	2015;	0
V_22_CVAP_RemTwoOrMore;	12623;	12623;	0
