Make Demographic_Data_VT.v04 (2024-01-31)

Row count: 285
Totals from Block Data (BData) and CSV Data (CData)
Field;			BData;	CData;	Diff
T_10_CENS_Total;	625741;	625741;	0
T_10_CENS_White;	590223;	590223;	0
T_10_CENS_Hispanic;	9208;	9208;	0
T_10_CENS_Black;	9343;	9343;	0
T_10_CENS_Asian;	10463;	10463;	0
T_10_CENS_Native;	7379;	7379;	0
T_10_CENS_Pacific;	465;	465;	0
T_18_ACS_Total;	624977;	624977;	0
T_18_ACS_White;	581023;	581023;	0
T_18_ACS_Hispanic;	11677;	11677;	0
T_18_ACS_Black;	11345;	11345;	0
T_18_ACS_Asian;	13755;	13755;	0
T_18_ACS_Native;	8169;	8169;	0
T_18_ACS_Pacific;	770;	770;	0
T_19_ACS_Total;	624313;	624313;	0
T_19_ACS_White;	579340;	579340;	0
T_19_ACS_Hispanic;	12038;	12038;	0
T_19_ACS_Black;	12083;	12083;	0
T_19_ACS_Asian;	14503;	14503;	0
T_19_ACS_Native;	7818;	7818;	0
T_19_ACS_Pacific;	749;	749;	0
T_20_CENS_Total;	643077;	643077;	0
T_20_CENS_White;	573201;	573201;	0
T_20_CENS_Hispanic;	15504;	15504;	0
T_20_CENS_Black;	14422;	14422;	0
T_20_CENS_Asian;	16182;	16182;	0
T_20_CENS_Native;	16900;	16900;	0
T_20_CENS_Pacific;	725;	725;	0
T_20_ACS_Total;	624340;	624340;	0
T_20_ACS_White;	576601;	576601;	0
T_20_ACS_Hispanic;	12518;	12518;	0
T_20_ACS_Black;	12384;	12384;	0
T_20_ACS_Asian;	14972;	14972;	0
T_20_ACS_Native;	8096;	8096;	0
T_20_ACS_Pacific;	644;	644;	0
V_10_VAP_Total;	496508;	496508;	0
V_10_VAP_White;	472559;	472559;	0
V_10_VAP_Hispanic;	6328;	6328;	0
V_10_VAP_Black;	5253;	5253;	0
V_10_VAP_Asian;	7181;	7181;	0
V_10_VAP_Native;	5494;	5494;	0
V_10_VAP_Pacific;	321;	321;	0
V_18_CVAP_Total;	494655;	494655;	0
V_18_CVAP_White;	469720;	469720;	0
V_18_CVAP_Hispanic;	7428;	7428;	0
V_18_CVAP_Black;	5307;	5307;	0
V_18_CVAP_Asian;	5841;	5841;	0
V_18_CVAP_Native;	5649;	5649;	0
V_18_CVAP_Pacific;	151;	151;	0
V_19_CVAP_Total;	495800;	495800;	0
V_19_CVAP_White;	469945;	469945;	0
V_19_CVAP_Hispanic;	7739;	7739;	0
V_19_CVAP_Black;	5451;	5451;	0
V_19_CVAP_Asian;	6608;	6608;	0
V_19_CVAP_Native;	5347;	5347;	0
V_19_CVAP_Pacific;	275;	275;	0
V_20_VAP_Total;	524482;	524482;	0
V_20_VAP_White;	474146;	474146;	0
V_20_VAP_Hispanic;	11113;	11113;	0
V_20_VAP_Black;	9038;	9038;	0
V_20_VAP_Asian;	11665;	11665;	0
V_20_VAP_Native;	12780;	12780;	0
V_20_VAP_Pacific;	518;	518;	0
V_20_VAP_NH_Total;	524482;	524482;	0
V_20_VAP_NH_White;	474146;	474146;	0
V_20_VAP_NH_Hispanic;	11113;	11113;	0
V_20_VAP_NH_BlackAlone;	6143;	6143;	0
V_20_VAP_NH_AsianAlone;	9117;	9117;	0
V_20_VAP_NH_NativeAlone;	1632;	1632;	0
V_20_VAP_NH_PacificAlone;	144;	144;	0
V_20_VAP_NH_OtherAlone;	1929;	1929;	0
V_20_VAP_NH_TwoOrMore;	20258;	20258;	0
V_20_CVAP_Total;	497397;	497397;	0
V_20_CVAP_White;	470720;	470720;	0
V_20_CVAP_Hispanic;	8074;	8074;	0
V_20_CVAP_Black;	5860;	5860;	0
V_20_CVAP_Asian;	6711;	6711;	0
V_20_CVAP_Native;	5544;	5544;	0
V_20_CVAP_Pacific;	109;	109;	0
