Make Election_Data_VT.v05 (2024-04-21)

Row count: 285
Totals from Block Data (BData) and CSV Data (CData)
Field;			BData;	CData;	Diff
E_08_PRES_Total;	324632;	324632;	0
E_08_PRES_Dem;	219262;	219262;	0
E_08_PRES_Rep;	98974;	98974;	0
E_16_PRES_Total;	315067;	315067;	0
E_16_PRES_Dem;	178573;	178573;	0
E_16_PRES_Rep;	95369;	95369;	0
E_16_SEN_Total;	313809;	313809;	0
E_16_SEN_Dem;	192243;	192243;	0
E_16_SEN_Rep;	103637;	103637;	0
E_16_GOV_Total;	315295;	315295;	0
E_16_GOV_Dem;	139253;	139253;	0
E_16_GOV_Rep;	166817;	166817;	0
E_16_AG_Total;	300498;	300498;	0
E_16_AG_Dem;	200020;	200020;	0
E_16_AG_Rep;	88431;	88431;	0
E_16_LTG_Total;	306679;	306679;	0
E_16_LTG_Dem;	159738;	159738;	0
E_16_LTG_Rep;	139344;	139344;	0
E_18_SEN_Total;	272624;	272624;	0
E_18_SEN_Dem;	0;	0;	0
E_18_SEN_Rep;	74815;	74815;	0
E_18_GOV_Total;	274087;	274087;	0
E_18_GOV_Dem;	110335;	110335;	0
E_18_GOV_Rep;	151261;	151261;	0
E_18_AG_Total;	267021;	267021;	0
E_18_AG_Dem;	187093;	187093;	0
E_18_AG_Rep;	70226;	70226;	0
E_18_LTG_Total;	271295;	271295;	0
E_18_LTG_Dem;	0;	0;	0
E_18_LTG_Rep;	108417;	108417;	0
E_16-20_COMP_Total;	327892;	327892;	0
E_16-20_COMP_Dem;	190376;	190376;	0
E_16-20_COMP_Rep;	121430;	121430;	0
E_20_PRES_Total;	367428;	367428;	0
E_20_PRES_Dem;	242820;	242820;	0
E_20_PRES_Rep;	112704;	112704;	0
E_20_GOV_Total;	362711;	362711;	0
E_20_GOV_Dem;	99215;	99215;	0
E_20_GOV_Rep;	248412;	248412;	0
E_20_AG_Total;	345530;	345530;	0
E_20_AG_Dem;	234081;	234081;	0
E_20_AG_Rep;	94892;	94892;	0
E_20_AUD_Total;	317056;	317056;	0
E_20_AUD_Dem;	0;	0;	0
E_20_AUD_Rep;	0;	0;	0
E_20_LTG_Total;	356234;	356234;	0
E_20_LTG_Dem;	182820;	182820;	0
E_20_LTG_Rep;	157065;	157065;	0
E_20_SOS_Total;	346920;	346920;	0
E_20_SOS_Dem;	214666;	214666;	0
E_20_SOS_Rep;	99564;	99564;	0
E_20_TREAS_Total;	343854;	343854;	0
E_20_TREAS_Dem;	197255;	197255;	0
E_20_TREAS_Rep;	114177;	114177;	0
