Make Demographic_Data_ME.v06 (2025-06-18)

Row count: 591
Totals from Block Data (BData) and CSV Data (CData)
Field;			BData;	CData;	Diff
T_10_CENS_Total;	1328361;	1328361;	0
T_10_CENS_White;	1254297;	1254297;	0
T_10_CENS_Hispanic;	16935;	16935;	0
T_10_CENS_Black;	21764;	21764;	0
T_10_CENS_Asian;	18333;	18333;	0
T_10_CENS_Native;	18482;	18482;	0
T_10_CENS_Pacific;	988;	988;	0
T_18_ACS_Total;	1332813;	1332813;	0
T_18_ACS_White;	1244525;	1244525;	0
T_18_ACS_Hispanic;	21421;	21421;	0
T_18_ACS_Black;	25739;	25739;	0
T_18_ACS_Asian;	22175;	22175;	0
T_18_ACS_Native;	23061;	23061;	0
T_18_ACS_Pacific;	1561;	1561;	0
T_19_ACS_Total;	1335492;	1335492;	0
T_19_ACS_White;	1244531;	1244531;	0
T_19_ACS_Hispanic;	22100;	22100;	0
T_19_ACS_Black;	26929;	26929;	0
T_19_ACS_Asian;	22658;	22658;	0
T_19_ACS_Native;	22920;	22920;	0
T_19_ACS_Pacific;	1695;	1695;	0
T_20_CENS_Total;	1362359;	1362359;	0
T_20_CENS_White;	1228264;	1228264;	0
T_20_CENS_Hispanic;	26609;	26609;	0
T_20_CENS_Black;	36304;	36304;	0
T_20_CENS_Asian;	25473;	25473;	0
T_20_CENS_Native;	33502;	33502;	0
T_20_CENS_Pacific;	1619;	1619;	0
T_20_ACS_Total;	1340825;	1340825;	0
T_20_ACS_White;	1242113;	1242113;	0
T_20_ACS_Hispanic;	23143;	23143;	0
T_20_ACS_Black;	27832;	27832;	0
T_20_ACS_Asian;	23244;	23244;	0
T_20_ACS_Native;	23349;	23349;	0
T_20_ACS_Pacific;	1460;	1460;	0
T_22_ACS_Total;	1366949;	1366949;	0
T_22_ACS_White;	1249638;	1249638;	0
T_22_ACS_Hispanic;	25898;	25898;	0
T_22_ACS_Black;	32627;	32627;	0
T_22_ACS_Asian;	24637;	24637;	0
T_22_ACS_Native;	21429;	21429;	0
T_22_ACS_Pacific;	1534;	1534;	0
V_10_VAP_Total;	1053828;	1053828;	0
V_10_VAP_White;	1007023;	1007023;	0
V_10_VAP_Hispanic;	10525;	10525;	0
V_10_VAP_Black;	11396;	11396;	0
V_10_VAP_Asian;	12123;	12123;	0
V_10_VAP_Native;	13177;	13177;	0
V_10_VAP_Pacific;	629;	629;	0
V_18_CVAP_Total;	1059540;	1059540;	0
V_18_CVAP_White;	1010700;	1010700;	0
V_18_CVAP_Hispanic;	12965;	12965;	0
V_18_CVAP_Black;	9669;	9669;	0
V_18_CVAP_Asian;	10654;	10654;	0
V_18_CVAP_Native;	14840;	14840;	0
V_18_CVAP_Pacific;	151;	151;	0
V_19_CVAP_Total;	1064754;	1064754;	0
V_19_CVAP_White;	1013879;	1013879;	0
V_19_CVAP_Hispanic;	13700;	13700;	0
V_19_CVAP_Black;	10498;	10498;	0
V_19_CVAP_Asian;	10934;	10934;	0
V_19_CVAP_Native;	14624;	14624;	0
V_19_CVAP_Pacific;	221;	221;	0
V_20_VAP_Total;	1110085;	1110085;	0
V_20_VAP_White;	1017504;	1017504;	0
V_20_VAP_Hispanic;	17656;	17656;	0
V_20_VAP_Black;	21960;	21960;	0
V_20_VAP_Asian;	18011;	18011;	0
V_20_VAP_Native;	24805;	24805;	0
V_20_VAP_Pacific;	1148;	1148;	0
V_20_VAP_NH_Total;	1110085;	1110085;	0
V_20_VAP_NH_White;	1017504;	1017504;	0
V_20_VAP_NH_Hispanic;	17656;	17656;	0
V_20_VAP_NH_BlackAlone;	16551;	16551;	0
V_20_VAP_NH_AsianAlone;	13336;	13336;	0
V_20_VAP_NH_NativeAlone;	5603;	5603;	0
V_20_VAP_NH_PacificAlone;	332;	332;	0
V_20_VAP_NH_OtherAlone;	3365;	3365;	0
V_20_VAP_NH_TwoOrMore;	35738;	35738;	0
V_20_CVAP_Total;	1070750;	1070750;	0
V_20_CVAP_White;	1017830;	1017830;	0
V_20_CVAP_Hispanic;	14179;	14179;	0
V_20_CVAP_Black;	10801;	10801;	0
V_20_CVAP_Asian;	11636;	11636;	0
V_20_CVAP_Native;	14830;	14830;	0
V_20_CVAP_Pacific;	86;	86;	0
V_22_CVAP_Total;	1095814;	1095814;	0
V_22_CVAP_White;	1037919;	1037919;	0
V_22_CVAP_Hispanic;	16417;	16417;	0
V_22_CVAP_Black;	13155;	13155;	0
V_22_CVAP_Asian;	13385;	13385;	0
V_22_CVAP_Native;	13874;	13874;	0
V_22_CVAP_Pacific;	197;	197;	0
V_22_CVAP_RemTwoOrMore;	1324;	1324;	0
