Make CSV: IN (election)
Row count: 5159
R_2020_pres: 1729857
D_2020_pres: 1242498
Tot_2020_pres: 3031256
R_2020_gov: 1706727
D_2020_gov: 968094
Tot_2020_gov: 3020322
R_2020_ag: 1721984
D_2020_ag: 1229626
Tot_2020_ag: 2951610
R_2018_sen: 1158685
D_2018_sen: 1023786
Tot_2018_sen: 2271044
R_2016_pres: 1557240
D_2016_pres: 1033155
Tot_2016_pres: 2760528
R_2016_sen: 1424011
D_2016_sen: 1158973
Tot_2016_sen: 2733628
R_2016_gov: 1397408
D_2016_gov: 1235584
Tot_2016_gov: 2720338
R_2016_ag: 1643712
D_2016_ag: 994110
Tot_2016_ag: 2637822
