Make Demographic_Data_IN.v06 (2025-06-18)

Row count: 5159
Totals from Block Data (BData) and CSV Data (CData)
Field;			BData;	CData;	Diff
T_10_CENS_Total;	6483594;	6483594;	0
T_10_CENS_White;	5286357;	5286357;	0
T_10_CENS_Hispanic;	389686;	389686;	0
T_10_CENS_Black;	654349;	654349;	0
T_10_CENS_Asian;	126726;	126726;	0
T_10_CENS_Native;	49738;	49738;	0
T_10_CENS_Pacific;	6385;	6385;	0
T_18_ACS_Total;	6637426;	6637426;	0
T_18_ACS_White;	5275162;	5275162;	0
T_18_ACS_Hispanic;	450267;	450267;	0
T_18_ACS_Black;	708540;	708540;	0
T_18_ACS_Asian;	177411;	177411;	0
T_18_ACS_Native;	51256;	51256;	0
T_18_ACS_Pacific;	7863;	7863;	0
T_19_ACS_Total;	6665703;	6665703;	0
T_19_ACS_White;	5271071;	5271071;	0
T_19_ACS_Hispanic;	461850;	461850;	0
T_19_ACS_Black;	720476;	720476;	0
T_19_ACS_Asian;	186237;	186237;	0
T_19_ACS_Native;	52429;	52429;	0
T_19_ACS_Pacific;	7631;	7631;	0
T_20_CENS_Total;	6785528;	6785528;	0
T_20_CENS_White;	5121004;	5121004;	0
T_20_CENS_Hispanic;	554191;	554191;	0
T_20_CENS_Black;	760017;	760017;	0
T_20_CENS_Asian;	212649;	212649;	0
T_20_CENS_Native;	139443;	139443;	0
T_20_CENS_Pacific;	12015;	12015;	0
T_20_ACS_Total;	6696893;	6696893;	0
T_20_ACS_White;	5253453;	5253453;	0
T_20_ACS_Hispanic;	475475;	475475;	0
T_20_ACS_Black;	735826;	735826;	0
T_20_ACS_Asian;	195087;	195087;	0
T_20_ACS_Native;	52448;	52448;	0
T_20_ACS_Pacific;	7169;	7169;	0
T_22_ACS_Total;	6784403;	6784403;	0
T_22_ACS_White;	5238582;	5238582;	0
T_22_ACS_Hispanic;	510984;	510984;	0
T_22_ACS_Black;	763631;	763631;	0
T_22_ACS_Asian;	211436;	211436;	0
T_22_ACS_Native;	66922;	66922;	0
T_22_ACS_Pacific;	7744;	7744;	0
V_10_VAP_Total;	4875353;	4875353;	0
V_10_VAP_White;	4097258;	4097258;	0
V_10_VAP_Hispanic;	235357;	235357;	0
V_10_VAP_Black;	430171;	430171;	0
V_10_VAP_Asian;	88752;	88752;	0
V_10_VAP_Native;	35175;	35175;	0
V_10_VAP_Pacific;	4000;	4000;	0
V_18_CVAP_Total;	4876205;	4876205;	0
V_18_CVAP_White;	4132079;	4132079;	0
V_18_CVAP_Hispanic;	186155;	186155;	0
V_18_CVAP_Black;	454075;	454075;	0
V_18_CVAP_Asian;	65776;	65776;	0
V_18_CVAP_Native;	31981;	31981;	0
V_18_CVAP_Pacific;	1519;	1519;	0
V_19_CVAP_Total;	4903119;	4903119;	0
V_19_CVAP_White;	4137162;	4137162;	0
V_19_CVAP_Hispanic;	195993;	195993;	0
V_19_CVAP_Black;	460688;	460688;	0
V_19_CVAP_Asian;	70799;	70799;	0
V_19_CVAP_Native;	32646;	32646;	0
V_19_CVAP_Pacific;	1358;	1358;	0
V_20_VAP_Total;	5192579;	5192579;	0
V_20_VAP_White;	4065650;	4065650;	0
V_20_VAP_Hispanic;	350929;	350929;	0
V_20_VAP_Black;	515080;	515080;	0
V_20_VAP_Asian;	150219;	150219;	0
V_20_VAP_Native;	102224;	102224;	0
V_20_VAP_Pacific;	8691;	8691;	0
V_20_VAP_NH_Total;	5192579;	5192579;	0
V_20_VAP_NH_White;	4065650;	4065650;	0
V_20_VAP_NH_Hispanic;	350929;	350929;	0
V_20_VAP_NH_BlackAlone;	462446;	462446;	0
V_20_VAP_NH_AsianAlone;	124975;	124975;	0
V_20_VAP_NH_NativeAlone;	10490;	10490;	0
V_20_VAP_NH_PacificAlone;	1961;	1961;	0
V_20_VAP_NH_OtherAlone;	15652;	15652;	0
V_20_VAP_NH_TwoOrMore;	160476;	160476;	0
V_20_CVAP_Total;	4933091;	4933091;	0
V_20_CVAP_White;	4144120;	4144120;	0
V_20_CVAP_Hispanic;	205444;	205444;	0
V_20_CVAP_Black;	469284;	469284;	0
V_20_CVAP_Asian;	75081;	75081;	0
V_20_CVAP_Native;	31880;	31880;	0
V_20_CVAP_Pacific;	1103;	1103;	0
V_22_CVAP_Total;	5009529;	5009529;	0
V_22_CVAP_White;	4164491;	4164491;	0
V_22_CVAP_Hispanic;	232861;	232861;	0
V_22_CVAP_Black;	483177;	483177;	0
V_22_CVAP_Asian;	87408;	87408;	0
V_22_CVAP_Native;	34878;	34878;	0
V_22_CVAP_Pacific;	1648;	1648;	0
V_22_CVAP_RemTwoOrMore;	8461;	8461;	0
