Make Election_Data_NJ.v04 (2024-02-01)

Row count: 6361
Totals from Block Data (BData) and CSV Data (CData)
Field;			BData;	CData;	Diff
E_16_PRES_Total;	3874046;	3874046;	0
E_16_PRES_Dem;	2148278;	2148278;	0
E_16_PRES_Rep;	1601933;	1601933;	0
E_17_GOV_Total;	2147443;	2147443;	0
E_17_GOV_Dem;	1203115;	1203115;	0
E_17_GOV_Rep;	899606;	899606;	0
E_18_SEN_Total;	3169310;	3169310;	0
E_18_SEN_Dem;	1711654;	1711654;	0
E_18_SEN_Rep;	1357355;	1357355;	0
E_16-20_COMP_Total;	3537234;	3537234;	0
E_16-20_COMP_Dem;	1947894;	1947894;	0
E_16-20_COMP_Rep;	1527903;	1527903;	0
E_20_PRES_Total;	4549353;	4549353;	0
E_20_PRES_Dem;	2608335;	2608335;	0
E_20_PRES_Rep;	1883274;	1883274;	0
E_20_SEN_Total;	4440440;	4440440;	0
E_20_SEN_Dem;	2541178;	2541178;	0
E_20_SEN_Rep;	1817052;	1817052;	0
E_21_GOV_Total;	2614886;	2614886;	0
E_21_GOV_Dem;	1339471;	1339471;	0
E_21_GOV_Rep;	1255185;	1255185;	0
