Make Demographic_Data_NJ.v06 (2025-06-18)

Row count: 6361
Totals from Block Data (BData) and CSV Data (CData)
Field;			BData;	CData;	Diff
T_10_CENS_Total;	8791894;	8791894;	0
T_10_CENS_White;	5214878;	5214878;	0
T_10_CENS_Hispanic;	1555144;	1555144;	0
T_10_CENS_Black;	1300363;	1300363;	0
T_10_CENS_Asian;	795163;	795163;	0
T_10_CENS_Native;	70716;	70716;	0
T_10_CENS_Pacific;	12999;	12999;	0
T_18_ACS_Total;	8881845;	8881845;	0
T_18_ACS_White;	4960005;	4960005;	0
T_18_ACS_Hispanic;	1768020;	1768020;	0
T_18_ACS_Black;	1313606;	1313606;	0
T_18_ACS_Asian;	910292;	910292;	0
T_18_ACS_Native;	59511;	59511;	0
T_18_ACS_Pacific;	12319;	12319;	0
T_19_ACS_Total;	8878503;	8878503;	0
T_19_ACS_White;	4916380;	4916380;	0
T_19_ACS_Hispanic;	1794736;	1794736;	0
T_19_ACS_Black;	1318289;	1318289;	0
T_19_ACS_Asian;	923811;	923811;	0
T_19_ACS_Native;	61399;	61399;	0
T_19_ACS_Pacific;	11996;	11996;	0
T_20_CENS_Total;	9288994;	9288994;	0
T_20_CENS_White;	4816381;	4816381;	0
T_20_CENS_Hispanic;	2002575;	2002575;	0
T_20_CENS_Black;	1413772;	1413772;	0
T_20_CENS_Asian;	1046732;	1046732;	0
T_20_CENS_Native;	147877;	147877;	0
T_20_CENS_Pacific;	14621;	14621;	0
T_20_CENS_ADJ_Total;	9283016;	9283016;	0
T_20_CENS_ADJ_White;	4814558;	4814558;	0
T_20_CENS_ADJ_Hispanic;	2001337;	2001337;	0
T_20_CENS_ADJ_Black;	1406392;	1406392;	0
T_20_CENS_ADJ_Asian;	1046866;	1046866;	0
T_20_CENS_ADJ_Native;	147865;	147865;	0
T_20_CENS_ADJ_Pacific;	14619;	14619;	0
T_20_ACS_Total;	8885418;	8885418;	0
T_20_ACS_White;	4858807;	4858807;	0
T_20_ACS_Hispanic;	1815078;	1815078;	0
T_20_ACS_Black;	1335434;	1335434;	0
T_20_ACS_Asian;	948998;	948998;	0
T_20_ACS_Native;	64849;	64849;	0
T_20_ACS_Pacific;	11376;	11376;	0
T_22_ACS_Total;	9249063;	9249063;	0
T_22_ACS_White;	4900415;	4900415;	0
T_22_ACS_Hispanic;	1963423;	1963423;	0
T_22_ACS_Black;	1412702;	1412702;	0
T_22_ACS_Asian;	1022594;	1022594;	0
T_22_ACS_Native;	89405;	89405;	0
T_22_ACS_Pacific;	12560;	12560;	0
V_10_VAP_Total;	6726680;	6726680;	0
V_10_VAP_White;	4149566;	4149566;	0
V_10_VAP_Hispanic;	1094143;	1094143;	0
V_10_VAP_Black;	932595;	932595;	0
V_10_VAP_Asian;	586456;	586456;	0
V_10_VAP_Native;	49530;	49530;	0
V_10_VAP_Pacific;	9461;	9461;	0
V_18_CVAP_Total;	6117640;	6117640;	0
V_18_CVAP_White;	3920899;	3920899;	0
V_18_CVAP_Hispanic;	878883;	878883;	0
V_18_CVAP_Black;	838975;	838975;	0
V_18_CVAP_Asian;	445902;	445902;	0
V_18_CVAP_Native;	23439;	23439;	0
V_18_CVAP_Pacific;	1551;	1551;	0
V_19_CVAP_Total;	6132295;	6132295;	0
V_19_CVAP_White;	3894871;	3894871;	0
V_19_CVAP_Hispanic;	906322;	906322;	0
V_19_CVAP_Black;	841116;	841116;	0
V_19_CVAP_Asian;	456605;	456605;	0
V_19_CVAP_Native;	23359;	23359;	0
V_19_CVAP_Pacific;	1639;	1639;	0
V_20_VAP_Total;	7281310;	7281310;	0
V_20_VAP_White;	3966396;	3966396;	0
V_20_VAP_Hispanic;	1435999;	1435999;	0
V_20_VAP_Black;	1057822;	1057822;	0
V_20_VAP_Asian;	793878;	793878;	0
V_20_VAP_Native;	107657;	107657;	0
V_20_VAP_Pacific;	10802;	10802;	0
V_20_VAP_NH_Total;	7281310;	7281310;	0
V_20_VAP_NH_White;	3966396;	3966396;	0
V_20_VAP_NH_Hispanic;	1435999;	1435999;	0
V_20_VAP_NH_BlackAlone;	896947;	896947;	0
V_20_VAP_NH_AsianAlone;	740609;	740609;	0
V_20_VAP_NH_NativeAlone;	8209;	8209;	0
V_20_VAP_NH_PacificAlone;	1586;	1586;	0
V_20_VAP_NH_OtherAlone;	48057;	48057;	0
V_20_VAP_NH_TwoOrMore;	183507;	183507;	0
V_20_CVAP_Total;	6156130;	6156130;	0
V_20_CVAP_White;	3868961;	3868961;	0
V_20_CVAP_Hispanic;	935918;	935918;	0
V_20_CVAP_Black;	846365;	846365;	0
V_20_CVAP_Asian;	469931;	469931;	0
V_20_CVAP_Native;	23057;	23057;	0
V_20_CVAP_Pacific;	1562;	1562;	0
V_22_CVAP_Total;	6421143;	6421143;	0
V_22_CVAP_White;	3953083;	3953083;	0
V_22_CVAP_Hispanic;	1027861;	1027861;	0
V_22_CVAP_Black;	885902;	885902;	0
V_22_CVAP_Asian;	517926;	517926;	0
V_22_CVAP_Native;	24224;	24224;	0
V_22_CVAP_Pacific;	1747;	1747;	0
V_22_CVAP_RemTwoOrMore;	16255;	16255;	0
