Make Demographic_Data_NH.v04 (2024-01-31)

Row count: 326
Totals from Block Data (BData) and CSV Data (CData)
Field;			BData;	CData;	Diff
T_10_CENS_Total;	1316470;	1316470;	0
T_10_CENS_White;	1215050;	1215050;	0
T_10_CENS_Hispanic;	36704;	36704;	0
T_10_CENS_Black;	21736;	21736;	0
T_10_CENS_Asian;	34522;	34522;	0
T_10_CENS_Native;	10524;	10524;	0
T_10_CENS_Pacific;	1160;	1160;	0
T_18_ACS_Total;	1343622;	1343622;	0
T_18_ACS_White;	1214547;	1214547;	0
T_18_ACS_Hispanic;	48356;	48356;	0
T_18_ACS_Black;	29687;	29687;	0
T_18_ACS_Asian;	45550;	45550;	0
T_18_ACS_Native;	11004;	11004;	0
T_18_ACS_Pacific;	1412;	1412;	0
T_19_ACS_Total;	1348124;	1348124;	0
T_19_ACS_White;	1214927;	1214927;	0
T_19_ACS_Hispanic;	50493;	50493;	0
T_19_ACS_Black;	30753;	30753;	0
T_19_ACS_Asian;	46317;	46317;	0
T_19_ACS_Native;	11005;	11005;	0
T_19_ACS_Pacific;	1507;	1507;	0
T_20_CENS_Total;	1377529;	1377529;	0
T_20_CENS_White;	1200649;	1200649;	0
T_20_CENS_Hispanic;	59454;	59454;	0
T_20_CENS_Black;	32998;	32998;	0
T_20_CENS_Asian;	46861;	46861;	0
T_20_CENS_Native;	25468;	25468;	0
T_20_CENS_Pacific;	1792;	1792;	0
T_20_ACS_Total;	1355244;	1355244;	0
T_20_ACS_White;	1214029;	1214029;	0
T_20_ACS_Hispanic;	52792;	52792;	0
T_20_ACS_Black;	32277;	32277;	0
T_20_ACS_Asian;	47713;	47713;	0
T_20_ACS_Native;	10734;	10734;	0
T_20_ACS_Pacific;	1579;	1579;	0
V_10_VAP_Total;	1029236;	1029236;	0
V_10_VAP_White;	962931;	962931;	0
V_10_VAP_Hispanic;	22934;	22934;	0
V_10_VAP_Black;	12800;	12800;	0
V_10_VAP_Asian;	23669;	23669;	0
V_10_VAP_Native;	7534;	7534;	0
V_10_VAP_Pacific;	757;	757;	0
V_18_CVAP_Total;	1048220;	1048220;	0
V_18_CVAP_White;	980415;	980415;	0
V_18_CVAP_Hispanic;	26700;	26700;	0
V_18_CVAP_Black;	13235;	13235;	0
V_18_CVAP_Asian;	19240;	19240;	0
V_18_CVAP_Native;	7552;	7552;	0
V_18_CVAP_Pacific;	235;	235;	0
V_19_CVAP_Total;	1055455;	1055455;	0
V_19_CVAP_White;	983910;	983910;	0
V_19_CVAP_Hispanic;	28293;	28293;	0
V_19_CVAP_Black;	14137;	14137;	0
V_19_CVAP_Asian;	20409;	20409;	0
V_19_CVAP_Native;	7694;	7694;	0
V_19_CVAP_Pacific;	293;	293;	0
V_20_VAP_Total;	1120680;	1120680;	0
V_20_VAP_White;	995751;	995751;	0
V_20_VAP_Hispanic;	39800;	39800;	0
V_20_VAP_Black;	21772;	21772;	0
V_20_VAP_Asian;	33822;	33822;	0
V_20_VAP_Native;	19304;	19304;	0
V_20_VAP_Pacific;	1215;	1215;	0
V_20_VAP_NH_Total;	1120680;	1120680;	0
V_20_VAP_NH_White;	995751;	995751;	0
V_20_VAP_NH_Hispanic;	39800;	39800;	0
V_20_VAP_NH_BlackAlone;	13858;	13858;	0
V_20_VAP_NH_AsianAlone;	27989;	27989;	0
V_20_VAP_NH_NativeAlone;	1930;	1930;	0
V_20_VAP_NH_PacificAlone;	303;	303;	0
V_20_VAP_NH_OtherAlone;	4443;	4443;	0
V_20_VAP_NH_TwoOrMore;	36606;	36606;	0
V_20_CVAP_Total;	1065366;	1065366;	0
V_20_CVAP_White;	989587;	989587;	0
V_20_CVAP_Hispanic;	29529;	29529;	0
V_20_CVAP_Black;	14941;	14941;	0
V_20_CVAP_Asian;	22482;	22482;	0
V_20_CVAP_Native;	7455;	7455;	0
V_20_CVAP_Pacific;	224;	224;	0
