Make Election_Data_NH.v05 (2024-04-21)

Row count: 326
Totals from Block Data (BData) and CSV Data (CData)
Field;			BData;	CData;	Diff
E_08_PRES_Total;	709148;	709148;	0
E_08_PRES_Dem;	384826;	384826;	0
E_08_PRES_Rep;	316534;	316534;	0
E_12_PRES_Total;	698853;	698853;	0
E_12_PRES_Dem;	369255;	369255;	0
E_12_PRES_Rep;	329598;	329598;	0
E_16_PRES_Total;	744296;	744296;	0
E_16_PRES_Dem;	348526;	348526;	0
E_16_PRES_Rep;	345790;	345790;	0
E_16_SEN_Total;	739140;	739140;	0
E_16_SEN_Dem;	354649;	354649;	0
E_16_SEN_Rep;	353632;	353632;	0
E_16_GOV_Total;	724863;	724863;	0
E_16_GOV_Dem;	337589;	337589;	0
E_16_GOV_Rep;	354040;	354040;	0
E_18_GOV_Total;	573602;	573602;	0
E_18_GOV_Dem;	262359;	262359;	0
E_18_GOV_Rep;	302764;	302764;	0
E_16-20_COMP_Total;	777313;	777313;	0
E_16-20_COMP_Dem;	351242;	351242;	0
E_16-20_COMP_Rep;	404002;	404002;	0
E_20_PRES_Total;	803833;	803833;	0
E_20_PRES_Dem;	424937;	424937;	0
E_20_PRES_Rep;	365660;	365660;	0
E_20_SEN_Total;	795914;	795914;	0
E_20_SEN_Dem;	450778;	450778;	0
E_20_SEN_Rep;	326229;	326229;	0
E_20_GOV_Total;	793260;	793260;	0
E_20_GOV_Dem;	264639;	264639;	0
E_20_GOV_Rep;	516609;	516609;	0
