Make Demographic_Data_NY.v04 (2024-01-31)

Row count: 14191
Totals from Block Data (BData) and CSV Data (CData)
Field;			BData;	CData;	Diff
T_10_CENS_Total;	19376822;	19376822;	0
T_10_CENS_White;	11304052;	11304052;	0
T_10_CENS_Hispanic;	3416462;	3416462;	0
T_10_CENS_Black;	3333945;	3333945;	0
T_10_CENS_Asian;	1579397;	1579397;	0
T_10_CENS_Native;	221031;	221031;	0
T_10_CENS_Pacific;	36418;	36418;	0
T_18_ACS_Total;	19618302;	19618302;	0
T_18_ACS_White;	10959534;	10959534;	0
T_18_ACS_Hispanic;	3705546;	3705546;	0
T_18_ACS_Black;	3368187;	3368187;	0
T_18_ACS_Asian;	1814634;	1814634;	0
T_18_ACS_Native;	208235;	208235;	0
T_18_ACS_Pacific;	29731;	29731;	0
T_19_ACS_Total;	19572319;	19572319;	0
T_19_ACS_White;	10883812;	10883812;	0
T_19_ACS_Hispanic;	3720983;	3720983;	0
T_19_ACS_Black;	3379351;	3379351;	0
T_19_ACS_Asian;	1839680;	1839680;	0
T_19_ACS_Native;	206533;	206533;	0
T_19_ACS_Pacific;	31933;	31933;	0
T_20_CENS_Total;	20201249;	20201249;	0
T_20_CENS_White;	10598907;	10598907;	0
T_20_CENS_Hispanic;	3948032;	3948032;	0
T_20_CENS_Black;	3533873;	3533873;	0
T_20_CENS_Asian;	2173719;	2173719;	0
T_20_CENS_Native;	399803;	399803;	0
T_20_CENS_Pacific;	40578;	40578;	0
T_20_CENS_ADJ_Total;	20193858;	20193858;	0
T_20_CENS_ADJ_White;	10596646;	10596646;	0
T_20_CENS_ADJ_Hispanic;	3945976;	3945976;	0
T_20_CENS_ADJ_Black;	3309508;	3309508;	0
T_20_CENS_ADJ_Asian;	2152553;	2152553;	0
T_20_CENS_ADJ_Native;	324587;	324587;	0
T_20_CENS_ADJ_Pacific;	30975;	30975;	0
T_20_ACS_Total;	19514849;	19514849;	0
T_20_ACS_White;	10766297;	10766297;	0
T_20_ACS_Hispanic;	3720707;	3720707;	0
T_20_ACS_Black;	3396120;	3396120;	0
T_20_ACS_Asian;	1884346;	1884346;	0
T_20_ACS_Native;	207027;	207027;	0
T_20_ACS_Pacific;	33546;	33546;	0
V_10_VAP_Total;	15052201;	15052201;	0
V_10_VAP_White;	9098110;	9098110;	0
V_10_VAP_Hispanic;	2444076;	2444076;	0
V_10_VAP_Black;	2439480;	2439480;	0
V_10_VAP_Asian;	1226551;	1226551;	0
V_10_VAP_Native;	155329;	155329;	0
V_10_VAP_Pacific;	26900;	26900;	0
V_18_CVAP_Total;	13686292;	13686292;	0
V_18_CVAP_White;	8677542;	8677542;	0
V_18_CVAP_Hispanic;	1955447;	1955447;	0
V_18_CVAP_Black;	2030014;	2030014;	0
V_18_CVAP_Asian;	919045;	919045;	0
V_18_CVAP_Native;	78963;	78963;	0
V_18_CVAP_Pacific;	6116;	6116;	0
V_19_CVAP_Total;	13722623;	13722623;	0
V_19_CVAP_White;	8632577;	8632577;	0
V_19_CVAP_Hispanic;	1998416;	1998416;	0
V_19_CVAP_Black;	2040825;	2040825;	0
V_19_CVAP_Asian;	944011;	944011;	0
V_19_CVAP_Native;	78555;	78555;	0
V_19_CVAP_Pacific;	6368;	6368;	0
V_20_VAP_Total;	16088135;	16088135;	0
V_20_VAP_White;	8761517;	8761517;	0
V_20_VAP_Hispanic;	2925886;	2925886;	0
V_20_VAP_Black;	2700724;	2700724;	0
V_20_VAP_Asian;	1708835;	1708835;	0
V_20_VAP_Native;	299119;	299119;	0
V_20_VAP_Pacific;	31005;	31005;	0
V_20_VAP_NH_Total;	16088135;	16088135;	0
V_20_VAP_NH_White;	8761517;	8761517;	0
V_20_VAP_NH_Hispanic;	2925886;	2925886;	0
V_20_VAP_NH_BlackAlone;	2176551;	2176551;	0
V_20_VAP_NH_AsianAlone;	1551634;	1551634;	0
V_20_VAP_NH_NativeAlone;	42624;	42624;	0
V_20_VAP_NH_PacificAlone;	4766;	4766;	0
V_20_VAP_NH_OtherAlone;	137513;	137513;	0
V_20_VAP_NH_TwoOrMore;	487644;	487644;	0
V_20_CVAP_Total;	13765157;	13765157;	0
V_20_CVAP_White;	8584100;	8584100;	0
V_20_CVAP_Hispanic;	2049871;	2049871;	0
V_20_CVAP_Black;	2052434;	2052434;	0
V_20_CVAP_Asian;	967098;	967098;	0
V_20_CVAP_Native;	77809;	77809;	0
V_20_CVAP_Pacific;	5671;	5671;	0
