Make Election_Data_NY.v04 (2024-02-01)

Row count: 14191
Totals from Block Data (BData) and CSV Data (CData)
Field;			BData;	CData;	Diff
E_16_PRES_Total;	7720570;	7720570;	0
E_16_PRES_Dem;	4556131;	4556131;	0
E_16_PRES_Rep;	2819552;	2819552;	0
E_16_SEN_Total;	7396364;	7396364;	0
E_16_SEN_Dem;	5221965;	5221965;	0
E_16_SEN_Rep;	2009377;	2009377;	0
E_18_SEN_Total;	6059687;	6059687;	0
E_18_SEN_Dem;	4057249;	4057249;	0
E_18_SEN_Rep;	1998566;	1998566;	0
E_18_GOV_Total;	6105117;	6105117;	0
E_18_GOV_Dem;	3635573;	3635573;	0
E_18_GOV_Rep;	2207976;	2207976;	0
E_18_AG_Total;	5994134;	5994134;	0
E_18_AG_Dem;	3739479;	3739479;	0
E_18_AG_Rep;	2108964;	2108964;	0
E_16-20_COMP_Total;	6966370;	6966370;	0
E_16-20_COMP_Dem;	4406146;	4406146;	0
E_16-20_COMP_Rep;	2395935;	2395935;	0
E_20_PRES_Total;	8632253;	8632253;	0
E_20_PRES_Dem;	5244886;	5244886;	0
E_20_PRES_Rep;	3251997;	3251997;	0
