Make Demographic_Data_MA.v06 (2025-06-18)

Row count: 2157
Totals from Block Data (BData) and CSV Data (CData)
Field;			BData;	CData;	Diff
T_10_CENS_Total;	6547629;	6547629;	0
T_10_CENS_White;	4984800;	4984800;	0
T_10_CENS_Hispanic;	627654;	627654;	0
T_10_CENS_Black;	508413;	508413;	0
T_10_CENS_Asian;	394211;	394211;	0
T_10_CENS_Native;	50705;	50705;	0
T_10_CENS_Pacific;	10257;	10257;	0
T_18_ACS_Total;	6830193;	6830193;	0
T_18_ACS_White;	4930412;	4930412;	0
T_18_ACS_Hispanic;	789127;	789127;	0
T_18_ACS_Black;	627601;	627601;	0
T_18_ACS_Asian;	502612;	502612;	0
T_18_ACS_Native;	48231;	48231;	0
T_18_ACS_Pacific;	10481;	10481;	0
T_19_ACS_Total;	6850553;	6850553;	0
T_19_ACS_White;	4903539;	4903539;	0
T_19_ACS_Hispanic;	809179;	809179;	0
T_19_ACS_Black;	643622;	643622;	0
T_19_ACS_Asian;	516599;	516599;	0
T_19_ACS_Native;	48528;	48528;	0
T_19_ACS_Pacific;	10355;	10355;	0
T_20_CENS_Total;	7029917;	7029917;	0
T_20_CENS_White;	4748897;	4748897;	0
T_20_CENS_Hispanic;	887685;	887685;	0
T_20_CENS_Black;	669866;	669866;	0
T_20_CENS_Asian;	582484;	582484;	0
T_20_CENS_Native;	94040;	94040;	0
T_20_CENS_Pacific;	10436;	10436;	0
T_20_ACS_Total;	6873003;	6873003;	0
T_20_ACS_White;	4865022;	4865022;	0
T_20_ACS_Hispanic;	828140;	828140;	0
T_20_ACS_Black;	662313;	662313;	0
T_20_ACS_Asian;	538409;	538409;	0
T_20_ACS_Native;	52168;	52168;	0
T_20_ACS_Pacific;	11593;	11593;	0
T_22_ACS_Total;	6984205;	6984205;	0
T_22_ACS_White;	4809687;	4809687;	0
T_22_ACS_Hispanic;	879296;	879296;	0
T_22_ACS_Black;	692907;	692907;	0
T_22_ACS_Asian;	568605;	568605;	0
T_22_ACS_Native;	64894;	64894;	0
T_22_ACS_Pacific;	10442;	10442;	0
V_10_VAP_Total;	5128706;	5128706;	0
V_10_VAP_White;	4029458;	4029458;	0
V_10_VAP_Hispanic;	416775;	416775;	0
V_10_VAP_Black;	353946;	353946;	0
V_10_VAP_Asian;	293091;	293091;	0
V_10_VAP_Native;	35605;	35605;	0
V_10_VAP_Pacific;	7243;	7243;	0
V_18_CVAP_Total;	4964724;	4964724;	0
V_18_CVAP_White;	3963007;	3963007;	0
V_18_CVAP_Hispanic;	411803;	411803;	0
V_18_CVAP_Black;	319000;	319000;	0
V_18_CVAP_Asian;	240724;	240724;	0
V_18_CVAP_Native;	24542;	24542;	0
V_18_CVAP_Pacific;	1390;	1390;	0
V_19_CVAP_Total;	4992509;	4992509;	0
V_19_CVAP_White;	3954282;	3954282;	0
V_19_CVAP_Hispanic;	427644;	427644;	0
V_19_CVAP_Black;	329573;	329573;	0
V_19_CVAP_Asian;	250151;	250151;	0
V_19_CVAP_Native;	24563;	24563;	0
V_19_CVAP_Pacific;	1677;	1677;	0
V_20_VAP_Total;	5663723;	5663723;	0
V_20_VAP_White;	3988985;	3988985;	0
V_20_VAP_Hispanic;	621508;	621508;	0
V_20_VAP_Black;	486313;	486313;	0
V_20_VAP_Asian;	448120;	448120;	0
V_20_VAP_Native;	69936;	69936;	0
V_20_VAP_Pacific;	7785;	7785;	0
V_20_VAP_NH_Total;	5663723;	5663723;	0
V_20_VAP_NH_White;	3988985;	3988985;	0
V_20_VAP_NH_Hispanic;	621508;	621508;	0
V_20_VAP_NH_BlackAlone;	351465;	351465;	0
V_20_VAP_NH_AsianAlone;	407742;	407742;	0
V_20_VAP_NH_NativeAlone;	7430;	7430;	0
V_20_VAP_NH_PacificAlone;	1391;	1391;	0
V_20_VAP_NH_OtherAlone;	68601;	68601;	0
V_20_VAP_NH_TwoOrMore;	216601;	216601;	0
V_20_CVAP_Total;	5030838;	5030838;	0
V_20_CVAP_White;	3955398;	3955398;	0
V_20_CVAP_Hispanic;	442639;	442639;	0
V_20_CVAP_Black;	340978;	340978;	0
V_20_CVAP_Asian;	258908;	258908;	0
V_20_CVAP_Native;	24929;	24929;	0
V_20_CVAP_Pacific;	1838;	1838;	0
V_22_CVAP_Total;	5117083;	5117083;	0
V_22_CVAP_White;	3973140;	3973140;	0
V_22_CVAP_Hispanic;	472127;	472127;	0
V_22_CVAP_Black;	356717;	356717;	0
V_22_CVAP_Asian;	280948;	280948;	0
V_22_CVAP_Native;	25529;	25529;	0
V_22_CVAP_Pacific;	1886;	1886;	0
V_22_CVAP_RemTwoOrMore;	10622;	10622;	0
