Make CSV: MA (election)
Row count: 2157
D_2016_pres: 1995050
R_2016_pres: 1090758
Tot_2016_pres: 3324751
D_2014_sen: 1289681
R_2014_sen: 791561
Tot_2014_sen: 2081854
R_2014_gov: 1044343
D_2014_gov: 1004146
Tot_2014_gov: 2065134
D_2018_sen: 1633242
R_2018_sen: 979085
Tot_2018_sen: 2706826
R_2018_gov: 1781128
D_2018_gov: 885727
Tot_2018_gov: 2674359
D_2018_ag: 1874027
R_2018_ag: 804758
Tot_2018_ag: 2680643
D_2020_pres: 2382043
R_2020_pres: 1167119
Tot_2020_pres: 3631159
D_2020_sen: 2357652
R_2020_sen: 1177682
Tot_2020_sen: 3563896
