Make CSV: HI (census)
Pop loss [15009ZZZZZZ]: 2010: 1961, loss: 27.44%
Pop loss [15009ZZZZZZ]: 2010: 1498, loss: 1.85%
Pop loss [15009ZZZZZZ]: 2010: 358, loss: 59.75%
Pop loss [15009ZZZZZZ]: 2010: 1352, loss: 4.98%
Pop loss [15009ZZZZZZ]: 2010: 401, loss: 66.03%
Pop loss [15009ZZZZZZ]: 2010: 417, loss: 35.35%
Pop loss [15009ZZZZZZ]: 2010: 629, loss: 33.48%
Pop loss [15009ZZZZZZ]: 2010: 2039, loss: 19.86%
Pop loss [15009ZZZZZZ]: 2010: 1567, loss: 21.37%
Pop loss [15009ZZZZZZ]: 2010: 4616, loss: 0.46%
Pop loss [15009ZZZZZZ]: 2010: 2240, loss: 9.16%
Pop loss [15009ZZZZZZ]: 2010: 3276, loss: 1.85%
Pop loss [15009ZZZZZZ]: 2010: 5693, loss: 0.6%
Pop loss [15009ZZZZZZ]: 2010: 5257, loss: 18.68%
Pop loss [15009ZZZZZZ]: 2010: 1165, loss: 6.35%
Pop loss [15009ZZZZZZ]: 2010: 1780, loss: 6.18%
Pop loss [15009ZZZZZZ]: 2010: 3585, loss: 4.38%
Pop loss [15009ZZZZZZ]: 2010: 4528, loss: 5.25%
Pop loss [15009ZZZZZZ]: 2010: 2022, loss: 17.45%
Pop loss [15009ZZZZZZ]: 2010: 6516, loss: 0.23%
Pop loss [15009ZZZZZZ]: 2010: 3977, loss: 9.47%
Pop loss [15009ZZZZZZ]: 2010: 2039, loss: 2.81%
Pop loss [15009ZZZZZZ]: 2010: 4778, loss: 2.41%
Pop loss [15009ZZZZZZ]: 2010: 4722, loss: 1.12%
Pop loss [15009ZZZZZZ]: 2010: 3371, loss: 13.35%
Pop loss [15009ZZZZZZ]: 2010: 1548, loss: 9.93%
Pop loss [15009ZZZZZZ]: 2010: 3292, loss: 15.98%
Pop loss [15009ZZZZZZ]: 2010: 4232, loss: 3.68%
Pop loss [15009ZZZZZZ]: 2010: 2080, loss: 2.56%
Pop loss [15009ZZZZZZ]: 2010: 4629, loss: 7.12%
Pop loss [15009ZZZZZZ]: 2010: 3809, loss: 7.58%
Pop loss [15009ZZZZZZ]: 2010: 3083, loss: 15.42%
Pop loss [15009ZZZZZZ]: 2010: 2716, loss: 3.63%
Pop loss [15009ZZZZZZ]: 2010: 5062, loss: 2.28%
Pop loss [15009ZZZZZZ]: 2010: 2355, loss: 2.66%
Pop loss [15009ZZZZZZ]: 2010: 4827, loss: 6.03%
Pop loss [15009ZZZZZZ]: 2010: 5728, loss: 2.9%
Pop loss [15009ZZZZZZ]: 2010: 2660, loss: 23.88%
Pop loss [15009ZZZZZZ]: 2010: 4755, loss: 21.33%
Pop loss [15009ZZZZZZ]: 2010: 3432, loss: 9.41%
Pop loss [15009ZZZZZZ]: 2010: 1359, loss: 4.08%
Pop loss [15009ZZZZZZ]: 2010: 2159, loss: 0.46%
Pop loss [15009ZZZZZZ]: 2010: 4881, loss: 3.31%
Pop loss [15009ZZZZZZ]: 2010: 5326, loss: 1.61%
Pop loss [15009ZZZZZZ]: 2010: 4753, loss: 29.08%
Pop loss [15009ZZZZZZ]: 2010: 6101, loss: 27.03%
Pop loss [15009ZZZZZZ]: 2010: 9333, loss: 12.84%
Pop loss [15009ZZZZZZ]: 2010: 3597, loss: 2.42%
Pop loss [15009ZZZZZZ]: 2010: 1893, loss: 8.0%
Pop loss [15009ZZZZZZ]: 2010: 4062, loss: 8.47%
Pop loss [15009ZZZZZZ]: 2010: 4190, loss: 6.48%
Pop loss [15009ZZZZZZ]: 2010: 2944, loss: 2.31%
Pop loss [15009ZZZZZZ]: 2010: 2354, loss: 34.66%
Pop loss [15009ZZZZZZ]: 2010: 3938, loss: 1.68%
Pop loss [15009ZZZZZZ]: 2010: 10333, loss: 15.85%
Pop loss [15009ZZZZZZ]: 2010: 1314, loss: 4.21%
Pop loss [15009ZZZZZZ]: 2010: 2625, loss: 22.99%
Pop loss [15009ZZZZZZ]: 2010: 4973, loss: 8.63%
Pop loss [15009ZZZZZZ]: 2010: 4046, loss: 6.74%
Pop loss [15009ZZZZZZ]: 2010: 4368, loss: 9.96%
Pop loss [15009ZZZZZZ]: 2010: 2041, loss: 4.33%
Pop loss [15009ZZZZZZ]: 2010: 6576, loss: 23.45%
Pop loss [15009ZZZZZZ]: 2010: 4176, loss: 5.12%
Pop loss [15009ZZZZZZ]: 2010: 6743, loss: 0.71%
Pop loss [15009ZZZZZZ]: 2010: 3118, loss: 5.04%
Pop loss [15009ZZZZZZ]: 2010: 2962, loss: 3.67%
Pop loss [15009ZZZZZZ]: 2010: 5387, loss: 7.74%
Pop loss [15009ZZZZZZ]: 2010: 601, loss: 26.91%
Pop loss [15009ZZZZZZ]: 2010: 4463, loss: 12.85%
Pop loss [15009ZZZZZZ]: 2010: 4420, loss: 2.42%
Pop loss [15009ZZZZZZ]: 2010: 5456, loss: 1.12%
Pop loss [15009ZZZZZZ]: 2010: 5405, loss: 1.79%
Pop loss [15009ZZZZZZ]: 2010: 10151, loss: 5.33%
Pop loss [15009ZZZZZZ]: 2010: 9529, loss: 7.55%
Pop loss [15009ZZZZZZ]: 2010: 4554, loss: 0.97%
Pop loss [15009ZZZZZZ]: 2010: 5195, loss: 5.85%
Pop loss [15009ZZZZZZ]: 2010: 5143, loss: 4.1%
Pop loss [15009ZZZZZZ]: 2010: 4617, loss: 13.81%
Pop loss [15009ZZZZZZ]: 2010: 6147, loss: 1.33%
Pop loss [15009ZZZZZZ]: 2010: 5380, loss: 3.42%
Pop loss [15009ZZZZZZ]: 2010: 3419, loss: 2.91%
Pop loss [15009ZZZZZZ]: 2010: 4243, loss: 19.51%
Pop loss [15009ZZZZZZ]: 2010: 4128, loss: 3.4%
Pop loss [15009ZZZZZZ]: 2010: 3845, loss: 6.26%
Pop loss [15009ZZZZZZ]: 2010: 3256, loss: 1.54%
Pop loss [15009ZZZZZZ]: 2010: 5839, loss: 8.08%
Pop loss [15009ZZZZZZ]: 2010: 2066, loss: 2.13%
Pop loss [15009ZZZZZZ]: 2010: 6649, loss: 7.58%
Pop loss [15009ZZZZZZ]: 2010: 7667, loss: 7.44%
Pop loss [15009ZZZZZZ]: 2010: 6134, loss: 4.29%
Pop loss [15009ZZZZZZ]: 2010: 6938, loss: 1.01%
Pop loss [15009ZZZZZZ]: 2010: 5986, loss: 5.06%
Pop loss [15009ZZZZZZ]: 2010: 4674, loss: 0.77%
Pop loss [15009ZZZZZZ]: 2010: 3273, loss: 18.97%
Pop loss [15009ZZZZZZ]: 2010: 10114, loss: 3.68%
Pop loss [15009ZZZZZZ]: 2010: 3554, loss: 18.3%
Pop loss [15009ZZZZZZ]: 2010: 801, loss: 10.27%
Pop loss [15009ZZZZZZ]: 2010: 7247, loss: 15.75%
Pop loss [15009ZZZZZZ]: 2010: 6048, loss: 7.42%
Pop loss [15009ZZZZZZ]: 2010: 4694, loss: 1.54%
Pop loss [15009ZZZZZZ]: 2010: 5531, loss: 3.66%
Pop loss [15009ZZZZZZ]: 2010: 3640, loss: 1.87%
Pop loss [15009ZZZZZZ]: 2010: 3237, loss: 3.39%
Pop loss [15009ZZZZZZ]: 2010: 2137, loss: 6.27%
Pop loss [15009ZZZZZZ]: 2010: 3017, loss: 0.05%
Pop loss [15009ZZZZZZ]: 2010: 2639, loss: 2.7%
Pop loss [15009ZZZZZZ]: 2010: 6159, loss: 12.5%
Pop loss [15009ZZZZZZ]: 2010: 2266, loss: 3.35%
Pop loss [15009ZZZZZZ]: 2010: 4017, loss: 10.41%
Pop loss [15009ZZZZZZ]: 2010: 2044, loss: 0.05%
Pop loss [15009ZZZZZZ]: 2010: 4148, loss: 10.33%
Pop loss [15009ZZZZZZ]: 2010: 3472, loss: 9.38%
Pop loss [15009ZZZZZZ]: 2010: 2362, loss: 11.18%
Pop loss [15009ZZZZZZ]: 2010: 4527, loss: 15.9%
Pop loss [15009ZZZZZZ]: 2010: 2363, loss: 10.93%
Pop loss [15009ZZZZZZ]: 2010: 1711, loss: 0.06%
Pop loss [15009ZZZZZZ]: 2010: 90, loss: 16.67%
Pop loss [15009ZZZZZZ]: 2010: 4074, loss: 19.47%
Pop loss [15009ZZZZZZ]: 2010: 3754, loss: 21.38%
Pop loss [15009ZZZZZZ]: 2010: 2581, loss: 2.92%
Pop loss [15009ZZZZZZ]: 2010: 9277, loss: 7.29%
Pop loss [15009ZZZZZZ]: 2010: 3695, loss: 4.15%
Pop loss [15009ZZZZZZ]: 2010: 170, loss: 100.0%
Pop loss [15009ZZZZZZ]: 2010: 584, loss: 10.86%
Pop loss [15009ZZZZZZ]: 2010: 1626, loss: 12.66%
Pop loss [15009ZZZZZZ]: 2010: 3029, loss: 2.49%
Pop loss [15009ZZZZZZ]: 2010: 5194, loss: 3.89%
Pop loss [15009ZZZZZZ]: 2010: 4550, loss: 1.38%
Pop loss [15009ZZZZZZ]: 2010: 6109, loss: 3.79%
Pop loss [15009ZZZZZZ]: 2010: 5830, loss: 4.51%
Pop loss [15009ZZZZZZ]: 2010: 5154, loss: 1.6%
Pop loss [15009ZZZZZZ]: 2010: 1978, loss: 10.24%
Pop loss [15009ZZZZZZ]: 2010: 4420, loss: 6.25%
Pop loss [15009ZZZZZZ]: 2010: 833, loss: 14.56%
Pop loss [15009ZZZZZZ]: 2010: 392, loss: 32.68%
Pop loss [15009ZZZZZZ]: 2010: 1894, loss: 27.47%
Pop loss [15009ZZZZZZ]: 2010: 3135, loss: 9.86%
Pop loss [15009ZZZZZZ]: 2010: 1173, loss: 33.64%
Pop loss [15009ZZZZZZ]: 2010: 712, loss: 10.76%
Pop loss [15009ZZZZZZ]: 2010: 2042, loss: 15.04%
Row count: 344
Loss count: 140
Tot 2010 Pop: 1360301
Tot 2018 Pop: 1422028.0
