Make CSV: NH (census)
Pop loss [33019CLAR03]: 2010: 7356, loss: 1.01%
Pop loss [33019CLAR03]: 2010: 1096, loss: 9.22%
Pop loss [33019CLAR03]: 2010: 3777, loss: 0.97%
Pop loss [33019CLAR03]: 2010: 2726, loss: 12.34%
Pop loss [33019CLAR03]: 2010: 3567, loss: 0.12%
Pop loss [33019CLAR03]: 2010: 712, loss: 10.8%
Pop loss [33019CLAR03]: 2010: 337, loss: 10.98%
Pop loss [33019CLAR03]: 2010: 1489, loss: 9.13%
Pop loss [33019CLAR03]: 2010: 120, loss: 7.33%
Pop loss [33019CLAR03]: 2010: 2502, loss: 4.26%
Pop loss [33019CLAR03]: 2010: 4345, loss: 0.98%
Pop loss [33019CLAR03]: 2010: 1326, loss: 0.38%
Pop loss [33019CLAR03]: 2010: 2387, loss: 4.26%
Pop loss [33019CLAR03]: 2010: 1937, loss: 10.38%
Pop loss [33019CLAR03]: 2010: 3604, loss: 0.78%
Pop loss [33019CLAR03]: 2010: 1597, loss: 6.75%
Pop loss [33019CLAR03]: 2010: 2396, loss: 1.78%
Pop loss [33019CLAR03]: 2010: 961, loss: 4.39%
Pop loss [33019CLAR03]: 2010: 4046, loss: 3.19%
Pop loss [33019CLAR03]: 2010: 5457, loss: 2.81%
Pop loss [33019CLAR03]: 2010: 4585, loss: 8.12%
Pop loss [33019CLAR03]: 2010: 4404, loss: 7.92%
Pop loss [33019CLAR03]: 2010: 729, loss: 4.09%
Pop loss [33019CLAR03]: 2010: 229, loss: 2.71%
Pop loss [33019CLAR03]: 2010: 1232, loss: 0.24%
Pop loss [33019CLAR03]: 2010: 677, loss: 3.55%
Pop loss [33019CLAR03]: 2010: 7230, loss: 0.12%
Pop loss [33019CLAR03]: 2010: 2145, loss: 6.55%
Pop loss [33019CLAR03]: 2010: 1874, loss: 9.07%
Pop loss [33019CLAR03]: 2010: 4341, loss: 2.74%
Pop loss [33019CLAR03]: 2010: 2238, loss: 12.48%
Pop loss [33019CLAR03]: 2010: 2285, loss: 1.0%
Pop loss [33019CLAR03]: 2010: 8, loss: 28.75%
Pop loss [33019CLAR03]: 2010: 2301, loss: 12.73%
Pop loss [33019CLAR03]: 2010: 757, loss: 20.48%
Pop loss [33019CLAR03]: 2010: 12, loss: 12.5%
Pop loss [33019CLAR03]: 2010: 304, loss: 20.99%
Pop loss [33019CLAR03]: 2010: 291, loss: 12.85%
Pop loss [33019CLAR03]: 2010: 2848, loss: 6.78%
Pop loss [33019CLAR03]: 2010: 1107, loss: 14.09%
Pop loss [33019CLAR03]: 2010: 3507, loss: 5.62%
Pop loss [33019CLAR03]: 2010: 1337, loss: 2.09%
Pop loss [33019CLAR03]: 2010: 23, loss: 29.13%
Pop loss [33019CLAR03]: 2010: 2288, loss: 0.74%
Pop loss [33019CLAR03]: 2010: 4, loss: 12.5%
Pop loss [33019CLAR03]: 2010: 869, loss: 12.92%
Pop loss [33019CLAR03]: 2010: 556, loss: 4.91%
Pop loss [33019CLAR03]: 2010: 1004, loss: 11.45%
Pop loss [33019CLAR03]: 2010: 746, loss: 5.66%
Pop loss [33019CLAR03]: 2010: 33, loss: 10.0%
Pop loss [33019CLAR03]: 2010: 2306, loss: 2.97%
Pop loss [33019CLAR03]: 2010: 1077, loss: 8.46%
Pop loss [33019CLAR03]: 2010: 364, loss: 18.35%
Pop loss [33019CLAR03]: 2010: 3333, loss: 0.6%
Pop loss [33019CLAR03]: 2010: 355, loss: 5.3%
Pop loss [33019CLAR03]: 2010: 254, loss: 1.85%
Pop loss [33019CLAR03]: 2010: 83, loss: 1.45%
Pop loss [33019CLAR03]: 2010: 4582, loss: 0.26%
Pop loss [33019CLAR03]: 2010: 1340, loss: 10.34%
Pop loss [33019CLAR03]: 2010: 593, loss: 6.14%
Pop loss [33019CLAR03]: 2010: 4697, loss: 1.72%
Pop loss [33019CLAR03]: 2010: 602, loss: 6.05%
Pop loss [33019CLAR03]: 2010: 415, loss: 6.58%
Pop loss [33019CLAR03]: 2010: 3808, loss: 8.92%
Pop loss [33019CLAR03]: 2010: 1662, loss: 26.16%
Pop loss [33019CLAR03]: 2010: 5928, loss: 0.02%
Pop loss [33019CLAR03]: 2010: 1716, loss: 1.98%
Pop loss [33019CLAR03]: 2010: 331, loss: 19.46%
Pop loss [33019CLAR03]: 2010: 6990, loss: 3.71%
Pop loss [33019CLAR03]: 2010: 1480, loss: 1.0%
Pop loss [33019CLAR03]: 2010: 563, loss: 1.76%
Pop loss [33019CLAR03]: 2010: 247, loss: 25.18%
Pop loss [33019CLAR03]: 2010: 911, loss: 3.84%
Pop loss [33019CLAR03]: 2010: 1374, loss: 13.26%
Pop loss [33019CLAR03]: 2010: 1476, loss: 5.45%
Pop loss [33019CLAR03]: 2010: 2105, loss: 2.66%
Pop loss [33019CLAR03]: 2010: 9060, loss: 3.88%
Pop loss [33019CLAR03]: 2010: 8632, loss: 1.87%
Pop loss [33019CLAR03]: 2010: 9178, loss: 1.23%
Pop loss [33019CLAR03]: 2010: 8929, loss: 0.72%
Pop loss [33019CLAR03]: 2010: 10478, loss: 1.03%
Pop loss [33019CLAR03]: 2010: 1366, loss: 2.95%
Pop loss [33019CLAR03]: 2010: 1650, loss: 1.03%
Pop loss [33019CLAR03]: 2010: 2352, loss: 0.88%
Pop loss [33019CLAR03]: 2010: 4465, loss: 0.73%
Pop loss [33019CLAR03]: 2010: 3937, loss: 7.29%
Pop loss [33019CLAR03]: 2010: 4370, loss: 2.25%
Pop loss [33019CLAR03]: 2010: 3525, loss: 5.59%
Pop loss [33019CLAR03]: 2010: 3823, loss: 1.52%
Pop loss [33019CLAR03]: 2010: 4851, loss: 0.19%
Pop loss [33019CLAR03]: 2010: 2935, loss: 6.41%
Pop loss [33019CLAR03]: 2010: 1089, loss: 14.51%
Pop loss [33019CLAR03]: 2010: 2072, loss: 5.62%
Pop loss [33019CLAR03]: 2010: 1382, loss: 9.46%
Pop loss [33019CLAR03]: 2010: 1872, loss: 4.38%
Pop loss [33019CLAR03]: 2010: 8240, loss: 5.24%
Pop loss [33019CLAR03]: 2010: 8321, loss: 0.15%
Pop loss [33019CLAR03]: 2010: 968, loss: 19.42%
Pop loss [33019CLAR03]: 2010: 1680, loss: 0.6%
Pop loss [33019CLAR03]: 2010: 4426, loss: 1.33%
Pop loss [33019CLAR03]: 2010: 5961, loss: 0.79%
Pop loss [33019CLAR03]: 2010: 814, loss: 4.18%
Pop loss [33019CLAR03]: 2010: 5221, loss: 2.99%
Pop loss [33019CLAR03]: 2010: 1783, loss: 0.84%
Pop loss [33019CLAR03]: 2010: 5445, loss: 4.06%
Pop loss [33019CLAR03]: 2010: 4989, loss: 5.76%
Pop loss [33019CLAR03]: 2010: 2315, loss: 8.35%
Pop loss [33019CLAR03]: 2010: 2527, loss: 4.88%
Pop loss [33019CLAR03]: 2010: 5114, loss: 1.86%
Pop loss [33019CLAR03]: 2010: 4598, loss: 1.13%
Pop loss [33019CLAR03]: 2010: 4490, loss: 0.22%
Pop loss [33019CLAR03]: 2010: 4267, loss: 6.49%
Pop loss [33019CLAR03]: 2010: 810, loss: 4.69%
Pop loss [33019CLAR03]: 2010: 2985, loss: 3.57%
Pop loss [33019CLAR03]: 2010: 1154, loss: 21.49%
Pop loss [33019CLAR03]: 2010: 6507, loss: 1.86%
Pop loss [33019CLAR03]: 2010: 1311, loss: 15.33%
Pop loss [33019CLAR03]: 2010: 1671, loss: 15.02%
Row count: 327
Loss count: 118
Tot 2010 Pop: 1316470
Tot 2018 Pop: 1343622.0
