Make CSV: CT (census)
Pop loss [0901515-024]: 2010: 2510, loss: 8.01%
Pop loss [0901515-024]: 2010: 5144, loss: 4.36%
Pop loss [0901515-024]: 2010: 5270, loss: 7.48%
Pop loss [0901515-024]: 2010: 3798, loss: 1.12%
Pop loss [0901515-024]: 2010: 2799, loss: 4.7%
Pop loss [0901515-024]: 2010: 13422, loss: 1.96%
Pop loss [0901515-024]: 2010: 13519, loss: 3.19%
Pop loss [0901515-024]: 2010: 8393, loss: 3.44%
Pop loss [0901515-024]: 2010: 6206, loss: 1.47%
Pop loss [0901515-024]: 2010: 6976, loss: 10.86%
Pop loss [0901515-024]: 2010: 10158, loss: 1.35%
Pop loss [0901515-024]: 2010: 6818, loss: 1.81%
Pop loss [0901515-024]: 2010: 952, loss: 17.3%
Pop loss [0901515-024]: 2010: 1969, loss: 27.07%
Pop loss [0901515-024]: 2010: 7668, loss: 2.06%
Pop loss [0901515-024]: 2010: 2129, loss: 17.4%
Pop loss [0901515-024]: 2010: 1408, loss: 2.9%
Pop loss [0901515-024]: 2010: 7276, loss: 3.3%
Pop loss [0901515-024]: 2010: 1731, loss: 0.52%
Pop loss [0901515-024]: 2010: 3208, loss: 0.43%
Pop loss [0901515-024]: 2010: 5683, loss: 1.52%
Pop loss [0901515-024]: 2010: 5801, loss: 0.92%
Pop loss [0901515-024]: 2010: 3367, loss: 0.67%
Pop loss [0901515-024]: 2010: 4948, loss: 2.72%
Pop loss [0901515-024]: 2010: 3368, loss: 2.22%
Pop loss [0901515-024]: 2010: 2615, loss: 1.11%
Pop loss [0901515-024]: 2010: 202, loss: 15.89%
Pop loss [0901515-024]: 2010: 508, loss: 10.43%
Pop loss [0901515-024]: 2010: 3518, loss: 9.89%
Pop loss [0901515-024]: 2010: 1376, loss: 1.17%
Pop loss [0901515-024]: 2010: 2227, loss: 5.55%
Pop loss [0901515-024]: 2010: 2893, loss: 2.78%
Pop loss [0901515-024]: 2010: 6780, loss: 3.34%
Pop loss [0901515-024]: 2010: 5598, loss: 10.22%
Pop loss [0901515-024]: 2010: 2238, loss: 4.07%
Pop loss [0901515-024]: 2010: 8018, loss: 1.13%
Pop loss [0901515-024]: 2010: 2416, loss: 0.78%
Pop loss [0901515-024]: 2010: 10382, loss: 8.71%
Pop loss [0901515-024]: 2010: 3511, loss: 9.38%
Pop loss [0901515-024]: 2010: 6902, loss: 3.72%
Pop loss [0901515-024]: 2010: 6699, loss: 1.9%
Pop loss [0901515-024]: 2010: 7182, loss: 0.7%
Pop loss [0901515-024]: 2010: 12989, loss: 1.47%
Pop loss [0901515-024]: 2010: 4675, loss: 1.97%
Pop loss [0901515-024]: 2010: 4250, loss: 0.34%
Pop loss [0901515-024]: 2010: 6022, loss: 3.27%
Pop loss [0901515-024]: 2010: 8728, loss: 3.28%
Pop loss [0901515-024]: 2010: 10377, loss: 0.34%
Pop loss [0901515-024]: 2010: 6339, loss: 1.61%
Pop loss [0901515-024]: 2010: 5838, loss: 0.27%
Pop loss [0901515-024]: 2010: 2242, loss: 9.01%
Pop loss [0901515-024]: 2010: 4707, loss: 9.07%
Pop loss [0901515-024]: 2010: 6676, loss: 3.8%
Pop loss [0901515-024]: 2010: 3586, loss: 1.9%
Pop loss [0901515-024]: 2010: 6990, loss: 2.76%
Pop loss [0901515-024]: 2010: 3208, loss: 8.86%
Pop loss [0901515-024]: 2010: 4326, loss: 3.34%
Pop loss [0901515-024]: 2010: 5547, loss: 2.27%
Pop loss [0901515-024]: 2010: 4970, loss: 3.69%
Pop loss [0901515-024]: 2010: 4377, loss: 5.62%
Pop loss [0901515-024]: 2010: 8740, loss: 0.81%
Pop loss [0901515-024]: 2010: 2268, loss: 1.31%
Pop loss [0901515-024]: 2010: 8221, loss: 1.28%
Pop loss [0901515-024]: 2010: 5821, loss: 5.13%
Pop loss [0901515-024]: 2010: 3278, loss: 6.16%
Pop loss [0901515-024]: 2010: 3323, loss: 2.12%
Pop loss [0901515-024]: 2010: 2334, loss: 7.35%
Pop loss [0901515-024]: 2010: 4300, loss: 5.66%
Pop loss [0901515-024]: 2010: 1924, loss: 1.16%
Pop loss [0901515-024]: 2010: 4952, loss: 3.89%
Pop loss [0901515-024]: 2010: 1390, loss: 4.73%
Pop loss [0901515-024]: 2010: 4668, loss: 0.25%
Pop loss [0901515-024]: 2010: 6002, loss: 5.41%
Pop loss [0901515-024]: 2010: 7900, loss: 1.69%
Pop loss [0901515-024]: 2010: 8304, loss: 0.82%
Pop loss [0901515-024]: 2010: 5930, loss: 1.92%
Pop loss [0901515-024]: 2010: 7842, loss: 7.16%
Pop loss [0901515-024]: 2010: 6945, loss: 5.45%
Pop loss [0901515-024]: 2010: 5942, loss: 6.34%
Pop loss [0901515-024]: 2010: 5527, loss: 5.84%
Pop loss [0901515-024]: 2010: 3216, loss: 3.77%
Pop loss [0901515-024]: 2010: 6787, loss: 5.48%
Pop loss [0901515-024]: 2010: 8573, loss: 6.87%
Pop loss [0901515-024]: 2010: 3965, loss: 1.76%
Pop loss [0901515-024]: 2010: 3349, loss: 1.05%
Pop loss [0901515-024]: 2010: 1539, loss: 6.69%
Pop loss [0901515-024]: 2010: 4790, loss: 2.62%
Pop loss [0901515-024]: 2010: 5311, loss: 2.18%
Pop loss [0901515-024]: 2010: 4315, loss: 4.53%
Pop loss [0901515-024]: 2010: 2744, loss: 12.73%
Pop loss [0901515-024]: 2010: 6550, loss: 4.54%
Pop loss [0901515-024]: 2010: 3656, loss: 8.85%
Pop loss [0901515-024]: 2010: 5946, loss: 2.41%
Pop loss [0901515-024]: 2010: 6476, loss: 0.64%
Pop loss [0901515-024]: 2010: 3667, loss: 4.23%
Pop loss [0901515-024]: 2010: 3694, loss: 10.77%
Pop loss [0901515-024]: 2010: 3224, loss: 0.83%
Pop loss [0901515-024]: 2010: 2907, loss: 12.45%
Pop loss [0901515-024]: 2010: 7452, loss: 6.71%
Pop loss [0901515-024]: 2010: 5185, loss: 12.3%
Pop loss [0901515-024]: 2010: 7841, loss: 10.34%
Pop loss [0901515-024]: 2010: 2114, loss: 3.45%
Pop loss [0901515-024]: 2010: 5540, loss: 6.21%
Pop loss [0901515-024]: 2010: 4696, loss: 1.56%
Pop loss [0901515-024]: 2010: 3613, loss: 5.77%
Pop loss [0901515-024]: 2010: 6573, loss: 16.49%
Pop loss [0901515-024]: 2010: 6079, loss: 3.65%
Pop loss [0901515-024]: 2010: 6404, loss: 0.16%
Pop loss [0901515-024]: 2010: 4975, loss: 3.86%
Pop loss [0901515-024]: 2010: 5775, loss: 0.43%
Pop loss [0901515-024]: 2010: 4182, loss: 6.27%
Pop loss [0901515-024]: 2010: 5181, loss: 3.18%
Pop loss [0901515-024]: 2010: 4671, loss: 1.84%
Pop loss [0901515-024]: 2010: 4854, loss: 11.46%
Pop loss [0901515-024]: 2010: 5876, loss: 7.05%
Pop loss [0901515-024]: 2010: 4735, loss: 3.27%
Pop loss [0901515-024]: 2010: 4324, loss: 15.99%
Pop loss [0901515-024]: 2010: 4430, loss: 3.04%
Pop loss [0901515-024]: 2010: 6248, loss: 4.32%
Pop loss [0901515-024]: 2010: 3338, loss: 3.15%
Pop loss [0901515-024]: 2010: 3474, loss: 4.3%
Pop loss [0901515-024]: 2010: 2820, loss: 5.22%
Pop loss [0901515-024]: 2010: 5587, loss: 13.37%
Pop loss [0901515-024]: 2010: 3835, loss: 20.59%
Pop loss [0901515-024]: 2010: 9051, loss: 1.38%
Pop loss [0901515-024]: 2010: 3965, loss: 1.07%
Pop loss [0901515-024]: 2010: 5191, loss: 0.54%
Pop loss [0901515-024]: 2010: 4012, loss: 2.22%
Pop loss [0901515-024]: 2010: 8136, loss: 1.35%
Pop loss [0901515-024]: 2010: 4772, loss: 1.14%
Pop loss [0901515-024]: 2010: 4702, loss: 8.79%
Pop loss [0901515-024]: 2010: 4230, loss: 7.93%
Pop loss [0901515-024]: 2010: 2888, loss: 9.11%
Pop loss [0901515-024]: 2010: 3399, loss: 1.9%
Pop loss [0901515-024]: 2010: 15735, loss: 0.46%
Pop loss [0901515-024]: 2010: 5582, loss: 0.92%
Pop loss [0901515-024]: 2010: 3310, loss: 0.23%
Pop loss [0901515-024]: 2010: 4081, loss: 3.25%
Pop loss [0901515-024]: 2010: 1523, loss: 19.3%
Pop loss [0901515-024]: 2010: 5288, loss: 11.67%
Pop loss [0901515-024]: 2010: 1310, loss: 14.91%
Pop loss [0901515-024]: 2010: 2590, loss: 7.83%
Pop loss [0901515-024]: 2010: 2427, loss: 11.24%
Pop loss [0901515-024]: 2010: 2411, loss: 2.51%
Pop loss [0901515-024]: 2010: 3103, loss: 12.84%
Pop loss [0901515-024]: 2010: 3691, loss: 3.09%
Pop loss [0901515-024]: 2010: 2617, loss: 15.86%
Pop loss [0901515-024]: 2010: 1961, loss: 11.49%
Pop loss [0901515-024]: 2010: 2998, loss: 19.83%
Pop loss [0901515-024]: 2010: 5615, loss: 0.26%
Pop loss [0901515-024]: 2010: 4920, loss: 5.58%
Pop loss [0901515-024]: 2010: 5610, loss: 1.57%
Pop loss [0901515-024]: 2010: 2565, loss: 10.55%
Pop loss [0901515-024]: 2010: 6184, loss: 0.06%
Pop loss [0901515-024]: 2010: 3053, loss: 13.32%
Pop loss [0901515-024]: 2010: 3983, loss: 1.56%
Pop loss [0901515-024]: 2010: 2634, loss: 6.61%
Pop loss [0901515-024]: 2010: 3607, loss: 4.3%
Pop loss [0901515-024]: 2010: 1727, loss: 1.22%
Pop loss [0901515-024]: 2010: 1234, loss: 3.08%
Pop loss [0901515-024]: 2010: 1420, loss: 8.31%
Pop loss [0901515-024]: 2010: 2976, loss: 2.45%
Pop loss [0901515-024]: 2010: 2385, loss: 10.25%
Pop loss [0901515-024]: 2010: 2979, loss: 5.2%
Pop loss [0901515-024]: 2010: 5156, loss: 4.68%
Pop loss [0901515-024]: 2010: 1638, loss: 12.8%
Pop loss [0901515-024]: 2010: 2388, loss: 4.19%
Pop loss [0901515-024]: 2010: 3397, loss: 13.75%
Pop loss [0901515-024]: 2010: 5171, loss: 0.52%
Pop loss [0901515-024]: 2010: 1614, loss: 4.19%
Pop loss [0901515-024]: 2010: 4232, loss: 11.95%
Pop loss [0901515-024]: 2010: 5345, loss: 5.68%
Pop loss [0901515-024]: 2010: 4110, loss: 7.84%
Pop loss [0901515-024]: 2010: 1709, loss: 12.05%
Pop loss [0901515-024]: 2010: 3315, loss: 0.39%
Pop loss [0901515-024]: 2010: 6951, loss: 10.33%
Pop loss [0901515-024]: 2010: 2262, loss: 7.03%
Pop loss [0901515-024]: 2010: 3741, loss: 2.94%
Pop loss [0901515-024]: 2010: 2782, loss: 2.19%
Pop loss [0901515-024]: 2010: 7887, loss: 3.35%
Pop loss [0901515-024]: 2010: 5115, loss: 6.91%
Pop loss [0901515-024]: 2010: 2990, loss: 3.23%
Pop loss [0901515-024]: 2010: 803, loss: 3.92%
Pop loss [0901515-024]: 2010: 2308, loss: 15.52%
Pop loss [0901515-024]: 2010: 6666, loss: 3.76%
Pop loss [0901515-024]: 2010: 5039, loss: 4.62%
Pop loss [0901515-024]: 2010: 8736, loss: 4.72%
Pop loss [0901515-024]: 2010: 1461, loss: 1.98%
Pop loss [0901515-024]: 2010: 3578, loss: 2.96%
Pop loss [0901515-024]: 2010: 6378, loss: 9.76%
Pop loss [0901515-024]: 2010: 5007, loss: 2.94%
Pop loss [0901515-024]: 2010: 5913, loss: 3.2%
Pop loss [0901515-024]: 2010: 11242, loss: 3.95%
Pop loss [0901515-024]: 2010: 9058, loss: 4.66%
Pop loss [0901515-024]: 2010: 13260, loss: 2.14%
Pop loss [0901515-024]: 2010: 14005, loss: 0.23%
Pop loss [0901515-024]: 2010: 4629, loss: 2.94%
Pop loss [0901515-024]: 2010: 2195, loss: 20.46%
Pop loss [0901515-024]: 2010: 9126, loss: 1.03%
Pop loss [0901515-024]: 2010: 12959, loss: 0.79%
Pop loss [0901515-024]: 2010: 6683, loss: 1.26%
Pop loss [0901515-024]: 2010: 2192, loss: 10.47%
Pop loss [0901515-024]: 2010: 6525, loss: 1.7%
Pop loss [0901515-024]: 2010: 4425, loss: 0.9%
Pop loss [0901515-024]: 2010: 4176, loss: 5.37%
Pop loss [0901515-024]: 2010: 4923, loss: 3.92%
Pop loss [0901515-024]: 2010: 5452, loss: 5.93%
Pop loss [0901515-024]: 2010: 2130, loss: 14.38%
Pop loss [0901515-024]: 2010: 1636, loss: 27.35%
Pop loss [0901515-024]: 2010: 8554, loss: 2.01%
Pop loss [0901515-024]: 2010: 3389, loss: 0.81%
Pop loss [0901515-024]: 2010: 1689, loss: 1.02%
Pop loss [0901515-024]: 2010: 6157, loss: 1.99%
Pop loss [0901515-024]: 2010: 4085, loss: 0.03%
Pop loss [0901515-024]: 2010: 9508, loss: 1.54%
Pop loss [0901515-024]: 2010: 3038, loss: 5.89%
Pop loss [0901515-024]: 2010: 2844, loss: 3.73%
Pop loss [0901515-024]: 2010: 2752, loss: 12.73%
Pop loss [0901515-024]: 2010: 2671, loss: 36.91%
Pop loss [0901515-024]: 2010: 5563, loss: 1.06%
Pop loss [0901515-024]: 2010: 6966, loss: 2.6%
Pop loss [0901515-024]: 2010: 3822, loss: 6.18%
Pop loss [0901515-024]: 2010: 2498, loss: 4.96%
Pop loss [0901515-024]: 2010: 2840, loss: 3.05%
Pop loss [0901515-024]: 2010: 4334, loss: 9.53%
Pop loss [0901515-024]: 2010: 5983, loss: 1.32%
Pop loss [0901515-024]: 2010: 2485, loss: 12.91%
Pop loss [0901515-024]: 2010: 6450, loss: 6.16%
Pop loss [0901515-024]: 2010: 5998, loss: 2.94%
Pop loss [0901515-024]: 2010: 6623, loss: 0.69%
Pop loss [0901515-024]: 2010: 5707, loss: 7.67%
Pop loss [0901515-024]: 2010: 6721, loss: 0.28%
Pop loss [0901515-024]: 2010: 4821, loss: 3.54%
Pop loss [0901515-024]: 2010: 5850, loss: 2.56%
Pop loss [0901515-024]: 2010: 7310, loss: 7.08%
Pop loss [0901515-024]: 2010: 8760, loss: 5.13%
Pop loss [0901515-024]: 2010: 4188, loss: 5.26%
Pop loss [0901515-024]: 2010: 7126, loss: 3.22%
Pop loss [0901515-024]: 2010: 4953, loss: 2.29%
Pop loss [0901515-024]: 2010: 3354, loss: 1.02%
Pop loss [0901515-024]: 2010: 9104, loss: 2.11%
Pop loss [0901515-024]: 2010: 3496, loss: 22.34%
Pop loss [0901515-024]: 2010: 4539, loss: 30.24%
Pop loss [0901515-024]: 2010: 4840, loss: 10.74%
Pop loss [0901515-024]: 2010: 3103, loss: 10.89%
Pop loss [0901515-024]: 2010: 3512, loss: 13.12%
Pop loss [0901515-024]: 2010: 4037, loss: 13.63%
Pop loss [0901515-024]: 2010: 3373, loss: 9.89%
Pop loss [0901515-024]: 2010: 6115, loss: 1.63%
Pop loss [0901515-024]: 2010: 6145, loss: 5.0%
Pop loss [0901515-024]: 2010: 4119, loss: 3.18%
Pop loss [0901515-024]: 2010: 3563, loss: 12.73%
Pop loss [0901515-024]: 2010: 856, loss: 3.9%
Pop loss [0901515-024]: 2010: 4796, loss: 9.35%
Pop loss [0901515-024]: 2010: 746, loss: 17.98%
Pop loss [0901515-024]: 2010: 3763, loss: 19.97%
Pop loss [0901515-024]: 2010: 3556, loss: 3.96%
Pop loss [0901515-024]: 2010: 714, loss: 46.13%
Pop loss [0901515-024]: 2010: 696, loss: 30.8%
Pop loss [0901515-024]: 2010: 1678, loss: 3.87%
Pop loss [0901515-024]: 2010: 3193, loss: 7.62%
Pop loss [0901515-024]: 2010: 3476, loss: 8.1%
Pop loss [0901515-024]: 2010: 1365, loss: 11.26%
Pop loss [0901515-024]: 2010: 3836, loss: 17.87%
Pop loss [0901515-024]: 2010: 4185, loss: 6.32%
Pop loss [0901515-024]: 2010: 3472, loss: 10.92%
Pop loss [0901515-024]: 2010: 4128, loss: 16.62%
Pop loss [0901515-024]: 2010: 5427, loss: 2.43%
Pop loss [0901515-024]: 2010: 4125, loss: 0.13%
Pop loss [0901515-024]: 2010: 3573, loss: 2.7%
Pop loss [0901515-024]: 2010: 5261, loss: 1.94%
Pop loss [0901515-024]: 2010: 7746, loss: 1.75%
Pop loss [0901515-024]: 2010: 6661, loss: 0.95%
Pop loss [0901515-024]: 2010: 4726, loss: 2.65%
Pop loss [0901515-024]: 2010: 5621, loss: 6.15%
Pop loss [0901515-024]: 2010: 2560, loss: 3.75%
Pop loss [0901515-024]: 2010: 6003, loss: 2.65%
Pop loss [0901515-024]: 2010: 7183, loss: 0.33%
Pop loss [0901515-024]: 2010: 4641, loss: 0.67%
Pop loss [0901515-024]: 2010: 3369, loss: 15.95%
Pop loss [0901515-024]: 2010: 4017, loss: 3.78%
Pop loss [0901515-024]: 2010: 3695, loss: 4.49%
Pop loss [0901515-024]: 2010: 4197, loss: 5.42%
Pop loss [0901515-024]: 2010: 5915, loss: 1.0%
Pop loss [0901515-024]: 2010: 4979, loss: 0.97%
Pop loss [0901515-024]: 2010: 5516, loss: 4.62%
Pop loss [0901515-024]: 2010: 3266, loss: 18.54%
Pop loss [0901515-024]: 2010: 5637, loss: 5.66%
Pop loss [0901515-024]: 2010: 4440, loss: 7.83%
Pop loss [0901515-024]: 2010: 4437, loss: 3.8%
Pop loss [0901515-024]: 2010: 7127, loss: 0.19%
Pop loss [0901515-024]: 2010: 7220, loss: 0.28%
Pop loss [0901515-024]: 2010: 1779, loss: 1.16%
Pop loss [0901515-024]: 2010: 2080, loss: 18.29%
Pop loss [0901515-024]: 2010: 1239, loss: 19.48%
Pop loss [0901515-024]: 2010: 6740, loss: 11.62%
Pop loss [0901515-024]: 2010: 9954, loss: 10.27%
Pop loss [0901515-024]: 2010: 7273, loss: 7.42%
Pop loss [0901515-024]: 2010: 6130, loss: 19.6%
Pop loss [0901515-024]: 2010: 5984, loss: 5.05%
Pop loss [0901515-024]: 2010: 2678, loss: 8.43%
Pop loss [0901515-024]: 2010: 6507, loss: 3.39%
Pop loss [0901515-024]: 2010: 5843, loss: 4.48%
Pop loss [0901515-024]: 2010: 4120, loss: 11.04%
Pop loss [0901515-024]: 2010: 2846, loss: 12.17%
Pop loss [0901515-024]: 2010: 10858, loss: 4.43%
Pop loss [0901515-024]: 2010: 4002, loss: 5.76%
Pop loss [0901515-024]: 2010: 4823, loss: 5.09%
Pop loss [0901515-024]: 2010: 5293, loss: 2.1%
Pop loss [0901515-024]: 2010: 8990, loss: 1.36%
Pop loss [0901515-024]: 2010: 2627, loss: 2.28%
Pop loss [0901515-024]: 2010: 7687, loss: 3.86%
Pop loss [0901515-024]: 2010: 5919, loss: 6.81%
Pop loss [0901515-024]: 2010: 6647, loss: 7.17%
Pop loss [0901515-024]: 2010: 1922, loss: 4.16%
Pop loss [0901515-024]: 2010: 5629, loss: 3.11%
Pop loss [0901515-024]: 2010: 6322, loss: 1.31%
Pop loss [0901515-024]: 2010: 3873, loss: 11.56%
Pop loss [0901515-024]: 2010: 5338, loss: 34.22%
Pop loss [0901515-024]: 2010: 8869, loss: 1.31%
Pop loss [0901515-024]: 2010: 4044, loss: 4.18%
Pop loss [0901515-024]: 2010: 4426, loss: 9.87%
Pop loss [0901515-024]: 2010: 7308, loss: 0.71%
Pop loss [0901515-024]: 2010: 6705, loss: 5.13%
Pop loss [0901515-024]: 2010: 4338, loss: 1.52%
Pop loss [0901515-024]: 2010: 2009, loss: 1.63%
Pop loss [0901515-024]: 2010: 2947, loss: 0.77%
Pop loss [0901515-024]: 2010: 1799, loss: 7.4%
Pop loss [0901515-024]: 2010: 8547, loss: 2.68%
Pop loss [0901515-024]: 2010: 4045, loss: 1.49%
Pop loss [0901515-024]: 2010: 5922, loss: 2.44%
Pop loss [0901515-024]: 2010: 3402, loss: 9.19%
Pop loss [0901515-024]: 2010: 4313, loss: 3.71%
Pop loss [0901515-024]: 2010: 2736, loss: 5.12%
Pop loss [0901515-024]: 2010: 4094, loss: 4.89%
Pop loss [0901515-024]: 2010: 2801, loss: 4.92%
Pop loss [0901515-024]: 2010: 5297, loss: 1.04%
Pop loss [0901515-024]: 2010: 2837, loss: 22.9%
Pop loss [0901515-024]: 2010: 2473, loss: 3.92%
Pop loss [0901515-024]: 2010: 1850, loss: 4.12%
Pop loss [0901515-024]: 2010: 6052, loss: 6.81%
Pop loss [0901515-024]: 2010: 4508, loss: 5.2%
Pop loss [0901515-024]: 2010: 4448, loss: 12.74%
Pop loss [0901515-024]: 2010: 7603, loss: 2.26%
Pop loss [0901515-024]: 2010: 4726, loss: 1.27%
Pop loss [0901515-024]: 2010: 4151, loss: 0.6%
Pop loss [0901515-024]: 2010: 2984, loss: 1.84%
Pop loss [0901515-024]: 2010: 8701, loss: 1.13%
Pop loss [0901515-024]: 2010: 1964, loss: 10.52%
Pop loss [0901515-024]: 2010: 2082, loss: 2.69%
Pop loss [0901515-024]: 2010: 2603, loss: 1.69%
Pop loss [0901515-024]: 2010: 4632, loss: 0.49%
Pop loss [0901515-024]: 2010: 4618, loss: 3.43%
Pop loss [0901515-024]: 2010: 5586, loss: 5.06%
Pop loss [0901515-024]: 2010: 4681, loss: 0.02%
Pop loss [0901515-024]: 2010: 3210, loss: 0.04%
Pop loss [0901515-024]: 2010: 3303, loss: 2.42%
Pop loss [0901515-024]: 2010: 4980, loss: 1.04%
Pop loss [0901515-024]: 2010: 5485, loss: 1.17%
Pop loss [0901515-024]: 2010: 6650, loss: 2.53%
Pop loss [0901515-024]: 2010: 9686, loss: 1.65%
Pop loss [0901515-024]: 2010: 5416, loss: 25.18%
Pop loss [0901515-024]: 2010: 4565, loss: 2.1%
Pop loss [0901515-024]: 2010: 11444, loss: 2.68%
Pop loss [0901515-024]: 2010: 3074, loss: 4.77%
Pop loss [0901515-024]: 2010: 5365, loss: 1.33%
Pop loss [0901515-024]: 2010: 7328, loss: 6.28%
Pop loss [0901515-024]: 2010: 6319, loss: 5.59%
Pop loss [0901515-024]: 2010: 2401, loss: 11.22%
Pop loss [0901515-024]: 2010: 3540, loss: 7.0%
Pop loss [0901515-024]: 2010: 6041, loss: 2.14%
Pop loss [0901515-024]: 2010: 4317, loss: 1.92%
Pop loss [0901515-024]: 2010: 5132, loss: 1.13%
Pop loss [0901515-024]: 2010: 1749, loss: 1.6%
Pop loss [0901515-024]: 2010: 1863, loss: 0.11%
Pop loss [0901515-024]: 2010: 2930, loss: 15.99%
Pop loss [0901515-024]: 2010: 1619, loss: 27.73%
Pop loss [0901515-024]: 2010: 1186, loss: 17.28%
Pop loss [0901515-024]: 2010: 5486, loss: 11.9%
Pop loss [0901515-024]: 2010: 4247, loss: 1.74%
Pop loss [0901515-024]: 2010: 7359, loss: 4.8%
Pop loss [0901515-024]: 2010: 1726, loss: 4.23%
Pop loss [0901515-024]: 2010: 3830, loss: 1.78%
Pop loss [0901515-024]: 2010: 1825, loss: 5.95%
Pop loss [0901515-024]: 2010: 4545, loss: 7.66%
Pop loss [0901515-024]: 2010: 3516, loss: 18.5%
Pop loss [0901515-024]: 2010: 3746, loss: 10.54%
Pop loss [0901515-024]: 2010: 7964, loss: 1.9%
Row count: 774
Loss count: 388
Tot 2010 Pop: 3574097
Tot 2018 Pop: 3581502.0
