Make CSV: VT (census)
Pop loss [50027VD2401]: 2010: 1185, loss: 16.71%
Pop loss [50027VD2401]: 2010: 2775, loss: 1.41%
Pop loss [50027VD2401]: 2010: 164, loss: 1.34%
Pop loss [50027VD2401]: 2010: 1980, loss: 1.57%
Pop loss [50027VD2401]: 2010: 1727, loss: 2.32%
Pop loss [50027VD2401]: 2010: 677, loss: 5.54%
Pop loss [50027VD2401]: 2010: 588, loss: 11.36%
Pop loss [50027VD2401]: 2010: 1136, loss: 4.31%
Pop loss [50027VD2401]: 2010: 1265, loss: 15.18%
Pop loss [50027VD2401]: 2010: 486, loss: 4.01%
Pop loss [50027VD2401]: 2010: 419, loss: 15.75%
Pop loss [50027VD2401]: 2010: 2031, loss: 5.56%
Pop loss [50027VD2401]: 2010: 158, loss: 17.09%
Pop loss [50027VD2401]: 2010: 4391, loss: 2.69%
Pop loss [50027VD2401]: 2010: 375, loss: 18.93%
Pop loss [50027VD2401]: 2010: 3527, loss: 2.72%
Pop loss [50027VD2401]: 2010: 763, loss: 10.35%
Pop loss [50027VD2401]: 2010: 405, loss: 5.85%
Pop loss [50027VD2401]: 2010: 109, loss: 29.72%
Pop loss [50027VD2401]: 2010: 3590, loss: 3.29%
Pop loss [50027VD2401]: 2010: 956, loss: 3.03%
Pop loss [50027VD2401]: 2010: 769, loss: 21.72%
Pop loss [50027VD2401]: 2010: 424, loss: 27.31%
Pop loss [50027VD2401]: 2010: 7997, loss: 2.41%
Pop loss [50027VD2401]: 2010: 7767, loss: 5.05%
Pop loss [50027VD2401]: 2010: 98, loss: 10.71%
Pop loss [50027VD2401]: 2010: 8, loss: 22.5%
Pop loss [50027VD2401]: 2010: 1708, loss: 14.64%
Pop loss [50027VD2401]: 2010: 1753, loss: 6.63%
Pop loss [50027VD2401]: 2010: 1022, loss: 4.99%
Pop loss [50027VD2401]: 2010: 3010, loss: 3.72%
Pop loss [50027VD2401]: 2010: 5981, loss: 2.27%
Pop loss [50027VD2401]: 2010: 732, loss: 14.21%
Pop loss [50027VD2401]: 2010: 1174, loss: 9.37%
Pop loss [50027VD2401]: 2010: 7603, loss: 4.0%
Pop loss [50027VD2401]: 2010: 1938, loss: 3.54%
Pop loss [50027VD2401]: 2010: 674, loss: 4.01%
Pop loss [50027VD2401]: 2010: 7267, loss: 0.48%
Pop loss [50027VD2401]: 2010: 8780, loss: 4.63%
Pop loss [50027VD2401]: 2010: 5081, loss: 6.92%
Pop loss [50027VD2401]: 2010: 5817, loss: 6.58%
Pop loss [50027VD2401]: 2010: 5401, loss: 3.37%
Pop loss [50027VD2401]: 2010: 2318, loss: 3.67%
Pop loss [50027VD2401]: 2010: 186, loss: 10.05%
Pop loss [50027VD2401]: 2010: 4023, loss: 9.44%
Pop loss [50027VD2401]: 2010: 221, loss: 13.17%
Pop loss [50027VD2401]: 2010: 1222, loss: 8.1%
Pop loss [50027VD2401]: 2010: 112, loss: 20.71%
Pop loss [50027VD2401]: 2010: 104, loss: 16.63%
Pop loss [50027VD2401]: 2010: 1302, loss: 1.35%
Pop loss [50027VD2401]: 2010: 208, loss: 17.07%
Pop loss [50027VD2401]: 2010: 169, loss: 9.41%
Pop loss [50027VD2401]: 2010: 32, loss: 23.44%
Pop loss [50027VD2401]: 2010: 1322, loss: 7.49%
Pop loss [50027VD2401]: 2010: 1692, loss: 2.3%
Pop loss [50027VD2401]: 2010: 2781, loss: 0.72%
Pop loss [50027VD2401]: 2010: 1201, loss: 24.56%
Pop loss [50027VD2401]: 2010: 6918, loss: 1.36%
Pop loss [50027VD2401]: 2010: 1998, loss: 14.56%
Pop loss [50027VD2401]: 2010: 471, loss: 5.94%
Pop loss [50027VD2401]: 2010: 1323, loss: 8.47%
Pop loss [50027VD2401]: 2010: 2797, loss: 2.79%
Pop loss [50027VD2401]: 2010: 1246, loss: 14.13%
Pop loss [50027VD2401]: 2010: 2216, loss: 1.41%
Pop loss [50027VD2401]: 2010: 1072, loss: 6.34%
Pop loss [50027VD2401]: 2010: 4778, loss: 1.4%
Pop loss [50027VD2401]: 2010: 1098, loss: 2.73%
Pop loss [50027VD2401]: 2010: 2588, loss: 0.66%
Pop loss [50027VD2401]: 2010: 1173, loss: 12.28%
Pop loss [50027VD2401]: 2010: 1284, loss: 5.92%
Pop loss [50027VD2401]: 2010: 730, loss: 6.99%
Pop loss [50027VD2401]: 2010: 941, loss: 1.49%
Pop loss [50027VD2401]: 2010: 2810, loss: 7.69%
Pop loss [50027VD2401]: 2010: 988, loss: 3.3%
Pop loss [50027VD2401]: 2010: 1086, loss: 2.67%
Pop loss [50027VD2401]: 2010: 4621, loss: 5.71%
Pop loss [50027VD2401]: 2010: 1122, loss: 1.96%
Pop loss [50027VD2401]: 2010: 762, loss: 1.44%
Pop loss [50027VD2401]: 2010: 629, loss: 21.27%
Pop loss [50027VD2401]: 2010: 879, loss: 14.22%
Pop loss [50027VD2401]: 2010: 749, loss: 16.32%
Pop loss [50027VD2401]: 2010: 4589, loss: 5.62%
Pop loss [50027VD2401]: 2010: 1662, loss: 8.54%
Pop loss [50027VD2401]: 2010: 1056, loss: 14.11%
Pop loss [50027VD2401]: 2010: 3966, loss: 4.29%
Pop loss [50027VD2401]: 2010: 4717, loss: 3.12%
Pop loss [50027VD2401]: 2010: 2571, loss: 2.88%
Pop loss [50027VD2401]: 2010: 1311, loss: 0.84%
Pop loss [50027VD2401]: 2010: 2734, loss: 4.5%
Pop loss [50027VD2401]: 2010: 706, loss: 19.55%
Pop loss [50027VD2401]: 2010: 811, loss: 10.48%
Pop loss [50027VD2401]: 2010: 1059, loss: 8.31%
Pop loss [50027VD2401]: 2010: 1237, loss: 5.58%
Pop loss [50027VD2401]: 2010: 255, loss: 5.88%
Pop loss [50027VD2401]: 2010: 1477, loss: 12.86%
Pop loss [50027VD2401]: 2010: 546, loss: 32.78%
Pop loss [50027VD2401]: 2010: 2991, loss: 4.85%
Pop loss [50027VD2401]: 2010: 3432, loss: 2.88%
Pop loss [50027VD2401]: 2010: 1741, loss: 2.58%
Pop loss [50027VD2401]: 2010: 1150, loss: 14.96%
Pop loss [50027VD2401]: 2010: 340, loss: 16.03%
Pop loss [50027VD2401]: 2010: 3998, loss: 9.92%
Pop loss [50027VD2401]: 2010: 4099, loss: 14.75%
Pop loss [50027VD2401]: 2010: 4264, loss: 3.12%
Pop loss [50027VD2401]: 2010: 1056, loss: 23.05%
Pop loss [50027VD2401]: 2010: 7924, loss: 2.2%
Pop loss [50027VD2401]: 2010: 2887, loss: 2.46%
Pop loss [50027VD2401]: 2010: 1433, loss: 7.33%
Pop loss [50027VD2401]: 2010: 1607, loss: 3.17%
Pop loss [50027VD2401]: 2010: 1337, loss: 6.43%
Pop loss [50027VD2401]: 2010: 1353, loss: 8.06%
Pop loss [50027VD2401]: 2010: 1731, loss: 6.07%
Pop loss [50027VD2401]: 2010: 7855, loss: 3.92%
Pop loss [50027VD2401]: 2010: 6207, loss: 2.35%
Pop loss [50027VD2401]: 2010: 1719, loss: 0.35%
Pop loss [50027VD2401]: 2010: 1705, loss: 5.4%
Pop loss [50027VD2401]: 2010: 998, loss: 0.8%
Pop loss [50027VD2401]: 2010: 4086, loss: 14.64%
Pop loss [50027VD2401]: 2010: 679, loss: 2.87%
Pop loss [50027VD2401]: 2010: 2121, loss: 5.85%
Pop loss [50027VD2401]: 2010: 728, loss: 11.4%
Pop loss [50027VD2401]: 2010: 1035, loss: 17.87%
Pop loss [50027VD2401]: 2010: 1769, loss: 9.55%
Pop loss [50027VD2401]: 2010: 2702, loss: 2.41%
Pop loss [50027VD2401]: 2010: 5282, loss: 4.05%
Pop loss [50027VD2401]: 2010: 1232, loss: 17.61%
Pop loss [50027VD2401]: 2010: 900, loss: 20.33%
Pop loss [50027VD2401]: 2010: 1876, loss: 19.14%
Pop loss [50027VD2401]: 2010: 419, loss: 3.22%
Pop loss [50027VD2401]: 2010: 4485, loss: 2.02%
Pop loss [50027VD2401]: 2010: 3922, loss: 5.58%
Pop loss [50027VD2401]: 2010: 3639, loss: 3.54%
Pop loss [50027VD2401]: 2010: 223, loss: 14.93%
Pop loss [50027VD2401]: 2010: 2955, loss: 3.34%
Pop loss [50027VD2401]: 2010: 947, loss: 12.78%
Pop loss [50027VD2401]: 2010: 2030, loss: 3.44%
Pop loss [50027VD2401]: 2010: 936, loss: 0.21%
Pop loss [50027VD2401]: 2010: 1367, loss: 2.01%
Pop loss [50027VD2401]: 2010: 3154, loss: 3.77%
Pop loss [50027VD2401]: 2010: 1963, loss: 0.41%
Pop loss [50027VD2401]: 2010: 3414, loss: 2.31%
Pop loss [50027VD2401]: 2010: 619, loss: 23.1%
Pop loss [50027VD2401]: 2010: 666, loss: 8.41%
Pop loss [50027VD2401]: 2010: 1502, loss: 8.59%
Pop loss [50027VD2401]: 2010: 736, loss: 1.77%
Pop loss [50027VD2401]: 2010: 2825, loss: 1.91%
Pop loss [50027VD2401]: 2010: 3553, loss: 3.88%
Pop loss [50027VD2401]: 2010: 3048, loss: 3.02%
Pop loss [50027VD2401]: 2010: 1960, loss: 9.08%
Pop loss [50027VD2401]: 2010: 7992, loss: 1.2%
Pop loss [50027VD2401]: 2010: 124, loss: 17.98%
Pop loss [50027VD2401]: 2010: 9249, loss: 3.26%
Row count: 284
Loss count: 152
Tot 2010 Pop: 625741
Tot 2018 Pop: 624977.0
