Make Demographic_Data_PA.v06 (2025-06-19)

Row count: 9178
Totals from Block Data (BData) and CSV Data (CData)
Field;			BData;	CData;	Diff
T_10_CENS_Total;	12702301;	12702301;	0
T_10_CENS_White;	10094583;	10094583;	0
T_10_CENS_Hispanic;	719660;	719660;	0
T_10_CENS_Black;	1507964;	1507964;	0
T_10_CENS_Asian;	402579;	402579;	0
T_10_CENS_Native;	81092;	81092;	0
T_10_CENS_Pacific;	12424;	12424;	0
T_18_ACS_Total;	12791181;	12791181;	0
T_18_ACS_White;	9826865;	9826865;	0
T_18_ACS_Hispanic;	905156;	905156;	0
T_18_ACS_Black;	1607606;	1607606;	0
T_18_ACS_Asian;	500228;	500228;	0
T_18_ACS_Native;	97171;	97171;	0
T_18_ACS_Pacific;	14776;	14776;	0
T_19_ACS_Total;	12791530;	12791530;	0
T_19_ACS_White;	9777163;	9777163;	0
T_19_ACS_Hispanic;	935216;	935216;	0
T_19_ACS_Black;	1621737;	1621737;	0
T_19_ACS_Asian;	512310;	512310;	0
T_19_ACS_Native;	94275;	94275;	0
T_19_ACS_Pacific;	14796;	14796;	0
T_20_CENS_Total;	13002700;	13002700;	0
T_20_CENS_White;	9553417;	9553417;	0
T_20_CENS_Hispanic;	1049615;	1049615;	0
T_20_CENS_Black;	1655034;	1655034;	0
T_20_CENS_Asian;	603726;	603726;	0
T_20_CENS_Native;	189164;	189164;	0
T_20_CENS_Pacific;	16532;	16532;	0
T_20_CENS_ADJ_Total;	13002700;	13002700;	0
T_20_CENS_ADJ_White;	9553417;	9553417;	0
T_20_CENS_ADJ_Hispanic;	1049615;	1049615;	0
T_20_CENS_ADJ_Black;	1655319;	1655319;	0
T_20_CENS_ADJ_Asian;	604762;	604762;	0
T_20_CENS_ADJ_Native;	189324;	189324;	0
T_20_CENS_ADJ_Pacific;	16615;	16615;	0
T_20_ACS_Total;	12794885;	12794885;	0
T_20_ACS_White;	9685118;	9685118;	0
T_20_ACS_Hispanic;	971813;	971813;	0
T_20_ACS_Black;	1634203;	1634203;	0
T_20_ACS_Asian;	532335;	532335;	0
T_20_ACS_Native;	92952;	92952;	0
T_20_ACS_Pacific;	14432;	14432;	0
T_22_ACS_Total;	12989208;	12989208;	0
T_22_ACS_White;	9671148;	9671148;	0
T_22_ACS_Hispanic;	1055108;	1055108;	0
T_22_ACS_Black;	1674518;	1674518;	0
T_22_ACS_Asian;	574337;	574337;	0
T_22_ACS_Native;	107102;	107102;	0
T_22_ACS_Pacific;	16923;	16923;	0
V_10_VAP_Total;	9910174;	9910174;	0
V_10_VAP_White;	8111233;	8111233;	0
V_10_VAP_Hispanic;	459421;	459421;	0
V_10_VAP_Black;	1044459;	1044459;	0
V_10_VAP_Asian;	293871;	293871;	0
V_10_VAP_Native;	56129;	56129;	0
V_10_VAP_Pacific;	8384;	8384;	0
V_18_CVAP_Total;	9748239;	9748239;	0
V_18_CVAP_White;	7955506;	7955506;	0
V_18_CVAP_Hispanic;	482062;	482062;	0
V_18_CVAP_Black;	1029040;	1029040;	0
V_18_CVAP_Asian;	229978;	229978;	0
V_18_CVAP_Native;	42746;	42746;	0
V_18_CVAP_Pacific;	2075;	2075;	0
V_19_CVAP_Total;	9759785;	9759785;	0
V_19_CVAP_White;	7927861;	7927861;	0
V_19_CVAP_Hispanic;	503496;	503496;	0
V_19_CVAP_Black;	1036697;	1036697;	0
V_19_CVAP_Asian;	239502;	239502;	0
V_19_CVAP_Native;	42832;	42832;	0
V_19_CVAP_Pacific;	2084;	2084;	0
V_20_VAP_Total;	10353548;	10353548;	0
V_20_VAP_White;	7884010;	7884010;	0
V_20_VAP_Hispanic;	704258;	704258;	0
V_20_VAP_Black;	1189064;	1189064;	0
V_20_VAP_Asian;	449690;	449690;	0
V_20_VAP_Native;	137134;	137134;	0
V_20_VAP_Pacific;	11465;	11465;	0
V_20_VAP_NH_Total;	10353548;	10353548;	0
V_20_VAP_NH_White;	7884010;	7884010;	0
V_20_VAP_NH_Hispanic;	704258;	704258;	0
V_20_VAP_NH_BlackAlone;	1039831;	1039831;	0
V_20_VAP_NH_AsianAlone;	398348;	398348;	0
V_20_VAP_NH_NativeAlone;	12123;	12123;	0
V_20_VAP_NH_PacificAlone;	2519;	2519;	0
V_20_VAP_NH_OtherAlone;	36798;	36798;	0
V_20_VAP_NH_TwoOrMore;	275661;	275661;	0
V_20_CVAP_Total;	9779268;	9779268;	0
V_20_CVAP_White;	7902173;	7902173;	0
V_20_CVAP_Hispanic;	528233;	528233;	0
V_20_CVAP_Black;	1042878;	1042878;	0
V_20_CVAP_Asian;	248768;	248768;	0
V_20_CVAP_Native;	42813;	42813;	0
V_20_CVAP_Pacific;	2081;	2081;	0
V_22_CVAP_Total;	9949403;	9949403;	0
V_22_CVAP_White;	7962584;	7962584;	0
V_22_CVAP_Hispanic;	581064;	581064;	0
V_22_CVAP_Black;	1067942;	1067942;	0
V_22_CVAP_Asian;	278767;	278767;	0
V_22_CVAP_Native;	46120;	46120;	0
V_22_CVAP_Pacific;	2307;	2307;	0
V_22_CVAP_RemTwoOrMore;	21699;	21699;	0
