Make Election_Data_PA.v06 (2025-06-19)

Row count: 9178
Totals from Block Data (BData) and CSV Data (CData)
Field;			BData;	CData;	Diff
E_08_PRES_Total;	6012444;	6012444;	0
E_08_PRES_Dem;	3275606;	3275606;	0
E_08_PRES_Rep;	2655169;	2655169;	0
E_12_PRES_Total;	5666846;	5666846;	0
E_12_PRES_Dem;	2987785;	2987785;	0
E_12_PRES_Rep;	2679061;	2679061;	0
E_16_PRES_Total;	6115691;	6115691;	0
E_16_PRES_Dem;	2926156;	2926156;	0
E_16_PRES_Rep;	2971303;	2971303;	0
E_16_SEN_Total;	6052373;	6052373;	0
E_16_SEN_Dem;	2865024;	2865024;	0
E_16_SEN_Rep;	2952206;	2952206;	0
E_16_AG_Total;	5948540;	5948540;	0
E_16_AG_Dem;	3057014;	3057014;	0
E_16_AG_Rep;	2891526;	2891526;	0
E_16_AUD_Total;	5916936;	5916936;	0
E_16_AUD_Dem;	2958821;	2958821;	0
E_16_AUD_Rep;	2667319;	2667319;	0
E_16_TREAS_Total;	5907567;	5907567;	0
E_16_TREAS_Dem;	2991408;	2991408;	0
E_16_TREAS_Rep;	2610812;	2610812;	0
E_18_SEN_Total;	5010032;	5010032;	0
E_18_SEN_Dem;	2792614;	2792614;	0
E_18_SEN_Rep;	2135262;	2135262;	0
E_18_GOV_Total;	5013259;	5013259;	0
E_18_GOV_Dem;	2895953;	2895953;	0
E_18_GOV_Rep;	2040271;	2040271;	0
E_16-20_COMP_Total;	5964106;	5964106;	0
E_16-20_COMP_Dem;	3063769;	3063769;	0
E_16-20_COMP_Rep;	2770889;	2770889;	0
E_20_PRES_Total;	6918349;	6918349;	0
E_20_PRES_Dem;	3460475;	3460475;	0
E_20_PRES_Rep;	3378442;	3378442;	0
E_20_AG_Total;	6798800;	6798800;	0
E_20_AG_Dem;	3457557;	3457557;	0
E_20_AG_Rep;	3150425;	3150425;	0
E_20_AUD_Total;	6744093;	6744093;	0
E_20_AUD_Dem;	3125751;	3125751;	0
E_20_AUD_Rep;	3334394;	3334394;	0
E_20_TREAS_Total;	6753951;	6753951;	0
E_20_TREAS_Dem;	3235932;	3235932;	0
E_20_TREAS_Rep;	3287966;	3287966;	0
