Make Demographic_Data_MS.v06 (2025-06-18)

Row count: 1834
Totals from Block Data (BData) and CSV Data (CData)
Field;			BData;	CData;	Diff
T_10_CENS_Total;	2967297;	2967297;	0
T_10_CENS_White;	1722287;	1722287;	0
T_10_CENS_Hispanic;	81481;	81481;	0
T_10_CENS_Black;	1115801;	1115801;	0
T_10_CENS_Asian;	32560;	32560;	0
T_10_CENS_Native;	25910;	25910;	0
T_10_CENS_Pacific;	2776;	2776;	0
T_18_ACS_Total;	2988762;	2988762;	0
T_18_ACS_White;	1696952;	1696952;	0
T_18_ACS_Hispanic;	90493;	90493;	0
T_18_ACS_Black;	1147921;	1147921;	0
T_18_ACS_Asian;	36791;	36791;	0
T_18_ACS_Native;	24445;	24445;	0
T_18_ACS_Pacific;	2950;	2950;	0
T_19_ACS_Total;	2984418;	2984418;	0
T_19_ACS_White;	1689927;	1689927;	0
T_19_ACS_Hispanic;	91202;	91202;	0
T_19_ACS_Black;	1148334;	1148334;	0
T_19_ACS_Asian;	38321;	38321;	0
T_19_ACS_Native;	25253;	25253;	0
T_19_ACS_Pacific;	2742;	2742;	0
T_20_CENS_Total;	2961279;	2961279;	0
T_20_CENS_White;	1639077;	1639077;	0
T_20_CENS_Hispanic;	105220;	105220;	0
T_20_CENS_Black;	1123613;	1123613;	0
T_20_CENS_Asian;	44931;	44931;	0
T_20_CENS_Native;	53729;	53729;	0
T_20_CENS_Pacific;	3235;	3235;	0
T_20_ACS_Total;	2981835;	2981835;	0
T_20_ACS_White;	1680938;	1680938;	0
T_20_ACS_Hispanic;	94342;	94342;	0
T_20_ACS_Black;	1149098;	1149098;	0
T_20_ACS_Asian;	39237;	39237;	0
T_20_ACS_Native;	24230;	24230;	0
T_20_ACS_Pacific;	3110;	3110;	0
T_22_ACS_Total;	2958846;	2958846;	0
T_22_ACS_White;	1653172;	1653172;	0
T_22_ACS_Hispanic;	97123;	97123;	0
T_22_ACS_Black;	1137750;	1137750;	0
T_22_ACS_Asian;	42044;	42044;	0
T_22_ACS_Native;	31739;	31739;	0
T_22_ACS_Pacific;	3490;	3490;	0
V_10_VAP_Total;	2211742;	2211742;	0
V_10_VAP_White;	1348246;	1348246;	0
V_10_VAP_Hispanic;	54977;	54977;	0
V_10_VAP_Black;	773735;	773735;	0
V_10_VAP_Asian;	23256;	23256;	0
V_10_VAP_Native;	17878;	17878;	0
V_10_VAP_Pacific;	1856;	1856;	0
V_18_CVAP_Total;	2228680;	2228680;	0
V_18_CVAP_White;	1337438;	1337438;	0
V_18_CVAP_Hispanic;	35755;	35755;	0
V_18_CVAP_Black;	821852;	821852;	0
V_18_CVAP_Asian;	16681;	16681;	0
V_18_CVAP_Native;	15298;	15298;	0
V_18_CVAP_Pacific;	510;	510;	0
V_19_CVAP_Total;	2232390;	2232390;	0
V_19_CVAP_White;	1333089;	1333089;	0
V_19_CVAP_Hispanic;	37695;	37695;	0
V_19_CVAP_Black;	826372;	826372;	0
V_19_CVAP_Asian;	17750;	17750;	0
V_19_CVAP_Native;	15832;	15832;	0
V_19_CVAP_Pacific;	510;	510;	0
V_20_VAP_Total;	2277599;	2277599;	0
V_20_VAP_White;	1315451;	1315451;	0
V_20_VAP_Hispanic;	68637;	68637;	0
V_20_VAP_Black;	823080;	823080;	0
V_20_VAP_Asian;	32717;	32717;	0
V_20_VAP_Native;	39081;	39081;	0
V_20_VAP_Pacific;	2214;	2214;	0
V_20_VAP_NH_Total;	2277599;	2277599;	0
V_20_VAP_NH_White;	1315451;	1315451;	0
V_20_VAP_NH_Hispanic;	68637;	68637;	0
V_20_VAP_NH_BlackAlone;	799388;	799388;	0
V_20_VAP_NH_AsianAlone;	25718;	25718;	0
V_20_VAP_NH_NativeAlone;	9701;	9701;	0
V_20_VAP_NH_PacificAlone;	767;	767;	0
V_20_VAP_NH_OtherAlone;	4638;	4638;	0
V_20_VAP_NH_TwoOrMore;	53299;	53299;	0
V_20_CVAP_Total;	2238295;	2238295;	0
V_20_CVAP_White;	1331757;	1331757;	0
V_20_CVAP_Hispanic;	41476;	41476;	0
V_20_CVAP_Black;	828682;	828682;	0
V_20_CVAP_Asian;	17850;	17850;	0
V_20_CVAP_Native;	16117;	16117;	0
V_20_CVAP_Pacific;	834;	834;	0
V_22_CVAP_Total;	2232965;	2232965;	0
V_22_CVAP_White;	1320220;	1320220;	0
V_22_CVAP_Hispanic;	43240;	43240;	0
V_22_CVAP_Black;	827365;	827365;	0
V_22_CVAP_Asian;	20064;	20064;	0
V_22_CVAP_Native;	19925;	19925;	0
V_22_CVAP_Pacific;	750;	750;	0
V_22_CVAP_RemTwoOrMore;	3579;	3579;	0
