Make CSV: NE (census)
Pop loss [311858P]: 2010: 2587, loss: 5.71%
Pop loss [311858P]: 2010: 1418, loss: 7.57%
Pop loss [311858P]: 2010: 1959, loss: 7.75%
Pop loss [311858P]: 2010: 291, loss: 9.0%
Pop loss [311858P]: 2010: 1296, loss: 12.7%
Pop loss [311858P]: 2010: 665, loss: 6.09%
Pop loss [311858P]: 2010: 1367, loss: 4.09%
Pop loss [311858P]: 2010: 1558, loss: 6.73%
Pop loss [311858P]: 2010: 1324, loss: 10.79%
Pop loss [311858P]: 2010: 1328, loss: 3.73%
Pop loss [311858P]: 2010: 958, loss: 10.51%
Pop loss [311858P]: 2010: 601, loss: 2.68%
Pop loss [311858P]: 2010: 737, loss: 5.1%
Pop loss [311858P]: 2010: 661, loss: 2.22%
Pop loss [311858P]: 2010: 862, loss: 6.4%
Pop loss [311858P]: 2010: 940, loss: 17.55%
Pop loss [311858P]: 2010: 481, loss: 19.88%
Pop loss [311858P]: 2010: 330, loss: 3.27%
Pop loss [311858P]: 2010: 391, loss: 3.2%
Pop loss [311858P]: 2010: 460, loss: 9.13%
Pop loss [311858P]: 2010: 627, loss: 26.48%
Pop loss [311858P]: 2010: 303, loss: 10.86%
Pop loss [311858P]: 2010: 808, loss: 0.25%
Pop loss [311858P]: 2010: 927, loss: 11.34%
Pop loss [311858P]: 2010: 1477, loss: 5.39%
Pop loss [311858P]: 2010: 1640, loss: 20.29%
Pop loss [311858P]: 2010: 1169, loss: 23.69%
Pop loss [311858P]: 2010: 1468, loss: 0.16%
Pop loss [311858P]: 2010: 761, loss: 10.84%
Pop loss [311858P]: 2010: 529, loss: 12.27%
Pop loss [311858P]: 2010: 1729, loss: 6.81%
Pop loss [311858P]: 2010: 613, loss: 5.58%
Pop loss [311858P]: 2010: 803, loss: 0.64%
Pop loss [311858P]: 2010: 422, loss: 6.04%
Pop loss [311858P]: 2010: 568, loss: 5.6%
Pop loss [311858P]: 2010: 640, loss: 30.17%
Pop loss [311858P]: 2010: 835, loss: 4.84%
Pop loss [311858P]: 2010: 895, loss: 9.17%
Pop loss [311858P]: 2010: 1318, loss: 17.25%
Pop loss [311858P]: 2010: 1885, loss: 1.46%
Pop loss [311858P]: 2010: 2228, loss: 5.24%
Pop loss [311858P]: 2010: 1106, loss: 1.06%
Pop loss [311858P]: 2010: 1717, loss: 1.57%
Pop loss [311858P]: 2010: 857, loss: 0.11%
Pop loss [311858P]: 2010: 2060, loss: 2.84%
Pop loss [311858P]: 2010: 317, loss: 18.14%
Pop loss [311858P]: 2010: 735, loss: 13.56%
Pop loss [311858P]: 2010: 536, loss: 21.16%
Pop loss [311858P]: 2010: 907, loss: 7.77%
Pop loss [311858P]: 2010: 460, loss: 19.78%
Pop loss [311858P]: 2010: 829, loss: 4.17%
Pop loss [311858P]: 2010: 643, loss: 9.07%
Pop loss [311858P]: 2010: 851, loss: 3.14%
Pop loss [311858P]: 2010: 674, loss: 10.01%
Pop loss [311858P]: 2010: 975, loss: 21.58%
Pop loss [311858P]: 2010: 624, loss: 17.84%
Pop loss [311858P]: 2010: 358, loss: 16.28%
Pop loss [311858P]: 2010: 173, loss: 14.45%
Pop loss [311858P]: 2010: 243, loss: 9.09%
Pop loss [311858P]: 2010: 178, loss: 7.36%
Pop loss [311858P]: 2010: 237, loss: 14.77%
Pop loss [311858P]: 2010: 271, loss: 14.72%
Pop loss [311858P]: 2010: 521, loss: 9.16%
Pop loss [311858P]: 2010: 211, loss: 2.65%
Pop loss [311858P]: 2010: 181, loss: 5.58%
Pop loss [311858P]: 2010: 323, loss: 10.19%
Pop loss [311858P]: 2010: 629, loss: 9.59%
Pop loss [311858P]: 2010: 491, loss: 7.43%
Pop loss [311858P]: 2010: 551, loss: 12.43%
Pop loss [311858P]: 2010: 988, loss: 2.28%
Pop loss [311858P]: 2010: 940, loss: 8.91%
Pop loss [311858P]: 2010: 622, loss: 1.69%
Pop loss [311858P]: 2010: 937, loss: 4.3%
Pop loss [311858P]: 2010: 655, loss: 14.29%
Pop loss [311858P]: 2010: 542, loss: 1.68%
Pop loss [311858P]: 2010: 832, loss: 3.71%
Pop loss [311858P]: 2010: 591, loss: 12.74%
Pop loss [311858P]: 2010: 378, loss: 25.08%
Pop loss [311858P]: 2010: 681, loss: 21.53%
Pop loss [311858P]: 2010: 782, loss: 1.93%
Pop loss [311858P]: 2010: 374, loss: 11.36%
Pop loss [311858P]: 2010: 807, loss: 2.16%
Pop loss [311858P]: 2010: 345, loss: 19.88%
Pop loss [311858P]: 2010: 519, loss: 12.16%
Pop loss [311858P]: 2010: 477, loss: 13.42%
Pop loss [311858P]: 2010: 162, loss: 16.67%
Pop loss [311858P]: 2010: 1003, loss: 4.8%
Pop loss [311858P]: 2010: 559, loss: 9.8%
Pop loss [311858P]: 2010: 613, loss: 5.77%
Pop loss [311858P]: 2010: 548, loss: 3.8%
Pop loss [311858P]: 2010: 239, loss: 4.31%
Pop loss [311858P]: 2010: 758, loss: 3.36%
Pop loss [311858P]: 2010: 931, loss: 16.81%
Pop loss [311858P]: 2010: 1140, loss: 7.4%
Pop loss [311858P]: 2010: 306, loss: 2.12%
Pop loss [311858P]: 2010: 46, loss: 5.87%
Pop loss [311858P]: 2010: 156, loss: 14.1%
Pop loss [311858P]: 2010: 188, loss: 22.29%
Pop loss [311858P]: 2010: 1179, loss: 6.7%
Pop loss [311858P]: 2010: 1029, loss: 0.38%
Pop loss [311858P]: 2010: 39, loss: 2.82%
Pop loss [311858P]: 2010: 77, loss: 13.9%
Pop loss [311858P]: 2010: 129, loss: 8.45%
Pop loss [311858P]: 2010: 233, loss: 7.21%
Pop loss [311858P]: 2010: 119, loss: 12.94%
Pop loss [311858P]: 2010: 741, loss: 0.82%
Pop loss [311858P]: 2010: 1259, loss: 6.18%
Pop loss [311858P]: 2010: 2003, loss: 11.12%
Pop loss [311858P]: 2010: 1920, loss: 6.38%
Pop loss [311858P]: 2010: 1145, loss: 3.13%
Pop loss [311858P]: 2010: 474, loss: 17.38%
Pop loss [311858P]: 2010: 356, loss: 13.34%
Pop loss [311858P]: 2010: 443, loss: 13.54%
Pop loss [311858P]: 2010: 368, loss: 6.63%
Pop loss [311858P]: 2010: 675, loss: 24.52%
Pop loss [311858P]: 2010: 760, loss: 0.12%
Pop loss [311858P]: 2010: 387, loss: 12.56%
Pop loss [311858P]: 2010: 2465, loss: 22.85%
Pop loss [311858P]: 2010: 1073, loss: 0.25%
Pop loss [311858P]: 2010: 1063, loss: 15.08%
Pop loss [311858P]: 2010: 1218, loss: 14.66%
Pop loss [311858P]: 2010: 2127, loss: 5.03%
Pop loss [311858P]: 2010: 372, loss: 14.01%
Pop loss [311858P]: 2010: 55, loss: 27.27%
Pop loss [311858P]: 2010: 75, loss: 18.67%
Pop loss [311858P]: 2010: 146, loss: 8.15%
Pop loss [311858P]: 2010: 21, loss: 34.76%
Pop loss [311858P]: 2010: 150, loss: 2.4%
Pop loss [311858P]: 2010: 117, loss: 2.99%
Pop loss [311858P]: 2010: 118, loss: 7.8%
Pop loss [311858P]: 2010: 97, loss: 2.37%
Pop loss [311858P]: 2010: 155, loss: 8.06%
Pop loss [311858P]: 2010: 133, loss: 28.8%
Pop loss [311858P]: 2010: 140, loss: 33.07%
Pop loss [311858P]: 2010: 101, loss: 14.46%
Pop loss [311858P]: 2010: 232, loss: 9.57%
Pop loss [311858P]: 2010: 152, loss: 9.8%
Pop loss [311858P]: 2010: 102, loss: 3.43%
Pop loss [311858P]: 2010: 61, loss: 31.64%
Pop loss [311858P]: 2010: 326, loss: 23.93%
Pop loss [311858P]: 2010: 47, loss: 7.45%
Pop loss [311858P]: 2010: 129, loss: 11.4%
Pop loss [311858P]: 2010: 126, loss: 3.73%
Pop loss [311858P]: 2010: 305, loss: 7.77%
Pop loss [311858P]: 2010: 599, loss: 1.3%
Pop loss [311858P]: 2010: 462, loss: 13.27%
Pop loss [311858P]: 2010: 645, loss: 10.29%
Pop loss [311858P]: 2010: 1044, loss: 5.27%
Pop loss [311858P]: 2010: 754, loss: 10.12%
Pop loss [311858P]: 2010: 2283, loss: 6.41%
Pop loss [311858P]: 2010: 618, loss: 7.7%
Pop loss [311858P]: 2010: 489, loss: 10.74%
Pop loss [311858P]: 2010: 550, loss: 1.27%
Pop loss [311858P]: 2010: 1040, loss: 8.74%
Pop loss [311858P]: 2010: 3418, loss: 4.72%
Pop loss [311858P]: 2010: 3602, loss: 3.5%
Pop loss [311858P]: 2010: 1650, loss: 9.25%
Pop loss [311858P]: 2010: 1807, loss: 15.13%
Pop loss [311858P]: 2010: 729, loss: 30.93%
Pop loss [311858P]: 2010: 1063, loss: 5.16%
Pop loss [311858P]: 2010: 1637, loss: 15.41%
Pop loss [311858P]: 2010: 637, loss: 13.89%
Pop loss [311858P]: 2010: 543, loss: 10.44%
Pop loss [311858P]: 2010: 562, loss: 12.49%
Pop loss [311858P]: 2010: 245, loss: 13.51%
Pop loss [311858P]: 2010: 261, loss: 24.37%
Pop loss [311858P]: 2010: 707, loss: 8.29%
Pop loss [311858P]: 2010: 194, loss: 18.51%
Pop loss [311858P]: 2010: 435, loss: 24.64%
Pop loss [311858P]: 2010: 522, loss: 12.3%
Pop loss [311858P]: 2010: 613, loss: 27.03%
Pop loss [311858P]: 2010: 1929, loss: 3.03%
Pop loss [311858P]: 2010: 2272, loss: 14.6%
Pop loss [311858P]: 2010: 1387, loss: 28.59%
Pop loss [311858P]: 2010: 2704, loss: 4.55%
Pop loss [311858P]: 2010: 684, loss: 8.61%
Pop loss [311858P]: 2010: 674, loss: 8.78%
Pop loss [311858P]: 2010: 649, loss: 6.69%
Pop loss [311858P]: 2010: 547, loss: 1.21%
Pop loss [311858P]: 2010: 570, loss: 17.98%
Pop loss [311858P]: 2010: 235, loss: 10.94%
Pop loss [311858P]: 2010: 254, loss: 3.66%
Pop loss [311858P]: 2010: 399, loss: 6.77%
Pop loss [311858P]: 2010: 458, loss: 8.43%
Pop loss [311858P]: 2010: 758, loss: 2.88%
Pop loss [311858P]: 2010: 886, loss: 0.99%
Pop loss [311858P]: 2010: 489, loss: 2.41%
Pop loss [311858P]: 2010: 458, loss: 4.72%
Pop loss [311858P]: 2010: 881, loss: 5.48%
Pop loss [311858P]: 2010: 1114, loss: 10.76%
Pop loss [311858P]: 2010: 1230, loss: 11.9%
Pop loss [311858P]: 2010: 377, loss: 0.72%
Pop loss [311858P]: 2010: 2015, loss: 13.85%
Pop loss [311858P]: 2010: 1554, loss: 26.44%
Pop loss [311858P]: 2010: 1139, loss: 0.25%
Pop loss [311858P]: 2010: 958, loss: 18.81%
Pop loss [311858P]: 2010: 1218, loss: 2.8%
Pop loss [311858P]: 2010: 859, loss: 18.8%
Pop loss [311858P]: 2010: 2050, loss: 7.39%
Pop loss [311858P]: 2010: 1336, loss: 3.92%
Pop loss [311858P]: 2010: 1182, loss: 10.04%
Pop loss [311858P]: 2010: 830, loss: 12.8%
Pop loss [311858P]: 2010: 857, loss: 0.7%
Pop loss [311858P]: 2010: 2403, loss: 10.28%
Pop loss [311858P]: 2010: 956, loss: 6.33%
Pop loss [311858P]: 2010: 1221, loss: 22.95%
Pop loss [311858P]: 2010: 1414, loss: 8.37%
Pop loss [311858P]: 2010: 999, loss: 10.19%
Pop loss [311858P]: 2010: 1363, loss: 0.43%
Pop loss [311858P]: 2010: 831, loss: 0.94%
Pop loss [311858P]: 2010: 1139, loss: 16.45%
Pop loss [311858P]: 2010: 1452, loss: 7.71%
Pop loss [311858P]: 2010: 784, loss: 2.12%
Pop loss [311858P]: 2010: 653, loss: 0.4%
Pop loss [311858P]: 2010: 1881, loss: 3.9%
Pop loss [311858P]: 2010: 574, loss: 4.16%
Pop loss [311858P]: 2010: 1118, loss: 2.07%
Pop loss [311858P]: 2010: 1633, loss: 1.22%
Pop loss [311858P]: 2010: 1170, loss: 5.47%
Pop loss [311858P]: 2010: 1531, loss: 5.9%
Pop loss [311858P]: 2010: 923, loss: 9.06%
Pop loss [311858P]: 2010: 1175, loss: 6.92%
Pop loss [311858P]: 2010: 701, loss: 1.67%
Pop loss [311858P]: 2010: 1460, loss: 9.03%
Pop loss [311858P]: 2010: 972, loss: 13.12%
Pop loss [311858P]: 2010: 1256, loss: 3.45%
Pop loss [311858P]: 2010: 1345, loss: 8.83%
Pop loss [311858P]: 2010: 1319, loss: 8.67%
Pop loss [311858P]: 2010: 1040, loss: 8.19%
Pop loss [311858P]: 2010: 1200, loss: 9.51%
Pop loss [311858P]: 2010: 1009, loss: 4.83%
Pop loss [311858P]: 2010: 1660, loss: 10.17%
Pop loss [311858P]: 2010: 1205, loss: 3.85%
Pop loss [311858P]: 2010: 1363, loss: 3.13%
Pop loss [311858P]: 2010: 1280, loss: 3.54%
Pop loss [311858P]: 2010: 1269, loss: 0.14%
Pop loss [311858P]: 2010: 924, loss: 10.21%
Pop loss [311858P]: 2010: 1513, loss: 6.78%
Pop loss [311858P]: 2010: 1290, loss: 10.52%
Pop loss [311858P]: 2010: 1051, loss: 4.34%
Pop loss [311858P]: 2010: 1998, loss: 1.76%
Pop loss [311858P]: 2010: 1983, loss: 2.17%
Pop loss [311858P]: 2010: 1375, loss: 17.6%
Pop loss [311858P]: 2010: 1528, loss: 13.81%
Pop loss [311858P]: 2010: 1446, loss: 27.43%
Pop loss [311858P]: 2010: 1225, loss: 5.39%
Pop loss [311858P]: 2010: 1199, loss: 12.87%
Pop loss [311858P]: 2010: 1026, loss: 3.21%
Pop loss [311858P]: 2010: 2580, loss: 1.79%
Pop loss [311858P]: 2010: 645, loss: 7.75%
Pop loss [311858P]: 2010: 900, loss: 11.31%
Pop loss [311858P]: 2010: 1326, loss: 4.47%
Pop loss [311858P]: 2010: 1035, loss: 2.82%
Pop loss [311858P]: 2010: 1773, loss: 0.19%
Pop loss [311858P]: 2010: 2030, loss: 4.99%
Pop loss [311858P]: 2010: 1162, loss: 13.25%
Pop loss [311858P]: 2010: 1307, loss: 1.07%
Pop loss [311858P]: 2010: 895, loss: 6.63%
Pop loss [311858P]: 2010: 1846, loss: 1.06%
Pop loss [311858P]: 2010: 1112, loss: 20.6%
Pop loss [311858P]: 2010: 2496, loss: 2.97%
Pop loss [311858P]: 2010: 1275, loss: 13.71%
Pop loss [311858P]: 2010: 1412, loss: 3.76%
Pop loss [311858P]: 2010: 1185, loss: 3.32%
Pop loss [311858P]: 2010: 1157, loss: 16.69%
Pop loss [311858P]: 2010: 2062, loss: 6.17%
Pop loss [311858P]: 2010: 1294, loss: 11.47%
Pop loss [311858P]: 2010: 3217, loss: 1.59%
Pop loss [311858P]: 2010: 4444, loss: 12.55%
Pop loss [311858P]: 2010: 1088, loss: 26.38%
Pop loss [311858P]: 2010: 2884, loss: 2.93%
Pop loss [311858P]: 2010: 1244, loss: 6.95%
Pop loss [311858P]: 2010: 1047, loss: 10.09%
Pop loss [311858P]: 2010: 2087, loss: 12.71%
Pop loss [311858P]: 2010: 1645, loss: 5.64%
Pop loss [311858P]: 2010: 1628, loss: 6.07%
Pop loss [311858P]: 2010: 2783, loss: 2.79%
Pop loss [311858P]: 2010: 1227, loss: 0.64%
Pop loss [311858P]: 2010: 1280, loss: 3.87%
Pop loss [311858P]: 2010: 1256, loss: 20.41%
Pop loss [311858P]: 2010: 2787, loss: 1.21%
Pop loss [311858P]: 2010: 974, loss: 12.83%
Pop loss [311858P]: 2010: 1520, loss: 8.93%
Pop loss [311858P]: 2010: 1838, loss: 6.79%
Pop loss [311858P]: 2010: 1416, loss: 20.18%
Pop loss [311858P]: 2010: 1063, loss: 0.73%
Pop loss [311858P]: 2010: 1500, loss: 4.29%
Pop loss [311858P]: 2010: 1047, loss: 20.27%
Pop loss [311858P]: 2010: 1352, loss: 5.44%
Pop loss [311858P]: 2010: 1609, loss: 4.65%
Pop loss [311858P]: 2010: 1553, loss: 14.96%
Pop loss [311858P]: 2010: 1778, loss: 16.19%
Pop loss [311858P]: 2010: 1138, loss: 15.74%
Pop loss [311858P]: 2010: 1937, loss: 15.67%
Pop loss [311858P]: 2010: 1468, loss: 18.38%
Pop loss [311858P]: 2010: 1737, loss: 19.22%
Pop loss [311858P]: 2010: 1807, loss: 27.18%
Pop loss [311858P]: 2010: 1165, loss: 2.98%
Pop loss [311858P]: 2010: 1377, loss: 3.93%
Pop loss [311858P]: 2010: 787, loss: 18.36%
Pop loss [311858P]: 2010: 2017, loss: 17.07%
Pop loss [311858P]: 2010: 1614, loss: 3.35%
Pop loss [311858P]: 2010: 1303, loss: 0.29%
Pop loss [311858P]: 2010: 915, loss: 7.13%
Pop loss [311858P]: 2010: 1786, loss: 12.16%
Pop loss [311858P]: 2010: 1740, loss: 3.25%
Pop loss [311858P]: 2010: 1461, loss: 14.82%
Pop loss [311858P]: 2010: 958, loss: 9.82%
Pop loss [311858P]: 2010: 1705, loss: 4.55%
Pop loss [311858P]: 2010: 1258, loss: 6.31%
Pop loss [311858P]: 2010: 1778, loss: 6.22%
Pop loss [311858P]: 2010: 1640, loss: 6.54%
Pop loss [311858P]: 2010: 1429, loss: 0.48%
Pop loss [311858P]: 2010: 1258, loss: 2.85%
Pop loss [311858P]: 2010: 948, loss: 7.15%
Pop loss [311858P]: 2010: 1627, loss: 3.6%
Pop loss [311858P]: 2010: 1074, loss: 3.15%
Pop loss [311858P]: 2010: 2050, loss: 0.11%
Pop loss [311858P]: 2010: 1539, loss: 11.14%
Pop loss [311858P]: 2010: 1244, loss: 3.31%
Pop loss [311858P]: 2010: 1026, loss: 12.41%
Pop loss [311858P]: 2010: 798, loss: 10.53%
Pop loss [311858P]: 2010: 1633, loss: 3.25%
Pop loss [311858P]: 2010: 1094, loss: 7.63%
Pop loss [311858P]: 2010: 1036, loss: 13.67%
Pop loss [311858P]: 2010: 1415, loss: 2.71%
Pop loss [311858P]: 2010: 1209, loss: 2.54%
Pop loss [311858P]: 2010: 763, loss: 12.19%
Pop loss [311858P]: 2010: 2531, loss: 0.24%
Pop loss [311858P]: 2010: 2117, loss: 20.6%
Pop loss [311858P]: 2010: 942, loss: 17.98%
Pop loss [311858P]: 2010: 1662, loss: 17.41%
Pop loss [311858P]: 2010: 1186, loss: 19.95%
Pop loss [311858P]: 2010: 831, loss: 5.96%
Pop loss [311858P]: 2010: 1409, loss: 21.19%
Pop loss [311858P]: 2010: 1003, loss: 22.52%
Pop loss [311858P]: 2010: 1331, loss: 8.19%
Pop loss [311858P]: 2010: 603, loss: 19.1%
Pop loss [311858P]: 2010: 420, loss: 0.83%
Pop loss [311858P]: 2010: 374, loss: 24.36%
Pop loss [311858P]: 2010: 806, loss: 8.47%
Pop loss [311858P]: 2010: 708, loss: 9.19%
Pop loss [311858P]: 2010: 555, loss: 6.97%
Pop loss [311858P]: 2010: 708, loss: 11.72%
Pop loss [311858P]: 2010: 352, loss: 13.04%
Pop loss [311858P]: 2010: 706, loss: 6.09%
Pop loss [311858P]: 2010: 1069, loss: 11.41%
Pop loss [311858P]: 2010: 690, loss: 11.13%
Pop loss [311858P]: 2010: 409, loss: 3.3%
Pop loss [311858P]: 2010: 1102, loss: 11.66%
Pop loss [311858P]: 2010: 181, loss: 10.28%
Pop loss [311858P]: 2010: 229, loss: 2.88%
Pop loss [311858P]: 2010: 173, loss: 12.83%
Pop loss [311858P]: 2010: 237, loss: 20.68%
Pop loss [311858P]: 2010: 763, loss: 19.23%
Pop loss [311858P]: 2010: 168, loss: 28.15%
Pop loss [311858P]: 2010: 161, loss: 30.31%
Pop loss [311858P]: 2010: 827, loss: 31.93%
Pop loss [311858P]: 2010: 852, loss: 2.32%
Pop loss [311858P]: 2010: 543, loss: 0.26%
Pop loss [311858P]: 2010: 717, loss: 6.74%
Pop loss [311858P]: 2010: 471, loss: 6.28%
Pop loss [311858P]: 2010: 339, loss: 5.01%
Pop loss [311858P]: 2010: 571, loss: 15.94%
Pop loss [311858P]: 2010: 717, loss: 0.36%
Pop loss [311858P]: 2010: 870, loss: 2.34%
Pop loss [311858P]: 2010: 950, loss: 15.39%
Pop loss [311858P]: 2010: 1138, loss: 1.45%
Pop loss [311858P]: 2010: 997, loss: 7.05%
Pop loss [311858P]: 2010: 1105, loss: 13.49%
Pop loss [311858P]: 2010: 1135, loss: 16.16%
Pop loss [311858P]: 2010: 565, loss: 2.02%
Pop loss [311858P]: 2010: 941, loss: 4.29%
Pop loss [311858P]: 2010: 1249, loss: 15.79%
Pop loss [311858P]: 2010: 740, loss: 9.82%
Pop loss [311858P]: 2010: 990, loss: 0.95%
Pop loss [311858P]: 2010: 607, loss: 7.63%
Pop loss [311858P]: 2010: 183, loss: 13.11%
Pop loss [311858P]: 2010: 748, loss: 8.46%
Pop loss [311858P]: 2010: 553, loss: 9.78%
Pop loss [311858P]: 2010: 573, loss: 9.7%
Pop loss [311858P]: 2010: 839, loss: 11.75%
Pop loss [311858P]: 2010: 690, loss: 1.65%
Pop loss [311858P]: 2010: 391, loss: 13.43%
Pop loss [311858P]: 2010: 151, loss: 15.17%
Pop loss [311858P]: 2010: 555, loss: 6.38%
Pop loss [311858P]: 2010: 745, loss: 3.09%
Pop loss [311858P]: 2010: 815, loss: 6.72%
Pop loss [311858P]: 2010: 423, loss: 3.52%
Pop loss [311858P]: 2010: 1772, loss: 7.88%
Pop loss [311858P]: 2010: 1930, loss: 39.65%
Pop loss [311858P]: 2010: 2676, loss: 5.88%
Pop loss [311858P]: 2010: 2268, loss: 0.12%
Pop loss [311858P]: 2010: 1321, loss: 16.96%
Pop loss [311858P]: 2010: 1154, loss: 16.3%
Pop loss [311858P]: 2010: 2830, loss: 15.92%
Pop loss [311858P]: 2010: 1659, loss: 4.07%
Pop loss [311858P]: 2010: 2589, loss: 8.81%
Pop loss [311858P]: 2010: 1115, loss: 21.65%
Pop loss [311858P]: 2010: 1512, loss: 0.5%
Pop loss [311858P]: 2010: 942, loss: 6.06%
Pop loss [311858P]: 2010: 649, loss: 0.2%
Pop loss [311858P]: 2010: 927, loss: 1.4%
Pop loss [311858P]: 2010: 377, loss: 15.25%
Pop loss [311858P]: 2010: 778, loss: 15.04%
Pop loss [311858P]: 2010: 770, loss: 9.35%
Pop loss [311858P]: 2010: 582, loss: 6.87%
Pop loss [311858P]: 2010: 1358, loss: 0.66%
Pop loss [311858P]: 2010: 1589, loss: 2.28%
Pop loss [311858P]: 2010: 395, loss: 12.28%
Pop loss [311858P]: 2010: 381, loss: 10.89%
Pop loss [311858P]: 2010: 317, loss: 10.19%
Pop loss [311858P]: 2010: 600, loss: 3.25%
Pop loss [311858P]: 2010: 349, loss: 4.84%
Pop loss [311858P]: 2010: 322, loss: 5.53%
Pop loss [311858P]: 2010: 610, loss: 6.43%
Pop loss [311858P]: 2010: 389, loss: 2.26%
Pop loss [311858P]: 2010: 838, loss: 5.3%
Pop loss [311858P]: 2010: 383, loss: 2.09%
Pop loss [311858P]: 2010: 823, loss: 4.2%
Pop loss [311858P]: 2010: 423, loss: 9.5%
Pop loss [311858P]: 2010: 657, loss: 6.44%
Pop loss [311858P]: 2010: 917, loss: 14.81%
Pop loss [311858P]: 2010: 979, loss: 1.08%
Pop loss [311858P]: 2010: 856, loss: 16.29%
Pop loss [311858P]: 2010: 736, loss: 6.11%
Pop loss [311858P]: 2010: 1361, loss: 1.15%
Pop loss [311858P]: 2010: 392, loss: 4.62%
Pop loss [311858P]: 2010: 793, loss: 10.87%
Pop loss [311858P]: 2010: 723, loss: 3.39%
Pop loss [311858P]: 2010: 984, loss: 6.25%
Pop loss [311858P]: 2010: 887, loss: 5.9%
Pop loss [311858P]: 2010: 1040, loss: 9.55%
Pop loss [311858P]: 2010: 1031, loss: 3.62%
Pop loss [311858P]: 2010: 374, loss: 11.23%
Pop loss [311858P]: 2010: 750, loss: 5.65%
Pop loss [311858P]: 2010: 532, loss: 6.15%
Pop loss [311858P]: 2010: 473, loss: 4.82%
Pop loss [311858P]: 2010: 1058, loss: 10.39%
Pop loss [311858P]: 2010: 542, loss: 13.95%
Pop loss [311858P]: 2010: 308, loss: 6.72%
Pop loss [311858P]: 2010: 471, loss: 4.61%
Pop loss [311858P]: 2010: 196, loss: 8.16%
Pop loss [311858P]: 2010: 890, loss: 2.56%
Pop loss [311858P]: 2010: 153, loss: 6.21%
Pop loss [311858P]: 2010: 954, loss: 2.17%
Pop loss [311858P]: 2010: 299, loss: 3.31%
Pop loss [311858P]: 2010: 811, loss: 5.61%
Pop loss [311858P]: 2010: 451, loss: 11.15%
Pop loss [311858P]: 2010: 318, loss: 1.13%
Pop loss [311858P]: 2010: 357, loss: 1.62%
Pop loss [311858P]: 2010: 1108, loss: 15.71%
Pop loss [311858P]: 2010: 971, loss: 0.02%
Pop loss [311858P]: 2010: 697, loss: 3.8%
Pop loss [311858P]: 2010: 829, loss: 0.17%
Pop loss [311858P]: 2010: 273, loss: 6.01%
Pop loss [311858P]: 2010: 266, loss: 7.67%
Pop loss [311858P]: 2010: 303, loss: 23.27%
Pop loss [311858P]: 2010: 652, loss: 11.13%
Pop loss [311858P]: 2010: 434, loss: 32.19%
Pop loss [311858P]: 2010: 1349, loss: 4.73%
Pop loss [311858P]: 2010: 1375, loss: 0.77%
Pop loss [311858P]: 2010: 875, loss: 8.55%
Pop loss [311858P]: 2010: 1187, loss: 13.7%
Pop loss [311858P]: 2010: 1054, loss: 4.6%
Pop loss [311858P]: 2010: 1476, loss: 4.21%
Pop loss [311858P]: 2010: 933, loss: 1.18%
Pop loss [311858P]: 2010: 1320, loss: 0.37%
Pop loss [311858P]: 2010: 1094, loss: 18.12%
Pop loss [311858P]: 2010: 823, loss: 17.98%
Pop loss [311858P]: 2010: 1339, loss: 4.38%
Pop loss [311858P]: 2010: 1120, loss: 3.36%
Pop loss [311858P]: 2010: 1084, loss: 6.72%
Pop loss [311858P]: 2010: 799, loss: 0.96%
Pop loss [311858P]: 2010: 756, loss: 0.32%
Pop loss [311858P]: 2010: 1073, loss: 2.12%
Pop loss [311858P]: 2010: 974, loss: 7.2%
Pop loss [311858P]: 2010: 1098, loss: 3.66%
Pop loss [311858P]: 2010: 967, loss: 7.91%
Pop loss [311858P]: 2010: 1607, loss: 13.77%
Pop loss [311858P]: 2010: 1595, loss: 4.89%
Pop loss [311858P]: 2010: 900, loss: 2.07%
Pop loss [311858P]: 2010: 930, loss: 3.12%
Pop loss [311858P]: 2010: 1394, loss: 2.55%
Pop loss [311858P]: 2010: 1279, loss: 1.56%
Pop loss [311858P]: 2010: 1418, loss: 17.76%
Pop loss [311858P]: 2010: 1952, loss: 8.36%
Pop loss [311858P]: 2010: 1389, loss: 10.55%
Pop loss [311858P]: 2010: 992, loss: 22.89%
Pop loss [311858P]: 2010: 1186, loss: 10.03%
Pop loss [311858P]: 2010: 842, loss: 15.91%
Pop loss [311858P]: 2010: 1078, loss: 3.2%
Pop loss [311858P]: 2010: 974, loss: 6.75%
Pop loss [311858P]: 2010: 1070, loss: 21.41%
Pop loss [311858P]: 2010: 715, loss: 15.69%
Pop loss [311858P]: 2010: 888, loss: 7.41%
Pop loss [311858P]: 2010: 1133, loss: 4.15%
Pop loss [311858P]: 2010: 1220, loss: 2.21%
Pop loss [311858P]: 2010: 997, loss: 1.22%
Pop loss [311858P]: 2010: 1278, loss: 14.23%
Pop loss [311858P]: 2010: 1449, loss: 11.66%
Pop loss [311858P]: 2010: 1088, loss: 2.57%
Pop loss [311858P]: 2010: 839, loss: 2.04%
Pop loss [311858P]: 2010: 1349, loss: 5.09%
Pop loss [311858P]: 2010: 842, loss: 1.69%
Pop loss [311858P]: 2010: 729, loss: 6.65%
Pop loss [311858P]: 2010: 972, loss: 6.63%
Pop loss [311858P]: 2010: 1193, loss: 9.74%
Pop loss [311858P]: 2010: 1504, loss: 0.25%
Pop loss [311858P]: 2010: 1432, loss: 7.81%
Pop loss [311858P]: 2010: 1948, loss: 10.54%
Pop loss [311858P]: 2010: 1716, loss: 17.3%
Pop loss [311858P]: 2010: 1170, loss: 15.81%
Pop loss [311858P]: 2010: 2368, loss: 1.5%
Pop loss [311858P]: 2010: 1371, loss: 13.06%
Pop loss [311858P]: 2010: 6833, loss: 1.19%
Pop loss [311858P]: 2010: 2209, loss: 7.33%
Pop loss [311858P]: 2010: 660, loss: 8.8%
Pop loss [311858P]: 2010: 1364, loss: 8.33%
Pop loss [311858P]: 2010: 1473, loss: 1.38%
Pop loss [311858P]: 2010: 2484, loss: 3.84%
Pop loss [311858P]: 2010: 2539, loss: 3.09%
Pop loss [311858P]: 2010: 1475, loss: 4.83%
Pop loss [311858P]: 2010: 588, loss: 5.1%
Pop loss [311858P]: 2010: 908, loss: 5.91%
Pop loss [311858P]: 2010: 1455, loss: 5.33%
Pop loss [311858P]: 2010: 1188, loss: 9.77%
Pop loss [311858P]: 2010: 1856, loss: 0.88%
Pop loss [311858P]: 2010: 817, loss: 20.76%
Pop loss [311858P]: 2010: 1542, loss: 8.81%
Pop loss [311858P]: 2010: 1132, loss: 3.3%
Pop loss [311858P]: 2010: 861, loss: 9.7%
Pop loss [311858P]: 2010: 448, loss: 29.17%
Pop loss [311858P]: 2010: 2143, loss: 7.52%
Pop loss [311858P]: 2010: 1362, loss: 1.11%
Pop loss [311858P]: 2010: 1657, loss: 4.27%
Pop loss [311858P]: 2010: 1728, loss: 0.92%
Pop loss [311858P]: 2010: 668, loss: 21.35%
Pop loss [311858P]: 2010: 1094, loss: 9.64%
Pop loss [311858P]: 2010: 322, loss: 15.93%
Pop loss [311858P]: 2010: 661, loss: 2.75%
Pop loss [311858P]: 2010: 1829, loss: 10.44%
Pop loss [311858P]: 2010: 2167, loss: 5.95%
Pop loss [311858P]: 2010: 1370, loss: 8.75%
Pop loss [311858P]: 2010: 1362, loss: 12.38%
Pop loss [311858P]: 2010: 1763, loss: 3.96%
Pop loss [311858P]: 2010: 1482, loss: 6.3%
Pop loss [311858P]: 2010: 1490, loss: 1.98%
Pop loss [311858P]: 2010: 1227, loss: 20.51%
Pop loss [311858P]: 2010: 1478, loss: 7.93%
Pop loss [311858P]: 2010: 793, loss: 12.01%
Pop loss [311858P]: 2010: 1637, loss: 12.16%
Pop loss [311858P]: 2010: 632, loss: 7.44%
Pop loss [311858P]: 2010: 539, loss: 15.77%
Pop loss [311858P]: 2010: 1965, loss: 0.91%
Pop loss [311858P]: 2010: 1832, loss: 10.71%
Pop loss [311858P]: 2010: 1813, loss: 3.97%
Pop loss [311858P]: 2010: 1825, loss: 5.34%
Pop loss [311858P]: 2010: 1771, loss: 12.79%
Pop loss [311858P]: 2010: 988, loss: 1.61%
Pop loss [311858P]: 2010: 488, loss: 19.65%
Pop loss [311858P]: 2010: 1128, loss: 1.87%
Pop loss [311858P]: 2010: 1316, loss: 12.01%
Pop loss [311858P]: 2010: 298, loss: 5.13%
Pop loss [311858P]: 2010: 479, loss: 9.37%
Pop loss [311858P]: 2010: 210, loss: 16.19%
Pop loss [311858P]: 2010: 348, loss: 3.97%
Pop loss [311858P]: 2010: 520, loss: 5.4%
Pop loss [311858P]: 2010: 849, loss: 12.19%
Pop loss [311858P]: 2010: 1401, loss: 1.58%
Pop loss [311858P]: 2010: 852, loss: 22.91%
Pop loss [311858P]: 2010: 103, loss: 8.16%
Pop loss [311858P]: 2010: 1158, loss: 14.95%
Pop loss [311858P]: 2010: 135, loss: 10.89%
Pop loss [311858P]: 2010: 359, loss: 24.85%
Pop loss [311858P]: 2010: 606, loss: 27.24%
Pop loss [311858P]: 2010: 460, loss: 26.11%
Pop loss [311858P]: 2010: 305, loss: 0.39%
Pop loss [311858P]: 2010: 927, loss: 12.13%
Pop loss [311858P]: 2010: 963, loss: 2.89%
Pop loss [311858P]: 2010: 899, loss: 4.68%
Pop loss [311858P]: 2010: 1174, loss: 5.27%
Pop loss [311858P]: 2010: 1201, loss: 11.47%
Pop loss [311858P]: 2010: 582, loss: 7.87%
Pop loss [311858P]: 2010: 824, loss: 8.22%
Pop loss [311858P]: 2010: 340, loss: 20.79%
Pop loss [311858P]: 2010: 194, loss: 16.39%
Pop loss [311858P]: 2010: 740, loss: 5.43%
Pop loss [311858P]: 2010: 618, loss: 2.75%
Pop loss [311858P]: 2010: 853, loss: 7.4%
Pop loss [311858P]: 2010: 1126, loss: 3.04%
Pop loss [311858P]: 2010: 884, loss: 14.13%
Pop loss [311858P]: 2010: 893, loss: 6.94%
Pop loss [311858P]: 2010: 611, loss: 0.15%
Pop loss [311858P]: 2010: 1307, loss: 2.59%
Pop loss [311858P]: 2010: 1412, loss: 5.33%
Pop loss [311858P]: 2010: 708, loss: 3.23%
Pop loss [311858P]: 2010: 502, loss: 19.24%
Pop loss [311858P]: 2010: 409, loss: 1.98%
Pop loss [311858P]: 2010: 394, loss: 28.12%
Pop loss [311858P]: 2010: 879, loss: 10.86%
Pop loss [311858P]: 2010: 1003, loss: 2.62%
Pop loss [311858P]: 2010: 235, loss: 6.81%
Pop loss [311858P]: 2010: 284, loss: 17.15%
Pop loss [311858P]: 2010: 210, loss: 5.0%
Pop loss [311858P]: 2010: 396, loss: 16.46%
Pop loss [311858P]: 2010: 1255, loss: 17.69%
Pop loss [311858P]: 2010: 1390, loss: 6.55%
Pop loss [311858P]: 2010: 1656, loss: 10.38%
Pop loss [311858P]: 2010: 1551, loss: 16.55%
Pop loss [311858P]: 2010: 420, loss: 1.55%
Pop loss [311858P]: 2010: 687, loss: 0.35%
Pop loss [311858P]: 2010: 584, loss: 10.75%
Pop loss [311858P]: 2010: 867, loss: 4.97%
Pop loss [311858P]: 2010: 432, loss: 17.01%
Pop loss [311858P]: 2010: 1172, loss: 1.13%
Pop loss [311858P]: 2010: 1159, loss: 5.48%
Pop loss [311858P]: 2010: 1325, loss: 10.94%
Pop loss [311858P]: 2010: 1402, loss: 18.94%
Pop loss [311858P]: 2010: 1465, loss: 4.34%
Pop loss [311858P]: 2010: 1462, loss: 4.23%
Pop loss [311858P]: 2010: 1362, loss: 12.94%
Pop loss [311858P]: 2010: 987, loss: 18.7%
Pop loss [311858P]: 2010: 750, loss: 3.73%
Pop loss [311858P]: 2010: 774, loss: 0.8%
Pop loss [311858P]: 2010: 1197, loss: 2.97%
Pop loss [311858P]: 2010: 948, loss: 1.91%
Pop loss [311858P]: 2010: 389, loss: 3.6%
Pop loss [311858P]: 2010: 423, loss: 0.4%
Pop loss [311858P]: 2010: 416, loss: 14.62%
Pop loss [311858P]: 2010: 980, loss: 13.89%
Pop loss [311858P]: 2010: 618, loss: 26.57%
Pop loss [311858P]: 2010: 1105, loss: 15.57%
Pop loss [311858P]: 2010: 1047, loss: 11.74%
Pop loss [311858P]: 2010: 1086, loss: 3.56%
Pop loss [311858P]: 2010: 833, loss: 3.73%
Pop loss [311858P]: 2010: 465, loss: 6.45%
Pop loss [311858P]: 2010: 221, loss: 2.67%
Pop loss [311858P]: 2010: 403, loss: 9.6%
Pop loss [311858P]: 2010: 312, loss: 0.38%
Pop loss [311858P]: 2010: 221, loss: 11.45%
Pop loss [311858P]: 2010: 451, loss: 8.96%
Pop loss [311858P]: 2010: 343, loss: 6.21%
Pop loss [311858P]: 2010: 971, loss: 1.88%
Pop loss [311858P]: 2010: 958, loss: 2.65%
Pop loss [311858P]: 2010: 1326, loss: 0.6%
Pop loss [311858P]: 2010: 1064, loss: 19.04%
Pop loss [311858P]: 2010: 400, loss: 8.17%
Pop loss [311858P]: 2010: 640, loss: 6.22%
Pop loss [311858P]: 2010: 284, loss: 20.11%
Pop loss [311858P]: 2010: 101, loss: 20.5%
Pop loss [311858P]: 2010: 101, loss: 25.45%
Pop loss [311858P]: 2010: 1183, loss: 0.12%
Pop loss [311858P]: 2010: 1310, loss: 8.17%
Pop loss [311858P]: 2010: 985, loss: 8.4%
Pop loss [311858P]: 2010: 875, loss: 5.7%
Pop loss [311858P]: 2010: 2313, loss: 6.14%
Pop loss [311858P]: 2010: 2253, loss: 4.25%
Pop loss [311858P]: 2010: 1877, loss: 9.1%
Pop loss [311858P]: 2010: 1558, loss: 13.43%
Pop loss [311858P]: 2010: 2214, loss: 11.74%
Pop loss [311858P]: 2010: 1147, loss: 2.11%
Pop loss [311858P]: 2010: 1749, loss: 3.59%
Pop loss [311858P]: 2010: 1542, loss: 1.81%
Pop loss [311858P]: 2010: 1032, loss: 8.51%
Pop loss [311858P]: 2010: 1399, loss: 10.23%
Pop loss [311858P]: 2010: 1097, loss: 6.59%
Pop loss [311858P]: 2010: 1239, loss: 21.07%
Pop loss [311858P]: 2010: 1573, loss: 4.69%
Pop loss [311858P]: 2010: 1203, loss: 21.89%
Pop loss [311858P]: 2010: 1042, loss: 9.51%
Pop loss [311858P]: 2010: 1098, loss: 6.31%
Pop loss [311858P]: 2010: 1030, loss: 2.16%
Pop loss [311858P]: 2010: 1709, loss: 11.14%
Pop loss [311858P]: 2010: 974, loss: 3.92%
Pop loss [311858P]: 2010: 2003, loss: 3.84%
Pop loss [311858P]: 2010: 1096, loss: 17.61%
Pop loss [311858P]: 2010: 1224, loss: 13.33%
Pop loss [311858P]: 2010: 1284, loss: 18.37%
Pop loss [311858P]: 2010: 3429, loss: 3.36%
Pop loss [311858P]: 2010: 1684, loss: 4.17%
Pop loss [311858P]: 2010: 1129, loss: 0.74%
Pop loss [311858P]: 2010: 2076, loss: 4.25%
Pop loss [311858P]: 2010: 2403, loss: 3.75%
Pop loss [311858P]: 2010: 1705, loss: 12.51%
Pop loss [311858P]: 2010: 591, loss: 1.07%
Pop loss [311858P]: 2010: 1237, loss: 3.35%
Pop loss [311858P]: 2010: 1873, loss: 13.29%
Pop loss [311858P]: 2010: 917, loss: 1.72%
Pop loss [311858P]: 2010: 872, loss: 13.23%
Pop loss [311858P]: 2010: 863, loss: 1.78%
Pop loss [311858P]: 2010: 1257, loss: 8.04%
Pop loss [311858P]: 2010: 1581, loss: 3.12%
Pop loss [311858P]: 2010: 600, loss: 8.7%
Pop loss [311858P]: 2010: 574, loss: 8.48%
Pop loss [311858P]: 2010: 390, loss: 2.18%
Pop loss [311858P]: 2010: 960, loss: 5.52%
Pop loss [311858P]: 2010: 1078, loss: 6.66%
Pop loss [311858P]: 2010: 643, loss: 5.47%
Pop loss [311858P]: 2010: 1121, loss: 5.32%
Pop loss [311858P]: 2010: 1798, loss: 0.79%
Pop loss [311858P]: 2010: 1814, loss: 6.43%
Pop loss [311858P]: 2010: 2691, loss: 11.41%
Pop loss [311858P]: 2010: 444, loss: 27.39%
Pop loss [311858P]: 2010: 574, loss: 7.98%
Pop loss [311858P]: 2010: 2149, loss: 5.87%
Pop loss [311858P]: 2010: 1988, loss: 31.09%
Pop loss [311858P]: 2010: 1693, loss: 10.8%
Pop loss [311858P]: 2010: 1634, loss: 8.34%
Pop loss [311858P]: 2010: 1198, loss: 6.09%
Pop loss [311858P]: 2010: 1326, loss: 8.4%
Pop loss [311858P]: 2010: 647, loss: 5.98%
Pop loss [311858P]: 2010: 420, loss: 2.86%
Pop loss [311858P]: 2010: 1020, loss: 7.75%
Pop loss [311858P]: 2010: 654, loss: 11.47%
Pop loss [311858P]: 2010: 367, loss: 11.23%
Pop loss [311858P]: 2010: 555, loss: 13.68%
Pop loss [311858P]: 2010: 1960, loss: 0.16%
Pop loss [311858P]: 2010: 1731, loss: 6.09%
Pop loss [311858P]: 2010: 225, loss: 8.98%
Pop loss [311858P]: 2010: 1003, loss: 10.08%
Pop loss [311858P]: 2010: 987, loss: 4.75%
Pop loss [311858P]: 2010: 298, loss: 13.39%
Pop loss [311858P]: 2010: 540, loss: 24.85%
Pop loss [311858P]: 2010: 363, loss: 2.48%
Pop loss [311858P]: 2010: 657, loss: 3.81%
Pop loss [311858P]: 2010: 707, loss: 7.5%
Pop loss [311858P]: 2010: 505, loss: 0.55%
Pop loss [311858P]: 2010: 486, loss: 5.25%
Pop loss [311858P]: 2010: 599, loss: 19.07%
Pop loss [311858P]: 2010: 1920, loss: 5.31%
Pop loss [311858P]: 2010: 537, loss: 15.4%
Pop loss [311858P]: 2010: 194, loss: 11.08%
Pop loss [311858P]: 2010: 567, loss: 4.89%
Pop loss [311858P]: 2010: 224, loss: 3.66%
Pop loss [311858P]: 2010: 791, loss: 0.06%
Pop loss [311858P]: 2010: 106, loss: 6.51%
Pop loss [311858P]: 2010: 113, loss: 2.83%
Pop loss [311858P]: 2010: 128, loss: 4.45%
Pop loss [311858P]: 2010: 137, loss: 4.01%
Pop loss [311858P]: 2010: 115, loss: 4.52%
Pop loss [311858P]: 2010: 151, loss: 3.38%
Pop loss [311858P]: 2010: 659, loss: 9.18%
Pop loss [311858P]: 2010: 977, loss: 9.74%
Pop loss [311858P]: 2010: 696, loss: 9.7%
Pop loss [311858P]: 2010: 634, loss: 0.84%
Pop loss [311858P]: 2010: 647, loss: 0.31%
Pop loss [311858P]: 2010: 372, loss: 1.42%
Pop loss [311858P]: 2010: 125, loss: 9.92%
Pop loss [311858P]: 2010: 110, loss: 14.27%
Pop loss [311858P]: 2010: 336, loss: 4.61%
Pop loss [311858P]: 2010: 1480, loss: 8.87%
Pop loss [311858P]: 2010: 636, loss: 4.31%
Pop loss [311858P]: 2010: 577, loss: 6.41%
Pop loss [311858P]: 2010: 596, loss: 7.33%
Pop loss [311858P]: 2010: 626, loss: 0.51%
Pop loss [311858P]: 2010: 678, loss: 9.87%
Pop loss [311858P]: 2010: 695, loss: 4.29%
Pop loss [311858P]: 2010: 1015, loss: 2.1%
Pop loss [311858P]: 2010: 1151, loss: 0.87%
Pop loss [311858P]: 2010: 699, loss: 7.3%
Pop loss [311858P]: 2010: 1131, loss: 14.23%
Pop loss [311858P]: 2010: 1326, loss: 0.13%
Pop loss [311858P]: 2010: 1669, loss: 6.25%
Pop loss [311858P]: 2010: 1520, loss: 7.84%
Pop loss [311858P]: 2010: 1678, loss: 16.18%
Pop loss [311858P]: 2010: 1376, loss: 5.01%
Pop loss [311858P]: 2010: 581, loss: 8.4%
Pop loss [311858P]: 2010: 532, loss: 4.85%
Pop loss [311858P]: 2010: 635, loss: 19.4%
Pop loss [311858P]: 2010: 515, loss: 24.08%
Pop loss [311858P]: 2010: 1260, loss: 22.48%
Pop loss [311858P]: 2010: 1433, loss: 5.82%
Pop loss [311858P]: 2010: 1418, loss: 24.4%
Pop loss [311858P]: 2010: 486, loss: 34.77%
Pop loss [311858P]: 2010: 678, loss: 13.05%
Pop loss [311858P]: 2010: 492, loss: 23.29%
Pop loss [311858P]: 2010: 558, loss: 3.78%
Pop loss [311858P]: 2010: 610, loss: 1.57%
Pop loss [311858P]: 2010: 582, loss: 4.47%
Pop loss [311858P]: 2010: 392, loss: 4.85%
Pop loss [311858P]: 2010: 1624, loss: 14.24%
Pop loss [311858P]: 2010: 332, loss: 3.07%
Pop loss [311858P]: 2010: 500, loss: 4.38%
Row count: 1652
Loss count: 784
Tot 2010 Pop: 1826341
Tot 2018 Pop: 1904762.0
