Make Demographic_Data_CO.v04 (2024-01-31)

Row count: 3108
Totals from Block Data (BData) and CSV Data (CData)
Field;			BData;	CData;	Diff
T_10_CENS_Total;	5028425;	5028425;	0
T_10_CENS_White;	3520122;	3520122;	0
T_10_CENS_Hispanic;	1038664;	1038664;	0
T_10_CENS_Black;	249750;	249750;	0
T_10_CENS_Asian;	185578;	185578;	0
T_10_CENS_Native;	107826;	107826;	0
T_10_CENS_Pacific;	15199;	15199;	0
T_18_ACS_Total;	5531141;	5531141;	0
T_18_ACS_White;	3778212;	3778212;	0
T_18_ACS_Hispanic;	1184794;	1184794;	0
T_18_ACS_Black;	291116;	291116;	0
T_18_ACS_Asian;	234847;	234847;	0
T_18_ACS_Native;	117613;	117613;	0
T_18_ACS_Pacific;	19996;	19996;	0
T_19_ACS_Total;	5610349;	5610349;	0
T_19_ACS_White;	3818321;	3818321;	0
T_19_ACS_Hispanic;	1208172;	1208172;	0
T_19_ACS_Black;	300065;	300065;	0
T_19_ACS_Asian;	243556;	243556;	0
T_19_ACS_Native;	120639;	120639;	0
T_19_ACS_Pacific;	21167;	21167;	0
T_20_CENS_Total;	5773714;	5773714;	0
T_20_CENS_White;	3760663;	3760663;	0
T_20_CENS_Hispanic;	1263390;	1263390;	0
T_20_CENS_Black;	318179;	318179;	0
T_20_CENS_Asian;	285784;	285784;	0
T_20_CENS_Native;	207787;	207787;	0
T_20_CENS_Pacific;	24714;	24714;	0
T_20_CENS_ADJ_Total;	5773714;	5773714;	0
T_20_CENS_ADJ_White;	3760663;	3760663;	0
T_20_CENS_ADJ_Hispanic;	1263390;	1263390;	0
T_20_CENS_ADJ_Black;	317206;	317206;	0
T_20_CENS_ADJ_Asian;	284799;	284799;	0
T_20_CENS_ADJ_Native;	185371;	185371;	0
T_20_CENS_ADJ_Pacific;	23019;	23019;	0
T_20_ACS_Total;	5684926;	5684926;	0
T_20_ACS_White;	3837450;	3837450;	0
T_20_ACS_Hispanic;	1231126;	1231126;	0
T_20_ACS_Black;	309449;	309449;	0
T_20_ACS_Asian;	252624;	252624;	0
T_20_ACS_Native;	125039;	125039;	0
T_20_ACS_Pacific;	22372;	22372;	0
V_10_VAP_Total;	3802817;	3802817;	0
V_10_VAP_White;	2809842;	2809842;	0
V_10_VAP_Hispanic;	664439;	664439;	0
V_10_VAP_Black;	164198;	164198;	0
V_10_VAP_Asian;	127913;	127913;	0
V_10_VAP_Native;	73470;	73470;	0
V_10_VAP_Pacific;	9355;	9355;	0
V_18_CVAP_Total;	3979325;	3979325;	0
V_18_CVAP_White;	3032924;	3032924;	0
V_18_CVAP_Hispanic;	605274;	605274;	0
V_18_CVAP_Black;	168381;	168381;	0
V_18_CVAP_Asian;	109077;	109077;	0
V_18_CVAP_Native;	50110;	50110;	0
V_18_CVAP_Pacific;	5251;	5251;	0
V_19_CVAP_Total;	4063880;	4063880;	0
V_19_CVAP_White;	3074989;	3074989;	0
V_19_CVAP_Hispanic;	632726;	632726;	0
V_19_CVAP_Black;	174357;	174357;	0
V_19_CVAP_Asian;	116174;	116174;	0
V_19_CVAP_Native;	51161;	51161;	0
V_19_CVAP_Pacific;	5368;	5368;	0
V_20_VAP_Total;	4509576;	4509576;	0
V_20_VAP_White;	3095664;	3095664;	0
V_20_VAP_Hispanic;	864196;	864196;	0
V_20_VAP_Black;	219101;	219101;	0
V_20_VAP_Asian;	205838;	205838;	0
V_20_VAP_Native;	151224;	151224;	0
V_20_VAP_Pacific;	16350;	16350;	0
V_20_VAP_NH_Total;	4509576;	4509576;	0
V_20_VAP_NH_White;	3095664;	3095664;	0
V_20_VAP_NH_Hispanic;	864196;	864196;	0
V_20_VAP_NH_BlackAlone;	168127;	168127;	0
V_20_VAP_NH_AsianAlone;	155965;	155965;	0
V_20_VAP_NH_NativeAlone;	26942;	26942;	0
V_20_VAP_NH_PacificAlone;	6646;	6646;	0
V_20_VAP_NH_OtherAlone;	21838;	21838;	0
V_20_VAP_NH_TwoOrMore;	170198;	170198;	0
V_20_CVAP_Total;	4153922;	4153922;	0
V_20_CVAP_White;	3119859;	3119859;	0
V_20_CVAP_Hispanic;	664122;	664122;	0
V_20_CVAP_Black;	180158;	180158;	0
V_20_CVAP_Asian;	121952;	121952;	0
V_20_CVAP_Native;	53007;	53007;	0
V_20_CVAP_Pacific;	5030;	5030;	0
