Make Election_Data_NE.v04 (2024-02-01)

Row count: 1402
Totals from Block Data (BData) and CSV Data (CData)
Field;			BData;	CData;	Diff
E_16_PRES_Total;	828176;	828176;	0
E_16_PRES_Dem;	284494;	284494;	0
E_16_PRES_Rep;	495961;	495961;	0
E_18_SEN_Total;	698417;	698417;	0
E_18_SEN_Dem;	269917;	269917;	0
E_18_SEN_Rep;	403151;	403151;	0
E_18_GOV_Total;	697981;	697981;	0
E_18_GOV_Dem;	286169;	286169;	0
E_18_GOV_Rep;	411812;	411812;	0
E_18_AG_Total;	516777;	516777;	0
E_18_AG_Dem;	0;	0;	0
E_18_AG_Rep;	516777;	516777;	0
E_16-20_COMP_Total;	785004;	785004;	0
E_16-20_COMP_Dem;	287314;	287314;	0
E_16-20_COMP_Rep;	477990;	477990;	0
E_20_PRES_Total;	951712;	951712;	0
E_20_PRES_Dem;	374583;	374583;	0
E_20_PRES_Rep;	556846;	556846;	0
E_20_SEN_Total;	865813;	865813;	0
E_20_SEN_Dem;	227191;	227191;	0
E_20_SEN_Rep;	583507;	583507;	0
