Make Demographic_Data_NE.v04 (2024-01-31)

Row count: 1402
Totals from Block Data (BData) and CSV Data (CData)
Field;			BData;	CData;	Diff
T_10_CENS_Total;	1826110;	1826110;	0
T_10_CENS_White;	1499522;	1499522;	0
T_10_CENS_Hispanic;	167405;	167405;	0
T_10_CENS_Black;	98959;	98959;	0
T_10_CENS_Asian;	40561;	40561;	0
T_10_CENS_Native;	29816;	29816;	0
T_10_CENS_Pacific;	2823;	2823;	0
T_18_ACS_Total;	1904760;	1904760;	0
T_18_ACS_White;	1512314;	1512314;	0
T_18_ACS_Hispanic;	203281;	203281;	0
T_18_ACS_Black;	113007;	113007;	0
T_18_ACS_Asian;	56156;	56156;	0
T_18_ACS_Native;	32625;	32625;	0
T_18_ACS_Pacific;	3219;	3219;	0
T_19_ACS_Total;	1914571;	1914571;	0
T_19_ACS_White;	1512111;	1512111;	0
T_19_ACS_Hispanic;	208271;	208271;	0
T_19_ACS_Black;	115778;	115778;	0
T_19_ACS_Asian;	58983;	58983;	0
T_19_ACS_Native;	32827;	32827;	0
T_19_ACS_Pacific;	3365;	3365;	0
T_20_CENS_Total;	1961504;	1961504;	0
T_20_CENS_White;	1484687;	1484687;	0
T_20_CENS_Hispanic;	234715;	234715;	0
T_20_CENS_Black;	124773;	124773;	0
T_20_CENS_Asian;	69006;	69006;	0
T_20_CENS_Native;	55260;	55260;	0
T_20_CENS_Pacific;	4069;	4069;	0
T_20_ACS_Total;	1923826;	1923826;	0
T_20_ACS_White;	1507127;	1507127;	0
T_20_ACS_Hispanic;	214952;	214952;	0
T_20_ACS_Black;	117761;	117761;	0
T_20_ACS_Asian;	62516;	62516;	0
T_20_ACS_Native;	33736;	33736;	0
T_20_ACS_Pacific;	3735;	3735;	0
V_10_VAP_Total;	1366889;	1366889;	0
V_10_VAP_White;	1166725;	1166725;	0
V_10_VAP_Hispanic;	98221;	98221;	0
V_10_VAP_Black;	60879;	60879;	0
V_10_VAP_Asian;	27483;	27483;	0
V_10_VAP_Native;	17764;	17764;	0
V_10_VAP_Pacific;	1711;	1711;	0
V_18_CVAP_Total;	1358810;	1358810;	0
V_18_CVAP_White;	1180215;	1180215;	0
V_18_CVAP_Hispanic;	77132;	77132;	0
V_18_CVAP_Black;	62448;	62448;	0
V_18_CVAP_Asian;	20814;	20814;	0
V_18_CVAP_Native;	16706;	16706;	0
V_18_CVAP_Pacific;	934;	934;	0
V_19_CVAP_Total;	1366070;	1366070;	0
V_19_CVAP_White;	1180940;	1180940;	0
V_19_CVAP_Hispanic;	81317;	81317;	0
V_19_CVAP_Black;	63151;	63151;	0
V_19_CVAP_Asian;	22313;	22313;	0
V_19_CVAP_Native;	16405;	16405;	0
V_19_CVAP_Pacific;	856;	856;	0
V_20_VAP_Total;	1476127;	1476127;	0
V_20_VAP_White;	1169255;	1169255;	0
V_20_VAP_Hispanic;	145297;	145297;	0
V_20_VAP_Black;	78652;	78652;	0
V_20_VAP_Asian;	47344;	47344;	0
V_20_VAP_Native;	35664;	35664;	0
V_20_VAP_Pacific;	2627;	2627;	0
V_20_VAP_NH_Total;	1476127;	1476127;	0
V_20_VAP_NH_White;	1169255;	1169255;	0
V_20_VAP_NH_Hispanic;	145297;	145297;	0
V_20_VAP_NH_BlackAlone;	66088;	66088;	0
V_20_VAP_NH_AsianAlone;	38794;	38794;	0
V_20_VAP_NH_NativeAlone;	10112;	10112;	0
V_20_VAP_NH_PacificAlone;	942;	942;	0
V_20_VAP_NH_OtherAlone;	4314;	4314;	0
V_20_VAP_NH_TwoOrMore;	41325;	41325;	0
V_20_CVAP_Total;	1373836;	1373836;	0
V_20_CVAP_White;	1181858;	1181858;	0
V_20_CVAP_Hispanic;	84608;	84608;	0
V_20_CVAP_Black;	63131;	63131;	0
V_20_CVAP_Asian;	23771;	23771;	0
V_20_CVAP_Native;	16717;	16717;	0
V_20_CVAP_Pacific;	691;	691;	0
