Make Election_Data_ND.v04 (2024-02-01)

Row count: 421
Totals from Block Data (BData) and CSV Data (CData)
Field;			BData;	CData;	Diff
E_16_PRES_Total;	344360;	344360;	0
E_16_PRES_Dem;	93758;	93758;	0
E_16_PRES_Rep;	216794;	216794;	0
E_16_SEN_Total;	342501;	342501;	0
E_16_SEN_Dem;	58116;	58116;	0
E_16_SEN_Rep;	268788;	268788;	0
E_16_GOV_Total;	339601;	339601;	0
E_16_GOV_Dem;	65855;	65855;	0
E_16_GOV_Rep;	259863;	259863;	0
E_18_SEN_Total;	326138;	326138;	0
E_18_SEN_Dem;	144376;	144376;	0
E_18_SEN_Rep;	179720;	179720;	0
E_18_AG_Total;	319217;	319217;	0
E_18_AG_Dem;	102869;	102869;	0
E_18_AG_Rep;	215633;	215633;	0
E_16-20_COMP_Total;	337384;	337384;	0
E_16-20_COMP_Dem;	98083;	98083;	0
E_16-20_COMP_Rep;	225714;	225714;	0
E_20_PRES_Total;	362024;	362024;	0
E_20_PRES_Dem;	115042;	115042;	0
E_20_PRES_Rep;	235751;	235751;	0
E_20_GOV_Total;	357859;	357859;	0
E_20_GOV_Dem;	90925;	90925;	0
E_20_GOV_Rep;	235629;	235629;	0
E_20_AUD_Total;	346370;	346370;	0
E_20_AUD_Dem;	111397;	111397;	0
E_20_AUD_Rep;	234447;	234447;	0
E_20_TREAS_Total;	347165;	347165;	0
E_20_TREAS_Dem;	117939;	117939;	0
E_20_TREAS_Rep;	227746;	227746;	0
