Make Demographic_Data_ND.v06 (2025-06-18)

Row count: 421
Totals from Block Data (BData) and CSV Data (CData)
Field;			BData;	CData;	Diff
T_10_CENS_Total;	672591;	672591;	0
T_10_CENS_White;	598007;	598007;	0
T_10_CENS_Hispanic;	13467;	13467;	0
T_10_CENS_Black;	11086;	11086;	0
T_10_CENS_Asian;	9193;	9193;	0
T_10_CENS_Native;	42996;	42996;	0
T_10_CENS_Pacific;	782;	782;	0
T_18_ACS_Total;	752201;	752201;	0
T_18_ACS_White;	639477;	639477;	0
T_18_ACS_Hispanic;	26529;	26529;	0
T_18_ACS_Black;	24749;	24749;	0
T_18_ACS_Asian;	14746;	14746;	0
T_18_ACS_Native;	49378;	49378;	0
T_18_ACS_Pacific;	1470;	1470;	0
T_19_ACS_Total;	756717;	756717;	0
T_19_ACS_White;	638985;	638985;	0
T_19_ACS_Hispanic;	28317;	28317;	0
T_19_ACS_Black;	26761;	26761;	0
T_19_ACS_Asian;	15471;	15471;	0
T_19_ACS_Native;	50119;	50119;	0
T_19_ACS_Pacific;	1778;	1778;	0
T_20_CENS_Total;	779094;	779094;	0
T_20_CENS_White;	636160;	636160;	0
T_20_CENS_Hispanic;	33412;	33412;	0
T_20_CENS_Black;	34499;	34499;	0
T_20_CENS_Asian;	18675;	18675;	0
T_20_CENS_Native;	55777;	55777;	0
T_20_CENS_Pacific;	2086;	2086;	0
T_20_ACS_Total;	760394;	760394;	0
T_20_ACS_White;	636284;	636284;	0
T_20_ACS_Hispanic;	30325;	30325;	0
T_20_ACS_Black;	28675;	28675;	0
T_20_ACS_Asian;	16362;	16362;	0
T_20_ACS_Native;	50939;	50939;	0
T_20_ACS_Pacific;	1781;	1781;	0
T_22_ACS_Total;	776874;	776874;	0
T_22_ACS_White;	644419;	644419;	0
T_22_ACS_Hispanic;	33189;	33189;	0
T_22_ACS_Black;	31895;	31895;	0
T_22_ACS_Asian;	17140;	17140;	0
T_22_ACS_Native;	50504;	50504;	0
T_22_ACS_Pacific;	2312;	2312;	0
V_10_VAP_Total;	522720;	522720;	0
V_10_VAP_White;	475686;	475686;	0
V_10_VAP_Hispanic;	8064;	8064;	0
V_10_VAP_Black;	6273;	6273;	0
V_10_VAP_Asian;	6752;	6752;	0
V_10_VAP_Native;	26656;	26656;	0
V_10_VAP_Pacific;	475;	475;	0
V_18_CVAP_Total;	562625;	562625;	0
V_18_CVAP_White;	501873;	501873;	0
V_18_CVAP_Hispanic;	14488;	14488;	0
V_18_CVAP_Black;	11432;	11432;	0
V_18_CVAP_Asian;	4698;	4698;	0
V_18_CVAP_Native;	29344;	29344;	0
V_18_CVAP_Pacific;	299;	299;	0
V_19_CVAP_Total;	564515;	564515;	0
V_19_CVAP_White;	501153;	501153;	0
V_19_CVAP_Hispanic;	15533;	15533;	0
V_19_CVAP_Black;	12010;	12010;	0
V_19_CVAP_Asian;	5235;	5235;	0
V_19_CVAP_Native;	29491;	29491;	0
V_19_CVAP_Pacific;	631;	631;	0
V_20_VAP_Total;	596093;	596093;	0
V_20_VAP_White;	503153;	503153;	0
V_20_VAP_Hispanic;	21603;	21603;	0
V_20_VAP_Black;	21444;	21444;	0
V_20_VAP_Asian;	13192;	13192;	0
V_20_VAP_Native;	35031;	35031;	0
V_20_VAP_Pacific;	1361;	1361;	0
V_20_VAP_NH_Total;	596093;	596093;	0
V_20_VAP_NH_White;	503153;	503153;	0
V_20_VAP_NH_Hispanic;	21603;	21603;	0
V_20_VAP_NH_BlackAlone;	17608;	17608;	0
V_20_VAP_NH_AsianAlone;	10252;	10252;	0
V_20_VAP_NH_NativeAlone;	24119;	24119;	0
V_20_VAP_NH_PacificAlone;	643;	643;	0
V_20_VAP_NH_OtherAlone;	1284;	1284;	0
V_20_VAP_NH_TwoOrMore;	17431;	17431;	0
V_20_CVAP_Total;	564975;	564975;	0
V_20_CVAP_White;	500415;	500415;	0
V_20_CVAP_Hispanic;	16245;	16245;	0
V_20_CVAP_Black;	11918;	11918;	0
V_20_CVAP_Asian;	5377;	5377;	0
V_20_CVAP_Native;	29569;	29569;	0
V_20_CVAP_Pacific;	621;	621;	0
V_22_CVAP_Total;	575810;	575810;	0
V_22_CVAP_White;	508690;	508690;	0
V_22_CVAP_Hispanic;	18205;	18205;	0
V_22_CVAP_Black;	13295;	13295;	0
V_22_CVAP_Asian;	5558;	5558;	0
V_22_CVAP_Native;	29200;	29200;	0
V_22_CVAP_Pacific;	830;	830;	0
V_22_CVAP_RemTwoOrMore;	681;	681;	0
