Make Demographic_Data_MI.v06 (2025-06-18)

Row count: 4805
Totals from Block Data (BData) and CSV Data (CData)
Field;			BData;	CData;	Diff
T_10_CENS_Total;	9883371;	9883371;	0
T_10_CENS_White;	7569764;	7569764;	0
T_10_CENS_Hispanic;	436358;	436358;	0
T_10_CENS_Black;	1505488;	1505488;	0
T_10_CENS_Asian;	289542;	289542;	0
T_10_CENS_Native;	139092;	139092;	0
T_10_CENS_Pacific;	9348;	9348;	0
T_18_ACS_Total;	9957488;	9957488;	0
T_18_ACS_White;	7489371;	7489371;	0
T_18_ACS_Hispanic;	497897;	497897;	0
T_18_ACS_Black;	1516353;	1516353;	0
T_18_ACS_Asian;	368624;	368624;	0
T_18_ACS_Native;	146996;	146996;	0
T_18_ACS_Pacific;	10492;	10492;	0
T_19_ACS_Total;	9965265;	9965265;	0
T_19_ACS_White;	7477400;	7477400;	0
T_19_ACS_Hispanic;	507353;	507353;	0
T_19_ACS_Black;	1519461;	1519461;	0
T_19_ACS_Asian;	377181;	377181;	0
T_19_ACS_Native;	147844;	147844;	0
T_19_ACS_Pacific;	10282;	10282;	0
T_20_CENS_Total;	10077331;	10077331;	0
T_20_CENS_White;	7295651;	7295651;	0
T_20_CENS_Hispanic;	564422;	564422;	0
T_20_CENS_Black;	1544122;	1544122;	0
T_20_CENS_Asian;	411928;	411928;	0
T_20_CENS_Native;	246458;	246458;	0
T_20_CENS_Pacific;	11255;	11255;	0
T_20_ACS_Total;	9973907;	9973907;	0
T_20_ACS_White;	7428622;	7428622;	0
T_20_ACS_Hispanic;	521203;	521203;	0
T_20_ACS_Black;	1524001;	1524001;	0
T_20_ACS_Asian;	390937;	390937;	0
T_20_ACS_Native;	148080;	148080;	0
T_20_ACS_Pacific;	10109;	10109;	0
T_22_ACS_Total;	10057921;	10057921;	0
T_22_ACS_White;	7394140;	7394140;	0
T_22_ACS_Hispanic;	550427;	550427;	0
T_22_ACS_Black;	1550153;	1550153;	0
T_22_ACS_Asian;	410003;	410003;	0
T_22_ACS_Native;	156867;	156867;	0
T_22_ACS_Pacific;	11628;	11628;	0
V_10_VAP_Total;	7539305;	7539305;	0
V_10_VAP_White;	5960525;	5960525;	0
V_10_VAP_Hispanic;	264511;	264511;	0
V_10_VAP_Black;	1045520;	1045520;	0
V_10_VAP_Asian;	201741;	201741;	0
V_10_VAP_Native;	93900;	93900;	0
V_10_VAP_Pacific;	6050;	6050;	0
V_18_CVAP_Total;	7472790;	7472790;	0
V_18_CVAP_White;	5929701;	5929701;	0
V_18_CVAP_Hispanic;	242258;	242258;	0
V_18_CVAP_Black;	1048326;	1048326;	0
V_18_CVAP_Asian;	159281;	159281;	0
V_18_CVAP_Native;	86434;	86434;	0
V_18_CVAP_Pacific;	1903;	1903;	0
V_19_CVAP_Total;	7495888;	7495888;	0
V_19_CVAP_White;	5932585;	5932585;	0
V_19_CVAP_Hispanic;	250673;	250673;	0
V_19_CVAP_Black;	1052490;	1052490;	0
V_19_CVAP_Asian;	166236;	166236;	0
V_19_CVAP_Native;	86859;	86859;	0
V_19_CVAP_Pacific;	1995;	1995;	0
V_20_VAP_Total;	7914602;	7914602;	0
V_20_VAP_White;	5928796;	5928796;	0
V_20_VAP_Hispanic;	367645;	367645;	0
V_20_VAP_Black;	1111506;	1111506;	0
V_20_VAP_Asian;	300440;	300440;	0
V_20_VAP_Native;	178471;	178471;	0
V_20_VAP_Pacific;	7503;	7503;	0
V_20_VAP_NH_Total;	7914602;	7914602;	0
V_20_VAP_NH_White;	5928796;	5928796;	0
V_20_VAP_NH_Hispanic;	367645;	367645;	0
V_20_VAP_NH_BlackAlone;	1021516;	1021516;	0
V_20_VAP_NH_AsianAlone;	258756;	258756;	0
V_20_VAP_NH_NativeAlone;	36450;	36450;	0
V_20_VAP_NH_PacificAlone;	1985;	1985;	0
V_20_VAP_NH_OtherAlone;	25724;	25724;	0
V_20_VAP_NH_TwoOrMore;	273730;	273730;	0
V_20_CVAP_Total;	7528550;	7528550;	0
V_20_CVAP_White;	5937421;	5937421;	0
V_20_CVAP_Hispanic;	263735;	263735;	0
V_20_CVAP_Black;	1055037;	1055037;	0
V_20_CVAP_Asian;	175075;	175075;	0
V_20_CVAP_Native;	87828;	87828;	0
V_20_CVAP_Pacific;	1865;	1865;	0
V_22_CVAP_Total;	7633195;	7633195;	0
V_22_CVAP_White;	5974587;	5974587;	0
V_22_CVAP_Hispanic;	292544;	292544;	0
V_22_CVAP_Black;	1073662;	1073662;	0
V_22_CVAP_Asian;	193136;	193136;	0
V_22_CVAP_Native;	89781;	89781;	0
V_22_CVAP_Pacific;	1833;	1833;	0
V_22_CVAP_RemTwoOrMore;	17408;	17408;	0
