Make Election_Data_MI.v04 (2024-02-01)

Row count: 4805
Totals from Block Data (BData) and CSV Data (CData)
Field;			BData;	CData;	Diff
E_16_PRES_Total;	4799284;	4799284;	0
E_16_PRES_Dem;	2268839;	2268839;	0
E_16_PRES_Rep;	2279543;	2279543;	0
E_18_SEN_Total;	4237250;	4237250;	0
E_18_SEN_Dem;	2214478;	2214478;	0
E_18_SEN_Rep;	1938817;	1938817;	0
E_18_GOV_Total;	4245920;	4245920;	0
E_18_GOV_Dem;	2266193;	2266193;	0
E_18_GOV_Rep;	1859534;	1859534;	0
E_18_AG_Total;	4142043;	4142043;	0
E_18_AG_Dem;	2031117;	2031117;	0
E_18_AG_Rep;	1916117;	1916117;	0
E_16-20_COMP_Total;	4727582;	4727582;	0
E_16-20_COMP_Dem;	2384959;	2384959;	0
E_16-20_COMP_Rep;	2213134;	2213134;	0
E_20_PRES_Total;	5538208;	5538208;	0
E_20_PRES_Dem;	2804036;	2804036;	0
E_20_PRES_Rep;	2649859;	2649859;	0
E_20_SEN_Total;	5479685;	5479685;	0
E_20_SEN_Dem;	2734558;	2734558;	0
E_20_SEN_Rep;	2642221;	2642221;	0
