Make CSV: ID (census)
Pop loss [16087087009]: 2010: 2548, loss: 1.88%
Pop loss [16087087009]: 2010: 1475, loss: 9.73%
Pop loss [16087087009]: 2010: 2669, loss: 1.22%
Pop loss [16087087009]: 2010: 1766, loss: 24.96%
Pop loss [16087087009]: 2010: 1121, loss: 8.74%
Pop loss [16087087009]: 2010: 1128, loss: 1.12%
Pop loss [16087087009]: 2010: 1841, loss: 4.56%
Pop loss [16087087009]: 2010: 2215, loss: 6.53%
Pop loss [16087087009]: 2010: 1217, loss: 10.99%
Pop loss [16087087009]: 2010: 1700, loss: 18.29%
Pop loss [16087087009]: 2010: 3515, loss: 12.23%
Pop loss [16087087009]: 2010: 2823, loss: 0.81%
Pop loss [16087087009]: 2010: 2356, loss: 5.66%
Pop loss [16087087009]: 2010: 3974, loss: 1.26%
Pop loss [16087087009]: 2010: 2098, loss: 6.76%
Pop loss [16087087009]: 2010: 3111, loss: 5.55%
Pop loss [16087087009]: 2010: 2173, loss: 2.02%
Pop loss [16087087009]: 2010: 5257, loss: 16.29%
Pop loss [16087087009]: 2010: 1397, loss: 4.55%
Pop loss [16087087009]: 2010: 2684, loss: 2.08%
Pop loss [16087087009]: 2010: 1268, loss: 10.02%
Pop loss [16087087009]: 2010: 1193, loss: 5.25%
Pop loss [16087087009]: 2010: 2609, loss: 8.68%
Pop loss [16087087009]: 2010: 2470, loss: 10.32%
Pop loss [16087087009]: 2010: 3320, loss: 7.84%
Pop loss [16087087009]: 2010: 2753, loss: 1.36%
Pop loss [16087087009]: 2010: 2434, loss: 10.35%
Pop loss [16087087009]: 2010: 421, loss: 24.32%
Pop loss [16087087009]: 2010: 167, loss: 21.44%
Pop loss [16087087009]: 2010: 2990, loss: 5.02%
Pop loss [16087087009]: 2010: 1568, loss: 14.83%
Pop loss [16087087009]: 2010: 163, loss: 14.54%
Pop loss [16087087009]: 2010: 1073, loss: 7.22%
Pop loss [16087087009]: 2010: 1756, loss: 4.34%
Pop loss [16087087009]: 2010: 1402, loss: 5.15%
Pop loss [16087087009]: 2010: 1754, loss: 8.89%
Pop loss [16087087009]: 2010: 1434, loss: 0.95%
Pop loss [16087087009]: 2010: 1721, loss: 1.57%
Pop loss [16087087009]: 2010: 1403, loss: 1.97%
Pop loss [16087087009]: 2010: 1228, loss: 5.03%
Pop loss [16087087009]: 2010: 1290, loss: 9.59%
Pop loss [16087087009]: 2010: 1643, loss: 7.52%
Pop loss [16087087009]: 2010: 1440, loss: 12.24%
Pop loss [16087087009]: 2010: 2114, loss: 14.2%
Pop loss [16087087009]: 2010: 1359, loss: 19.13%
Pop loss [16087087009]: 2010: 1886, loss: 9.92%
Pop loss [16087087009]: 2010: 1748, loss: 0.41%
Pop loss [16087087009]: 2010: 1254, loss: 13.18%
Pop loss [16087087009]: 2010: 2516, loss: 0.48%
Pop loss [16087087009]: 2010: 3312, loss: 1.31%
Pop loss [16087087009]: 2010: 1283, loss: 5.35%
Pop loss [16087087009]: 2010: 1047, loss: 12.96%
Pop loss [16087087009]: 2010: 949, loss: 11.23%
Pop loss [16087087009]: 2010: 1447, loss: 4.27%
Pop loss [16087087009]: 2010: 903, loss: 0.02%
Pop loss [16087087009]: 2010: 965, loss: 0.47%
Pop loss [16087087009]: 2010: 1044, loss: 2.72%
Pop loss [16087087009]: 2010: 297, loss: 13.67%
Pop loss [16087087009]: 2010: 245, loss: 28.24%
Pop loss [16087087009]: 2010: 215, loss: 24.98%
Pop loss [16087087009]: 2010: 345, loss: 30.35%
Pop loss [16087087009]: 2010: 610, loss: 32.52%
Pop loss [16087087009]: 2010: 559, loss: 30.77%
Pop loss [16087087009]: 2010: 103, loss: 34.76%
Pop loss [16087087009]: 2010: 1799, loss: 16.45%
Pop loss [16087087009]: 2010: 747, loss: 8.58%
Pop loss [16087087009]: 2010: 2340, loss: 13.19%
Pop loss [16087087009]: 2010: 2032, loss: 23.7%
Pop loss [16087087009]: 2010: 2670, loss: 7.87%
Pop loss [16087087009]: 2010: 1602, loss: 3.3%
Pop loss [16087087009]: 2010: 2765, loss: 3.74%
Pop loss [16087087009]: 2010: 1667, loss: 1.29%
Pop loss [16087087009]: 2010: 2254, loss: 16.92%
Pop loss [16087087009]: 2010: 691, loss: 1.49%
Pop loss [16087087009]: 2010: 805, loss: 14.81%
Pop loss [16087087009]: 2010: 2830, loss: 0.25%
Pop loss [16087087009]: 2010: 2136, loss: 4.53%
Pop loss [16087087009]: 2010: 1162, loss: 8.31%
Pop loss [16087087009]: 2010: 1557, loss: 13.13%
Pop loss [16087087009]: 2010: 1084, loss: 9.12%
Pop loss [16087087009]: 2010: 1570, loss: 23.87%
Pop loss [16087087009]: 2010: 2193, loss: 17.23%
Pop loss [16087087009]: 2010: 1695, loss: 10.8%
Pop loss [16087087009]: 2010: 1061, loss: 31.23%
Pop loss [16087087009]: 2010: 407, loss: 10.37%
Pop loss [16087087009]: 2010: 1542, loss: 5.24%
Pop loss [16087087009]: 2010: 2263, loss: 18.58%
Pop loss [16087087009]: 2010: 1461, loss: 6.07%
Pop loss [16087087009]: 2010: 1309, loss: 16.15%
Pop loss [16087087009]: 2010: 596, loss: 4.51%
Pop loss [16087087009]: 2010: 693, loss: 9.08%
Pop loss [16087087009]: 2010: 1084, loss: 15.1%
Pop loss [16087087009]: 2010: 988, loss: 12.52%
Pop loss [16087087009]: 2010: 598, loss: 7.06%
Pop loss [16087087009]: 2010: 140, loss: 15.43%
Pop loss [16087087009]: 2010: 2443, loss: 5.75%
Pop loss [16087087009]: 2010: 257, loss: 6.54%
Pop loss [16087087009]: 2010: 773, loss: 2.42%
Pop loss [16087087009]: 2010: 421, loss: 25.11%
Pop loss [16087087009]: 2010: 482, loss: 16.99%
Pop loss [16087087009]: 2010: 1782, loss: 11.85%
Pop loss [16087087009]: 2010: 1486, loss: 31.66%
Pop loss [16087087009]: 2010: 1757, loss: 16.01%
Pop loss [16087087009]: 2010: 1920, loss: 24.74%
Pop loss [16087087009]: 2010: 2065, loss: 10.4%
Pop loss [16087087009]: 2010: 2014, loss: 1.61%
Pop loss [16087087009]: 2010: 1890, loss: 2.77%
Pop loss [16087087009]: 2010: 1738, loss: 10.43%
Pop loss [16087087009]: 2010: 1495, loss: 18.35%
Pop loss [16087087009]: 2010: 1537, loss: 0.85%
Pop loss [16087087009]: 2010: 884, loss: 21.21%
Pop loss [16087087009]: 2010: 60, loss: 12.5%
Pop loss [16087087009]: 2010: 591, loss: 12.52%
Pop loss [16087087009]: 2010: 1898, loss: 9.46%
Pop loss [16087087009]: 2010: 358, loss: 36.65%
Pop loss [16087087009]: 2010: 963, loss: 10.49%
Pop loss [16087087009]: 2010: 636, loss: 17.92%
Pop loss [16087087009]: 2010: 543, loss: 20.74%
Pop loss [16087087009]: 2010: 574, loss: 20.63%
Pop loss [16087087009]: 2010: 1697, loss: 27.61%
Pop loss [16087087009]: 2010: 3773, loss: 15.14%
Pop loss [16087087009]: 2010: 1986, loss: 6.32%
Pop loss [16087087009]: 2010: 3680, loss: 0.02%
Pop loss [16087087009]: 2010: 2448, loss: 0.73%
Pop loss [16087087009]: 2010: 1353, loss: 3.46%
Pop loss [16087087009]: 2010: 4163, loss: 15.05%
Pop loss [16087087009]: 2010: 4967, loss: 14.04%
Pop loss [16087087009]: 2010: 1266, loss: 10.21%
Pop loss [16087087009]: 2010: 1190, loss: 13.3%
Pop loss [16087087009]: 2010: 811, loss: 8.38%
Pop loss [16087087009]: 2010: 45, loss: 10.0%
Pop loss [16087087009]: 2010: 166, loss: 33.43%
Pop loss [16087087009]: 2010: 154, loss: 19.55%
Pop loss [16087087009]: 2010: 1296, loss: 2.84%
Pop loss [16087087009]: 2010: 1588, loss: 4.35%
Pop loss [16087087009]: 2010: 1181, loss: 25.91%
Pop loss [16087087009]: 2010: 472, loss: 25.36%
Pop loss [16087087009]: 2010: 771, loss: 6.45%
Pop loss [16087087009]: 2010: 806, loss: 5.91%
Pop loss [16087087009]: 2010: 84, loss: 17.5%
Pop loss [16087087009]: 2010: 1159, loss: 7.01%
Pop loss [16087087009]: 2010: 522, loss: 0.8%
Pop loss [16087087009]: 2010: 837, loss: 6.87%
Pop loss [16087087009]: 2010: 1071, loss: 7.56%
Pop loss [16087087009]: 2010: 744, loss: 10.44%
Pop loss [16087087009]: 2010: 1132, loss: 1.17%
Pop loss [16087087009]: 2010: 200, loss: 4.0%
Pop loss [16087087009]: 2010: 298, loss: 9.16%
Pop loss [16087087009]: 2010: 41, loss: 1.95%
Pop loss [16087087009]: 2010: 547, loss: 14.99%
Pop loss [16087087009]: 2010: 658, loss: 4.24%
Pop loss [16087087009]: 2010: 188, loss: 0.37%
Pop loss [16087087009]: 2010: 171, loss: 9.36%
Pop loss [16087087009]: 2010: 1083, loss: 26.43%
Pop loss [16087087009]: 2010: 128, loss: 33.13%
Pop loss [16087087009]: 2010: 843, loss: 21.48%
Pop loss [16087087009]: 2010: 515, loss: 23.92%
Pop loss [16087087009]: 2010: 4220, loss: 2.63%
Pop loss [16087087009]: 2010: 3262, loss: 5.06%
Pop loss [16087087009]: 2010: 2090, loss: 7.89%
Pop loss [16087087009]: 2010: 2175, loss: 6.4%
Pop loss [16087087009]: 2010: 1582, loss: 4.36%
Pop loss [16087087009]: 2010: 3862, loss: 10.49%
Pop loss [16087087009]: 2010: 247, loss: 1.3%
Pop loss [16087087009]: 2010: 2664, loss: 0.78%
Pop loss [16087087009]: 2010: 817, loss: 2.41%
Pop loss [16087087009]: 2010: 317, loss: 41.8%
Pop loss [16087087009]: 2010: 1290, loss: 1.66%
Pop loss [16087087009]: 2010: 971, loss: 15.84%
Pop loss [16087087009]: 2010: 920, loss: 5.9%
Pop loss [16087087009]: 2010: 540, loss: 26.67%
Pop loss [16087087009]: 2010: 259, loss: 39.34%
Pop loss [16087087009]: 2010: 846, loss: 6.11%
Pop loss [16087087009]: 2010: 1274, loss: 11.59%
Pop loss [16087087009]: 2010: 1215, loss: 10.74%
Pop loss [16087087009]: 2010: 271, loss: 9.78%
Pop loss [16087087009]: 2010: 1076, loss: 10.48%
Pop loss [16087087009]: 2010: 1092, loss: 21.8%
Pop loss [16087087009]: 2010: 902, loss: 11.46%
Pop loss [16087087009]: 2010: 1244, loss: 12.54%
Pop loss [16087087009]: 2010: 163, loss: 6.93%
Pop loss [16087087009]: 2010: 1124, loss: 10.85%
Pop loss [16087087009]: 2010: 1826, loss: 5.24%
Pop loss [16087087009]: 2010: 2276, loss: 13.11%
Pop loss [16087087009]: 2010: 1740, loss: 2.34%
Pop loss [16087087009]: 2010: 1314, loss: 5.93%
Pop loss [16087087009]: 2010: 1549, loss: 11.51%
Pop loss [16087087009]: 2010: 2733, loss: 5.91%
Pop loss [16087087009]: 2010: 3046, loss: 16.25%
Pop loss [16087087009]: 2010: 147, loss: 1.63%
Pop loss [16087087009]: 2010: 575, loss: 1.84%
Pop loss [16087087009]: 2010: 688, loss: 13.84%
Pop loss [16087087009]: 2010: 396, loss: 17.42%
Pop loss [16087087009]: 2010: 996, loss: 5.33%
Pop loss [16087087009]: 2010: 859, loss: 20.73%
Pop loss [16087087009]: 2010: 1148, loss: 1.53%
Pop loss [16087087009]: 2010: 1176, loss: 0.68%
Pop loss [16087087009]: 2010: 404, loss: 6.93%
Pop loss [16087087009]: 2010: 543, loss: 11.42%
Pop loss [16087087009]: 2010: 762, loss: 11.65%
Pop loss [16087087009]: 2010: 230, loss: 5.43%
Pop loss [16087087009]: 2010: 460, loss: 6.76%
Pop loss [16087087009]: 2010: 267, loss: 0.37%
Pop loss [16087087009]: 2010: 1509, loss: 0.95%
Pop loss [16087087009]: 2010: 538, loss: 0.07%
Pop loss [16087087009]: 2010: 1761, loss: 8.29%
Pop loss [16087087009]: 2010: 1505, loss: 18.81%
Pop loss [16087087009]: 2010: 1211, loss: 17.69%
Pop loss [16087087009]: 2010: 1143, loss: 11.81%
Pop loss [16087087009]: 2010: 1127, loss: 36.62%
Pop loss [16087087009]: 2010: 2312, loss: 0.34%
Pop loss [16087087009]: 2010: 1547, loss: 2.71%
Pop loss [16087087009]: 2010: 1139, loss: 6.42%
Pop loss [16087087009]: 2010: 828, loss: 4.36%
Pop loss [16087087009]: 2010: 2442, loss: 3.61%
Pop loss [16087087009]: 2010: 2490, loss: 1.35%
Pop loss [16087087009]: 2010: 1525, loss: 1.28%
Pop loss [16087087009]: 2010: 2517, loss: 0.25%
Pop loss [16087087009]: 2010: 1440, loss: 14.72%
Pop loss [16087087009]: 2010: 1573, loss: 4.44%
Pop loss [16087087009]: 2010: 1134, loss: 2.35%
Pop loss [16087087009]: 2010: 1807, loss: 3.96%
Pop loss [16087087009]: 2010: 1066, loss: 7.72%
Pop loss [16087087009]: 2010: 1163, loss: 4.5%
Pop loss [16087087009]: 2010: 589, loss: 0.68%
Pop loss [16087087009]: 2010: 1605, loss: 5.2%
Pop loss [16087087009]: 2010: 1334, loss: 12.95%
Pop loss [16087087009]: 2010: 1127, loss: 10.39%
Pop loss [16087087009]: 2010: 1262, loss: 22.1%
Pop loss [16087087009]: 2010: 1017, loss: 2.6%
Pop loss [16087087009]: 2010: 1291, loss: 3.95%
Pop loss [16087087009]: 2010: 1738, loss: 2.38%
Pop loss [16087087009]: 2010: 1272, loss: 1.04%
Pop loss [16087087009]: 2010: 516, loss: 5.17%
Pop loss [16087087009]: 2010: 1408, loss: 6.58%
Pop loss [16087087009]: 2010: 547, loss: 29.89%
Pop loss [16087087009]: 2010: 2083, loss: 3.35%
Pop loss [16087087009]: 2010: 1728, loss: 2.34%
Pop loss [16087087009]: 2010: 334, loss: 41.23%
Pop loss [16087087009]: 2010: 142, loss: 44.51%
Pop loss [16087087009]: 2010: 554, loss: 5.96%
Pop loss [16087087009]: 2010: 99, loss: 19.39%
Pop loss [16087087009]: 2010: 84, loss: 5.95%
Pop loss [16087087009]: 2010: 1140, loss: 6.04%
Pop loss [16087087009]: 2010: 115, loss: 5.74%
Pop loss [16087087009]: 2010: 590, loss: 4.97%
Pop loss [16087087009]: 2010: 2168, loss: 13.06%
Pop loss [16087087009]: 2010: 843, loss: 5.18%
Pop loss [16087087009]: 2010: 2397, loss: 3.73%
Pop loss [16087087009]: 2010: 1573, loss: 11.77%
Pop loss [16087087009]: 2010: 1262, loss: 20.7%
Pop loss [16087087009]: 2010: 1809, loss: 41.28%
Pop loss [16087087009]: 2010: 1539, loss: 29.98%
Pop loss [16087087009]: 2010: 2131, loss: 26.47%
Pop loss [16087087009]: 2010: 1781, loss: 22.52%
Pop loss [16087087009]: 2010: 1389, loss: 2.1%
Pop loss [16087087009]: 2010: 1886, loss: 16.48%
Pop loss [16087087009]: 2010: 1774, loss: 2.09%
Pop loss [16087087009]: 2010: 2066, loss: 3.51%
Pop loss [16087087009]: 2010: 2314, loss: 22.62%
Pop loss [16087087009]: 2010: 1711, loss: 7.38%
Pop loss [16087087009]: 2010: 1229, loss: 14.15%
Pop loss [16087087009]: 2010: 868, loss: 24.35%
Pop loss [16087087009]: 2010: 631, loss: 21.77%
Pop loss [16087087009]: 2010: 1184, loss: 10.7%
Pop loss [16087087009]: 2010: 993, loss: 20.6%
Pop loss [16087087009]: 2010: 1143, loss: 3.78%
Pop loss [16087087009]: 2010: 1468, loss: 4.48%
Pop loss [16087087009]: 2010: 813, loss: 4.83%
Pop loss [16087087009]: 2010: 1461, loss: 4.54%
Pop loss [16087087009]: 2010: 1326, loss: 5.0%
Pop loss [16087087009]: 2010: 1667, loss: 15.85%
Pop loss [16087087009]: 2010: 259, loss: 9.15%
Pop loss [16087087009]: 2010: 1035, loss: 7.07%
Pop loss [16087087009]: 2010: 354, loss: 13.16%
Pop loss [16087087009]: 2010: 451, loss: 10.02%
Pop loss [16087087009]: 2010: 184, loss: 14.84%
Pop loss [16087087009]: 2010: 1017, loss: 23.5%
Pop loss [16087087009]: 2010: 1151, loss: 3.13%
Pop loss [16087087009]: 2010: 712, loss: 1.71%
Pop loss [16087087009]: 2010: 137, loss: 1.24%
Pop loss [16087087009]: 2010: 1161, loss: 1.2%
Pop loss [16087087009]: 2010: 1007, loss: 9.62%
Pop loss [16087087009]: 2010: 787, loss: 7.79%
Pop loss [16087087009]: 2010: 390, loss: 47.03%
Pop loss [16087087009]: 2010: 52, loss: 8.08%
Pop loss [16087087009]: 2010: 2849, loss: 15.92%
Pop loss [16087087009]: 2010: 1428, loss: 12.06%
Pop loss [16087087009]: 2010: 508, loss: 6.46%
Pop loss [16087087009]: 2010: 3242, loss: 6.8%
Pop loss [16087087009]: 2010: 455, loss: 2.13%
Pop loss [16087087009]: 2010: 2052, loss: 34.07%
Pop loss [16087087009]: 2010: 2666, loss: 8.18%
Pop loss [16087087009]: 2010: 533, loss: 5.03%
Pop loss [16087087009]: 2010: 252, loss: 20.32%
Pop loss [16087087009]: 2010: 791, loss: 31.07%
Pop loss [16087087009]: 2010: 1258, loss: 3.26%
Pop loss [16087087009]: 2010: 1439, loss: 3.1%
Pop loss [16087087009]: 2010: 692, loss: 18.05%
Pop loss [16087087009]: 2010: 1524, loss: 11.45%
Pop loss [16087087009]: 2010: 1166, loss: 14.64%
Pop loss [16087087009]: 2010: 2879, loss: 2.49%
Pop loss [16087087009]: 2010: 1508, loss: 15.72%
Pop loss [16087087009]: 2010: 818, loss: 15.6%
Pop loss [16087087009]: 2010: 1111, loss: 0.5%
Pop loss [16087087009]: 2010: 3452, loss: 6.78%
Pop loss [16087087009]: 2010: 2068, loss: 0.19%
Pop loss [16087087009]: 2010: 1524, loss: 1.8%
Pop loss [16087087009]: 2010: 1339, loss: 1.4%
Pop loss [16087087009]: 2010: 941, loss: 7.69%
Pop loss [16087087009]: 2010: 1410, loss: 5.48%
Pop loss [16087087009]: 2010: 727, loss: 17.72%
Pop loss [16087087009]: 2010: 975, loss: 14.71%
Pop loss [16087087009]: 2010: 398, loss: 1.91%
Pop loss [16087087009]: 2010: 1131, loss: 2.27%
Pop loss [16087087009]: 2010: 1222, loss: 7.73%
Pop loss [16087087009]: 2010: 929, loss: 27.19%
Pop loss [16087087009]: 2010: 144, loss: 9.79%
Pop loss [16087087009]: 2010: 932, loss: 22.96%
Pop loss [16087087009]: 2010: 983, loss: 17.04%
Pop loss [16087087009]: 2010: 1032, loss: 25.11%
Pop loss [16087087009]: 2010: 1075, loss: 5.0%
Pop loss [16087087009]: 2010: 592, loss: 0.15%
Pop loss [16087087009]: 2010: 914, loss: 6.83%
Pop loss [16087087009]: 2010: 640, loss: 12.47%
Row count: 922
Loss count: 325
Tot 2010 Pop: 1567582
Tot 2018 Pop: 1687808.0
