Make Election_Data_KY.v04 (2024-02-01)

Row count: 3693
Totals from Block Data (BData) and CSV Data (CData)
Field;			BData;	CData;	Diff
E_16_PRES_Total;	1923375;	1923375;	0
E_16_PRES_Dem;	628847;	628847;	0
E_16_PRES_Rep;	1202957;	1202957;	0
E_16_SEN_Total;	1903399;	1903399;	0
E_16_SEN_Dem;	813236;	813236;	0
E_16_SEN_Rep;	1090163;	1090163;	0
E_19_GOV_Total;	1443078;	1443078;	0
E_19_GOV_Dem;	709891;	709891;	0
E_19_GOV_Rep;	704754;	704754;	0
E_19_AG_Total;	1425618;	1425618;	0
E_19_AG_Dem;	602272;	602272;	0
E_19_AG_Rep;	823346;	823346;	0
E_16-20_COMP_Total;	1822791;	1822791;	0
E_16-20_COMP_Dem;	723188;	723188;	0
E_16-20_COMP_Rep;	1064826;	1064826;	0
E_20_PRES_Total;	2135436;	2135436;	0
E_20_PRES_Dem;	772474;	772474;	0
E_20_PRES_Rep;	1326646;	1326646;	0
E_20_SEN_Total;	2134958;	2134958;	0
E_20_SEN_Dem;	816257;	816257;	0
E_20_SEN_Rep;	1233315;	1233315;	0
