Make Demographic_Data_KY.v04 (2024-01-31)

Row count: 3693
Totals from Block Data (BData) and CSV Data (CData)
Field;			BData;	CData;	Diff
T_10_CENS_Total;	4339364;	4339364;	0
T_10_CENS_White;	3745652;	3745652;	0
T_10_CENS_Hispanic;	132836;	132836;	0
T_10_CENS_Black;	376213;	376213;	0
T_10_CENS_Asian;	62029;	62029;	0
T_10_CENS_Native;	31355;	31355;	0
T_10_CENS_Pacific;	5111;	5111;	0
T_18_ACS_Total;	4440204;	4440204;	0
T_18_ACS_White;	3764082;	3764082;	0
T_18_ACS_Hispanic;	158744;	158744;	0
T_18_ACS_Black;	413151;	413151;	0
T_18_ACS_Asian;	80974;	80974;	0
T_18_ACS_Native;	33986;	33986;	0
T_18_ACS_Pacific;	5954;	5954;	0
T_19_ACS_Total;	4449052;	4449052;	0
T_19_ACS_White;	3761855;	3761855;	0
T_19_ACS_Hispanic;	162994;	162994;	0
T_19_ACS_Black;	418010;	418010;	0
T_19_ACS_Asian;	83733;	83733;	0
T_19_ACS_Native;	33033;	33033;	0
T_19_ACS_Pacific;	6300;	6300;	0
T_20_CENS_Total;	4505836;	4505836;	0
T_20_CENS_White;	3664764;	3664764;	0
T_20_CENS_Hispanic;	207854;	207854;	0
T_20_CENS_Black;	436059;	436059;	0
T_20_CENS_Asian;	98763;	98763;	0
T_20_CENS_Native;	91206;	91206;	0
T_20_CENS_Pacific;	8449;	8449;	0
T_20_ACS_Total;	4461952;	4461952;	0
T_20_ACS_White;	3751738;	3751738;	0
T_20_ACS_Hispanic;	167949;	167949;	0
T_20_ACS_Black;	425351;	425351;	0
T_20_ACS_Asian;	88096;	88096;	0
T_20_ACS_Native;	32270;	32270;	0
T_20_ACS_Pacific;	5425;	5425;	0
V_10_VAP_Total;	3315993;	3315993;	0
V_10_VAP_White;	2917516;	2917516;	0
V_10_VAP_Hispanic;	82887;	82887;	0
V_10_VAP_Black;	254615;	254615;	0
V_10_VAP_Asian;	42411;	42411;	0
V_10_VAP_Native;	23388;	23388;	0
V_10_VAP_Pacific;	3080;	3080;	0
V_18_CVAP_Total;	3338229;	3338229;	0
V_18_CVAP_White;	2954528;	2954528;	0
V_18_CVAP_Hispanic;	54929;	54929;	0
V_18_CVAP_Black;	269938;	269938;	0
V_18_CVAP_Asian;	31949;	31949;	0
V_18_CVAP_Native;	22717;	22717;	0
V_18_CVAP_Pacific;	1295;	1295;	0
V_19_CVAP_Total;	3349124;	3349124;	0
V_19_CVAP_White;	2956663;	2956663;	0
V_19_CVAP_Hispanic;	58042;	58042;	0
V_19_CVAP_Black;	273628;	273628;	0
V_19_CVAP_Asian;	33987;	33987;	0
V_19_CVAP_Native;	22257;	22257;	0
V_19_CVAP_Pacific;	1467;	1467;	0
V_20_VAP_Total;	3483900;	3483900;	0
V_20_VAP_White;	2905545;	2905545;	0
V_20_VAP_Hispanic;	133075;	133075;	0
V_20_VAP_Black;	299191;	299191;	0
V_20_VAP_Asian;	68607;	68607;	0
V_20_VAP_Native;	68900;	68900;	0
V_20_VAP_Pacific;	5751;	5751;	0
V_20_VAP_NH_Total;	3483900;	3483900;	0
V_20_VAP_NH_White;	2905545;	2905545;	0
V_20_VAP_NH_Hispanic;	133075;	133075;	0
V_20_VAP_NH_BlackAlone;	265961;	265961;	0
V_20_VAP_NH_AsianAlone;	54971;	54971;	0
V_20_VAP_NH_NativeAlone;	6657;	6657;	0
V_20_VAP_NH_PacificAlone;	2391;	2391;	0
V_20_VAP_NH_OtherAlone;	8970;	8970;	0
V_20_VAP_NH_TwoOrMore;	106330;	106330;	0
V_20_CVAP_Total;	3362415;	3362415;	0
V_20_CVAP_White;	2961088;	2961088;	0
V_20_CVAP_Hispanic;	61574;	61574;	0
V_20_CVAP_Black;	277274;	277274;	0
V_20_CVAP_Asian;	35290;	35290;	0
V_20_CVAP_Native;	22353;	22353;	0
V_20_CVAP_Pacific;	1200;	1200;	0
