Make Demographic_Data_LA.v06 (2025-06-18)

Row count: 3540
Totals from Block Data (BData) and CSV Data (CData)
Field;			BData;	CData;	Diff
T_10_CENS_Total;	4533289;	4533289;	0
T_10_CENS_White;	2734884;	2734884;	0
T_10_CENS_Hispanic;	192560;	192560;	0
T_10_CENS_Black;	1486802;	1486802;	0
T_10_CENS_Asian;	84335;	84335;	0
T_10_CENS_Native;	55079;	55079;	0
T_10_CENS_Pacific;	4879;	4879;	0
T_18_ACS_Total;	4663616;	4663616;	0
T_18_ACS_White;	2744265;	2744265;	0
T_18_ACS_Hispanic;	234920;	234920;	0
T_18_ACS_Black;	1553061;	1553061;	0
T_18_ACS_Asian;	96581;	96581;	0
T_18_ACS_Native;	59153;	59153;	0
T_18_ACS_Pacific;	4489;	4489;	0
T_19_ACS_Total;	4664362;	4664362;	0
T_19_ACS_White;	2735887;	2735887;	0
T_19_ACS_Hispanic;	239164;	239164;	0
T_19_ACS_Black;	1556081;	1556081;	0
T_19_ACS_Asian;	98019;	98019;	0
T_19_ACS_Native;	59834;	59834;	0
T_19_ACS_Pacific;	4797;	4797;	0
T_20_CENS_Total;	4657757;	4657757;	0
T_20_CENS_White;	2596702;	2596702;	0
T_20_CENS_Hispanic;	322549;	322549;	0
T_20_CENS_Black;	1543119;	1543119;	0
T_20_CENS_Asian;	111836;	111836;	0
T_20_CENS_Native;	103128;	103128;	0
T_20_CENS_Pacific;	6100;	6100;	0
T_20_ACS_Total;	4664616;	4664616;	0
T_20_ACS_White;	2720638;	2720638;	0
T_20_ACS_Hispanic;	243372;	243372;	0
T_20_ACS_Black;	1560682;	1560682;	0
T_20_ACS_Asian;	99667;	99667;	0
T_20_ACS_Native;	60705;	60705;	0
T_20_ACS_Pacific;	5036;	5036;	0
T_22_ACS_Total;	4640546;	4640546;	0
T_22_ACS_White;	2669166;	2669166;	0
T_22_ACS_Hispanic;	255584;	255584;	0
T_22_ACS_Black;	1547905;	1547905;	0
T_22_ACS_Asian;	104448;	104448;	0
T_22_ACS_Native;	75640;	75640;	0
T_22_ACS_Pacific;	5745;	5745;	0
V_10_VAP_Total;	3415316;	3415316;	0
V_10_VAP_White;	2147661;	2147661;	0
V_10_VAP_Hispanic;	138091;	138091;	0
V_10_VAP_Black;	1040219;	1040219;	0
V_10_VAP_Asian;	62025;	62025;	0
V_10_VAP_Native;	38189;	38189;	0
V_10_VAP_Pacific;	3278;	3278;	0
V_18_CVAP_Total;	3452845;	3452845;	0
V_18_CVAP_White;	2167363;	2167363;	0
V_18_CVAP_Hispanic;	102386;	102386;	0
V_18_CVAP_Black;	1097792;	1097792;	0
V_18_CVAP_Asian;	46003;	46003;	0
V_18_CVAP_Native;	35289;	35289;	0
V_18_CVAP_Pacific;	788;	788;	0
V_19_CVAP_Total;	3459409;	3459409;	0
V_19_CVAP_White;	2162799;	2162799;	0
V_19_CVAP_Hispanic;	104744;	104744;	0
V_19_CVAP_Black;	1105401;	1105401;	0
V_19_CVAP_Asian;	47444;	47444;	0
V_19_CVAP_Native;	35969;	35969;	0
V_19_CVAP_Pacific;	722;	722;	0
V_20_VAP_Total;	3570548;	3570548;	0
V_20_VAP_White;	2082110;	2082110;	0
V_20_VAP_Hispanic;	223662;	223662;	0
V_20_VAP_Black;	1115769;	1115769;	0
V_20_VAP_Asian;	82947;	82947;	0
V_20_VAP_Native;	74905;	74905;	0
V_20_VAP_Pacific;	4160;	4160;	0
V_20_VAP_NH_Total;	3570548;	3570548;	0
V_20_VAP_NH_White;	2082110;	2082110;	0
V_20_VAP_NH_Hispanic;	223662;	223662;	0
V_20_VAP_NH_BlackAlone;	1066511;	1066511;	0
V_20_VAP_NH_AsianAlone;	67983;	67983;	0
V_20_VAP_NH_NativeAlone;	19531;	19531;	0
V_20_VAP_NH_PacificAlone;	1322;	1322;	0
V_20_VAP_NH_OtherAlone;	11524;	11524;	0
V_20_VAP_NH_TwoOrMore;	97905;	97905;	0
V_20_CVAP_Total;	3467651;	3467651;	0
V_20_CVAP_White;	2158990;	2158990;	0
V_20_CVAP_Hispanic;	108468;	108468;	0
V_20_CVAP_Black;	1110181;	1110181;	0
V_20_CVAP_Asian;	49603;	49603;	0
V_20_CVAP_Native;	37334;	37334;	0
V_20_CVAP_Pacific;	866;	866;	0
V_22_CVAP_Total;	3458902;	3458902;	0
V_22_CVAP_White;	2137946;	2137946;	0
V_22_CVAP_Hispanic;	116407;	116407;	0
V_22_CVAP_Black;	1104983;	1104983;	0
V_22_CVAP_Asian;	53064;	53064;	0
V_22_CVAP_Native;	43636;	43636;	0
V_22_CVAP_Pacific;	1708;	1708;	0
V_22_CVAP_RemTwoOrMore;	8416;	8416;	0
