Make CSV: LA (election)
Row count: 3540
R_2019_gov: 696434
D_2019_gov: 636963
Tot_2019_gov: 1343481
R_2019_ag: 855366
D_2019_ag: 436502
Tot_2019_ag: 1291868
R_2019_ltg: 884309
D_2019_ltg: 413556
Tot_2019_ltg: 1297865
R_2019_gov_roff: 734286
D_2019_gov_roff: 774498
Tot_2019_gov_roff: 1508784
R_2016_pres: 1178638
D_2016_pres: 780154
Tot_2016_pres: 2029032
R_2016_sen: 1185889
D_2016_sen: 695288
Tot_2016_sen: 1933635
R_2016_sen_roff: 536191
D_2016_sen_roff: 347816
Tot_2016_sen_roff: 884007
R_2020_pres: 1255776
D_2020_pres: 856034
Tot_2020_pres: 2148062
R_2020_sen: 1267291
D_2020_sen: 730989
Tot_2020_sen: 2071543
