Make Demographic_Data_MD.v04 (2024-01-31)

Row count: 2042
Totals from Block Data (BData) and CSV Data (CData)
Field;			BData;	CData;	Diff
T_10_CENS_Total;	5772142;	5772142;	0
T_10_CENS_White;	3156847;	3156847;	0
T_10_CENS_Hispanic;	470541;	470541;	0
T_10_CENS_Black;	1783842;	1783842;	0
T_10_CENS_Asian;	369901;	369901;	0
T_10_CENS_Native;	58653;	58653;	0
T_10_CENS_Pacific;	9821;	9821;	0
T_18_ACS_Total;	6001162;	6001162;	0
T_18_ACS_White;	3084759;	3084759;	0
T_18_ACS_Hispanic;	587954;	587954;	0
T_18_ACS_Black;	1898595;	1898595;	0
T_18_ACS_Asian;	442300;	442300;	0
T_18_ACS_Native;	61496;	61496;	0
T_18_ACS_Pacific;	11689;	11689;	0
T_19_ACS_Total;	6018848;	6018848;	0
T_19_ACS_White;	3062363;	3062363;	0
T_19_ACS_Hispanic;	606482;	606482;	0
T_19_ACS_Black;	1916619;	1916619;	0
T_19_ACS_Asian;	449579;	449579;	0
T_19_ACS_Native;	61785;	61785;	0
T_19_ACS_Pacific;	12039;	12039;	0
T_20_CENS_Total;	6177224;	6177224;	0
T_20_CENS_White;	2913782;	2913782;	0
T_20_CENS_Hispanic;	729745;	729745;	0
T_20_CENS_Black;	1977453;	1977453;	0
T_20_CENS_Asian;	502173;	502173;	0
T_20_CENS_Native;	128650;	128650;	0
T_20_CENS_Pacific;	11440;	11440;	0
T_20_CENS_ADJ_Total;	6175403;	6175403;	0
T_20_CENS_ADJ_White;	2913263;	2913263;	0
T_20_CENS_ADJ_Hispanic;	729673;	729673;	0
T_20_CENS_ADJ_Black;	1964359;	1964359;	0
T_20_CENS_ADJ_Asian;	502844;	502844;	0
T_20_CENS_ADJ_Native;	116744;	116744;	0
T_20_CENS_ADJ_Pacific;	11029;	11029;	0
T_20_ACS_Total;	6037624;	6037624;	0
T_20_ACS_White;	3028494;	3028494;	0
T_20_ACS_Hispanic;	619418;	619418;	0
T_20_ACS_Black;	1937445;	1937445;	0
T_20_ACS_Asian;	463308;	463308;	0
T_20_ACS_Native;	64146;	64146;	0
T_20_ACS_Pacific;	11335;	11335;	0
V_10_VAP_Total;	4419249;	4419249;	0
V_10_VAP_White;	2528438;	2528438;	0
V_10_VAP_Hispanic;	322227;	322227;	0
V_10_VAP_Black;	1293080;	1293080;	0
V_10_VAP_Asian;	272903;	272903;	0
V_10_VAP_Native;	41216;	41216;	0
V_10_VAP_Pacific;	6767;	6767;	0
V_18_CVAP_Total;	4261623;	4261623;	0
V_18_CVAP_White;	2474849;	2474849;	0
V_18_CVAP_Hispanic;	213131;	213131;	0
V_18_CVAP_Black;	1305805;	1305805;	0
V_18_CVAP_Asian;	228505;	228505;	0
V_18_CVAP_Native;	29635;	29635;	0
V_18_CVAP_Pacific;	1679;	1679;	0
V_19_CVAP_Total;	4280319;	4280319;	0
V_19_CVAP_White;	2460841;	2460841;	0
V_19_CVAP_Hispanic;	222389;	222389;	0
V_19_CVAP_Black;	1321414;	1321414;	0
V_19_CVAP_Asian;	235465;	235465;	0
V_19_CVAP_Native;	29961;	29961;	0
V_19_CVAP_Pacific;	1626;	1626;	0
V_20_VAP_Total;	4815202;	4815202;	0
V_20_VAP_White;	2401360;	2401360;	0
V_20_VAP_Hispanic;	492262;	492262;	0
V_20_VAP_Black;	1492989;	1492989;	0
V_20_VAP_Asian;	376559;	376559;	0
V_20_VAP_Native;	93633;	93633;	0
V_20_VAP_Pacific;	7849;	7849;	0
V_20_VAP_NH_Total;	4815202;	4815202;	0
V_20_VAP_NH_White;	2401360;	2401360;	0
V_20_VAP_NH_Hispanic;	492262;	492262;	0
V_20_VAP_NH_BlackAlone;	1388741;	1388741;	0
V_20_VAP_NH_AsianAlone;	332666;	332666;	0
V_20_VAP_NH_NativeAlone;	9788;	9788;	0
V_20_VAP_NH_PacificAlone;	2035;	2035;	0
V_20_VAP_NH_OtherAlone;	23196;	23196;	0
V_20_VAP_NH_TwoOrMore;	165154;	165154;	0
V_20_CVAP_Total;	4313260;	4313260;	0
V_20_CVAP_White;	2448948;	2448948;	0
V_20_CVAP_Hispanic;	240392;	240392;	0
V_20_CVAP_Black;	1337962;	1337962;	0
V_20_CVAP_Asian;	243390;	243390;	0
V_20_CVAP_Native;	29644;	29644;	0
V_20_CVAP_Pacific;	1513;	1513;	0
