Make Election_Data_MD.v04 (2024-02-01)

Row count: 2042
Totals from Block Data (BData) and CSV Data (CData)
Field;			BData;	CData;	Diff
E_16_PRES_Total;	2781446;	2781446;	0
E_16_PRES_Dem;	1677928;	1677928;	0
E_16_PRES_Rep;	943169;	943169;	0
E_16_SEN_Total;	2726170;	2726170;	0
E_16_SEN_Dem;	1659907;	1659907;	0
E_16_SEN_Rep;	972557;	972557;	0
E_18_SEN_Total;	2299889;	2299889;	0
E_18_SEN_Dem;	1491614;	1491614;	0
E_18_SEN_Rep;	697017;	697017;	0
E_18_GOV_Total;	2304512;	2304512;	0
E_18_GOV_Dem;	1002639;	1002639;	0
E_18_GOV_Rep;	1275644;	1275644;	0
E_18_AG_Total;	2275788;	2275788;	0
E_18_AG_Dem;	1474833;	1474833;	0
E_18_AG_Rep;	799035;	799035;	0
E_16-20_COMP_Total;	2566620;	2566620;	0
E_16-20_COMP_Dem;	1548502;	1548502;	0
E_16-20_COMP_Rep;	943248;	943248;	0
E_20_PRES_Total;	3037028;	3037028;	0
E_20_PRES_Dem;	1985023;	1985023;	0
E_20_PRES_Rep;	976411;	976411;	0
