Make Demographic_Data_WI.v06 (2025-06-19)

Row count: 7059
Totals from Block Data (BData) and CSV Data (CData)
Field;			BData;	CData;	Diff
T_10_CENS_Total;	5686828;	5686828;	0
T_10_CENS_White;	4738257;	4738257;	0
T_10_CENS_Hispanic;	336054;	336054;	0
T_10_CENS_Black;	403527;	403527;	0
T_10_CENS_Asian;	151513;	151513;	0
T_10_CENS_Native;	86226;	86226;	0
T_10_CENS_Pacific;	5117;	5117;	0
T_18_ACS_Total;	5778394;	5778394;	0
T_18_ACS_White;	4711038;	4711038;	0
T_18_ACS_Hispanic;	385779;	385779;	0
T_18_ACS_Black;	431044;	431044;	0
T_18_ACS_Asian;	189998;	189998;	0
T_18_ACS_Native;	92282;	92282;	0
T_18_ACS_Pacific;	6161;	6161;	0
T_19_ACS_Total;	5790716;	5790716;	0
T_19_ACS_White;	4705599;	4705599;	0
T_19_ACS_Hispanic;	394392;	394392;	0
T_19_ACS_Black;	434778;	434778;	0
T_19_ACS_Asian;	194286;	194286;	0
T_19_ACS_Native;	92283;	92283;	0
T_19_ACS_Pacific;	6554;	6554;	0
T_20_CENS_Total;	5893718;	5893718;	0
T_20_CENS_White;	4634018;	4634018;	0
T_20_CENS_Hispanic;	447290;	447290;	0
T_20_CENS_Black;	452743;	452743;	0
T_20_CENS_Asian;	216345;	216345;	0
T_20_CENS_Native;	144572;	144572;	0
T_20_CENS_Pacific;	7470;	7470;	0
T_20_ACS_Total;	5806975;	5806975;	0
T_20_ACS_White;	4681072;	4681072;	0
T_20_ACS_Hispanic;	408267;	408267;	0
T_20_ACS_Black;	441868;	441868;	0
T_20_ACS_Asian;	203052;	203052;	0
T_20_ACS_Native;	93288;	93288;	0
T_20_ACS_Pacific;	6653;	6653;	0
T_22_ACS_Total;	5882128;	5882128;	0
T_22_ACS_White;	4698967;	4698967;	0
T_22_ACS_Hispanic;	430976;	430976;	0
T_22_ACS_Black;	446682;	446682;	0
T_22_ACS_Asian;	213544;	213544;	0
T_22_ACS_Native;	101777;	101777;	0
T_22_ACS_Pacific;	6582;	6582;	0
V_10_VAP_Total;	4347366;	4347366;	0
V_10_VAP_White;	3753547;	3753547;	0
V_10_VAP_Hispanic;	199821;	199821;	0
V_10_VAP_Black;	252486;	252486;	0
V_10_VAP_Asian;	97076;	97076;	0
V_10_VAP_Native;	56214;	56214;	0
V_10_VAP_Pacific;	3285;	3285;	0
V_18_CVAP_Total;	4347515;	4347515;	0
V_18_CVAP_White;	3777469;	3777469;	0
V_18_CVAP_Hispanic;	165021;	165021;	0
V_18_CVAP_Black;	262585;	262585;	0
V_18_CVAP_Asian;	85241;	85241;	0
V_18_CVAP_Native;	54251;	54251;	0
V_18_CVAP_Pacific;	1075;	1075;	0
V_19_CVAP_Total;	4366430;	4366430;	0
V_19_CVAP_White;	3781310;	3781310;	0
V_19_CVAP_Hispanic;	172917;	172917;	0
V_19_CVAP_Black;	266101;	266101;	0
V_19_CVAP_Asian;	88059;	88059;	0
V_19_CVAP_Native;	55084;	55084;	0
V_19_CVAP_Pacific;	1220;	1220;	0
V_20_VAP_Total;	4612300;	4612300;	0
V_20_VAP_White;	3774226;	3774226;	0
V_20_VAP_Hispanic;	284069;	284069;	0
V_20_VAP_Black;	296313;	296313;	0
V_20_VAP_Asian;	146640;	146640;	0
V_20_VAP_Native;	99751;	99751;	0
V_20_VAP_Pacific;	4996;	4996;	0
V_20_VAP_NH_Total;	4612300;	4612300;	0
V_20_VAP_NH_White;	3774226;	3774226;	0
V_20_VAP_NH_Hispanic;	284069;	284069;	0
V_20_VAP_NH_BlackAlone;	258704;	258704;	0
V_20_VAP_NH_AsianAlone;	126019;	126019;	0
V_20_VAP_NH_NativeAlone;	35459;	35459;	0
V_20_VAP_NH_PacificAlone;	1446;	1446;	0
V_20_VAP_NH_OtherAlone;	12562;	12562;	0
V_20_VAP_NH_TwoOrMore;	119815;	119815;	0
V_20_CVAP_Total;	4393017;	4393017;	0
V_20_CVAP_White;	3789360;	3789360;	0
V_20_CVAP_Hispanic;	180016;	180016;	0
V_20_CVAP_Black;	269483;	269483;	0
V_20_CVAP_Asian;	92870;	92870;	0
V_20_CVAP_Native;	55017;	55017;	0
V_20_CVAP_Pacific;	999;	999;	0
V_22_CVAP_Total;	4473125;	4473125;	0
V_22_CVAP_White;	3838749;	3838749;	0
V_22_CVAP_Hispanic;	197736;	197736;	0
V_22_CVAP_Black;	271829;	271829;	0
V_22_CVAP_Asian;	103788;	103788;	0
V_22_CVAP_Native;	57334;	57334;	0
V_22_CVAP_Pacific;	1227;	1227;	0
V_22_CVAP_RemTwoOrMore;	6513;	6513;	0
