Make CSV: WY (census)
Pop loss [560450501]: 2010: 389, loss: 7.97%
Pop loss [560450501]: 2010: 295, loss: 29.22%
Pop loss [560450501]: 2010: 29, loss: 7.59%
Pop loss [560450501]: 2010: 40, loss: 16.25%
Pop loss [560450501]: 2010: 55, loss: 16.36%
Pop loss [560450501]: 2010: 60, loss: 9.0%
Pop loss [560450501]: 2010: 1227, loss: 6.6%
Pop loss [560450501]: 2010: 2033, loss: 3.18%
Pop loss [560450501]: 2010: 234, loss: 28.38%
Pop loss [560450501]: 2010: 4491, loss: 1.3%
Pop loss [560450501]: 2010: 1077, loss: 6.29%
Pop loss [560450501]: 2010: 1934, loss: 8.67%
Pop loss [560450501]: 2010: 2958, loss: 5.74%
Pop loss [560450501]: 2010: 549, loss: 14.61%
Pop loss [560450501]: 2010: 2014, loss: 30.89%
Pop loss [560450501]: 2010: 640, loss: 34.38%
Pop loss [560450501]: 2010: 214, loss: 11.21%
Pop loss [560450501]: 2010: 178, loss: 24.94%
Pop loss [560450501]: 2010: 3427, loss: 3.99%
Pop loss [560450501]: 2010: 900, loss: 6.76%
Pop loss [560450501]: 2010: 271, loss: 4.61%
Pop loss [560450501]: 2010: 930, loss: 16.86%
Pop loss [560450501]: 2010: 693, loss: 2.54%
Pop loss [560450501]: 2010: 662, loss: 27.84%
Pop loss [560450501]: 2010: 851, loss: 9.28%
Pop loss [560450501]: 2010: 1784, loss: 24.98%
Pop loss [560450501]: 2010: 855, loss: 20.22%
Pop loss [560450501]: 2010: 1449, loss: 8.99%
Pop loss [560450501]: 2010: 1567, loss: 34.84%
Pop loss [560450501]: 2010: 700, loss: 15.73%
Pop loss [560450501]: 2010: 2233, loss: 23.34%
Pop loss [560450501]: 2010: 3019, loss: 9.72%
Pop loss [560450501]: 2010: 1796, loss: 4.79%
Pop loss [560450501]: 2010: 1805, loss: 7.06%
Pop loss [560450501]: 2010: 1775, loss: 12.37%
Pop loss [560450501]: 2010: 1976, loss: 11.5%
Pop loss [560450501]: 2010: 202, loss: 8.56%
Pop loss [560450501]: 2010: 1758, loss: 17.45%
Pop loss [560450501]: 2010: 563, loss: 12.15%
Pop loss [560450501]: 2010: 2359, loss: 3.83%
Pop loss [560450501]: 2010: 1233, loss: 10.15%
Pop loss [560450501]: 2010: 2644, loss: 2.84%
Pop loss [560450501]: 2010: 1049, loss: 0.2%
Pop loss [560450501]: 2010: 1699, loss: 1.46%
Pop loss [560450501]: 2010: 1526, loss: 9.56%
Pop loss [560450501]: 2010: 1218, loss: 6.8%
Pop loss [560450501]: 2010: 883, loss: 2.7%
Pop loss [560450501]: 2010: 286, loss: 14.65%
Pop loss [560450501]: 2010: 76, loss: 11.05%
Pop loss [560450501]: 2010: 1687, loss: 14.94%
Pop loss [560450501]: 2010: 293, loss: 11.43%
Pop loss [560450501]: 2010: 712, loss: 22.89%
Pop loss [560450501]: 2010: 508, loss: 2.11%
Pop loss [560450501]: 2010: 161, loss: 8.51%
Pop loss [560450501]: 2010: 695, loss: 15.34%
Pop loss [560450501]: 2010: 1379, loss: 3.89%
Pop loss [560450501]: 2010: 669, loss: 26.62%
Pop loss [560450501]: 2010: 450, loss: 31.44%
Pop loss [560450501]: 2010: 202, loss: 30.35%
Pop loss [560450501]: 2010: 1640, loss: 14.73%
Pop loss [560450501]: 2010: 516, loss: 12.75%
Pop loss [560450501]: 2010: 893, loss: 22.8%
Pop loss [560450501]: 2010: 278, loss: 17.55%
Pop loss [560450501]: 2010: 295, loss: 9.22%
Pop loss [560450501]: 2010: 141, loss: 20.35%
Pop loss [560450501]: 2010: 516, loss: 19.22%
Pop loss [560450501]: 2010: 345, loss: 23.42%
Pop loss [560450501]: 2010: 447, loss: 0.36%
Pop loss [560450501]: 2010: 562, loss: 9.91%
Pop loss [560450501]: 2010: 94, loss: 17.98%
Pop loss [560450501]: 2010: 79, loss: 11.14%
Pop loss [560450501]: 2010: 1559, loss: 7.48%
Pop loss [560450501]: 2010: 1212, loss: 4.36%
Pop loss [560450501]: 2010: 957, loss: 2.61%
Pop loss [560450501]: 2010: 1326, loss: 1.2%
Pop loss [560450501]: 2010: 1025, loss: 2.19%
Pop loss [560450501]: 2010: 1949, loss: 10.79%
Pop loss [560450501]: 2010: 1096, loss: 3.48%
Pop loss [560450501]: 2010: 2051, loss: 3.89%
Pop loss [560450501]: 2010: 2620, loss: 6.3%
Pop loss [560450501]: 2010: 2143, loss: 2.38%
Pop loss [560450501]: 2010: 1898, loss: 14.43%
Pop loss [560450501]: 2010: 2344, loss: 1.4%
Pop loss [560450501]: 2010: 1039, loss: 2.88%
Pop loss [560450501]: 2010: 433, loss: 13.26%
Pop loss [560450501]: 2010: 517, loss: 7.31%
Pop loss [560450501]: 2010: 1157, loss: 9.83%
Pop loss [560450501]: 2010: 258, loss: 6.55%
Pop loss [560450501]: 2010: 781, loss: 9.64%
Pop loss [560450501]: 2010: 106, loss: 0.75%
Pop loss [560450501]: 2010: 470, loss: 16.09%
Pop loss [560450501]: 2010: 446, loss: 6.5%
Pop loss [560450501]: 2010: 958, loss: 3.98%
Pop loss [560450501]: 2010: 677, loss: 10.01%
Pop loss [560450501]: 2010: 327, loss: 1.74%
Pop loss [560450501]: 2010: 268, loss: 22.01%
Pop loss [560450501]: 2010: 151, loss: 27.28%
Pop loss [560450501]: 2010: 187, loss: 22.35%
Pop loss [560450501]: 2010: 195, loss: 28.51%
Pop loss [560450501]: 2010: 441, loss: 23.81%
Pop loss [560450501]: 2010: 53, loss: 28.68%
Pop loss [560450501]: 2010: 1524, loss: 10.42%
Pop loss [560450501]: 2010: 290, loss: 4.79%
Pop loss [560450501]: 2010: 1515, loss: 3.5%
Pop loss [560450501]: 2010: 686, loss: 24.29%
Pop loss [560450501]: 2010: 575, loss: 4.16%
Pop loss [560450501]: 2010: 625, loss: 19.22%
Pop loss [560450501]: 2010: 793, loss: 13.97%
Pop loss [560450501]: 2010: 1398, loss: 15.49%
Pop loss [560450501]: 2010: 145, loss: 5.1%
Pop loss [560450501]: 2010: 2938, loss: 11.56%
Pop loss [560450501]: 2010: 1343, loss: 5.46%
Pop loss [560450501]: 2010: 2233, loss: 13.49%
Pop loss [560450501]: 2010: 1340, loss: 18.56%
Pop loss [560450501]: 2010: 1289, loss: 27.11%
Pop loss [560450501]: 2010: 970, loss: 12.52%
Pop loss [560450501]: 2010: 1710, loss: 2.4%
Pop loss [560450501]: 2010: 1500, loss: 10.01%
Pop loss [560450501]: 2010: 1744, loss: 14.63%
Pop loss [560450501]: 2010: 2143, loss: 12.93%
Pop loss [560450501]: 2010: 533, loss: 1.97%
Pop loss [560450501]: 2010: 4271, loss: 19.22%
Pop loss [560450501]: 2010: 3652, loss: 0.86%
Pop loss [560450501]: 2010: 453, loss: 18.87%
Pop loss [560450501]: 2010: 289, loss: 28.1%
Pop loss [560450501]: 2010: 1696, loss: 9.01%
Pop loss [560450501]: 2010: 1620, loss: 16.6%
Pop loss [560450501]: 2010: 905, loss: 0.91%
Pop loss [560450501]: 2010: 926, loss: 4.14%
Pop loss [560450501]: 2010: 542, loss: 1.86%
Pop loss [560450501]: 2010: 150, loss: 32.6%
Pop loss [560450501]: 2010: 804, loss: 36.7%
Pop loss [560450501]: 2010: 1605, loss: 23.09%
Pop loss [560450501]: 2010: 839, loss: 0.43%
Pop loss [560450501]: 2010: 1605, loss: 6.44%
Pop loss [560450501]: 2010: 2059, loss: 1.6%
Pop loss [560450501]: 2010: 1112, loss: 2.06%
Pop loss [560450501]: 2010: 2820, loss: 7.57%
Pop loss [560450501]: 2010: 1929, loss: 5.69%
Pop loss [560450501]: 2010: 2013, loss: 17.09%
Pop loss [560450501]: 2010: 1817, loss: 0.97%
Pop loss [560450501]: 2010: 2129, loss: 5.72%
Pop loss [560450501]: 2010: 1327, loss: 7.34%
Pop loss [560450501]: 2010: 1470, loss: 9.53%
Pop loss [560450501]: 2010: 2995, loss: 4.72%
Pop loss [560450501]: 2010: 1706, loss: 2.49%
Pop loss [560450501]: 2010: 1845, loss: 5.8%
Pop loss [560450501]: 2010: 2958, loss: 2.32%
Pop loss [560450501]: 2010: 1600, loss: 7.2%
Pop loss [560450501]: 2010: 3085, loss: 3.58%
Pop loss [560450501]: 2010: 1595, loss: 8.38%
Pop loss [560450501]: 2010: 482, loss: 4.56%
Pop loss [560450501]: 2010: 2108, loss: 8.44%
Pop loss [560450501]: 2010: 230, loss: 16.61%
Pop loss [560450501]: 2010: 428, loss: 11.0%
Pop loss [560450501]: 2010: 169, loss: 31.3%
Pop loss [560450501]: 2010: 175, loss: 20.86%
Pop loss [560450501]: 2010: 132, loss: 20.15%
Pop loss [560450501]: 2010: 48, loss: 19.58%
Pop loss [560450501]: 2010: 95, loss: 12.0%
Pop loss [560450501]: 2010: 64, loss: 5.63%
Pop loss [560450501]: 2010: 153, loss: 7.97%
Pop loss [560450501]: 2010: 994, loss: 2.41%
Pop loss [560450501]: 2010: 244, loss: 14.51%
Pop loss [560450501]: 2010: 591, loss: 1.51%
Pop loss [560450501]: 2010: 1663, loss: 10.48%
Pop loss [560450501]: 2010: 1249, loss: 3.27%
Pop loss [560450501]: 2010: 1435, loss: 2.37%
Pop loss [560450501]: 2010: 448, loss: 6.14%
Pop loss [560450501]: 2010: 735, loss: 7.02%
Pop loss [560450501]: 2010: 804, loss: 5.1%
Pop loss [560450501]: 2010: 2212, loss: 9.76%
Pop loss [560450501]: 2010: 1139, loss: 5.41%
Pop loss [560450501]: 2010: 923, loss: 5.12%
Pop loss [560450501]: 2010: 704, loss: 4.36%
Pop loss [560450501]: 2010: 1150, loss: 2.93%
Pop loss [560450501]: 2010: 1529, loss: 15.6%
Pop loss [560450501]: 2010: 375, loss: 0.03%
Pop loss [560450501]: 2010: 106, loss: 8.4%
Pop loss [560450501]: 2010: 357, loss: 20.14%
Pop loss [560450501]: 2010: 414, loss: 11.09%
Pop loss [560450501]: 2010: 1378, loss: 12.53%
Pop loss [560450501]: 2010: 1512, loss: 0.17%
Pop loss [560450501]: 2010: 861, loss: 2.14%
Pop loss [560450501]: 2010: 2046, loss: 6.72%
Pop loss [560450501]: 2010: 1649, loss: 0.22%
Pop loss [560450501]: 2010: 1278, loss: 3.81%
Pop loss [560450501]: 2010: 1385, loss: 1.09%
Pop loss [560450501]: 2010: 1875, loss: 21.67%
Pop loss [560450501]: 2010: 461, loss: 25.53%
Pop loss [560450501]: 2010: 108, loss: 19.44%
Pop loss [560450501]: 2010: 313, loss: 22.75%
Pop loss [560450501]: 2010: 445, loss: 22.72%
Pop loss [560450501]: 2010: 83, loss: 7.47%
Pop loss [560450501]: 2010: 485, loss: 13.9%
Pop loss [560450501]: 2010: 757, loss: 18.15%
Pop loss [560450501]: 2010: 294, loss: 17.18%
Pop loss [560450501]: 2010: 2011, loss: 0.12%
Pop loss [560450501]: 2010: 1449, loss: 1.41%
Pop loss [560450501]: 2010: 1651, loss: 18.55%
Pop loss [560450501]: 2010: 1114, loss: 22.99%
Pop loss [560450501]: 2010: 551, loss: 19.31%
Pop loss [560450501]: 2010: 528, loss: 23.73%
Pop loss [560450501]: 2010: 255, loss: 9.61%
Pop loss [560450501]: 2010: 1480, loss: 1.92%
Pop loss [560450501]: 2010: 1332, loss: 40.88%
Pop loss [560450501]: 2010: 721, loss: 22.15%
Pop loss [560450501]: 2010: 1616, loss: 1.57%
Pop loss [560450501]: 2010: 2290, loss: 5.91%
Pop loss [560450501]: 2010: 1716, loss: 24.92%
Pop loss [560450501]: 2010: 1786, loss: 18.65%
Pop loss [560450501]: 2010: 1189, loss: 6.37%
Pop loss [560450501]: 2010: 465, loss: 3.55%
Pop loss [560450501]: 2010: 133, loss: 0.3%
Pop loss [560450501]: 2010: 4210, loss: 5.28%
Pop loss [560450501]: 2010: 2362, loss: 26.92%
Pop loss [560450501]: 2010: 742, loss: 55.08%
Pop loss [560450501]: 2010: 380, loss: 41.53%
Pop loss [560450501]: 2010: 844, loss: 42.96%
Pop loss [560450501]: 2010: 143, loss: 33.01%
Pop loss [560450501]: 2010: 501, loss: 37.92%
Pop loss [560450501]: 2010: 111, loss: 30.72%
Pop loss [560450501]: 2010: 3843, loss: 3.01%
Pop loss [560450501]: 2010: 1201, loss: 6.21%
Pop loss [560450501]: 2010: 544, loss: 9.93%
Pop loss [560450501]: 2010: 1437, loss: 5.85%
Pop loss [560450501]: 2010: 1349, loss: 1.48%
Pop loss [560450501]: 2010: 765, loss: 12.16%
Pop loss [560450501]: 2010: 1079, loss: 14.75%
Pop loss [560450501]: 2010: 3752, loss: 7.36%
Pop loss [560450501]: 2010: 4167, loss: 9.3%
Pop loss [560450501]: 2010: 518, loss: 5.42%
Pop loss [560450501]: 2010: 1150, loss: 6.16%
Pop loss [560450501]: 2010: 1019, loss: 8.61%
Pop loss [560450501]: 2010: 951, loss: 7.38%
Pop loss [560450501]: 2010: 1787, loss: 10.36%
Pop loss [560450501]: 2010: 1543, loss: 7.97%
Pop loss [560450501]: 2010: 2360, loss: 5.86%
Pop loss [560450501]: 2010: 1200, loss: 2.94%
Pop loss [560450501]: 2010: 295, loss: 1.8%
Pop loss [560450501]: 2010: 448, loss: 3.06%
Pop loss [560450501]: 2010: 1073, loss: 5.75%
Pop loss [560450501]: 2010: 1047, loss: 6.35%
Pop loss [560450501]: 2010: 1443, loss: 0.12%
Row count: 497
Loss count: 244
Tot 2010 Pop: 563626
Tot 2018 Pop: 581835.0
