Make CSV: DE (census)
Pop loss [1000507-40]: 2010: 5252, loss: 3.68%
Pop loss [1000507-40]: 2010: 531, loss: 2.77%
Pop loss [1000507-40]: 2010: 3281, loss: 0.07%
Pop loss [1000507-40]: 2010: 457, loss: 6.63%
Pop loss [1000507-40]: 2010: 3296, loss: 0.39%
Pop loss [1000507-40]: 2010: 4149, loss: 2.53%
Pop loss [1000507-40]: 2010: 178, loss: 3.88%
Pop loss [1000507-40]: 2010: 809, loss: 6.66%
Pop loss [1000507-40]: 2010: 1051, loss: 11.41%
Pop loss [1000507-40]: 2010: 3719, loss: 2.68%
Pop loss [1000507-40]: 2010: 3253, loss: 5.75%
Pop loss [1000507-40]: 2010: 2968, loss: 3.27%
Pop loss [1000507-40]: 2010: 2945, loss: 1.37%
Pop loss [1000507-40]: 2010: 2248, loss: 0.04%
Pop loss [1000507-40]: 2010: 1619, loss: 9.53%
Pop loss [1000507-40]: 2010: 1634, loss: 7.27%
Pop loss [1000507-40]: 2010: 349, loss: 9.71%
Pop loss [1000507-40]: 2010: 3150, loss: 18.49%
Pop loss [1000507-40]: 2010: 2128, loss: 0.38%
Pop loss [1000507-40]: 2010: 2270, loss: 5.6%
Pop loss [1000507-40]: 2010: 1532, loss: 5.41%
Pop loss [1000507-40]: 2010: 1056, loss: 3.39%
Pop loss [1000507-40]: 2010: 1537, loss: 8.53%
Pop loss [1000507-40]: 2010: 1816, loss: 24.56%
Pop loss [1000507-40]: 2010: 620, loss: 9.85%
Pop loss [1000507-40]: 2010: 523, loss: 15.6%
Pop loss [1000507-40]: 2010: 1956, loss: 1.39%
Pop loss [1000507-40]: 2010: 3451, loss: 4.53%
Pop loss [1000507-40]: 2010: 32, loss: 1.88%
Pop loss [1000507-40]: 2010: 1377, loss: 11.43%
Pop loss [1000507-40]: 2010: 1789, loss: 2.46%
Pop loss [1000507-40]: 2010: 1545, loss: 0.5%
Pop loss [1000507-40]: 2010: 4120, loss: 7.6%
Pop loss [1000507-40]: 2010: 1778, loss: 1.5%
Pop loss [1000507-40]: 2010: 1911, loss: 0.33%
Pop loss [1000507-40]: 2010: 1419, loss: 11.15%
Pop loss [1000507-40]: 2010: 1321, loss: 10.67%
Pop loss [1000507-40]: 2010: 1103, loss: 5.13%
Pop loss [1000507-40]: 2010: 2223, loss: 21.1%
Pop loss [1000507-40]: 2010: 4430, loss: 1.73%
Pop loss [1000507-40]: 2010: 411, loss: 7.66%
Pop loss [1000507-40]: 2010: 1729, loss: 3.04%
Pop loss [1000507-40]: 2010: 787, loss: 6.49%
Pop loss [1000507-40]: 2010: 1538, loss: 15.87%
Pop loss [1000507-40]: 2010: 38, loss: 41.58%
Pop loss [1000507-40]: 2010: 1609, loss: 19.09%
Pop loss [1000507-40]: 2010: 2190, loss: 6.65%
Pop loss [1000507-40]: 2010: 4298, loss: 6.31%
Pop loss [1000507-40]: 2010: 2966, loss: 14.52%
Pop loss [1000507-40]: 2010: 1091, loss: 11.21%
Pop loss [1000507-40]: 2010: 2669, loss: 22.48%
Pop loss [1000507-40]: 2010: 2209, loss: 7.65%
Pop loss [1000507-40]: 2010: 340, loss: 12.68%
Pop loss [1000507-40]: 2010: 2058, loss: 23.76%
Pop loss [1000507-40]: 2010: 2420, loss: 12.95%
Pop loss [1000507-40]: 2010: 405, loss: 3.58%
Pop loss [1000507-40]: 2010: 2114, loss: 11.67%
Pop loss [1000507-40]: 2010: 1262, loss: 6.65%
Pop loss [1000507-40]: 2010: 2392, loss: 0.25%
Pop loss [1000507-40]: 2010: 891, loss: 3.96%
Pop loss [1000507-40]: 2010: 3003, loss: 12.69%
Pop loss [1000507-40]: 2010: 1974, loss: 2.82%
Pop loss [1000507-40]: 2010: 2541, loss: 13.67%
Pop loss [1000507-40]: 2010: 1207, loss: 6.63%
Pop loss [1000507-40]: 2010: 1378, loss: 2.83%
Pop loss [1000507-40]: 2010: 874, loss: 8.8%
Pop loss [1000507-40]: 2010: 1962, loss: 5.69%
Pop loss [1000507-40]: 2010: 1992, loss: 9.08%
Pop loss [1000507-40]: 2010: 1222, loss: 3.04%
Pop loss [1000507-40]: 2010: 1423, loss: 18.96%
Pop loss [1000507-40]: 2010: 119, loss: 17.9%
Pop loss [1000507-40]: 2010: 338, loss: 9.14%
Pop loss [1000507-40]: 2010: 102, loss: 24.71%
Pop loss [1000507-40]: 2010: 1593, loss: 20.38%
Pop loss [1000507-40]: 2010: 177, loss: 7.8%
Pop loss [1000507-40]: 2010: 220, loss: 16.82%
Pop loss [1000507-40]: 2010: 300, loss: 19.37%
Pop loss [1000507-40]: 2010: 3018, loss: 6.43%
Pop loss [1000507-40]: 2010: 1742, loss: 0.83%
Pop loss [1000507-40]: 2010: 1402, loss: 0.75%
Pop loss [1000507-40]: 2010: 1000, loss: 8.89%
Pop loss [1000507-40]: 2010: 1880, loss: 8.4%
Pop loss [1000507-40]: 2010: 4995, loss: 0.19%
Pop loss [1000507-40]: 2010: 1951, loss: 13.6%
Pop loss [1000507-40]: 2010: 1622, loss: 7.08%
Pop loss [1000507-40]: 2010: 1652, loss: 4.79%
Pop loss [1000507-40]: 2010: 2762, loss: 6.72%
Pop loss [1000507-40]: 2010: 2215, loss: 18.98%
Pop loss [1000507-40]: 2010: 2157, loss: 0.43%
Pop loss [1000507-40]: 2010: 3051, loss: 10.98%
Pop loss [1000507-40]: 2010: 1360, loss: 18.32%
Pop loss [1000507-40]: 2010: 1402, loss: 4.21%
Pop loss [1000507-40]: 2010: 781, loss: 22.66%
Pop loss [1000507-40]: 2010: 2567, loss: 11.3%
Pop loss [1000507-40]: 2010: 1763, loss: 0.05%
Pop loss [1000507-40]: 2010: 1912, loss: 8.47%
Pop loss [1000507-40]: 2010: 1822, loss: 9.76%
Pop loss [1000507-40]: 2010: 2277, loss: 26.44%
Pop loss [1000507-40]: 2010: 1456, loss: 12.03%
Pop loss [1000507-40]: 2010: 1815, loss: 12.63%
Pop loss [1000507-40]: 2010: 2160, loss: 17.36%
Pop loss [1000507-40]: 2010: 2425, loss: 2.52%
Pop loss [1000507-40]: 2010: 870, loss: 15.86%
Pop loss [1000507-40]: 2010: 2877, loss: 11.42%
Pop loss [1000507-40]: 2010: 2611, loss: 2.34%
Pop loss [1000507-40]: 2010: 660, loss: 21.67%
Pop loss [1000507-40]: 2010: 1807, loss: 9.28%
Pop loss [1000507-40]: 2010: 3580, loss: 14.07%
Pop loss [1000507-40]: 2010: 2310, loss: 8.71%
Pop loss [1000507-40]: 2010: 870, loss: 0.64%
Pop loss [1000507-40]: 2010: 2002, loss: 0.68%
Pop loss [1000507-40]: 2010: 3689, loss: 17.62%
Pop loss [1000507-40]: 2010: 1735, loss: 3.83%
Pop loss [1000507-40]: 2010: 1483, loss: 1.63%
Pop loss [1000507-40]: 2010: 2561, loss: 13.2%
Pop loss [1000507-40]: 2010: 193, loss: 13.06%
Pop loss [1000507-40]: 2010: 2607, loss: 3.24%
Pop loss [1000507-40]: 2010: 1713, loss: 0.31%
Pop loss [1000507-40]: 2010: 1834, loss: 3.96%
Pop loss [1000507-40]: 2010: 1342, loss: 7.82%
Pop loss [1000507-40]: 2010: 997, loss: 17.42%
Pop loss [1000507-40]: 2010: 1562, loss: 14.74%
Pop loss [1000507-40]: 2010: 1202, loss: 15.22%
Pop loss [1000507-40]: 2010: 1742, loss: 14.4%
Pop loss [1000507-40]: 2010: 1842, loss: 2.38%
Pop loss [1000507-40]: 2010: 1318, loss: 13.43%
Pop loss [1000507-40]: 2010: 1923, loss: 12.54%
Pop loss [1000507-40]: 2010: 1692, loss: 4.27%
Pop loss [1000507-40]: 2010: 1855, loss: 8.46%
Pop loss [1000507-40]: 2010: 1787, loss: 1.4%
Pop loss [1000507-40]: 2010: 1428, loss: 3.2%
Pop loss [1000507-40]: 2010: 4200, loss: 2.35%
Pop loss [1000507-40]: 2010: 2062, loss: 5.0%
Pop loss [1000507-40]: 2010: 1556, loss: 18.32%
Pop loss [1000507-40]: 2010: 1522, loss: 8.52%
Pop loss [1000507-40]: 2010: 1939, loss: 5.02%
Pop loss [1000507-40]: 2010: 1135, loss: 10.51%
Pop loss [1000507-40]: 2010: 1803, loss: 10.69%
Pop loss [1000507-40]: 2010: 979, loss: 11.62%
Pop loss [1000507-40]: 2010: 1131, loss: 3.86%
Pop loss [1000507-40]: 2010: 1020, loss: 10.71%
Pop loss [1000507-40]: 2010: 3055, loss: 13.07%
Pop loss [1000507-40]: 2010: 1070, loss: 22.24%
Pop loss [1000507-40]: 2010: 1565, loss: 0.98%
Pop loss [1000507-40]: 2010: 3027, loss: 3.07%
Pop loss [1000507-40]: 2010: 1619, loss: 28.44%
Pop loss [1000507-40]: 2010: 1763, loss: 1.93%
Pop loss [1000507-40]: 2010: 1655, loss: 1.14%
Pop loss [1000507-40]: 2010: 275, loss: 0.22%
Pop loss [1000507-40]: 2010: 2097, loss: 1.29%
Pop loss [1000507-40]: 2010: 1017, loss: 6.52%
Pop loss [1000507-40]: 2010: 1533, loss: 0.33%
Pop loss [1000507-40]: 2010: 1905, loss: 10.37%
Pop loss [1000507-40]: 2010: 82, loss: 2.32%
Pop loss [1000507-40]: 2010: 330, loss: 8.45%
Pop loss [1000507-40]: 2010: 487, loss: 6.04%
Pop loss [1000507-40]: 2010: 3816, loss: 0.71%
Pop loss [1000507-40]: 2010: 3803, loss: 2.04%
Pop loss [1000507-40]: 2010: 4193, loss: 7.31%
Pop loss [1000507-40]: 2010: 2646, loss: 8.18%
Pop loss [1000507-40]: 2010: 2714, loss: 6.64%
Pop loss [1000507-40]: 2010: 3420, loss: 6.16%
Pop loss [1000507-40]: 2010: 1956, loss: 2.19%
Pop loss [1000507-40]: 2010: 1997, loss: 8.78%
Pop loss [1000507-40]: 2010: 2847, loss: 2.38%
Pop loss [1000507-40]: 2010: 2713, loss: 17.64%
Pop loss [1000507-40]: 2010: 3811, loss: 6.56%
Pop loss [1000507-40]: 2010: 827, loss: 3.43%
Pop loss [1000507-40]: 2010: 1891, loss: 2.24%
Pop loss [1000507-40]: 2010: 914, loss: 5.02%
Row count: 436
Loss count: 170
Tot 2010 Pop: 897934
Tot 2018 Pop: 949495.0
