Make CSV: ND (census)
Pop loss [3810501-60]: 2010: 213, loss: 15.4%
Pop loss [3810501-60]: 2010: 703, loss: 11.61%
Pop loss [3810501-60]: 2010: 1613, loss: 21.35%
Pop loss [3810501-60]: 2010: 207, loss: 6.47%
Pop loss [3810501-60]: 2010: 483, loss: 3.95%
Pop loss [3810501-60]: 2010: 1014, loss: 12.2%
Pop loss [3810501-60]: 2010: 160, loss: 0.94%
Pop loss [3810501-60]: 2010: 424, loss: 11.84%
Pop loss [3810501-60]: 2010: 191, loss: 11.15%
Pop loss [3810501-60]: 2010: 322, loss: 7.11%
Pop loss [3810501-60]: 2010: 716, loss: 7.32%
Pop loss [3810501-60]: 2010: 281, loss: 16.3%
Pop loss [3810501-60]: 2010: 298, loss: 2.21%
Pop loss [3810501-60]: 2010: 1654, loss: 1.64%
Pop loss [3810501-60]: 2010: 585, loss: 3.4%
Pop loss [3810501-60]: 2010: 334, loss: 2.57%
Pop loss [3810501-60]: 2010: 330, loss: 2.06%
Pop loss [3810501-60]: 2010: 607, loss: 3.76%
Pop loss [3810501-60]: 2010: 2844, loss: 0.88%
Pop loss [3810501-60]: 2010: 2087, loss: 0.52%
Pop loss [3810501-60]: 2010: 2047, loss: 14.29%
Pop loss [3810501-60]: 2010: 1740, loss: 18.65%
Pop loss [3810501-60]: 2010: 1327, loss: 8.33%
Pop loss [3810501-60]: 2010: 3156, loss: 3.15%
Pop loss [3810501-60]: 2010: 1622, loss: 5.47%
Pop loss [3810501-60]: 2010: 2427, loss: 0.33%
Pop loss [3810501-60]: 2010: 2038, loss: 0.39%
Pop loss [3810501-60]: 2010: 5335, loss: 9.75%
Pop loss [3810501-60]: 2010: 962, loss: 2.32%
Pop loss [3810501-60]: 2010: 864, loss: 1.75%
Pop loss [3810501-60]: 2010: 2120, loss: 2.51%
Pop loss [3810501-60]: 2010: 6281, loss: 9.65%
Pop loss [3810501-60]: 2010: 7314, loss: 7.53%
Pop loss [3810501-60]: 2010: 5297, loss: 7.84%
Pop loss [3810501-60]: 2010: 169, loss: 2.37%
Pop loss [3810501-60]: 2010: 390, loss: 3.56%
Pop loss [3810501-60]: 2010: 105, loss: 6.0%
Pop loss [3810501-60]: 2010: 198, loss: 31.82%
Pop loss [3810501-60]: 2010: 570, loss: 27.67%
Pop loss [3810501-60]: 2010: 1878, loss: 0.82%
Pop loss [3810501-60]: 2010: 2146, loss: 19.36%
Pop loss [3810501-60]: 2010: 1070, loss: 1.67%
Pop loss [3810501-60]: 2010: 1391, loss: 0.22%
Pop loss [3810501-60]: 2010: 190, loss: 7.47%
Pop loss [3810501-60]: 2010: 228, loss: 23.46%
Pop loss [3810501-60]: 2010: 226, loss: 14.78%
Pop loss [3810501-60]: 2010: 717, loss: 8.98%
Pop loss [3810501-60]: 2010: 862, loss: 9.88%
Pop loss [3810501-60]: 2010: 606, loss: 14.36%
Pop loss [3810501-60]: 2010: 602, loss: 4.37%
Pop loss [3810501-60]: 2010: 197, loss: 4.47%
Pop loss [3810501-60]: 2010: 727, loss: 1.77%
Pop loss [3810501-60]: 2010: 1047, loss: 8.26%
Pop loss [3810501-60]: 2010: 706, loss: 11.97%
Pop loss [3810501-60]: 2010: 1126, loss: 14.71%
Pop loss [3810501-60]: 2010: 2636, loss: 10.5%
Pop loss [3810501-60]: 2010: 2405, loss: 7.83%
Pop loss [3810501-60]: 2010: 1974, loss: 4.33%
Pop loss [3810501-60]: 2010: 522, loss: 15.75%
Pop loss [3810501-60]: 2010: 483, loss: 23.54%
Pop loss [3810501-60]: 2010: 790, loss: 1.81%
Pop loss [3810501-60]: 2010: 681, loss: 7.28%
Pop loss [3810501-60]: 2010: 600, loss: 3.02%
Pop loss [3810501-60]: 2010: 893, loss: 1.81%
Pop loss [3810501-60]: 2010: 495, loss: 15.37%
Pop loss [3810501-60]: 2010: 373, loss: 6.57%
Pop loss [3810501-60]: 2010: 646, loss: 18.7%
Pop loss [3810501-60]: 2010: 662, loss: 15.02%
Pop loss [3810501-60]: 2010: 927, loss: 5.05%
Pop loss [3810501-60]: 2010: 3649, loss: 8.53%
Pop loss [3810501-60]: 2010: 2139, loss: 7.42%
Pop loss [3810501-60]: 2010: 2317, loss: 6.63%
Pop loss [3810501-60]: 2010: 1274, loss: 5.77%
Pop loss [3810501-60]: 2010: 1917, loss: 2.36%
Pop loss [3810501-60]: 2010: 2279, loss: 0.48%
Pop loss [3810501-60]: 2010: 840, loss: 7.71%
Pop loss [3810501-60]: 2010: 1020, loss: 0.28%
Pop loss [3810501-60]: 2010: 374, loss: 17.73%
Pop loss [3810501-60]: 2010: 367, loss: 8.64%
Pop loss [3810501-60]: 2010: 101, loss: 21.19%
Pop loss [3810501-60]: 2010: 346, loss: 21.01%
Pop loss [3810501-60]: 2010: 148, loss: 13.65%
Pop loss [3810501-60]: 2010: 377, loss: 4.99%
Pop loss [3810501-60]: 2010: 235, loss: 4.89%
Pop loss [3810501-60]: 2010: 156, loss: 10.64%
Pop loss [3810501-60]: 2010: 168, loss: 7.5%
Pop loss [3810501-60]: 2010: 889, loss: 12.94%
Pop loss [3810501-60]: 2010: 425, loss: 8.42%
Pop loss [3810501-60]: 2010: 742, loss: 2.7%
Pop loss [3810501-60]: 2010: 505, loss: 1.49%
Pop loss [3810501-60]: 2010: 361, loss: 1.08%
Pop loss [3810501-60]: 2010: 170, loss: 3.59%
Pop loss [3810501-60]: 2010: 454, loss: 4.38%
Pop loss [3810501-60]: 2010: 470, loss: 4.7%
Pop loss [3810501-60]: 2010: 112, loss: 3.57%
Pop loss [3810501-60]: 2010: 162, loss: 17.22%
Pop loss [3810501-60]: 2010: 384, loss: 0.42%
Pop loss [3810501-60]: 2010: 749, loss: 19.76%
Pop loss [3810501-60]: 2010: 1002, loss: 2.44%
Pop loss [3810501-60]: 2010: 302, loss: 2.28%
Pop loss [3810501-60]: 2010: 693, loss: 7.75%
Pop loss [3810501-60]: 2010: 706, loss: 10.52%
Pop loss [3810501-60]: 2010: 491, loss: 17.23%
Pop loss [3810501-60]: 2010: 241, loss: 7.51%
Pop loss [3810501-60]: 2010: 562, loss: 4.52%
Pop loss [3810501-60]: 2010: 62, loss: 8.71%
Pop loss [3810501-60]: 2010: 2524, loss: 2.1%
Pop loss [3810501-60]: 2010: 1370, loss: 18.75%
Pop loss [3810501-60]: 2010: 292, loss: 0.48%
Pop loss [3810501-60]: 2010: 1589, loss: 6.7%
Pop loss [3810501-60]: 2010: 358, loss: 14.86%
Pop loss [3810501-60]: 2010: 373, loss: 2.28%
Pop loss [3810501-60]: 2010: 593, loss: 12.65%
Pop loss [3810501-60]: 2010: 621, loss: 15.31%
Pop loss [3810501-60]: 2010: 637, loss: 2.59%
Pop loss [3810501-60]: 2010: 603, loss: 8.13%
Pop loss [3810501-60]: 2010: 388, loss: 7.63%
Pop loss [3810501-60]: 2010: 180, loss: 5.78%
Pop loss [3810501-60]: 2010: 110, loss: 3.27%
Pop loss [3810501-60]: 2010: 351, loss: 0.91%
Pop loss [3810501-60]: 2010: 363, loss: 5.56%
Pop loss [3810501-60]: 2010: 1467, loss: 5.19%
Pop loss [3810501-60]: 2010: 1518, loss: 4.99%
Pop loss [3810501-60]: 2010: 1407, loss: 10.21%
Pop loss [3810501-60]: 2010: 894, loss: 12.16%
Pop loss [3810501-60]: 2010: 245, loss: 18.2%
Pop loss [3810501-60]: 2010: 802, loss: 3.59%
Pop loss [3810501-60]: 2010: 115, loss: 19.65%
Pop loss [3810501-60]: 2010: 851, loss: 9.47%
Pop loss [3810501-60]: 2010: 676, loss: 5.3%
Pop loss [3810501-60]: 2010: 926, loss: 4.1%
Pop loss [3810501-60]: 2010: 214, loss: 7.99%
Pop loss [3810501-60]: 2010: 359, loss: 12.34%
Pop loss [3810501-60]: 2010: 408, loss: 9.61%
Pop loss [3810501-60]: 2010: 508, loss: 13.78%
Pop loss [3810501-60]: 2010: 340, loss: 12.62%
Pop loss [3810501-60]: 2010: 575, loss: 13.7%
Pop loss [3810501-60]: 2010: 363, loss: 0.58%
Pop loss [3810501-60]: 2010: 1093, loss: 0.05%
Pop loss [3810501-60]: 2010: 2154, loss: 1.41%
Pop loss [3810501-60]: 2010: 880, loss: 3.07%
Pop loss [3810501-60]: 2010: 425, loss: 12.78%
Pop loss [3810501-60]: 2010: 438, loss: 7.9%
Pop loss [3810501-60]: 2010: 1038, loss: 6.51%
Pop loss [3810501-60]: 2010: 561, loss: 10.12%
Pop loss [3810501-60]: 2010: 362, loss: 4.59%
Pop loss [3810501-60]: 2010: 1288, loss: 0.24%
Pop loss [3810501-60]: 2010: 402, loss: 4.4%
Pop loss [3810501-60]: 2010: 2282, loss: 6.96%
Pop loss [3810501-60]: 2010: 2596, loss: 7.48%
Pop loss [3810501-60]: 2010: 296, loss: 0.3%
Pop loss [3810501-60]: 2010: 300, loss: 12.3%
Pop loss [3810501-60]: 2010: 911, loss: 1.48%
Pop loss [3810501-60]: 2010: 1009, loss: 1.82%
Pop loss [3810501-60]: 2010: 281, loss: 5.91%
Pop loss [3810501-60]: 2010: 1604, loss: 0.67%
Pop loss [3810501-60]: 2010: 521, loss: 11.34%
Pop loss [3810501-60]: 2010: 960, loss: 3.71%
Pop loss [3810501-60]: 2010: 414, loss: 4.03%
Pop loss [3810501-60]: 2010: 949, loss: 11.49%
Pop loss [3810501-60]: 2010: 229, loss: 2.62%
Pop loss [3810501-60]: 2010: 216, loss: 5.74%
Pop loss [3810501-60]: 2010: 282, loss: 1.6%
Pop loss [3810501-60]: 2010: 2538, loss: 5.39%
Pop loss [3810501-60]: 2010: 3508, loss: 4.32%
Pop loss [3810501-60]: 2010: 445, loss: 3.75%
Pop loss [3810501-60]: 2010: 128, loss: 0.39%
Pop loss [3810501-60]: 2010: 280, loss: 7.39%
Pop loss [3810501-60]: 2010: 538, loss: 6.26%
Pop loss [3810501-60]: 2010: 1345, loss: 13.17%
Pop loss [3810501-60]: 2010: 1133, loss: 3.47%
Pop loss [3810501-60]: 2010: 1228, loss: 4.77%
Pop loss [3810501-60]: 2010: 2615, loss: 4.58%
Pop loss [3810501-60]: 2010: 2035, loss: 5.85%
Pop loss [3810501-60]: 2010: 2699, loss: 10.96%
Pop loss [3810501-60]: 2010: 389, loss: 7.17%
Pop loss [3810501-60]: 2010: 458, loss: 5.92%
Pop loss [3810501-60]: 2010: 394, loss: 7.74%
Pop loss [3810501-60]: 2010: 263, loss: 1.75%
Pop loss [3810501-60]: 2010: 205, loss: 6.34%
Pop loss [3810501-60]: 2010: 702, loss: 7.28%
Pop loss [3810501-60]: 2010: 713, loss: 3.77%
Pop loss [3810501-60]: 2010: 775, loss: 2.34%
Pop loss [3810501-60]: 2010: 1037, loss: 5.78%
Pop loss [3810501-60]: 2010: 877, loss: 3.33%
Pop loss [3810501-60]: 2010: 899, loss: 4.33%
Pop loss [3810501-60]: 2010: 350, loss: 0.71%
Pop loss [3810501-60]: 2010: 475, loss: 3.47%
Pop loss [3810501-60]: 2010: 709, loss: 6.77%
Pop loss [3810501-60]: 2010: 778, loss: 11.29%
Pop loss [3810501-60]: 2010: 512, loss: 1.93%
Pop loss [3810501-60]: 2010: 685, loss: 11.08%
Pop loss [3810501-60]: 2010: 503, loss: 12.49%
Pop loss [3810501-60]: 2010: 349, loss: 16.33%
Pop loss [3810501-60]: 2010: 667, loss: 10.52%
Pop loss [3810501-60]: 2010: 914, loss: 13.98%
Pop loss [3810501-60]: 2010: 925, loss: 9.48%
Pop loss [3810501-60]: 2010: 2520, loss: 3.83%
Pop loss [3810501-60]: 2010: 2190, loss: 11.03%
Pop loss [3810501-60]: 2010: 282, loss: 5.14%
Pop loss [3810501-60]: 2010: 2288, loss: 3.32%
Pop loss [3810501-60]: 2010: 1180, loss: 14.57%
Pop loss [3810501-60]: 2010: 1572, loss: 15.89%
Pop loss [3810501-60]: 2010: 2454, loss: 7.68%
Pop loss [3810501-60]: 2010: 2258, loss: 4.27%
Pop loss [3810501-60]: 2010: 3712, loss: 0.8%
Pop loss [3810501-60]: 2010: 1316, loss: 19.61%
Pop loss [3810501-60]: 2010: 2782, loss: 5.34%
Pop loss [3810501-60]: 2010: 1567, loss: 9.46%
Pop loss [3810501-60]: 2010: 2337, loss: 3.74%
Pop loss [3810501-60]: 2010: 485, loss: 7.69%
Pop loss [3810501-60]: 2010: 504, loss: 13.95%
Pop loss [3810501-60]: 2010: 701, loss: 9.27%
Pop loss [3810501-60]: 2010: 1642, loss: 6.18%
Pop loss [3810501-60]: 2010: 338, loss: 8.46%
Row count: 519
Loss count: 215
Tot 2010 Pop: 672591
Tot 2018 Pop: 752117.0
