Make CSV: UT (census)
Pop loss [49057WCU03C]: 2010: 1402, loss: 10.86%
Pop loss [49057WCU03C]: 2010: 652, loss: 37.39%
Pop loss [49057WCU03C]: 2010: 907, loss: 6.42%
Pop loss [49057WCU03C]: 2010: 290, loss: 24.83%
Pop loss [49057WCU03C]: 2010: 5, loss: 38.0%
Pop loss [49057WCU03C]: 2010: 5, loss: 70.0%
Pop loss [49057WCU03C]: 2010: 66, loss: 30.0%
Pop loss [49057WCU03C]: 2010: 1381, loss: 4.61%
Pop loss [49057WCU03C]: 2010: 1029, loss: 4.37%
Pop loss [49057WCU03C]: 2010: 1557, loss: 13.16%
Pop loss [49057WCU03C]: 2010: 1106, loss: 4.51%
Pop loss [49057WCU03C]: 2010: 390, loss: 16.41%
Pop loss [49057WCU03C]: 2010: 41, loss: 53.17%
Pop loss [49057WCU03C]: 2010: 86, loss: 26.4%
Pop loss [49057WCU03C]: 2010: 1036, loss: 1.42%
Pop loss [49057WCU03C]: 2010: 1319, loss: 6.56%
Pop loss [49057WCU03C]: 2010: 202, loss: 42.52%
Pop loss [49057WCU03C]: 2010: 1680, loss: 0.35%
Pop loss [49057WCU03C]: 2010: 57, loss: 34.39%
Pop loss [49057WCU03C]: 2010: 853, loss: 14.23%
Pop loss [49057WCU03C]: 2010: 685, loss: 13.05%
Pop loss [49057WCU03C]: 2010: 328, loss: 8.11%
Pop loss [49057WCU03C]: 2010: 268, loss: 1.98%
Pop loss [49057WCU03C]: 2010: 73, loss: 11.37%
Pop loss [49057WCU03C]: 2010: 1244, loss: 0.38%
Pop loss [49057WCU03C]: 2010: 1151, loss: 0.6%
Pop loss [49057WCU03C]: 2010: 12, loss: 30.0%
Pop loss [49057WCU03C]: 2010: 687, loss: 7.23%
Pop loss [49057WCU03C]: 2010: 14, loss: 1.43%
Pop loss [49057WCU03C]: 2010: 80, loss: 17.75%
Pop loss [49057WCU03C]: 2010: 167, loss: 39.1%
Pop loss [49057WCU03C]: 2010: 114, loss: 30.26%
Pop loss [49057WCU03C]: 2010: 1327, loss: 5.83%
Pop loss [49057WCU03C]: 2010: 148, loss: 6.69%
Pop loss [49057WCU03C]: 2010: 1675, loss: 0.97%
Pop loss [49057WCU03C]: 2010: 711, loss: 3.77%
Pop loss [49057WCU03C]: 2010: 330, loss: 9.42%
Pop loss [49057WCU03C]: 2010: 520, loss: 2.81%
Pop loss [49057WCU03C]: 2010: 1836, loss: 5.22%
Pop loss [49057WCU03C]: 2010: 1673, loss: 10.46%
Pop loss [49057WCU03C]: 2010: 818, loss: 4.39%
Pop loss [49057WCU03C]: 2010: 1217, loss: 4.86%
Pop loss [49057WCU03C]: 2010: 899, loss: 16.99%
Pop loss [49057WCU03C]: 2010: 1723, loss: 9.15%
Pop loss [49057WCU03C]: 2010: 1086, loss: 12.18%
Pop loss [49057WCU03C]: 2010: 1464, loss: 2.2%
Pop loss [49057WCU03C]: 2010: 2182, loss: 0.8%
Pop loss [49057WCU03C]: 2010: 1825, loss: 9.88%
Pop loss [49057WCU03C]: 2010: 1586, loss: 14.36%
Pop loss [49057WCU03C]: 2010: 838, loss: 51.66%
Pop loss [49057WCU03C]: 2010: 1363, loss: 8.37%
Pop loss [49057WCU03C]: 2010: 3852, loss: 2.98%
Pop loss [49057WCU03C]: 2010: 1659, loss: 1.9%
Pop loss [49057WCU03C]: 2010: 1273, loss: 2.59%
Pop loss [49057WCU03C]: 2010: 1284, loss: 2.34%
Pop loss [49057WCU03C]: 2010: 1662, loss: 0.3%
Pop loss [49057WCU03C]: 2010: 853, loss: 1.16%
Pop loss [49057WCU03C]: 2010: 950, loss: 7.43%
Pop loss [49057WCU03C]: 2010: 11, loss: 1.82%
Pop loss [49057WCU03C]: 2010: 751, loss: 7.8%
Pop loss [49057WCU03C]: 2010: 1583, loss: 17.38%
Pop loss [49057WCU03C]: 2010: 1239, loss: 9.06%
Pop loss [49057WCU03C]: 2010: 1222, loss: 4.84%
Pop loss [49057WCU03C]: 2010: 1215, loss: 6.52%
Pop loss [49057WCU03C]: 2010: 624, loss: 19.6%
Pop loss [49057WCU03C]: 2010: 677, loss: 18.91%
Pop loss [49057WCU03C]: 2010: 1069, loss: 8.86%
Pop loss [49057WCU03C]: 2010: 1485, loss: 0.98%
Pop loss [49057WCU03C]: 2010: 689, loss: 8.61%
Pop loss [49057WCU03C]: 2010: 805, loss: 6.34%
Pop loss [49057WCU03C]: 2010: 377, loss: 24.4%
Pop loss [49057WCU03C]: 2010: 1132, loss: 14.81%
Pop loss [49057WCU03C]: 2010: 754, loss: 3.01%
Pop loss [49057WCU03C]: 2010: 922, loss: 7.54%
Pop loss [49057WCU03C]: 2010: 1000, loss: 3.05%
Pop loss [49057WCU03C]: 2010: 12, loss: 25.0%
Pop loss [49057WCU03C]: 2010: 254, loss: 48.35%
Pop loss [49057WCU03C]: 2010: 793, loss: 40.5%
Pop loss [49057WCU03C]: 2010: 1665, loss: 4.02%
Pop loss [49057WCU03C]: 2010: 1719, loss: 3.07%
Pop loss [49057WCU03C]: 2010: 1397, loss: 5.68%
Pop loss [49057WCU03C]: 2010: 1226, loss: 1.95%
Pop loss [49057WCU03C]: 2010: 1289, loss: 2.96%
Pop loss [49057WCU03C]: 2010: 1234, loss: 0.49%
Pop loss [49057WCU03C]: 2010: 1429, loss: 4.18%
Pop loss [49057WCU03C]: 2010: 1056, loss: 11.21%
Pop loss [49057WCU03C]: 2010: 1328, loss: 16.81%
Pop loss [49057WCU03C]: 2010: 1600, loss: 6.78%
Pop loss [49057WCU03C]: 2010: 1440, loss: 12.03%
Pop loss [49057WCU03C]: 2010: 1230, loss: 4.33%
Pop loss [49057WCU03C]: 2010: 1562, loss: 5.31%
Pop loss [49057WCU03C]: 2010: 1849, loss: 2.47%
Pop loss [49057WCU03C]: 2010: 1745, loss: 9.4%
Pop loss [49057WCU03C]: 2010: 1228, loss: 7.11%
Pop loss [49057WCU03C]: 2010: 2007, loss: 13.16%
Pop loss [49057WCU03C]: 2010: 2448, loss: 18.71%
Pop loss [49057WCU03C]: 2010: 1198, loss: 1.39%
Pop loss [49057WCU03C]: 2010: 1693, loss: 7.68%
Pop loss [49057WCU03C]: 2010: 1518, loss: 10.14%
Pop loss [49057WCU03C]: 2010: 2515, loss: 1.48%
Pop loss [49057WCU03C]: 2010: 2531, loss: 4.91%
Pop loss [49057WCU03C]: 2010: 2200, loss: 0.44%
Pop loss [49057WCU03C]: 2010: 1754, loss: 0.15%
Pop loss [49057WCU03C]: 2010: 1623, loss: 0.68%
Pop loss [49057WCU03C]: 2010: 1099, loss: 12.69%
Pop loss [49057WCU03C]: 2010: 2382, loss: 0.53%
Pop loss [49057WCU03C]: 2010: 1093, loss: 75.79%
Pop loss [49057WCU03C]: 2010: 1515, loss: 8.94%
Pop loss [49057WCU03C]: 2010: 1532, loss: 3.83%
Pop loss [49057WCU03C]: 2010: 1089, loss: 12.47%
Pop loss [49057WCU03C]: 2010: 1756, loss: 2.63%
Pop loss [49057WCU03C]: 2010: 1240, loss: 20.14%
Pop loss [49057WCU03C]: 2010: 1154, loss: 0.55%
Pop loss [49057WCU03C]: 2010: 1808, loss: 4.28%
Pop loss [49057WCU03C]: 2010: 365, loss: 0.71%
Pop loss [49057WCU03C]: 2010: 1496, loss: 0.04%
Pop loss [49057WCU03C]: 2010: 1650, loss: 0.84%
Pop loss [49057WCU03C]: 2010: 962, loss: 1.04%
Pop loss [49057WCU03C]: 2010: 1906, loss: 11.11%
Pop loss [49057WCU03C]: 2010: 904, loss: 5.8%
Pop loss [49057WCU03C]: 2010: 1559, loss: 6.12%
Pop loss [49057WCU03C]: 2010: 1597, loss: 4.83%
Pop loss [49057WCU03C]: 2010: 1064, loss: 16.16%
Pop loss [49057WCU03C]: 2010: 1562, loss: 10.32%
Pop loss [49057WCU03C]: 2010: 1704, loss: 2.11%
Pop loss [49057WCU03C]: 2010: 1646, loss: 6.05%
Pop loss [49057WCU03C]: 2010: 1260, loss: 3.68%
Pop loss [49057WCU03C]: 2010: 1759, loss: 2.26%
Pop loss [49057WCU03C]: 2010: 1462, loss: 0.49%
Pop loss [49057WCU03C]: 2010: 1077, loss: 1.18%
Pop loss [49057WCU03C]: 2010: 1596, loss: 10.48%
Pop loss [49057WCU03C]: 2010: 1932, loss: 7.77%
Pop loss [49057WCU03C]: 2010: 1592, loss: 8.55%
Pop loss [49057WCU03C]: 2010: 1712, loss: 6.45%
Pop loss [49057WCU03C]: 2010: 940, loss: 1.63%
Pop loss [49057WCU03C]: 2010: 897, loss: 7.1%
Pop loss [49057WCU03C]: 2010: 1131, loss: 3.33%
Pop loss [49057WCU03C]: 2010: 1509, loss: 0.48%
Pop loss [49057WCU03C]: 2010: 721, loss: 6.46%
Pop loss [49057WCU03C]: 2010: 788, loss: 6.92%
Pop loss [49057WCU03C]: 2010: 55, loss: 3.27%
Pop loss [49057WCU03C]: 2010: 163, loss: 1.6%
Pop loss [49057WCU03C]: 2010: 64, loss: 7.5%
Pop loss [49057WCU03C]: 2010: 33, loss: 3.33%
Pop loss [49057WCU03C]: 2010: 737, loss: 12.44%
Pop loss [49057WCU03C]: 2010: 127, loss: 4.33%
Pop loss [49057WCU03C]: 2010: 889, loss: 5.68%
Pop loss [49057WCU03C]: 2010: 60, loss: 5.5%
Pop loss [49057WCU03C]: 2010: 1129, loss: 25.16%
Pop loss [49057WCU03C]: 2010: 259, loss: 32.05%
Pop loss [49057WCU03C]: 2010: 1470, loss: 11.11%
Pop loss [49057WCU03C]: 2010: 50, loss: 17.6%
Pop loss [49057WCU03C]: 2010: 418, loss: 15.07%
Pop loss [49057WCU03C]: 2010: 355, loss: 3.32%
Pop loss [49057WCU03C]: 2010: 952, loss: 13.73%
Pop loss [49057WCU03C]: 2010: 168, loss: 24.82%
Pop loss [49057WCU03C]: 2010: 303, loss: 11.85%
Pop loss [49057WCU03C]: 2010: 956, loss: 15.15%
Pop loss [49057WCU03C]: 2010: 246, loss: 2.4%
Pop loss [49057WCU03C]: 2010: 1151, loss: 5.84%
Pop loss [49057WCU03C]: 2010: 97, loss: 4.43%
Pop loss [49057WCU03C]: 2010: 666, loss: 10.35%
Pop loss [49057WCU03C]: 2010: 1478, loss: 4.85%
Pop loss [49057WCU03C]: 2010: 872, loss: 3.7%
Pop loss [49057WCU03C]: 2010: 935, loss: 24.8%
Pop loss [49057WCU03C]: 2010: 766, loss: 9.03%
Pop loss [49057WCU03C]: 2010: 92, loss: 4.89%
Pop loss [49057WCU03C]: 2010: 1880, loss: 1.46%
Pop loss [49057WCU03C]: 2010: 1588, loss: 7.44%
Pop loss [49057WCU03C]: 2010: 1381, loss: 16.74%
Pop loss [49057WCU03C]: 2010: 497, loss: 32.27%
Pop loss [49057WCU03C]: 2010: 1095, loss: 29.42%
Pop loss [49057WCU03C]: 2010: 845, loss: 9.81%
Pop loss [49057WCU03C]: 2010: 802, loss: 10.29%
Pop loss [49057WCU03C]: 2010: 1859, loss: 3.98%
Pop loss [49057WCU03C]: 2010: 455, loss: 15.34%
Pop loss [49057WCU03C]: 2010: 575, loss: 7.37%
Pop loss [49057WCU03C]: 2010: 693, loss: 11.66%
Pop loss [49057WCU03C]: 2010: 187, loss: 18.29%
Pop loss [49057WCU03C]: 2010: 814, loss: 6.44%
Pop loss [49057WCU03C]: 2010: 1179, loss: 7.77%
Pop loss [49057WCU03C]: 2010: 765, loss: 17.52%
Pop loss [49057WCU03C]: 2010: 24, loss: 15.42%
Pop loss [49057WCU03C]: 2010: 167, loss: 24.61%
Pop loss [49057WCU03C]: 2010: 253, loss: 8.93%
Pop loss [49057WCU03C]: 2010: 497, loss: 22.09%
Pop loss [49057WCU03C]: 2010: 540, loss: 25.81%
Pop loss [49057WCU03C]: 2010: 1002, loss: 13.51%
Pop loss [49057WCU03C]: 2010: 72, loss: 3.47%
Pop loss [49057WCU03C]: 2010: 582, loss: 7.66%
Pop loss [49057WCU03C]: 2010: 6, loss: 11.67%
Pop loss [49057WCU03C]: 2010: 175, loss: 16.97%
Pop loss [49057WCU03C]: 2010: 2524, loss: 9.93%
Pop loss [49057WCU03C]: 2010: 713, loss: 35.46%
Pop loss [49057WCU03C]: 2010: 279, loss: 2.62%
Pop loss [49057WCU03C]: 2010: 158, loss: 7.28%
Pop loss [49057WCU03C]: 2010: 485, loss: 1.11%
Pop loss [49057WCU03C]: 2010: 337, loss: 0.56%
Pop loss [49057WCU03C]: 2010: 772, loss: 11.98%
Pop loss [49057WCU03C]: 2010: 577, loss: 1.2%
Pop loss [49057WCU03C]: 2010: 170, loss: 2.53%
Pop loss [49057WCU03C]: 2010: 322, loss: 8.07%
Pop loss [49057WCU03C]: 2010: 1129, loss: 2.57%
Pop loss [49057WCU03C]: 2010: 582, loss: 10.77%
Pop loss [49057WCU03C]: 2010: 827, loss: 13.43%
Pop loss [49057WCU03C]: 2010: 344, loss: 12.12%
Pop loss [49057WCU03C]: 2010: 1627, loss: 5.23%
Pop loss [49057WCU03C]: 2010: 1744, loss: 4.82%
Pop loss [49057WCU03C]: 2010: 1856, loss: 6.52%
Pop loss [49057WCU03C]: 2010: 1481, loss: 22.2%
Pop loss [49057WCU03C]: 2010: 2622, loss: 3.07%
Pop loss [49057WCU03C]: 2010: 2410, loss: 2.64%
Pop loss [49057WCU03C]: 2010: 1562, loss: 3.87%
Pop loss [49057WCU03C]: 2010: 2044, loss: 7.61%
Pop loss [49057WCU03C]: 2010: 675, loss: 31.54%
Pop loss [49057WCU03C]: 2010: 1567, loss: 2.11%
Pop loss [49057WCU03C]: 2010: 1684, loss: 10.76%
Pop loss [49057WCU03C]: 2010: 2419, loss: 10.0%
Pop loss [49057WCU03C]: 2010: 1662, loss: 1.7%
Pop loss [49057WCU03C]: 2010: 2011, loss: 2.71%
Pop loss [49057WCU03C]: 2010: 1685, loss: 0.61%
Pop loss [49057WCU03C]: 2010: 1419, loss: 10.23%
Pop loss [49057WCU03C]: 2010: 2011, loss: 5.45%
Pop loss [49057WCU03C]: 2010: 1655, loss: 5.66%
Pop loss [49057WCU03C]: 2010: 3008, loss: 8.35%
Pop loss [49057WCU03C]: 2010: 1520, loss: 30.49%
Pop loss [49057WCU03C]: 2010: 1398, loss: 3.86%
Pop loss [49057WCU03C]: 2010: 2539, loss: 11.3%
Pop loss [49057WCU03C]: 2010: 2066, loss: 20.96%
Pop loss [49057WCU03C]: 2010: 1922, loss: 7.37%
Pop loss [49057WCU03C]: 2010: 1082, loss: 26.42%
Pop loss [49057WCU03C]: 2010: 1804, loss: 10.45%
Pop loss [49057WCU03C]: 2010: 2363, loss: 3.22%
Pop loss [49057WCU03C]: 2010: 2181, loss: 47.77%
Pop loss [49057WCU03C]: 2010: 2144, loss: 2.42%
Pop loss [49057WCU03C]: 2010: 1745, loss: 0.69%
Pop loss [49057WCU03C]: 2010: 862, loss: 7.94%
Pop loss [49057WCU03C]: 2010: 1863, loss: 4.2%
Pop loss [49057WCU03C]: 2010: 2260, loss: 6.75%
Pop loss [49057WCU03C]: 2010: 1025, loss: 1.14%
Pop loss [49057WCU03C]: 2010: 1881, loss: 1.04%
Pop loss [49057WCU03C]: 2010: 1156, loss: 10.83%
Pop loss [49057WCU03C]: 2010: 2289, loss: 2.34%
Pop loss [49057WCU03C]: 2010: 646, loss: 1.18%
Pop loss [49057WCU03C]: 2010: 2232, loss: 14.24%
Pop loss [49057WCU03C]: 2010: 1173, loss: 2.81%
Pop loss [49057WCU03C]: 2010: 1910, loss: 8.07%
Pop loss [49057WCU03C]: 2010: 1506, loss: 2.86%
Pop loss [49057WCU03C]: 2010: 1133, loss: 5.83%
Pop loss [49057WCU03C]: 2010: 1494, loss: 0.09%
Pop loss [49057WCU03C]: 2010: 960, loss: 2.04%
Pop loss [49057WCU03C]: 2010: 916, loss: 1.29%
Pop loss [49057WCU03C]: 2010: 936, loss: 5.63%
Pop loss [49057WCU03C]: 2010: 771, loss: 23.94%
Pop loss [49057WCU03C]: 2010: 516, loss: 17.17%
Pop loss [49057WCU03C]: 2010: 901, loss: 2.16%
Pop loss [49057WCU03C]: 2010: 647, loss: 12.5%
Pop loss [49057WCU03C]: 2010: 854, loss: 17.12%
Pop loss [49057WCU03C]: 2010: 2904, loss: 5.38%
Pop loss [49057WCU03C]: 2010: 2157, loss: 6.53%
Pop loss [49057WCU03C]: 2010: 2575, loss: 8.86%
Pop loss [49057WCU03C]: 2010: 2426, loss: 4.91%
Pop loss [49057WCU03C]: 2010: 2156, loss: 4.75%
Pop loss [49057WCU03C]: 2010: 1536, loss: 10.79%
Pop loss [49057WCU03C]: 2010: 1420, loss: 11.68%
Pop loss [49057WCU03C]: 2010: 849, loss: 15.58%
Pop loss [49057WCU03C]: 2010: 1277, loss: 3.01%
Pop loss [49057WCU03C]: 2010: 947, loss: 4.86%
Pop loss [49057WCU03C]: 2010: 1021, loss: 12.9%
Pop loss [49057WCU03C]: 2010: 1266, loss: 1.46%
Pop loss [49057WCU03C]: 2010: 910, loss: 13.18%
Pop loss [49057WCU03C]: 2010: 623, loss: 3.56%
Pop loss [49057WCU03C]: 2010: 1966, loss: 16.73%
Pop loss [49057WCU03C]: 2010: 1275, loss: 8.37%
Pop loss [49057WCU03C]: 2010: 1228, loss: 11.65%
Pop loss [49057WCU03C]: 2010: 801, loss: 1.34%
Pop loss [49057WCU03C]: 2010: 1726, loss: 17.06%
Pop loss [49057WCU03C]: 2010: 1353, loss: 14.22%
Pop loss [49057WCU03C]: 2010: 1389, loss: 19.73%
Pop loss [49057WCU03C]: 2010: 766, loss: 7.89%
Pop loss [49057WCU03C]: 2010: 907, loss: 19.4%
Pop loss [49057WCU03C]: 2010: 1023, loss: 23.86%
Pop loss [49057WCU03C]: 2010: 949, loss: 11.65%
Pop loss [49057WCU03C]: 2010: 865, loss: 11.93%
Pop loss [49057WCU03C]: 2010: 365, loss: 0.19%
Pop loss [49057WCU03C]: 2010: 584, loss: 3.94%
Pop loss [49057WCU03C]: 2010: 816, loss: 0.32%
Pop loss [49057WCU03C]: 2010: 923, loss: 21.78%
Pop loss [49057WCU03C]: 2010: 938, loss: 0.31%
Pop loss [49057WCU03C]: 2010: 1006, loss: 2.69%
Pop loss [49057WCU03C]: 2010: 919, loss: 7.66%
Pop loss [49057WCU03C]: 2010: 813, loss: 4.12%
Pop loss [49057WCU03C]: 2010: 997, loss: 7.17%
Pop loss [49057WCU03C]: 2010: 911, loss: 31.0%
Pop loss [49057WCU03C]: 2010: 895, loss: 0.68%
Pop loss [49057WCU03C]: 2010: 788, loss: 2.83%
Pop loss [49057WCU03C]: 2010: 810, loss: 2.36%
Pop loss [49057WCU03C]: 2010: 915, loss: 2.68%
Pop loss [49057WCU03C]: 2010: 794, loss: 27.1%
Pop loss [49057WCU03C]: 2010: 880, loss: 6.64%
Pop loss [49057WCU03C]: 2010: 857, loss: 5.86%
Pop loss [49057WCU03C]: 2010: 607, loss: 8.9%
Pop loss [49057WCU03C]: 2010: 930, loss: 3.11%
Pop loss [49057WCU03C]: 2010: 1042, loss: 4.43%
Pop loss [49057WCU03C]: 2010: 1312, loss: 21.91%
Pop loss [49057WCU03C]: 2010: 1168, loss: 17.38%
Pop loss [49057WCU03C]: 2010: 1166, loss: 16.96%
Pop loss [49057WCU03C]: 2010: 312, loss: 2.66%
Pop loss [49057WCU03C]: 2010: 1335, loss: 36.3%
Pop loss [49057WCU03C]: 2010: 232, loss: 2.03%
Pop loss [49057WCU03C]: 2010: 86, loss: 0.7%
Pop loss [49057WCU03C]: 2010: 1008, loss: 14.33%
Pop loss [49057WCU03C]: 2010: 1548, loss: 7.62%
Pop loss [49057WCU03C]: 2010: 784, loss: 13.53%
Pop loss [49057WCU03C]: 2010: 1152, loss: 0.16%
Pop loss [49057WCU03C]: 2010: 1186, loss: 2.03%
Pop loss [49057WCU03C]: 2010: 753, loss: 2.46%
Pop loss [49057WCU03C]: 2010: 552, loss: 20.94%
Pop loss [49057WCU03C]: 2010: 941, loss: 4.06%
Pop loss [49057WCU03C]: 2010: 841, loss: 5.26%
Pop loss [49057WCU03C]: 2010: 1100, loss: 6.46%
Pop loss [49057WCU03C]: 2010: 1072, loss: 15.82%
Pop loss [49057WCU03C]: 2010: 1910, loss: 18.63%
Pop loss [49057WCU03C]: 2010: 2339, loss: 11.95%
Pop loss [49057WCU03C]: 2010: 2174, loss: 13.4%
Pop loss [49057WCU03C]: 2010: 1078, loss: 8.14%
Pop loss [49057WCU03C]: 2010: 2225, loss: 7.65%
Pop loss [49057WCU03C]: 2010: 1670, loss: 7.84%
Pop loss [49057WCU03C]: 2010: 914, loss: 8.63%
Pop loss [49057WCU03C]: 2010: 1152, loss: 7.38%
Pop loss [49057WCU03C]: 2010: 1610, loss: 4.65%
Pop loss [49057WCU03C]: 2010: 889, loss: 21.19%
Pop loss [49057WCU03C]: 2010: 1699, loss: 23.26%
Pop loss [49057WCU03C]: 2010: 1434, loss: 26.95%
Pop loss [49057WCU03C]: 2010: 1213, loss: 5.54%
Pop loss [49057WCU03C]: 2010: 1825, loss: 0.3%
Pop loss [49057WCU03C]: 2010: 875, loss: 4.3%
Pop loss [49057WCU03C]: 2010: 1801, loss: 0.9%
Pop loss [49057WCU03C]: 2010: 1638, loss: 4.02%
Pop loss [49057WCU03C]: 2010: 811, loss: 1.81%
Pop loss [49057WCU03C]: 2010: 995, loss: 2.14%
Pop loss [49057WCU03C]: 2010: 1129, loss: 7.88%
Pop loss [49057WCU03C]: 2010: 1522, loss: 8.13%
Pop loss [49057WCU03C]: 2010: 1577, loss: 0.06%
Pop loss [49057WCU03C]: 2010: 880, loss: 8.01%
Pop loss [49057WCU03C]: 2010: 1469, loss: 1.4%
Pop loss [49057WCU03C]: 2010: 1579, loss: 7.28%
Pop loss [49057WCU03C]: 2010: 1192, loss: 0.34%
Pop loss [49057WCU03C]: 2010: 1532, loss: 12.96%
Pop loss [49057WCU03C]: 2010: 859, loss: 1.65%
Pop loss [49057WCU03C]: 2010: 1694, loss: 0.96%
Pop loss [49057WCU03C]: 2010: 992, loss: 1.45%
Pop loss [49057WCU03C]: 2010: 1748, loss: 6.07%
Pop loss [49057WCU03C]: 2010: 1660, loss: 5.75%
Pop loss [49057WCU03C]: 2010: 1568, loss: 5.26%
Pop loss [49057WCU03C]: 2010: 1217, loss: 8.86%
Pop loss [49057WCU03C]: 2010: 1203, loss: 7.32%
Pop loss [49057WCU03C]: 2010: 1512, loss: 5.08%
Pop loss [49057WCU03C]: 2010: 1347, loss: 8.29%
Pop loss [49057WCU03C]: 2010: 1523, loss: 0.85%
Pop loss [49057WCU03C]: 2010: 1432, loss: 10.82%
Pop loss [49057WCU03C]: 2010: 1400, loss: 21.36%
Pop loss [49057WCU03C]: 2010: 2467, loss: 3.62%
Pop loss [49057WCU03C]: 2010: 1342, loss: 14.87%
Pop loss [49057WCU03C]: 2010: 838, loss: 0.13%
Pop loss [49057WCU03C]: 2010: 907, loss: 9.43%
Pop loss [49057WCU03C]: 2010: 1497, loss: 5.47%
Pop loss [49057WCU03C]: 2010: 1166, loss: 9.1%
Pop loss [49057WCU03C]: 2010: 1300, loss: 8.62%
Pop loss [49057WCU03C]: 2010: 1248, loss: 12.4%
Pop loss [49057WCU03C]: 2010: 1132, loss: 0.03%
Pop loss [49057WCU03C]: 2010: 984, loss: 4.34%
Pop loss [49057WCU03C]: 2010: 1299, loss: 0.93%
Pop loss [49057WCU03C]: 2010: 1681, loss: 13.4%
Pop loss [49057WCU03C]: 2010: 1250, loss: 1.75%
Pop loss [49057WCU03C]: 2010: 1057, loss: 5.08%
Pop loss [49057WCU03C]: 2010: 893, loss: 3.28%
Pop loss [49057WCU03C]: 2010: 1288, loss: 5.5%
Pop loss [49057WCU03C]: 2010: 1585, loss: 3.08%
Pop loss [49057WCU03C]: 2010: 608, loss: 8.8%
Pop loss [49057WCU03C]: 2010: 939, loss: 15.57%
Pop loss [49057WCU03C]: 2010: 822, loss: 0.84%
Pop loss [49057WCU03C]: 2010: 1188, loss: 7.59%
Pop loss [49057WCU03C]: 2010: 1061, loss: 2.59%
Pop loss [49057WCU03C]: 2010: 883, loss: 3.61%
Pop loss [49057WCU03C]: 2010: 628, loss: 14.82%
Pop loss [49057WCU03C]: 2010: 154, loss: 11.36%
Pop loss [49057WCU03C]: 2010: 309, loss: 18.48%
Pop loss [49057WCU03C]: 2010: 685, loss: 20.1%
Pop loss [49057WCU03C]: 2010: 591, loss: 15.13%
Pop loss [49057WCU03C]: 2010: 1875, loss: 1.09%
Pop loss [49057WCU03C]: 2010: 984, loss: 9.5%
Pop loss [49057WCU03C]: 2010: 998, loss: 14.01%
Pop loss [49057WCU03C]: 2010: 945, loss: 16.37%
Pop loss [49057WCU03C]: 2010: 900, loss: 5.39%
Pop loss [49057WCU03C]: 2010: 1305, loss: 7.78%
Pop loss [49057WCU03C]: 2010: 886, loss: 12.37%
Pop loss [49057WCU03C]: 2010: 738, loss: 6.17%
Pop loss [49057WCU03C]: 2010: 983, loss: 8.6%
Pop loss [49057WCU03C]: 2010: 894, loss: 4.08%
Pop loss [49057WCU03C]: 2010: 641, loss: 18.8%
Pop loss [49057WCU03C]: 2010: 803, loss: 0.64%
Pop loss [49057WCU03C]: 2010: 832, loss: 2.09%
Pop loss [49057WCU03C]: 2010: 621, loss: 20.74%
Pop loss [49057WCU03C]: 2010: 1233, loss: 7.14%
Pop loss [49057WCU03C]: 2010: 954, loss: 6.66%
Pop loss [49057WCU03C]: 2010: 1422, loss: 2.54%
Pop loss [49057WCU03C]: 2010: 836, loss: 22.85%
Pop loss [49057WCU03C]: 2010: 810, loss: 17.58%
Pop loss [49057WCU03C]: 2010: 676, loss: 13.39%
Pop loss [49057WCU03C]: 2010: 1498, loss: 21.12%
Pop loss [49057WCU03C]: 2010: 718, loss: 7.8%
Pop loss [49057WCU03C]: 2010: 852, loss: 5.52%
Pop loss [49057WCU03C]: 2010: 1135, loss: 16.23%
Pop loss [49057WCU03C]: 2010: 80, loss: 6.62%
Pop loss [49057WCU03C]: 2010: 1351, loss: 9.03%
Pop loss [49057WCU03C]: 2010: 1137, loss: 0.11%
Pop loss [49057WCU03C]: 2010: 1263, loss: 0.99%
Pop loss [49057WCU03C]: 2010: 773, loss: 9.15%
Pop loss [49057WCU03C]: 2010: 1224, loss: 9.22%
Pop loss [49057WCU03C]: 2010: 1500, loss: 15.79%
Pop loss [49057WCU03C]: 2010: 1242, loss: 25.6%
Pop loss [49057WCU03C]: 2010: 105, loss: 24.86%
Pop loss [49057WCU03C]: 2010: 926, loss: 9.45%
Pop loss [49057WCU03C]: 2010: 559, loss: 26.49%
Pop loss [49057WCU03C]: 2010: 1146, loss: 11.14%
Pop loss [49057WCU03C]: 2010: 553, loss: 16.94%
Pop loss [49057WCU03C]: 2010: 953, loss: 12.85%
Pop loss [49057WCU03C]: 2010: 1258, loss: 5.54%
Pop loss [49057WCU03C]: 2010: 1093, loss: 15.33%
Pop loss [49057WCU03C]: 2010: 1117, loss: 7.7%
Pop loss [49057WCU03C]: 2010: 1260, loss: 18.17%
Pop loss [49057WCU03C]: 2010: 1404, loss: 5.73%
Pop loss [49057WCU03C]: 2010: 2181, loss: 6.54%
Pop loss [49057WCU03C]: 2010: 990, loss: 16.89%
Pop loss [49057WCU03C]: 2010: 1524, loss: 8.08%
Pop loss [49057WCU03C]: 2010: 1157, loss: 19.18%
Pop loss [49057WCU03C]: 2010: 125, loss: 7.68%
Pop loss [49057WCU03C]: 2010: 1451, loss: 3.07%
Pop loss [49057WCU03C]: 2010: 1358, loss: 29.88%
Pop loss [49057WCU03C]: 2010: 927, loss: 5.58%
Pop loss [49057WCU03C]: 2010: 659, loss: 1.27%
Pop loss [49057WCU03C]: 2010: 609, loss: 4.4%
Pop loss [49057WCU03C]: 2010: 798, loss: 5.78%
Pop loss [49057WCU03C]: 2010: 1240, loss: 8.52%
Pop loss [49057WCU03C]: 2010: 1021, loss: 4.05%
Pop loss [49057WCU03C]: 2010: 725, loss: 20.3%
Pop loss [49057WCU03C]: 2010: 780, loss: 1.99%
Pop loss [49057WCU03C]: 2010: 680, loss: 13.69%
Pop loss [49057WCU03C]: 2010: 1306, loss: 7.76%
Pop loss [49057WCU03C]: 2010: 1273, loss: 7.93%
Pop loss [49057WCU03C]: 2010: 1457, loss: 2.31%
Pop loss [49057WCU03C]: 2010: 562, loss: 7.3%
Pop loss [49057WCU03C]: 2010: 1325, loss: 3.32%
Pop loss [49057WCU03C]: 2010: 1350, loss: 0.59%
Pop loss [49057WCU03C]: 2010: 1657, loss: 0.6%
Pop loss [49057WCU03C]: 2010: 1319, loss: 5.76%
Pop loss [49057WCU03C]: 2010: 468, loss: 13.55%
Pop loss [49057WCU03C]: 2010: 525, loss: 10.5%
Pop loss [49057WCU03C]: 2010: 1104, loss: 3.95%
Pop loss [49057WCU03C]: 2010: 972, loss: 4.98%
Pop loss [49057WCU03C]: 2010: 944, loss: 12.94%
Pop loss [49057WCU03C]: 2010: 1365, loss: 2.06%
Pop loss [49057WCU03C]: 2010: 1449, loss: 12.81%
Pop loss [49057WCU03C]: 2010: 865, loss: 1.99%
Pop loss [49057WCU03C]: 2010: 964, loss: 5.07%
Pop loss [49057WCU03C]: 2010: 815, loss: 3.45%
Pop loss [49057WCU03C]: 2010: 923, loss: 12.83%
Pop loss [49057WCU03C]: 2010: 1184, loss: 5.92%
Pop loss [49057WCU03C]: 2010: 1443, loss: 7.47%
Pop loss [49057WCU03C]: 2010: 1206, loss: 3.54%
Pop loss [49057WCU03C]: 2010: 1302, loss: 13.57%
Pop loss [49057WCU03C]: 2010: 1059, loss: 2.8%
Pop loss [49057WCU03C]: 2010: 182, loss: 1.26%
Pop loss [49057WCU03C]: 2010: 1449, loss: 2.33%
Pop loss [49057WCU03C]: 2010: 155, loss: 19.35%
Pop loss [49057WCU03C]: 2010: 424, loss: 0.21%
Pop loss [49057WCU03C]: 2010: 1553, loss: 1.77%
Pop loss [49057WCU03C]: 2010: 37, loss: 2.16%
Pop loss [49057WCU03C]: 2010: 1376, loss: 1.05%
Pop loss [49057WCU03C]: 2010: 1238, loss: 2.27%
Pop loss [49057WCU03C]: 2010: 1477, loss: 17.37%
Pop loss [49057WCU03C]: 2010: 1337, loss: 5.82%
Pop loss [49057WCU03C]: 2010: 1484, loss: 0.51%
Pop loss [49057WCU03C]: 2010: 987, loss: 6.36%
Pop loss [49057WCU03C]: 2010: 5594, loss: 22.37%
Pop loss [49057WCU03C]: 2010: 1803, loss: 1.91%
Pop loss [49057WCU03C]: 2010: 1140, loss: 7.03%
Pop loss [49057WCU03C]: 2010: 1415, loss: 13.52%
Pop loss [49057WCU03C]: 2010: 1502, loss: 3.79%
Pop loss [49057WCU03C]: 2010: 518, loss: 16.66%
Pop loss [49057WCU03C]: 2010: 594, loss: 10.57%
Pop loss [49057WCU03C]: 2010: 1077, loss: 11.4%
Pop loss [49057WCU03C]: 2010: 756, loss: 5.15%
Pop loss [49057WCU03C]: 2010: 1111, loss: 14.32%
Pop loss [49057WCU03C]: 2010: 457, loss: 7.11%
Pop loss [49057WCU03C]: 2010: 1110, loss: 7.78%
Pop loss [49057WCU03C]: 2010: 1028, loss: 20.86%
Pop loss [49057WCU03C]: 2010: 1199, loss: 12.23%
Pop loss [49057WCU03C]: 2010: 1117, loss: 6.21%
Pop loss [49057WCU03C]: 2010: 937, loss: 7.32%
Pop loss [49057WCU03C]: 2010: 1084, loss: 16.47%
Pop loss [49057WCU03C]: 2010: 682, loss: 3.05%
Pop loss [49057WCU03C]: 2010: 763, loss: 6.26%
Pop loss [49057WCU03C]: 2010: 662, loss: 2.52%
Pop loss [49057WCU03C]: 2010: 753, loss: 4.63%
Pop loss [49057WCU03C]: 2010: 1200, loss: 3.53%
Pop loss [49057WCU03C]: 2010: 606, loss: 6.29%
Pop loss [49057WCU03C]: 2010: 752, loss: 15.36%
Pop loss [49057WCU03C]: 2010: 957, loss: 0.37%
Pop loss [49057WCU03C]: 2010: 276, loss: 6.52%
Pop loss [49057WCU03C]: 2010: 8, loss: 20.0%
Pop loss [49057WCU03C]: 2010: 20, loss: 18.0%
Pop loss [49057WCU03C]: 2010: 201, loss: 7.86%
Pop loss [49057WCU03C]: 2010: 67, loss: 15.07%
Pop loss [49057WCU03C]: 2010: 12, loss: 7.5%
Pop loss [49057WCU03C]: 2010: 422, loss: 33.98%
Pop loss [49057WCU03C]: 2010: 8, loss: 6.25%
Pop loss [49057WCU03C]: 2010: 314, loss: 5.54%
Pop loss [49057WCU03C]: 2010: 261, loss: 9.96%
Pop loss [49057WCU03C]: 2010: 629, loss: 20.06%
Pop loss [49057WCU03C]: 2010: 11, loss: 7.27%
Pop loss [49057WCU03C]: 2010: 1237, loss: 0.84%
Pop loss [49057WCU03C]: 2010: 1128, loss: 16.85%
Pop loss [49057WCU03C]: 2010: 1469, loss: 11.9%
Pop loss [49057WCU03C]: 2010: 567, loss: 9.38%
Pop loss [49057WCU03C]: 2010: 46, loss: 6.74%
Pop loss [49057WCU03C]: 2010: 28, loss: 43.93%
Pop loss [49057WCU03C]: 2010: 575, loss: 20.16%
Pop loss [49057WCU03C]: 2010: 1169, loss: 1.5%
Pop loss [49057WCU03C]: 2010: 426, loss: 1.08%
Pop loss [49057WCU03C]: 2010: 620, loss: 6.03%
Pop loss [49057WCU03C]: 2010: 535, loss: 16.71%
Pop loss [49057WCU03C]: 2010: 271, loss: 11.33%
Pop loss [49057WCU03C]: 2010: 243, loss: 64.77%
Pop loss [49057WCU03C]: 2010: 384, loss: 4.48%
Pop loss [49057WCU03C]: 2010: 388, loss: 0.93%
Pop loss [49057WCU03C]: 2010: 155, loss: 3.81%
Pop loss [49057WCU03C]: 2010: 8, loss: 33.75%
Pop loss [49057WCU03C]: 2010: 1367, loss: 9.07%
Pop loss [49057WCU03C]: 2010: 497, loss: 1.37%
Pop loss [49057WCU03C]: 2010: 228, loss: 11.36%
Pop loss [49057WCU03C]: 2010: 1071, loss: 0.77%
Pop loss [49057WCU03C]: 2010: 25, loss: 7.6%
Pop loss [49057WCU03C]: 2010: 787, loss: 28.01%
Pop loss [49057WCU03C]: 2010: 27, loss: 8.89%
Pop loss [49057WCU03C]: 2010: 1172, loss: 0.89%
Pop loss [49057WCU03C]: 2010: 124, loss: 18.95%
Pop loss [49057WCU03C]: 2010: 78, loss: 0.9%
Pop loss [49057WCU03C]: 2010: 36, loss: 25.83%
Pop loss [49057WCU03C]: 2010: 496, loss: 19.84%
Pop loss [49057WCU03C]: 2010: 120, loss: 36.0%
Pop loss [49057WCU03C]: 2010: 294, loss: 2.04%
Pop loss [49057WCU03C]: 2010: 262, loss: 26.56%
Pop loss [49057WCU03C]: 2010: 268, loss: 15.63%
Pop loss [49057WCU03C]: 2010: 95, loss: 9.37%
Pop loss [49057WCU03C]: 2010: 713, loss: 17.29%
Pop loss [49057WCU03C]: 2010: 438, loss: 19.98%
Pop loss [49057WCU03C]: 2010: 390, loss: 10.1%
Pop loss [49057WCU03C]: 2010: 1418, loss: 2.96%
Pop loss [49057WCU03C]: 2010: 887, loss: 13.28%
Pop loss [49057WCU03C]: 2010: 621, loss: 19.89%
Pop loss [49057WCU03C]: 2010: 550, loss: 18.53%
Pop loss [49057WCU03C]: 2010: 749, loss: 8.37%
Pop loss [49057WCU03C]: 2010: 1282, loss: 3.38%
Pop loss [49057WCU03C]: 2010: 790, loss: 1.24%
Pop loss [49057WCU03C]: 2010: 1268, loss: 0.21%
Pop loss [49057WCU03C]: 2010: 930, loss: 7.43%
Pop loss [49057WCU03C]: 2010: 1642, loss: 3.11%
Pop loss [49057WCU03C]: 2010: 1032, loss: 4.59%
Pop loss [49057WCU03C]: 2010: 798, loss: 11.04%
Pop loss [49057WCU03C]: 2010: 1013, loss: 4.68%
Pop loss [49057WCU03C]: 2010: 690, loss: 1.7%
Pop loss [49057WCU03C]: 2010: 805, loss: 5.04%
Pop loss [49057WCU03C]: 2010: 1005, loss: 10.58%
Pop loss [49057WCU03C]: 2010: 766, loss: 6.19%
Pop loss [49057WCU03C]: 2010: 139, loss: 2.52%
Pop loss [49057WCU03C]: 2010: 353, loss: 36.37%
Pop loss [49057WCU03C]: 2010: 442, loss: 46.97%
Pop loss [49057WCU03C]: 2010: 1652, loss: 21.46%
Pop loss [49057WCU03C]: 2010: 104, loss: 7.12%
Pop loss [49057WCU03C]: 2010: 1103, loss: 1.14%
Pop loss [49057WCU03C]: 2010: 178, loss: 6.18%
Pop loss [49057WCU03C]: 2010: 1151, loss: 20.25%
Pop loss [49057WCU03C]: 2010: 2210, loss: 0.38%
Pop loss [49057WCU03C]: 2010: 1894, loss: 8.66%
Pop loss [49057WCU03C]: 2010: 2179, loss: 4.79%
Pop loss [49057WCU03C]: 2010: 337, loss: 0.15%
Pop loss [49057WCU03C]: 2010: 1400, loss: 22.11%
Pop loss [49057WCU03C]: 2010: 1437, loss: 6.2%
Pop loss [49057WCU03C]: 2010: 427, loss: 12.9%
Pop loss [49057WCU03C]: 2010: 616, loss: 26.88%
Pop loss [49057WCU03C]: 2010: 1761, loss: 4.62%
Pop loss [49057WCU03C]: 2010: 945, loss: 17.59%
Pop loss [49057WCU03C]: 2010: 454, loss: 12.22%
Pop loss [49057WCU03C]: 2010: 1538, loss: 2.89%
Pop loss [49057WCU03C]: 2010: 1902, loss: 11.08%
Pop loss [49057WCU03C]: 2010: 2024, loss: 12.58%
Pop loss [49057WCU03C]: 2010: 2019, loss: 11.9%
Pop loss [49057WCU03C]: 2010: 1374, loss: 11.24%
Pop loss [49057WCU03C]: 2010: 1373, loss: 13.63%
Pop loss [49057WCU03C]: 2010: 2182, loss: 4.32%
Pop loss [49057WCU03C]: 2010: 1620, loss: 2.72%
Pop loss [49057WCU03C]: 2010: 2792, loss: 0.29%
Pop loss [49057WCU03C]: 2010: 1468, loss: 11.83%
Pop loss [49057WCU03C]: 2010: 1579, loss: 0.28%
Pop loss [49057WCU03C]: 2010: 1216, loss: 0.21%
Pop loss [49057WCU03C]: 2010: 1580, loss: 3.03%
Pop loss [49057WCU03C]: 2010: 1225, loss: 3.53%
Pop loss [49057WCU03C]: 2010: 2637, loss: 8.48%
Pop loss [49057WCU03C]: 2010: 1531, loss: 1.75%
Pop loss [49057WCU03C]: 2010: 1672, loss: 10.17%
Pop loss [49057WCU03C]: 2010: 2054, loss: 3.36%
Pop loss [49057WCU03C]: 2010: 1749, loss: 11.06%
Pop loss [49057WCU03C]: 2010: 3107, loss: 10.54%
Pop loss [49057WCU03C]: 2010: 1553, loss: 4.48%
Pop loss [49057WCU03C]: 2010: 1900, loss: 11.05%
Pop loss [49057WCU03C]: 2010: 1535, loss: 0.57%
Pop loss [49057WCU03C]: 2010: 1501, loss: 12.8%
Pop loss [49057WCU03C]: 2010: 1993, loss: 7.32%
Pop loss [49057WCU03C]: 2010: 1048, loss: 9.01%
Pop loss [49057WCU03C]: 2010: 2082, loss: 1.01%
Pop loss [49057WCU03C]: 2010: 1544, loss: 10.17%
Pop loss [49057WCU03C]: 2010: 1737, loss: 9.28%
Pop loss [49057WCU03C]: 2010: 2446, loss: 12.17%
Pop loss [49057WCU03C]: 2010: 2296, loss: 9.52%
Pop loss [49057WCU03C]: 2010: 1853, loss: 2.3%
Pop loss [49057WCU03C]: 2010: 4525, loss: 1.01%
Pop loss [49057WCU03C]: 2010: 1391, loss: 11.24%
Pop loss [49057WCU03C]: 2010: 2417, loss: 14.37%
Pop loss [49057WCU03C]: 2010: 1642, loss: 3.61%
Pop loss [49057WCU03C]: 2010: 4512, loss: 18.69%
Pop loss [49057WCU03C]: 2010: 2538, loss: 5.95%
Pop loss [49057WCU03C]: 2010: 4348, loss: 7.56%
Pop loss [49057WCU03C]: 2010: 1730, loss: 5.41%
Pop loss [49057WCU03C]: 2010: 1650, loss: 10.59%
Pop loss [49057WCU03C]: 2010: 3067, loss: 4.93%
Pop loss [49057WCU03C]: 2010: 2155, loss: 7.91%
Pop loss [49057WCU03C]: 2010: 1421, loss: 1.3%
Pop loss [49057WCU03C]: 2010: 3945, loss: 12.55%
Pop loss [49057WCU03C]: 2010: 2166, loss: 1.3%
Pop loss [49057WCU03C]: 2010: 3996, loss: 42.37%
Pop loss [49057WCU03C]: 2010: 4704, loss: 17.76%
Pop loss [49057WCU03C]: 2010: 2319, loss: 10.14%
Pop loss [49057WCU03C]: 2010: 2203, loss: 4.89%
Pop loss [49057WCU03C]: 2010: 2414, loss: 13.9%
Pop loss [49057WCU03C]: 2010: 1183, loss: 7.27%
Pop loss [49057WCU03C]: 2010: 1253, loss: 9.39%
Pop loss [49057WCU03C]: 2010: 2379, loss: 12.84%
Pop loss [49057WCU03C]: 2010: 1657, loss: 8.69%
Pop loss [49057WCU03C]: 2010: 2796, loss: 13.78%
Pop loss [49057WCU03C]: 2010: 1792, loss: 12.49%
Pop loss [49057WCU03C]: 2010: 1112, loss: 10.64%
Pop loss [49057WCU03C]: 2010: 1685, loss: 19.84%
Pop loss [49057WCU03C]: 2010: 1654, loss: 4.67%
Pop loss [49057WCU03C]: 2010: 1624, loss: 11.47%
Pop loss [49057WCU03C]: 2010: 45, loss: 2.44%
Pop loss [49057WCU03C]: 2010: 513, loss: 16.08%
Pop loss [49057WCU03C]: 2010: 33, loss: 40.3%
Pop loss [49057WCU03C]: 2010: 63, loss: 10.79%
Pop loss [49057WCU03C]: 2010: 6, loss: 25.0%
Pop loss [49057WCU03C]: 2010: 111, loss: 34.23%
Pop loss [49057WCU03C]: 2010: 81, loss: 16.67%
Pop loss [49057WCU03C]: 2010: 71, loss: 24.37%
Pop loss [49057WCU03C]: 2010: 16, loss: 20.63%
Pop loss [49057WCU03C]: 2010: 7, loss: 25.71%
Pop loss [49057WCU03C]: 2010: 1392, loss: 14.76%
Pop loss [49057WCU03C]: 2010: 1108, loss: 13.37%
Pop loss [49057WCU03C]: 2010: 137, loss: 4.96%
Pop loss [49057WCU03C]: 2010: 10, loss: 26.0%
Pop loss [49057WCU03C]: 2010: 1069, loss: 6.19%
Pop loss [49057WCU03C]: 2010: 1402, loss: 8.96%
Pop loss [49057WCU03C]: 2010: 1329, loss: 13.42%
Pop loss [49057WCU03C]: 2010: 2708, loss: 0.9%
Pop loss [49057WCU03C]: 2010: 1882, loss: 16.08%
Pop loss [49057WCU03C]: 2010: 1984, loss: 1.15%
Pop loss [49057WCU03C]: 2010: 1979, loss: 4.48%
Pop loss [49057WCU03C]: 2010: 2153, loss: 2.09%
Pop loss [49057WCU03C]: 2010: 1338, loss: 5.72%
Pop loss [49057WCU03C]: 2010: 1843, loss: 17.5%
Pop loss [49057WCU03C]: 2010: 2430, loss: 20.93%
Pop loss [49057WCU03C]: 2010: 2333, loss: 4.4%
Pop loss [49057WCU03C]: 2010: 1283, loss: 0.15%
Pop loss [49057WCU03C]: 2010: 1818, loss: 17.14%
Pop loss [49057WCU03C]: 2010: 762, loss: 7.38%
Pop loss [49057WCU03C]: 2010: 2071, loss: 6.38%
Pop loss [49057WCU03C]: 2010: 2588, loss: 7.31%
Pop loss [49057WCU03C]: 2010: 152, loss: 73.62%
Pop loss [49057WCU03C]: 2010: 163, loss: 16.13%
Pop loss [49057WCU03C]: 2010: 80, loss: 17.75%
Pop loss [49057WCU03C]: 2010: 1695, loss: 15.54%
Pop loss [49057WCU03C]: 2010: 241, loss: 18.38%
Pop loss [49057WCU03C]: 2010: 819, loss: 18.1%
Pop loss [49057WCU03C]: 2010: 360, loss: 22.58%
Pop loss [49057WCU03C]: 2010: 207, loss: 6.43%
Pop loss [49057WCU03C]: 2010: 882, loss: 6.59%
Pop loss [49057WCU03C]: 2010: 151, loss: 3.44%
Pop loss [49057WCU03C]: 2010: 596, loss: 10.39%
Pop loss [49057WCU03C]: 2010: 457, loss: 28.38%
Pop loss [49057WCU03C]: 2010: 286, loss: 29.58%
Pop loss [49057WCU03C]: 2010: 334, loss: 19.79%
Pop loss [49057WCU03C]: 2010: 391, loss: 16.6%
Pop loss [49057WCU03C]: 2010: 1766, loss: 14.78%
Pop loss [49057WCU03C]: 2010: 1722, loss: 1.01%
Pop loss [49057WCU03C]: 2010: 1405, loss: 1.05%
Pop loss [49057WCU03C]: 2010: 1391, loss: 13.24%
Pop loss [49057WCU03C]: 2010: 1463, loss: 0.04%
Pop loss [49057WCU03C]: 2010: 1388, loss: 1.79%
Pop loss [49057WCU03C]: 2010: 1281, loss: 4.11%
Pop loss [49057WCU03C]: 2010: 2430, loss: 13.51%
Pop loss [49057WCU03C]: 2010: 1281, loss: 8.6%
Pop loss [49057WCU03C]: 2010: 2216, loss: 1.32%
Pop loss [49057WCU03C]: 2010: 1463, loss: 36.53%
Pop loss [49057WCU03C]: 2010: 1361, loss: 21.87%
Pop loss [49057WCU03C]: 2010: 1551, loss: 6.74%
Pop loss [49057WCU03C]: 2010: 1064, loss: 8.2%
Pop loss [49057WCU03C]: 2010: 1020, loss: 8.16%
Pop loss [49057WCU03C]: 2010: 2224, loss: 8.73%
Pop loss [49057WCU03C]: 2010: 1852, loss: 8.72%
Pop loss [49057WCU03C]: 2010: 1433, loss: 6.32%
Pop loss [49057WCU03C]: 2010: 1121, loss: 7.55%
Pop loss [49057WCU03C]: 2010: 2399, loss: 13.73%
Pop loss [49057WCU03C]: 2010: 1659, loss: 22.06%
Pop loss [49057WCU03C]: 2010: 1627, loss: 19.63%
Pop loss [49057WCU03C]: 2010: 1327, loss: 0.88%
Pop loss [49057WCU03C]: 2010: 1941, loss: 8.92%
Pop loss [49057WCU03C]: 2010: 888, loss: 26.19%
Pop loss [49057WCU03C]: 2010: 1095, loss: 6.6%
Pop loss [49057WCU03C]: 2010: 1546, loss: 7.67%
Pop loss [49057WCU03C]: 2010: 1330, loss: 6.53%
Pop loss [49057WCU03C]: 2010: 978, loss: 4.84%
Pop loss [49057WCU03C]: 2010: 1473, loss: 1.16%
Pop loss [49057WCU03C]: 2010: 1609, loss: 0.63%
Pop loss [49057WCU03C]: 2010: 1472, loss: 3.72%
Pop loss [49057WCU03C]: 2010: 2035, loss: 2.27%
Pop loss [49057WCU03C]: 2010: 2783, loss: 4.89%
Pop loss [49057WCU03C]: 2010: 1509, loss: 19.38%
Pop loss [49057WCU03C]: 2010: 1780, loss: 13.13%
Pop loss [49057WCU03C]: 2010: 1971, loss: 10.2%
Pop loss [49057WCU03C]: 2010: 906, loss: 0.99%
Pop loss [49057WCU03C]: 2010: 984, loss: 33.63%
Pop loss [49057WCU03C]: 2010: 1619, loss: 27.79%
Pop loss [49057WCU03C]: 2010: 1675, loss: 6.55%
Pop loss [49057WCU03C]: 2010: 991, loss: 2.63%
Pop loss [49057WCU03C]: 2010: 1129, loss: 12.14%
Pop loss [49057WCU03C]: 2010: 1637, loss: 9.22%
Pop loss [49057WCU03C]: 2010: 2881, loss: 6.26%
Pop loss [49057WCU03C]: 2010: 1392, loss: 7.27%
Pop loss [49057WCU03C]: 2010: 1578, loss: 5.75%
Pop loss [49057WCU03C]: 2010: 1143, loss: 6.0%
Pop loss [49057WCU03C]: 2010: 973, loss: 8.3%
Pop loss [49057WCU03C]: 2010: 1654, loss: 5.07%
Pop loss [49057WCU03C]: 2010: 1312, loss: 1.55%
Pop loss [49057WCU03C]: 2010: 1557, loss: 14.19%
Pop loss [49057WCU03C]: 2010: 1269, loss: 7.89%
Pop loss [49057WCU03C]: 2010: 1064, loss: 3.59%
Pop loss [49057WCU03C]: 2010: 35, loss: 2.86%
Pop loss [49057WCU03C]: 2010: 19, loss: 14.21%
Pop loss [49057WCU03C]: 2010: 14, loss: 2.86%
Pop loss [49057WCU03C]: 2010: 5, loss: 32.0%
Pop loss [49057WCU03C]: 2010: 6, loss: 5.0%
Pop loss [49057WCU03C]: 2010: 4, loss: 5.0%
Pop loss [49057WCU03C]: 2010: 22, loss: 38.64%
Pop loss [49057WCU03C]: 2010: 7, loss: 31.43%
Row count: 2299
Loss count: 764
Tot 2010 Pop: 2763885
Tot 2018 Pop: 3044972.0
