Make Demographic_Data_ID.v04 (2024-01-31)

Row count: 931
Totals from Block Data (BData) and CSV Data (CData)
Field;			BData;	CData;	Diff
T_10_CENS_Total;	1567582;	1567582;	0
T_10_CENS_White;	1316243;	1316243;	0
T_10_CENS_Hispanic;	175901;	175901;	0
T_10_CENS_Black;	15940;	15940;	0
T_10_CENS_Asian;	29698;	29698;	0
T_10_CENS_Native;	36385;	36385;	0
T_10_CENS_Pacific;	5094;	5094;	0
T_18_ACS_Total;	1687809;	1687809;	0
T_18_ACS_White;	1387654;	1387654;	0
T_18_ACS_Hispanic;	209073;	209073;	0
T_18_ACS_Black;	19911;	19911;	0
T_18_ACS_Asian;	38865;	38865;	0
T_18_ACS_Native;	40617;	40617;	0
T_18_ACS_Pacific;	7128;	7128;	0
T_19_ACS_Total;	1717750;	1717750;	0
T_19_ACS_White;	1407883;	1407883;	0
T_19_ACS_Hispanic;	215476;	215476;	0
T_19_ACS_Black;	20453;	20453;	0
T_19_ACS_Asian;	40745;	40745;	0
T_19_ACS_Native;	42129;	42129;	0
T_19_ACS_Pacific;	7719;	7719;	0
T_20_CENS_Total;	1839106;	1839106;	0
T_20_CENS_White;	1450523;	1450523;	0
T_20_CENS_Hispanic;	239407;	239407;	0
T_20_CENS_Black;	27645;	27645;	0
T_20_CENS_Asian;	47513;	47513;	0
T_20_CENS_Native;	65552;	65552;	0
T_20_CENS_Pacific;	9293;	9293;	0
T_20_ACS_Total;	1754367;	1754367;	0
T_20_ACS_White;	1427529;	1427529;	0
T_20_ACS_Hispanic;	222967;	222967;	0
T_20_ACS_Black;	21346;	21346;	0
T_20_ACS_Asian;	42595;	42595;	0
T_20_ACS_Native;	43642;	43642;	0
T_20_ACS_Pacific;	7587;	7587;	0
V_10_VAP_Total;	1138510;	1138510;	0
V_10_VAP_White;	986529;	986529;	0
V_10_VAP_Hispanic;	102786;	102786;	0
V_10_VAP_Black;	8196;	8196;	0
V_10_VAP_Asian;	19532;	19532;	0
V_10_VAP_Native;	24049;	24049;	0
V_10_VAP_Pacific;	3024;	3024;	0
V_18_CVAP_Total;	1192755;	1192755;	0
V_18_CVAP_White;	1049599;	1049599;	0
V_18_CVAP_Hispanic;	91463;	91463;	0
V_18_CVAP_Black;	8384;	8384;	0
V_18_CVAP_Asian;	16919;	16919;	0
V_18_CVAP_Native;	22933;	22933;	0
V_18_CVAP_Pacific;	1504;	1504;	0
V_19_CVAP_Total;	1220315;	1220315;	0
V_19_CVAP_White;	1068454;	1068454;	0
V_19_CVAP_Hispanic;	97378;	97378;	0
V_19_CVAP_Black;	9043;	9043;	0
V_19_CVAP_Asian;	17517;	17517;	0
V_19_CVAP_Native;	24045;	24045;	0
V_19_CVAP_Pacific;	1454;	1454;	0
V_20_VAP_Total;	1376400;	1376400;	0
V_20_VAP_White;	1121466;	1121466;	0
V_20_VAP_Hispanic;	151700;	151700;	0
V_20_VAP_Black;	16047;	16047;	0
V_20_VAP_Asian;	32362;	32362;	0
V_20_VAP_Native;	45525;	45525;	0
V_20_VAP_Pacific;	5726;	5726;	0
V_20_VAP_NH_Total;	1376400;	1376400;	0
V_20_VAP_NH_White;	1121466;	1121466;	0
V_20_VAP_NH_Hispanic;	151700;	151700;	0
V_20_VAP_NH_BlackAlone;	9946;	9946;	0
V_20_VAP_NH_AsianAlone;	21008;	21008;	0
V_20_VAP_NH_NativeAlone;	13935;	13935;	0
V_20_VAP_NH_PacificAlone;	2442;	2442;	0
V_20_VAP_NH_OtherAlone;	5927;	5927;	0
V_20_VAP_NH_TwoOrMore;	49976;	49976;	0
V_20_CVAP_Total;	1255492;	1255492;	0
V_20_CVAP_White;	1093476;	1093476;	0
V_20_CVAP_Hispanic;	103362;	103362;	0
V_20_CVAP_Black;	9687;	9687;	0
V_20_CVAP_Asian;	18945;	18945;	0
V_20_CVAP_Native;	24846;	24846;	0
V_20_CVAP_Pacific;	1651;	1651;	0
