Make Election_Data_ID.v04 (2024-02-01)

Row count: 931
Totals from Block Data (BData) and CSV Data (CData)
Field;			BData;	CData;	Diff
E_16_PRES_Total;	690043;	690043;	0
E_16_PRES_Dem;	188085;	188085;	0
E_16_PRES_Rep;	408740;	408740;	0
E_16_SEN_Total;	678497;	678497;	0
E_16_SEN_Dem;	186767;	186767;	0
E_16_SEN_Rep;	448732;	448732;	0
E_18_GOV_Total;	604844;	604844;	0
E_18_GOV_Dem;	229702;	229702;	0
E_18_GOV_Rep;	361321;	361321;	0
E_18_AG_Total;	587887;	587887;	0
E_18_AG_Dem;	201829;	201829;	0
E_18_AG_Rep;	384431;	384431;	0
E_18_LTG_Total;	596715;	596715;	0
E_18_LTG_Dem;	238981;	238981;	0
E_18_LTG_Rep;	356224;	356224;	0
E_16-20_COMP_Total;	710634;	710634;	0
E_16-20_COMP_Dem;	230077;	230077;	0
E_16-20_COMP_Rep;	449265;	449265;	0
E_20_PRES_Total;	867281;	867281;	0
E_20_PRES_Dem;	287021;	287021;	0
E_20_PRES_Rep;	554119;	554119;	0
E_20_SEN_Total;	859827;	859827;	0
E_20_SEN_Dem;	285864;	285864;	0
E_20_SEN_Rep;	538446;	538446;	0
