Make Election_Data_SC.v04 (2024-02-01)

Row count: 2268
Totals from Block Data (BData) and CSV Data (CData)
Field;			BData;	CData;	Diff
E_16_PRES_Total;	2103027;	2103027;	0
E_16_PRES_Dem;	855373;	855373;	0
E_16_PRES_Rep;	1155389;	1155389;	0
E_16_SEN_Total;	2049893;	2049893;	0
E_16_SEN_Dem;	757022;	757022;	0
E_16_SEN_Rep;	1241609;	1241609;	0
E_18_GOV_Total;	1707196;	1707196;	0
E_18_GOV_Dem;	782393;	782393;	0
E_18_GOV_Rep;	919805;	919805;	0
E_18_AG_Total;	1703380;	1703380;	0
E_18_AG_Dem;	728167;	728167;	0
E_18_AG_Rep;	936497;	936497;	0
E_16-20_COMP_Total;	2093366;	2093366;	0
E_16-20_COMP_Dem;	886573;	886573;	0
E_16-20_COMP_Rep;	1167419;	1167419;	0
E_20_PRES_Total;	2513329;	2513329;	0
E_20_PRES_Dem;	1091541;	1091541;	0
E_20_PRES_Rep;	1385103;	1385103;	0
E_20_SEN_Total;	2515104;	2515104;	0
E_20_SEN_Dem;	1110828;	1110828;	0
E_20_SEN_Rep;	1369137;	1369137;	0
