Make Demographic_Data_SC.v04 (2024-01-31)

Row count: 2268
Totals from Block Data (BData) and CSV Data (CData)
Field;			BData;	CData;	Diff
T_10_CENS_Total;	4625364;	4625364;	0
T_10_CENS_White;	2962740;	2962740;	0
T_10_CENS_Hispanic;	235682;	235682;	0
T_10_CENS_Black;	1332188;	1332188;	0
T_10_CENS_Asian;	75674;	75674;	0
T_10_CENS_Native;	42171;	42171;	0
T_10_CENS_Pacific;	5880;	5880;	0
T_18_ACS_Total;	4954517;	4954517;	0
T_18_ACS_White;	3155937;	3155937;	0
T_18_ACS_Hispanic;	275549;	275549;	0
T_18_ACS_Black;	1401669;	1401669;	0
T_18_ACS_Asian;	98471;	98471;	0
T_18_ACS_Native;	48209;	48209;	0
T_18_ACS_Pacific;	5983;	5983;	0
T_19_ACS_Total;	5020806;	5020806;	0
T_19_ACS_White;	3196421;	3196421;	0
T_19_ACS_Hispanic;	285458;	285458;	0
T_19_ACS_Black;	1410419;	1410419;	0
T_19_ACS_Asian;	103491;	103491;	0
T_19_ACS_Native;	48926;	48926;	0
T_19_ACS_Pacific;	7628;	7628;	0
T_20_CENS_Total;	5118425;	5118425;	0
T_20_CENS_White;	3178552;	3178552;	0
T_20_CENS_Hispanic;	352838;	352838;	0
T_20_CENS_Black;	1370528;	1370528;	0
T_20_CENS_Asian;	123666;	123666;	0
T_20_CENS_Native;	108111;	108111;	0
T_20_CENS_Pacific;	8737;	8737;	0
T_20_ACS_Total;	5091517;	5091517;	0
T_20_ACS_White;	3230111;	3230111;	0
T_20_ACS_Hispanic;	296897;	296897;	0
T_20_ACS_Black;	1423031;	1423031;	0
T_20_ACS_Asian;	110663;	110663;	0
T_20_ACS_Native;	48904;	48904;	0
T_20_ACS_Pacific;	7756;	7756;	0
V_10_VAP_Total;	3544890;	3544890;	0
V_10_VAP_White;	2365767;	2365767;	0
V_10_VAP_Hispanic;	154176;	154176;	0
V_10_VAP_Black;	953711;	953711;	0
V_10_VAP_Asian;	53742;	53742;	0
V_10_VAP_Native;	30248;	30248;	0
V_10_VAP_Pacific;	3808;	3808;	0
V_18_CVAP_Total;	3729880;	3729880;	0
V_18_CVAP_White;	2535961;	2535961;	0
V_18_CVAP_Hispanic;	99281;	99281;	0
V_18_CVAP_Black;	1015525;	1015525;	0
V_18_CVAP_Asian;	46189;	46189;	0
V_18_CVAP_Native;	29933;	29933;	0
V_18_CVAP_Pacific;	1581;	1581;	0
V_19_CVAP_Total;	3783844;	3783844;	0
V_19_CVAP_White;	2571789;	2571789;	0
V_19_CVAP_Hispanic;	104169;	104169;	0
V_19_CVAP_Black;	1024578;	1024578;	0
V_19_CVAP_Asian;	48995;	48995;	0
V_19_CVAP_Native;	30354;	30354;	0
V_19_CVAP_Pacific;	1901;	1901;	0
V_20_VAP_Total;	4014460;	4014460;	0
V_20_VAP_White;	2603975;	2603975;	0
V_20_VAP_Hispanic;	231124;	231124;	0
V_20_VAP_Black;	1014656;	1014656;	0
V_20_VAP_Asian;	88832;	88832;	0
V_20_VAP_Native;	79729;	79729;	0
V_20_VAP_Pacific;	5846;	5846;	0
V_20_VAP_NH_Total;	4014460;	4014460;	0
V_20_VAP_NH_White;	2603975;	2603975;	0
V_20_VAP_NH_Hispanic;	231124;	231124;	0
V_20_VAP_NH_BlackAlone;	964667;	964667;	0
V_20_VAP_NH_AsianAlone;	70272;	70272;	0
V_20_VAP_NH_NativeAlone;	13333;	13333;	0
V_20_VAP_NH_PacificAlone;	2212;	2212;	0
V_20_VAP_NH_OtherAlone;	12598;	12598;	0
V_20_VAP_NH_TwoOrMore;	116279;	116279;	0
V_20_CVAP_Total;	3849924;	3849924;	0
V_20_CVAP_White;	2613323;	2613323;	0
V_20_CVAP_Hispanic;	111966;	111966;	0
V_20_CVAP_Black;	1035224;	1035224;	0
V_20_CVAP_Asian;	52192;	52192;	0
V_20_CVAP_Native;	30489;	30489;	0
V_20_CVAP_Pacific;	1666;	1666;	0
