Make Demographic_Data_AR.v06 (2025-06-18)

Row count: 2747
Totals from Block Data (BData) and CSV Data (CData)
Field;			BData;	CData;	Diff
T_10_CENS_Total;	2915830;	2915830;	0
T_10_CENS_White;	2173456;	2173456;	0
T_10_CENS_Hispanic;	186036;	186036;	0
T_10_CENS_Black;	468670;	468670;	0
T_10_CENS_Asian;	44922;	44922;	0
T_10_CENS_Native;	47588;	47588;	0
T_10_CENS_Pacific;	7849;	7849;	0
T_18_ACS_Total;	2990671;	2990671;	0
T_18_ACS_White;	2173849;	2173849;	0
T_18_ACS_Hispanic;	219052;	219052;	0
T_18_ACS_Black;	488364;	488364;	0
T_18_ACS_Asian;	55539;	55539;	0
T_18_ACS_Native;	56532;	56532;	0
T_18_ACS_Pacific;	10887;	10887;	0
T_19_ACS_Total;	2999370;	2999370;	0
T_19_ACS_White;	2172453;	2172453;	0
T_19_ACS_Hispanic;	224130;	224130;	0
T_19_ACS_Black;	489192;	489192;	0
T_19_ACS_Asian;	57895;	57895;	0
T_19_ACS_Native;	59120;	59120;	0
T_19_ACS_Pacific;	11465;	11465;	0
T_20_CENS_Total;	3011524;	3011524;	0
T_20_CENS_White;	2063550;	2063550;	0
T_20_CENS_Hispanic;	256847;	256847;	0
T_20_CENS_Black;	495968;	495968;	0
T_20_CENS_Asian;	68558;	68558;	0
T_20_CENS_Native;	115614;	115614;	0
T_20_CENS_Pacific;	17874;	17874;	0
T_20_ACS_Total;	3011873;	3011873;	0
T_20_ACS_White;	2155099;	2155099;	0
T_20_ACS_Hispanic;	229629;	229629;	0
T_20_ACS_Black;	493883;	493883;	0
T_20_ACS_Asian;	59949;	59949;	0
T_20_ACS_Native;	61280;	61280;	0
T_20_ACS_Pacific;	12733;	12733;	0
T_22_ACS_Total;	3018669;	3018669;	0
T_22_ACS_White;	2103784;	2103784;	0
T_22_ACS_Hispanic;	243321;	243321;	0
T_22_ACS_Black;	497202;	497202;	0
T_22_ACS_Asian;	64223;	64223;	0
T_22_ACS_Native;	68155;	68155;	0
T_22_ACS_Pacific;	14989;	14989;	0
V_10_VAP_Total;	2204388;	2204388;	0
V_10_VAP_White;	1708895;	1708895;	0
V_10_VAP_Hispanic;	111088;	111088;	0
V_10_VAP_Black;	321058;	321058;	0
V_10_VAP_Asian;	31499;	31499;	0
V_10_VAP_Native;	33872;	33872;	0
V_10_VAP_Pacific;	4566;	4566;	0
V_18_CVAP_Total;	2195795;	2195795;	0
V_18_CVAP_White;	1720262;	1720262;	0
V_18_CVAP_Hispanic;	74021;	74021;	0
V_18_CVAP_Black;	338020;	338020;	0
V_18_CVAP_Asian;	23118;	23118;	0
V_18_CVAP_Native;	38044;	38044;	0
V_18_CVAP_Pacific;	1463;	1463;	0
V_19_CVAP_Total;	2207250;	2207250;	0
V_19_CVAP_White;	1722679;	1722679;	0
V_19_CVAP_Hispanic;	78496;	78496;	0
V_19_CVAP_Black;	339808;	339808;	0
V_19_CVAP_Asian;	24438;	24438;	0
V_19_CVAP_Native;	39218;	39218;	0
V_19_CVAP_Pacific;	1698;	1698;	0
V_20_VAP_Total;	2312273;	2312273;	0
V_20_VAP_White;	1653772;	1653772;	0
V_20_VAP_Hispanic;	162002;	162002;	0
V_20_VAP_Black;	351878;	351878;	0
V_20_VAP_Asian;	48739;	48739;	0
V_20_VAP_Native;	84912;	84912;	0
V_20_VAP_Pacific;	10293;	10293;	0
V_20_VAP_NH_Total;	2312273;	2312273;	0
V_20_VAP_NH_White;	1653772;	1653772;	0
V_20_VAP_NH_Hispanic;	162002;	162002;	0
V_20_VAP_NH_BlackAlone;	331235;	331235;	0
V_20_VAP_NH_AsianAlone;	39675;	39675;	0
V_20_VAP_NH_NativeAlone;	15691;	15691;	0
V_20_VAP_NH_PacificAlone;	8250;	8250;	0
V_20_VAP_NH_OtherAlone;	5260;	5260;	0
V_20_VAP_NH_TwoOrMore;	96388;	96388;	0
V_20_CVAP_Total;	2219678;	2219678;	0
V_20_CVAP_White;	1724503;	1724503;	0
V_20_CVAP_Hispanic;	82942;	82942;	0
V_20_CVAP_Black;	342432;	342432;	0
V_20_CVAP_Asian;	24920;	24920;	0
V_20_CVAP_Native;	40475;	40475;	0
V_20_CVAP_Pacific;	1723;	1723;	0
V_22_CVAP_Total;	2233460;	2233460;	0
V_22_CVAP_White;	1717952;	1717952;	0
V_22_CVAP_Hispanic;	95001;	95001;	0
V_22_CVAP_Black;	346376;	346376;	0
V_22_CVAP_Asian;	28644;	28644;	0
V_22_CVAP_Native;	41325;	41325;	0
V_22_CVAP_Pacific;	2119;	2119;	0
V_22_CVAP_RemTwoOrMore;	4194;	4194;	0
