Make Election_Data_AR.v05 (2024-04-21)

Row count: 2747
Totals from Block Data (BData) and CSV Data (CData)
Field;			BData;	CData;	Diff
E_08_PRES_Total;	1091772;	1091772;	0
E_08_PRES_Dem;	422172;	422172;	0
E_08_PRES_Rep;	637991;	637991;	0
E_12_PRES_Total;	1038943;	1038943;	0
E_12_PRES_Dem;	392282;	392282;	0
E_12_PRES_Rep;	646661;	646661;	0
E_16_PRES_Total;	1130492;	1130492;	0
E_16_PRES_Dem;	380445;	380445;	0
E_16_PRES_Rep;	684744;	684744;	0
E_16_SEN_Total;	1107344;	1107344;	0
E_16_SEN_Dem;	400551;	400551;	0
E_16_SEN_Rep;	661864;	661864;	0
E_18_GOV_Total;	891509;	891509;	0
E_18_GOV_Dem;	283218;	283218;	0
E_18_GOV_Rep;	582406;	582406;	0
E_18_AG_Total;	889419;	889419;	0
E_18_AG_Dem;	315099;	315099;	0
E_18_AG_Rep;	549668;	549668;	0
E_18_LTG_Total;	888735;	888735;	0
E_18_LTG_Dem;	293535;	293535;	0
E_18_LTG_Rep;	570433;	570433;	0
E_16-20_COMP_Total;	1066871;	1066871;	0
E_16-20_COMP_Dem;	365099;	365099;	0
E_16-20_COMP_Rep;	671817;	671817;	0
E_20_PRES_Total;	1219069;	1219069;	0
E_20_PRES_Dem;	423932;	423932;	0
E_20_PRES_Rep;	760647;	760647;	0
E_20_SEN_Total;	1193261;	1193261;	0
E_20_SEN_Dem;	399390;	399390;	0
E_20_SEN_Rep;	793871;	793871;	0
