Make Demographic_Data_AZ.v06 (2025-06-18)

Row count: 1538
Totals from Block Data (BData) and CSV Data (CData)
Field;			BData;	CData;	Diff
T_10_CENS_Total;	6392017;	6392017;	0
T_10_CENS_White;	3695647;	3695647;	0
T_10_CENS_Hispanic;	1895149;	1895149;	0
T_10_CENS_Black;	318665;	318665;	0
T_10_CENS_Asian;	230907;	230907;	0
T_10_CENS_Native;	353386;	353386;	0
T_10_CENS_Pacific;	25106;	25106;	0
T_18_ACS_Total;	6946685;	6946685;	0
T_18_ACS_White;	3825886;	3825886;	0
T_18_ACS_Hispanic;	2163312;	2163312;	0
T_18_ACS_Black;	390181;	390181;	0
T_18_ACS_Asian;	300145;	300145;	0
T_18_ACS_Native;	391620;	391620;	0
T_18_ACS_Pacific;	31266;	31266;	0
T_19_ACS_Total;	7050299;	7050299;	0
T_19_ACS_White;	3857007;	3857007;	0
T_19_ACS_Hispanic;	2208663;	2208663;	0
T_19_ACS_Black;	405266;	405266;	0
T_19_ACS_Asian;	310727;	310727;	0
T_19_ACS_Native;	399151;	399151;	0
T_19_ACS_Pacific;	32339;	32339;	0
T_20_CENS_Total;	7151502;	7151502;	0
T_20_CENS_White;	3816547;	3816547;	0
T_20_CENS_Hispanic;	2192253;	2192253;	0
T_20_CENS_Black;	446394;	446394;	0
T_20_CENS_Asian;	351132;	351132;	0
T_20_CENS_Native;	453560;	453560;	0
T_20_CENS_Pacific;	37212;	37212;	0
T_20_ACS_Total;	7174064;	7174064;	0
T_20_ACS_White;	3883722;	3883722;	0
T_20_ACS_Hispanic;	2260690;	2260690;	0
T_20_ACS_Black;	425315;	425315;	0
T_20_ACS_Asian;	326446;	326446;	0
T_20_ACS_Native;	405281;	405281;	0
T_20_ACS_Pacific;	33447;	33447;	0
T_22_ACS_Total;	7172282;	7172282;	0
T_22_ACS_White;	3801121;	3801121;	0
T_22_ACS_Hispanic;	2297513;	2297513;	0
T_22_ACS_Black;	447546;	447546;	0
T_22_ACS_Asian;	342853;	342853;	0
T_22_ACS_Native;	420548;	420548;	0
T_22_ACS_Pacific;	33341;	33341;	0
V_10_VAP_Total;	4763003;	4763003;	0
V_10_VAP_White;	3017895;	3017895;	0
V_10_VAP_Hispanic;	1191203;	1191203;	0
V_10_VAP_Black;	205572;	205572;	0
V_10_VAP_Asian;	163591;	163591;	0
V_10_VAP_Native;	231294;	231294;	0
V_10_VAP_Pacific;	15895;	15895;	0
V_18_CVAP_Total;	4812910;	4812910;	0
V_18_CVAP_White;	3119783;	3119783;	0
V_18_CVAP_Hispanic;	1092154;	1092154;	0
V_18_CVAP_Black;	225855;	225855;	0
V_18_CVAP_Asian;	136622;	136622;	0
V_18_CVAP_Native;	219274;	219274;	0
V_18_CVAP_Pacific;	8481;	8481;	0
V_19_CVAP_Total;	4920370;	4920370;	0
V_19_CVAP_White;	3158248;	3158248;	0
V_19_CVAP_Hispanic;	1140220;	1140220;	0
V_19_CVAP_Black;	236644;	236644;	0
V_19_CVAP_Asian;	142792;	142792;	0
V_19_CVAP_Native;	222558;	222558;	0
V_19_CVAP_Pacific;	8654;	8654;	0
V_20_VAP_Total;	5541976;	5541976;	0
V_20_VAP_White;	3218094;	3218094;	0
V_20_VAP_Hispanic;	1489617;	1489617;	0
V_20_VAP_Black;	302176;	302176;	0
V_20_VAP_Asian;	257630;	257630;	0
V_20_VAP_Native;	319230;	319230;	0
V_20_VAP_Pacific;	24481;	24481;	0
V_20_VAP_NH_Total;	5541976;	5541976;	0
V_20_VAP_NH_White;	3218094;	3218094;	0
V_20_VAP_NH_Hispanic;	1489617;	1489617;	0
V_20_VAP_NH_BlackAlone;	236894;	236894;	0
V_20_VAP_NH_AsianAlone;	199796;	199796;	0
V_20_VAP_NH_NativeAlone;	189473;	189473;	0
V_20_VAP_NH_PacificAlone;	10590;	10590;	0
V_20_VAP_NH_OtherAlone;	23269;	23269;	0
V_20_VAP_NH_TwoOrMore;	174243;	174243;	0
V_20_CVAP_Total;	5049761;	5049761;	0
V_20_CVAP_White;	3206840;	3206840;	0
V_20_CVAP_Hispanic;	1196104;	1196104;	0
V_20_CVAP_Black;	247303;	247303;	0
V_20_CVAP_Asian;	150000;	150000;	0
V_20_CVAP_Native;	226015;	226015;	0
V_20_CVAP_Pacific;	8711;	8711;	0
V_22_CVAP_Total;	5118501;	5118501;	0
V_22_CVAP_White;	3185504;	3185504;	0
V_22_CVAP_Hispanic;	1259098;	1259098;	0
V_22_CVAP_Black;	261070;	261070;	0
V_22_CVAP_Asian;	164963;	164963;	0
V_22_CVAP_Native;	224403;	224403;	0
V_22_CVAP_Pacific;	9082;	9082;	0
V_22_CVAP_RemTwoOrMore;	18221;	18221;	0
