Make Election_Data_AZ.v06 (2025-06-18)

Row count: 1538
Totals from Block Data (BData) and CSV Data (CData)
Field;			BData;	CData;	Diff
E_08_PRES_Total;	2299071;	2299071;	0
E_08_PRES_Dem;	1034907;	1034907;	0
E_08_PRES_Rep;	1230111;	1230111;	0
E_12_PRES_Total;	2256121;	2256121;	0
E_12_PRES_Dem;	1023817;	1023817;	0
E_12_PRES_Rep;	1232304;	1232304;	0
E_16_PRES_Total;	2604657;	2604657;	0
E_16_PRES_Dem;	1161167;	1161167;	0
E_16_PRES_Rep;	1252401;	1252401;	0
E_16_SEN_Total;	2547060;	2547060;	0
E_16_SEN_Dem;	1031245;	1031245;	0
E_16_SEN_Rep;	1359267;	1359267;	0
E_18_SEN_Total;	2387543;	2387543;	0
E_18_SEN_Dem;	1191100;	1191100;	0
E_18_SEN_Rep;	1135200;	1135200;	0
E_18_GOV_Total;	2379369;	2379369;	0
E_18_GOV_Dem;	994341;	994341;	0
E_18_GOV_Rep;	1330863;	1330863;	0
E_18_AG_Total;	2326367;	2326367;	0
E_18_AG_Dem;	1120726;	1120726;	0
E_18_AG_Rep;	1201398;	1201398;	0
E_16-20_COMP_Total;	2732347;	2732347;	0
E_16-20_COMP_Dem;	1308739;	1308739;	0
E_16-20_COMP_Rep;	1369080;	1369080;	0
E_20_PRES_Total;	3385294;	3385294;	0
E_20_PRES_Dem;	1672143;	1672143;	0
E_20_PRES_Rep;	1661686;	1661686;	0
E_20_SEN_Total;	3354128;	3354128;	0
E_20_SEN_Dem;	1716467;	1716467;	0
E_20_SEN_Rep;	1637661;	1637661;	0
E_16-22_COMP_Total;	2823581;	2823581;	0
E_16-22_COMP_Dem;	1401492;	1401492;	0
E_16-22_COMP_Rep;	1377263;	1377263;	0
E_22_SEN_Total;	2574672;	2574672;	0
E_22_SEN_Dem;	1322027;	1322027;	0
E_22_SEN_Rep;	1196308;	1196308;	0
E_22_GOV_Total;	2566565;	2566565;	0
E_22_GOV_Dem;	1287891;	1287891;	0
E_22_GOV_Rep;	1270774;	1270774;	0
E_22_AG_Total;	2511990;	2511990;	0
E_22_AG_Dem;	1254613;	1254613;	0
E_22_AG_Rep;	1254102;	1254102;	0
E_22_SOS_Total;	2524225;	2524225;	0
E_22_SOS_Dem;	1320619;	1320619;	0
E_22_SOS_Rep;	1200411;	1200411;	0
E_22_TREAS_Total;	2497172;	2497172;	0
E_22_TREAS_Dem;	1107037;	1107037;	0
E_22_TREAS_Rep;	1390135;	1390135;	0
E_22_CONG_Total;	2394302;	2394302;	0
E_22_CONG_Dem;	1011652;	1011652;	0
E_22_CONG_Rep;	1324959;	1324959;	0
E_20-24_COMP_Total;	2958914;	2958914;	0
E_20-24_COMP_Dem;	1465661;	1465661;	0
E_20-24_COMP_Rep;	1457762;	1457762;	0
E_24_PRES_Total;	3389319;	3389319;	0
E_24_PRES_Dem;	1582860;	1582860;	0
E_24_PRES_Rep;	1770242;	1770242;	0
E_24_SEN_Total;	3352137;	3352137;	0
E_24_SEN_Dem;	1676335;	1676335;	0
E_24_SEN_Rep;	1595761;	1595761;	0
E_24_CONG_Total;	3256701;	3256701;	0
E_24_CONG_Dem;	1551085;	1551085;	0
E_24_CONG_Rep;	1680841;	1680841;	0
