Make Demographic_Data_SD.v04 (2024-01-31)

Row count: 785
Totals from Block Data (BData) and CSV Data (CData)
Field;			BData;	CData;	Diff
T_10_CENS_Total;	814180;	814180;	0
T_10_CENS_White;	689502;	689502;	0
T_10_CENS_Hispanic;	22119;	22119;	0
T_10_CENS_Black;	14705;	14705;	0
T_10_CENS_Asian;	10216;	10216;	0
T_10_CENS_Native;	82073;	82073;	0
T_10_CENS_Pacific;	920;	920;	0
T_18_ACS_Total;	864289;	864289;	0
T_18_ACS_White;	710810;	710810;	0
T_18_ACS_Hispanic;	31995;	31995;	0
T_18_ACS_Black;	22617;	22617;	0
T_18_ACS_Asian;	15941;	15941;	0
T_18_ACS_Native;	89424;	89424;	0
T_18_ACS_Pacific;	1153;	1153;	0
T_19_ACS_Total;	870638;	870638;	0
T_19_ACS_White;	713546;	713546;	0
T_19_ACS_Hispanic;	33024;	33024;	0
T_19_ACS_Black;	23899;	23899;	0
T_19_ACS_Asian;	15897;	15897;	0
T_19_ACS_Native;	90422;	90422;	0
T_19_ACS_Pacific;	1402;	1402;	0
T_20_CENS_Total;	886667;	886667;	0
T_20_CENS_White;	705583;	705583;	0
T_20_CENS_Hispanic;	38741;	38741;	0
T_20_CENS_Black;	26307;	26307;	0
T_20_CENS_Asian;	18489;	18489;	0
T_20_CENS_Native;	98842;	98842;	0
T_20_CENS_Pacific;	1642;	1642;	0
T_20_ACS_Total;	879336;	879336;	0
T_20_ACS_White;	715328;	715328;	0
T_20_ACS_Hispanic;	36088;	36088;	0
T_20_ACS_Black;	25975;	25975;	0
T_20_ACS_Asian;	16062;	16062;	0
T_20_ACS_Native;	91221;	91221;	0
T_20_ACS_Pacific;	1651;	1651;	0
V_10_VAP_Total;	611383;	611383;	0
V_10_VAP_White;	537069;	537069;	0
V_10_VAP_Hispanic;	12917;	12917;	0
V_10_VAP_Black;	7801;	7801;	0
V_10_VAP_Asian;	6683;	6683;	0
V_10_VAP_Native;	48511;	48511;	0
V_10_VAP_Pacific;	554;	554;	0
V_18_CVAP_Total;	635415;	635415;	0
V_18_CVAP_White;	555405;	555405;	0
V_18_CVAP_Hispanic;	14403;	14403;	0
V_18_CVAP_Black;	8554;	8554;	0
V_18_CVAP_Asian;	4858;	4858;	0
V_18_CVAP_Native;	51607;	51607;	0
V_18_CVAP_Pacific;	222;	222;	0
V_19_CVAP_Total;	639670;	639670;	0
V_19_CVAP_White;	557965;	557965;	0
V_19_CVAP_Hispanic;	14806;	14806;	0
V_19_CVAP_Black;	9052;	9052;	0
V_19_CVAP_Asian;	5037;	5037;	0
V_19_CVAP_Native;	51977;	51977;	0
V_19_CVAP_Pacific;	333;	333;	0
V_20_VAP_Total;	669255;	669255;	0
V_20_VAP_White;	556081;	556081;	0
V_20_VAP_Hispanic;	23855;	23855;	0
V_20_VAP_Black;	14956;	14956;	0
V_20_VAP_Asian;	12406;	12406;	0
V_20_VAP_Native;	60618;	60618;	0
V_20_VAP_Pacific;	1033;	1033;	0
V_20_VAP_NH_Total;	669255;	669255;	0
V_20_VAP_NH_White;	556081;	556081;	0
V_20_VAP_NH_Hispanic;	23855;	23855;	0
V_20_VAP_NH_BlackAlone;	11408;	11408;	0
V_20_VAP_NH_AsianAlone;	9918;	9918;	0
V_20_VAP_NH_NativeAlone;	47084;	47084;	0
V_20_VAP_NH_PacificAlone;	395;	395;	0
V_20_VAP_NH_OtherAlone;	1472;	1472;	0
V_20_VAP_NH_TwoOrMore;	19042;	19042;	0
V_20_CVAP_Total;	644977;	644977;	0
V_20_CVAP_White;	561341;	561341;	0
V_20_CVAP_Hispanic;	15534;	15534;	0
V_20_CVAP_Black;	9284;	9284;	0
V_20_CVAP_Asian;	5461;	5461;	0
V_20_CVAP_Native;	52356;	52356;	0
V_20_CVAP_Pacific;	203;	203;	0
