Make Election_Data_SD.v05 (2024-04-21)

Row count: 785
Totals from Block Data (BData) and CSV Data (CData)
Field;			BData;	CData;	Diff
E_08_PRES_Total;	385452;	385452;	0
E_08_PRES_Dem;	170924;	170924;	0
E_08_PRES_Rep;	203054;	203054;	0
E_16_PRES_Total;	370111;	370111;	0
E_16_PRES_Dem;	117466;	117466;	0
E_16_PRES_Rep;	227731;	227731;	0
E_16_SEN_Total;	369674;	369674;	0
E_16_SEN_Dem;	104147;	104147;	0
E_16_SEN_Rep;	265527;	265527;	0
E_18_GOV_Total;	338715;	338715;	0
E_18_GOV_Dem;	161171;	161171;	0
E_18_GOV_Rep;	172706;	172706;	0
E_18_AG_Total;	324160;	324160;	0
E_18_AG_Dem;	145319;	145319;	0
E_18_AG_Rep;	178841;	178841;	0
E_16-20_COMP_Total;	370598;	370598;	0
E_16-20_COMP_Dem;	135916;	135916;	0
E_16-20_COMP_Rep;	230319;	230319;	0
E_20_PRES_Total;	422609;	422609;	0
E_20_PRES_Dem;	150471;	150471;	0
E_20_PRES_Rep;	261043;	261043;	0
E_20_SEN_Total;	420219;	420219;	0
E_20_SEN_Dem;	143987;	143987;	0
E_20_SEN_Rep;	276232;	276232;	0
