Make Demographic_Data_CA.v06 (2025-06-19)

Row count: 25607
Totals from Block Data (BData) and CSV Data (CData)
Field;			BData;	CData;	Diff
T_10_CENS_Total;	37249102;	37249102;	0
T_10_CENS_White;	14954681;	14954681;	0
T_10_CENS_Hispanic;	14012761;	14012761;	0
T_10_CENS_Black;	2681915;	2681915;	0
T_10_CENS_Asian;	5556525;	5556525;	0
T_10_CENS_Native;	723093;	723093;	0
T_10_CENS_Pacific;	286128;	286128;	0
T_18_ACS_Total;	39148760;	39148760;	0
T_18_ACS_White;	14695836;	14695836;	0
T_18_ACS_Hispanic;	15221577;	15221577;	0
T_18_ACS_Black;	2753574;	2753574;	0
T_18_ACS_Asian;	6431018;	6431018;	0
T_18_ACS_Native;	757628;	757628;	0
T_18_ACS_Pacific;	316802;	316802;	0
T_19_ACS_Total;	39283497;	39283497;	0
T_19_ACS_White;	14605312;	14605312;	0
T_19_ACS_Hispanic;	15327688;	15327688;	0
T_19_ACS_Black;	2766478;	2766478;	0
T_19_ACS_Asian;	6551732;	6551732;	0
T_19_ACS_Native;	762733;	762733;	0
T_19_ACS_Pacific;	323042;	323042;	0
T_20_CENS_Total;	39538223;	39538223;	0
T_20_CENS_White;	13714587;	13714587;	0
T_20_CENS_Hispanic;	15579652;	15579652;	0
T_20_CENS_Black;	2825293;	2825293;	0
T_20_CENS_Asian;	7045163;	7045163;	0
T_20_CENS_Native;	1409609;	1409609;	0
T_20_CENS_Pacific;	337617;	337617;	0
T_20_CENS_ADJ_Total;	39523437;	39523437;	0
T_20_CENS_ADJ_White;	13709273;	13709273;	0
T_20_CENS_ADJ_Hispanic;	15571928;	15571928;	0
T_20_CENS_ADJ_Black;	2818916;	2818916;	0
T_20_CENS_ADJ_Asian;	7035269;	7035269;	0
T_20_CENS_ADJ_Native;	1404805;	1404805;	0
T_20_CENS_ADJ_Pacific;	330616;	330616;	0
T_20_ACS_Total;	39346023;	39346023;	0
T_20_ACS_White;	14365145;	14365145;	0
T_20_ACS_Hispanic;	15380929;	15380929;	0
T_20_ACS_Black;	2806900;	2806900;	0
T_20_ACS_Asian;	6764118;	6764118;	0
T_20_ACS_Native;	806874;	806874;	0
T_20_ACS_Pacific;	334713;	334713;	0
T_22_ACS_Total;	39356104;	39356104;	0
T_22_ACS_White;	13848294;	13848294;	0
T_22_ACS_Hispanic;	15617930;	15617930;	0
T_22_ACS_Black;	2835636;	2835636;	0
T_22_ACS_Asian;	6932271;	6932271;	0
T_22_ACS_Native;	1009454;	1009454;	0
T_22_ACS_Pacific;	335288;	335288;	0
V_10_VAP_Total;	27954062;	27954062;	0
V_10_VAP_White;	12408286;	12408286;	0
V_10_VAP_Hispanic;	9256541;	9256541;	0
V_10_VAP_Black;	1889129;	1889129;	0
V_10_VAP_Asian;	4224498;	4224498;	0
V_10_VAP_Native;	500485;	500485;	0
V_10_VAP_Pacific;	190183;	190183;	0
V_18_CVAP_Total;	25232692;	25232692;	0
V_18_CVAP_White;	11940686;	11940686;	0
V_18_CVAP_Hispanic;	7374092;	7374092;	0
V_18_CVAP_Black;	1798459;	1798459;	0
V_18_CVAP_Asian;	3645356;	3645356;	0
V_18_CVAP_Native;	264984;	264984;	0
V_18_CVAP_Pacific;	97250;	97250;	0
V_19_CVAP_Total;	25494326;	25494326;	0
V_19_CVAP_White;	11871035;	11871035;	0
V_19_CVAP_Hispanic;	7592665;	7592665;	0
V_19_CVAP_Black;	1813535;	1813535;	0
V_19_CVAP_Asian;	3740016;	3740016;	0
V_19_CVAP_Native;	265011;	265011;	0
V_19_CVAP_Pacific;	98078;	98078;	0
V_20_VAP_Total;	30827105;	30827105;	0
V_20_VAP_White;	11672897;	11672897;	0
V_20_VAP_Hispanic;	11083294;	11083294;	0
V_20_VAP_Black;	2098032;	2098032;	0
V_20_VAP_Asian;	5502723;	5502723;	0
V_20_VAP_Native;	1044783;	1044783;	0
V_20_VAP_Pacific;	238128;	238128;	0
V_20_VAP_NH_Total;	30827105;	30827105;	0
V_20_VAP_NH_White;	11672897;	11672897;	0
V_20_VAP_NH_Hispanic;	11083294;	11083294;	0
V_20_VAP_NH_BlackAlone;	1694380;	1694380;	0
V_20_VAP_NH_AsianAlone;	4906293;	4906293;	0
V_20_VAP_NH_NativeAlone;	122657;	122657;	0
V_20_VAP_NH_PacificAlone;	109178;	109178;	0
V_20_VAP_NH_OtherAlone;	162339;	162339;	0
V_20_VAP_NH_TwoOrMore;	1076067;	1076067;	0
V_20_CVAP_Total;	25775049;	25775049;	0
V_20_CVAP_White;	11778372;	11778372;	0
V_20_CVAP_Hispanic;	7860529;	7860529;	0
V_20_CVAP_Black;	1821890;	1821890;	0
V_20_CVAP_Asian;	3824756;	3824756;	0
V_20_CVAP_Native;	261252;	261252;	0
V_20_CVAP_Pacific;	96388;	96388;	0
V_22_CVAP_Total;	26077848;	26077848;	0
V_22_CVAP_White;	11485226;	11485226;	0
V_22_CVAP_Hispanic;	8265746;	8265746;	0
V_22_CVAP_Black;	1841717;	1841717;	0
V_22_CVAP_Asian;	3996156;	3996156;	0
V_22_CVAP_Native;	261854;	261854;	0
V_22_CVAP_Pacific;	96594;	96594;	0
V_22_CVAP_RemTwoOrMore;	152216;	152216;	0
