Make Demographic_Data_MO.v06 (2025-06-18)

Row count: 4604
Totals from Block Data (BData) and CSV Data (CData)
Field;			BData;	CData;	Diff
T_10_CENS_Total;	5988371;	5988371;	0
T_10_CENS_White;	4850288;	4850288;	0
T_10_CENS_Hispanic;	212462;	212462;	0
T_10_CENS_Black;	747457;	747457;	0
T_10_CENS_Asian;	123499;	123499;	0
T_10_CENS_Native;	72376;	72376;	0
T_10_CENS_Pacific;	11296;	11296;	0
T_18_ACS_Total;	6090062;	6090062;	0
T_18_ACS_White;	4848330;	4848330;	0
T_18_ACS_Hispanic;	249105;	249105;	0
T_18_ACS_Black;	778915;	778915;	0
T_18_ACS_Asian;	150391;	150391;	0
T_18_ACS_Native;	79024;	79024;	0
T_18_ACS_Pacific;	13264;	13264;	0
T_19_ACS_Total;	6104910;	6104910;	0
T_19_ACS_White;	4849901;	4849901;	0
T_19_ACS_Hispanic;	254791;	254791;	0
T_19_ACS_Black;	779871;	779871;	0
T_19_ACS_Asian;	155191;	155191;	0
T_19_ACS_Native;	81120;	81120;	0
T_19_ACS_Pacific;	14161;	14161;	0
T_20_CENS_Total;	6154913;	6154913;	0
T_20_CENS_White;	4663907;	4663907;	0
T_20_CENS_Hispanic;	303068;	303068;	0
T_20_CENS_Black;	798623;	798623;	0
T_20_CENS_Asian;	179336;	179336;	0
T_20_CENS_Native;	183435;	183435;	0
T_20_CENS_Pacific;	17870;	17870;	0
T_20_ACS_Total;	6124160;	6124160;	0
T_20_ACS_White;	4826943;	4826943;	0
T_20_ACS_Hispanic;	262677;	262677;	0
T_20_ACS_Black;	784331;	784331;	0
T_20_ACS_Asian;	161495;	161495;	0
T_20_ACS_Native;	82267;	82267;	0
T_20_ACS_Pacific;	13701;	13701;	0
T_22_ACS_Total;	6154422;	6154422;	0
T_22_ACS_White;	4774137;	4774137;	0
T_22_ACS_Hispanic;	280078;	280078;	0
T_22_ACS_Black;	793600;	793600;	0
T_22_ACS_Asian;	171943;	171943;	0
T_22_ACS_Native;	94619;	94619;	0
T_22_ACS_Pacific;	15942;	15942;	0
V_10_VAP_Total;	4563021;	4563021;	0
V_10_VAP_White;	3788903;	3788903;	0
V_10_VAP_Hispanic;	131804;	131804;	0
V_10_VAP_Black;	511181;	511181;	0
V_10_VAP_Asian;	87581;	87581;	0
V_10_VAP_Native;	51771;	51771;	0
V_10_VAP_Pacific;	6916;	6916;	0
V_18_CVAP_Total;	4585860;	4585860;	0
V_18_CVAP_White;	3820958;	3820958;	0
V_18_CVAP_Hispanic;	113601;	113601;	0
V_18_CVAP_Black;	528171;	528171;	0
V_18_CVAP_Asian;	64332;	64332;	0
V_18_CVAP_Native;	50935;	50935;	0
V_18_CVAP_Pacific;	3007;	3007;	0
V_19_CVAP_Total;	4603750;	4603750;	0
V_19_CVAP_White;	3828734;	3828734;	0
V_19_CVAP_Hispanic;	118607;	118607;	0
V_19_CVAP_Black;	528952;	528952;	0
V_19_CVAP_Asian;	68212;	68212;	0
V_19_CVAP_Native;	50936;	50936;	0
V_19_CVAP_Pacific;	3224;	3224;	0
V_20_VAP_Total;	4775612;	4775612;	0
V_20_VAP_White;	3723642;	3723642;	0
V_20_VAP_Hispanic;	197173;	197173;	0
V_20_VAP_Black;	562207;	562207;	0
V_20_VAP_Asian;	129505;	129505;	0
V_20_VAP_Native;	135751;	135751;	0
V_20_VAP_Pacific;	11326;	11326;	0
V_20_VAP_NH_Total;	4775612;	4775612;	0
V_20_VAP_NH_White;	3723642;	3723642;	0
V_20_VAP_NH_Hispanic;	197173;	197173;	0
V_20_VAP_NH_BlackAlone;	514169;	514169;	0
V_20_VAP_NH_AsianAlone;	104558;	104558;	0
V_20_VAP_NH_NativeAlone;	18642;	18642;	0
V_20_VAP_NH_PacificAlone;	6340;	6340;	0
V_20_VAP_NH_OtherAlone;	14896;	14896;	0
V_20_VAP_NH_TwoOrMore;	196192;	196192;	0
V_20_CVAP_Total;	4630182;	4630182;	0
V_20_CVAP_White;	3836381;	3836381;	0
V_20_CVAP_Hispanic;	126899;	126899;	0
V_20_CVAP_Black;	532673;	532673;	0
V_20_CVAP_Asian;	73090;	73090;	0
V_20_CVAP_Native;	50721;	50721;	0
V_20_CVAP_Pacific;	3164;	3164;	0
V_22_CVAP_Total;	4666560;	4666560;	0
V_22_CVAP_White;	3842213;	3842213;	0
V_22_CVAP_Hispanic;	141211;	141211;	0
V_22_CVAP_Black;	536780;	536780;	0
V_22_CVAP_Asian;	81813;	81813;	0
V_22_CVAP_Native;	56816;	56816;	0
V_22_CVAP_Pacific;	3692;	3692;	0
V_22_CVAP_RemTwoOrMore;	10101;	10101;	0
