Make CSV: MO (election)
Row count: 4604
R_2016_pres: 1594511
D_2016_pres: 1071068
Tot_2016_pres: 2801449
R_2016_sen: 1378458
D_2016_sen: 1300200
Tot_2016_sen: 2802546
R_2016_gov: 1433397
D_2016_gov: 1277360
Tot_2016_gov: 2803018
R_2016_ag: 1607550
D_2016_ag: 1140252
Tot_2016_ag: 2747802
R_2016_ltg: 1459392
D_2016_ltg: 1168947
Tot_2016_ltg: 2764082
R_2020_pres: 1718736
D_2020_pres: 1253014
Tot_2020_pres: 3025157
R_2020_gov: 1720202
D_2020_gov: 1225771
Tot_2020_gov: 3012274
R_2020_ag: 1752792
D_2020_ag: 1117713
Tot_2020_ag: 2951605
R_2020_ltg: 1731263
D_2020_ltg: 1150231
Tot_2020_ltg: 2963466
R_2018_sen: 1254927
D_2018_sen: 1112935
Tot_2018_sen: 2442282
