Make CSV: MD (census)
Pop loss [2451005-002]: 2010: 936, loss: 27.53%
Pop loss [2451005-002]: 2010: 1182, loss: 8.63%
Pop loss [2451005-002]: 2010: 1735, loss: 3.01%
Pop loss [2451005-002]: 2010: 1186, loss: 18.3%
Pop loss [2451005-002]: 2010: 2019, loss: 4.44%
Pop loss [2451005-002]: 2010: 1897, loss: 4.41%
Pop loss [2451005-002]: 2010: 796, loss: 8.43%
Pop loss [2451005-002]: 2010: 1872, loss: 3.0%
Pop loss [2451005-002]: 2010: 982, loss: 23.52%
Pop loss [2451005-002]: 2010: 3609, loss: 0.63%
Pop loss [2451005-002]: 2010: 1373, loss: 19.89%
Pop loss [2451005-002]: 2010: 2129, loss: 1.25%
Pop loss [2451005-002]: 2010: 1236, loss: 2.91%
Pop loss [2451005-002]: 2010: 2358, loss: 7.56%
Pop loss [2451005-002]: 2010: 3591, loss: 19.13%
Pop loss [2451005-002]: 2010: 2118, loss: 3.39%
Pop loss [2451005-002]: 2010: 3147, loss: 15.41%
Pop loss [2451005-002]: 2010: 3046, loss: 10.25%
Pop loss [2451005-002]: 2010: 5422, loss: 14.65%
Pop loss [2451005-002]: 2010: 2398, loss: 2.93%
Pop loss [2451005-002]: 2010: 2125, loss: 5.0%
Pop loss [2451005-002]: 2010: 1650, loss: 10.47%
Pop loss [2451005-002]: 2010: 1580, loss: 6.99%
Pop loss [2451005-002]: 2010: 3181, loss: 12.62%
Pop loss [2451005-002]: 2010: 1778, loss: 1.93%
Pop loss [2451005-002]: 2010: 2554, loss: 2.37%
Pop loss [2451005-002]: 2010: 3345, loss: 15.57%
Pop loss [2451005-002]: 2010: 3406, loss: 0.22%
Pop loss [2451005-002]: 2010: 1825, loss: 5.86%
Pop loss [2451005-002]: 2010: 2106, loss: 6.89%
Pop loss [2451005-002]: 2010: 3201, loss: 5.15%
Pop loss [2451005-002]: 2010: 3801, loss: 3.76%
Pop loss [2451005-002]: 2010: 2653, loss: 14.29%
Pop loss [2451005-002]: 2010: 3793, loss: 17.62%
Pop loss [2451005-002]: 2010: 3656, loss: 7.09%
Pop loss [2451005-002]: 2010: 5642, loss: 10.33%
Pop loss [2451005-002]: 2010: 3273, loss: 9.83%
Pop loss [2451005-002]: 2010: 3835, loss: 7.55%
Pop loss [2451005-002]: 2010: 2766, loss: 7.95%
Pop loss [2451005-002]: 2010: 2087, loss: 1.55%
Pop loss [2451005-002]: 2010: 4586, loss: 4.39%
Pop loss [2451005-002]: 2010: 4271, loss: 5.28%
Pop loss [2451005-002]: 2010: 2900, loss: 8.01%
Pop loss [2451005-002]: 2010: 3067, loss: 1.98%
Pop loss [2451005-002]: 2010: 2800, loss: 0.17%
Pop loss [2451005-002]: 2010: 2413, loss: 3.97%
Pop loss [2451005-002]: 2010: 3027, loss: 6.99%
Pop loss [2451005-002]: 2010: 3144, loss: 1.58%
Pop loss [2451005-002]: 2010: 2712, loss: 5.71%
Pop loss [2451005-002]: 2010: 2219, loss: 1.51%
Pop loss [2451005-002]: 2010: 2325, loss: 12.15%
Pop loss [2451005-002]: 2010: 3526, loss: 2.84%
Pop loss [2451005-002]: 2010: 2257, loss: 0.44%
Pop loss [2451005-002]: 2010: 3267, loss: 0.88%
Pop loss [2451005-002]: 2010: 3425, loss: 9.31%
Pop loss [2451005-002]: 2010: 3968, loss: 8.6%
Pop loss [2451005-002]: 2010: 2923, loss: 5.21%
Pop loss [2451005-002]: 2010: 2669, loss: 5.21%
Pop loss [2451005-002]: 2010: 1368, loss: 6.37%
Pop loss [2451005-002]: 2010: 2325, loss: 7.54%
Pop loss [2451005-002]: 2010: 2471, loss: 0.17%
Pop loss [2451005-002]: 2010: 1907, loss: 2.72%
Pop loss [2451005-002]: 2010: 2802, loss: 2.24%
Pop loss [2451005-002]: 2010: 2102, loss: 4.94%
Pop loss [2451005-002]: 2010: 2993, loss: 2.45%
Pop loss [2451005-002]: 2010: 1765, loss: 0.08%
Pop loss [2451005-002]: 2010: 3247, loss: 1.66%
Pop loss [2451005-002]: 2010: 2504, loss: 2.14%
Pop loss [2451005-002]: 2010: 1182, loss: 2.17%
Pop loss [2451005-002]: 2010: 1576, loss: 14.21%
Pop loss [2451005-002]: 2010: 1541, loss: 2.19%
Pop loss [2451005-002]: 2010: 2794, loss: 1.33%
Pop loss [2451005-002]: 2010: 2868, loss: 18.62%
Pop loss [2451005-002]: 2010: 2204, loss: 6.36%
Pop loss [2451005-002]: 2010: 2116, loss: 9.33%
Pop loss [2451005-002]: 2010: 1650, loss: 2.7%
Pop loss [2451005-002]: 2010: 2951, loss: 10.75%
Pop loss [2451005-002]: 2010: 2523, loss: 3.17%
Pop loss [2451005-002]: 2010: 3875, loss: 2.85%
Pop loss [2451005-002]: 2010: 3737, loss: 7.86%
Pop loss [2451005-002]: 2010: 2041, loss: 13.67%
Pop loss [2451005-002]: 2010: 2089, loss: 13.4%
Pop loss [2451005-002]: 2010: 1385, loss: 1.38%
Pop loss [2451005-002]: 2010: 2135, loss: 6.51%
Pop loss [2451005-002]: 2010: 1630, loss: 2.1%
Pop loss [2451005-002]: 2010: 3679, loss: 12.08%
Pop loss [2451005-002]: 2010: 2343, loss: 1.47%
Pop loss [2451005-002]: 2010: 3869, loss: 9.65%
Pop loss [2451005-002]: 2010: 2967, loss: 6.23%
Pop loss [2451005-002]: 2010: 3086, loss: 3.39%
Pop loss [2451005-002]: 2010: 2848, loss: 1.54%
Pop loss [2451005-002]: 2010: 2044, loss: 0.87%
Pop loss [2451005-002]: 2010: 2472, loss: 4.17%
Pop loss [2451005-002]: 2010: 3343, loss: 0.65%
Pop loss [2451005-002]: 2010: 2960, loss: 1.01%
Pop loss [2451005-002]: 2010: 1731, loss: 2.98%
Pop loss [2451005-002]: 2010: 6227, loss: 10.11%
Pop loss [2451005-002]: 2010: 5730, loss: 4.61%
Pop loss [2451005-002]: 2010: 5303, loss: 1.13%
Pop loss [2451005-002]: 2010: 3446, loss: 1.59%
Pop loss [2451005-002]: 2010: 6721, loss: 14.39%
Pop loss [2451005-002]: 2010: 4816, loss: 7.26%
Pop loss [2451005-002]: 2010: 2242, loss: 10.65%
Pop loss [2451005-002]: 2010: 4322, loss: 1.18%
Pop loss [2451005-002]: 2010: 3463, loss: 7.64%
Pop loss [2451005-002]: 2010: 8041, loss: 11.84%
Pop loss [2451005-002]: 2010: 5157, loss: 3.66%
Pop loss [2451005-002]: 2010: 2019, loss: 3.52%
Pop loss [2451005-002]: 2010: 1897, loss: 0.05%
Pop loss [2451005-002]: 2010: 1070, loss: 4.9%
Pop loss [2451005-002]: 2010: 754, loss: 10.6%
Pop loss [2451005-002]: 2010: 3568, loss: 0.19%
Pop loss [2451005-002]: 2010: 3043, loss: 3.91%
Pop loss [2451005-002]: 2010: 5842, loss: 0.94%
Pop loss [2451005-002]: 2010: 4106, loss: 0.8%
Pop loss [2451005-002]: 2010: 3530, loss: 2.93%
Pop loss [2451005-002]: 2010: 2669, loss: 1.1%
Pop loss [2451005-002]: 2010: 2471, loss: 6.43%
Pop loss [2451005-002]: 2010: 3982, loss: 10.6%
Pop loss [2451005-002]: 2010: 5348, loss: 6.69%
Pop loss [2451005-002]: 2010: 579, loss: 5.65%
Pop loss [2451005-002]: 2010: 778, loss: 6.53%
Pop loss [2451005-002]: 2010: 4446, loss: 0.36%
Pop loss [2451005-002]: 2010: 2619, loss: 9.43%
Pop loss [2451005-002]: 2010: 1450, loss: 5.09%
Pop loss [2451005-002]: 2010: 3239, loss: 5.37%
Pop loss [2451005-002]: 2010: 2178, loss: 7.31%
Pop loss [2451005-002]: 2010: 3079, loss: 14.81%
Pop loss [2451005-002]: 2010: 3104, loss: 0.63%
Pop loss [2451005-002]: 2010: 2639, loss: 9.14%
Pop loss [2451005-002]: 2010: 4488, loss: 3.4%
Pop loss [2451005-002]: 2010: 2969, loss: 2.05%
Pop loss [2451005-002]: 2010: 3136, loss: 6.41%
Pop loss [2451005-002]: 2010: 2029, loss: 21.69%
Pop loss [2451005-002]: 2010: 764, loss: 8.26%
Pop loss [2451005-002]: 2010: 2607, loss: 1.89%
Pop loss [2451005-002]: 2010: 961, loss: 2.04%
Pop loss [2451005-002]: 2010: 1377, loss: 6.97%
Pop loss [2451005-002]: 2010: 2439, loss: 12.69%
Pop loss [2451005-002]: 2010: 3301, loss: 1.7%
Pop loss [2451005-002]: 2010: 1999, loss: 9.85%
Pop loss [2451005-002]: 2010: 2123, loss: 4.32%
Pop loss [2451005-002]: 2010: 3404, loss: 0.02%
Pop loss [2451005-002]: 2010: 3103, loss: 4.27%
Pop loss [2451005-002]: 2010: 1298, loss: 13.89%
Pop loss [2451005-002]: 2010: 4615, loss: 2.67%
Pop loss [2451005-002]: 2010: 4211, loss: 2.4%
Pop loss [2451005-002]: 2010: 1443, loss: 2.67%
Pop loss [2451005-002]: 2010: 40, loss: 25.5%
Pop loss [2451005-002]: 2010: 3091, loss: 6.05%
Pop loss [2451005-002]: 2010: 2922, loss: 22.28%
Pop loss [2451005-002]: 2010: 4045, loss: 8.95%
Pop loss [2451005-002]: 2010: 1984, loss: 3.78%
Pop loss [2451005-002]: 2010: 1771, loss: 4.18%
Pop loss [2451005-002]: 2010: 3897, loss: 1.81%
Pop loss [2451005-002]: 2010: 2601, loss: 1.59%
Pop loss [2451005-002]: 2010: 2900, loss: 6.52%
Pop loss [2451005-002]: 2010: 3554, loss: 5.64%
Pop loss [2451005-002]: 2010: 3819, loss: 19.14%
Pop loss [2451005-002]: 2010: 5021, loss: 4.67%
Pop loss [2451005-002]: 2010: 3557, loss: 3.03%
Pop loss [2451005-002]: 2010: 3714, loss: 9.88%
Pop loss [2451005-002]: 2010: 4491, loss: 5.56%
Pop loss [2451005-002]: 2010: 2486, loss: 1.67%
Pop loss [2451005-002]: 2010: 3808, loss: 0.8%
Pop loss [2451005-002]: 2010: 106, loss: 21.51%
Pop loss [2451005-002]: 2010: 3575, loss: 2.38%
Pop loss [2451005-002]: 2010: 4376, loss: 6.75%
Pop loss [2451005-002]: 2010: 5435, loss: 1.55%
Pop loss [2451005-002]: 2010: 3365, loss: 14.07%
Pop loss [2451005-002]: 2010: 3392, loss: 1.33%
Pop loss [2451005-002]: 2010: 5254, loss: 2.95%
Pop loss [2451005-002]: 2010: 3061, loss: 1.0%
Pop loss [2451005-002]: 2010: 2728, loss: 4.12%
Pop loss [2451005-002]: 2010: 5071, loss: 4.41%
Pop loss [2451005-002]: 2010: 3275, loss: 4.98%
Pop loss [2451005-002]: 2010: 3613, loss: 5.95%
Pop loss [2451005-002]: 2010: 3618, loss: 8.32%
Pop loss [2451005-002]: 2010: 2788, loss: 3.66%
Pop loss [2451005-002]: 2010: 5301, loss: 1.42%
Pop loss [2451005-002]: 2010: 5178, loss: 15.35%
Pop loss [2451005-002]: 2010: 3607, loss: 14.93%
Pop loss [2451005-002]: 2010: 4827, loss: 0.24%
Pop loss [2451005-002]: 2010: 3691, loss: 1.58%
Pop loss [2451005-002]: 2010: 876, loss: 5.65%
Pop loss [2451005-002]: 2010: 3215, loss: 1.79%
Pop loss [2451005-002]: 2010: 4051, loss: 4.94%
Pop loss [2451005-002]: 2010: 3138, loss: 3.0%
Pop loss [2451005-002]: 2010: 7703, loss: 3.44%
Pop loss [2451005-002]: 2010: 4093, loss: 5.53%
Pop loss [2451005-002]: 2010: 2653, loss: 7.96%
Pop loss [2451005-002]: 2010: 2332, loss: 8.46%
Pop loss [2451005-002]: 2010: 1512, loss: 5.43%
Pop loss [2451005-002]: 2010: 3995, loss: 7.48%
Pop loss [2451005-002]: 2010: 5955, loss: 1.8%
Pop loss [2451005-002]: 2010: 4349, loss: 5.8%
Pop loss [2451005-002]: 2010: 1083, loss: 15.78%
Pop loss [2451005-002]: 2010: 3426, loss: 13.73%
Pop loss [2451005-002]: 2010: 4697, loss: 13.95%
Pop loss [2451005-002]: 2010: 4996, loss: 8.14%
Pop loss [2451005-002]: 2010: 3305, loss: 10.18%
Pop loss [2451005-002]: 2010: 3132, loss: 0.35%
Pop loss [2451005-002]: 2010: 3642, loss: 5.29%
Pop loss [2451005-002]: 2010: 3209, loss: 0.97%
Pop loss [2451005-002]: 2010: 2903, loss: 3.0%
Pop loss [2451005-002]: 2010: 3772, loss: 0.46%
Pop loss [2451005-002]: 2010: 4044, loss: 2.92%
Pop loss [2451005-002]: 2010: 4841, loss: 10.96%
Pop loss [2451005-002]: 2010: 2111, loss: 0.75%
Pop loss [2451005-002]: 2010: 3777, loss: 2.84%
Pop loss [2451005-002]: 2010: 2092, loss: 3.98%
Pop loss [2451005-002]: 2010: 1850, loss: 20.65%
Pop loss [2451005-002]: 2010: 2298, loss: 13.71%
Pop loss [2451005-002]: 2010: 5516, loss: 1.68%
Pop loss [2451005-002]: 2010: 7998, loss: 3.3%
Pop loss [2451005-002]: 2010: 3097, loss: 4.84%
Pop loss [2451005-002]: 2010: 4574, loss: 10.0%
Pop loss [2451005-002]: 2010: 6155, loss: 0.98%
Pop loss [2451005-002]: 2010: 7949, loss: 5.76%
Pop loss [2451005-002]: 2010: 2912, loss: 4.53%
Pop loss [2451005-002]: 2010: 5038, loss: 7.18%
Pop loss [2451005-002]: 2010: 3170, loss: 5.24%
Pop loss [2451005-002]: 2010: 7941, loss: 1.95%
Pop loss [2451005-002]: 2010: 6368, loss: 1.29%
Pop loss [2451005-002]: 2010: 4738, loss: 4.87%
Pop loss [2451005-002]: 2010: 3692, loss: 0.31%
Pop loss [2451005-002]: 2010: 3868, loss: 5.49%
Pop loss [2451005-002]: 2010: 1551, loss: 7.67%
Pop loss [2451005-002]: 2010: 3655, loss: 1.7%
Pop loss [2451005-002]: 2010: 5149, loss: 13.48%
Pop loss [2451005-002]: 2010: 2854, loss: 6.55%
Pop loss [2451005-002]: 2010: 2698, loss: 1.25%
Pop loss [2451005-002]: 2010: 9303, loss: 6.9%
Pop loss [2451005-002]: 2010: 3598, loss: 4.25%
Pop loss [2451005-002]: 2010: 7481, loss: 6.59%
Pop loss [2451005-002]: 2010: 4020, loss: 6.88%
Pop loss [2451005-002]: 2010: 6124, loss: 4.19%
Pop loss [2451005-002]: 2010: 1741, loss: 0.56%
Pop loss [2451005-002]: 2010: 4164, loss: 1.2%
Pop loss [2451005-002]: 2010: 4928, loss: 1.86%
Pop loss [2451005-002]: 2010: 5286, loss: 1.79%
Pop loss [2451005-002]: 2010: 2093, loss: 9.91%
Pop loss [2451005-002]: 2010: 3401, loss: 2.11%
Pop loss [2451005-002]: 2010: 4942, loss: 2.43%
Pop loss [2451005-002]: 2010: 5679, loss: 11.07%
Pop loss [2451005-002]: 2010: 3996, loss: 14.78%
Pop loss [2451005-002]: 2010: 2099, loss: 3.68%
Pop loss [2451005-002]: 2010: 3631, loss: 0.46%
Pop loss [2451005-002]: 2010: 2364, loss: 13.79%
Pop loss [2451005-002]: 2010: 3166, loss: 4.58%
Pop loss [2451005-002]: 2010: 4162, loss: 4.9%
Pop loss [2451005-002]: 2010: 1985, loss: 4.48%
Pop loss [2451005-002]: 2010: 1993, loss: 1.37%
Pop loss [2451005-002]: 2010: 568, loss: 7.68%
Pop loss [2451005-002]: 2010: 324, loss: 6.79%
Pop loss [2451005-002]: 2010: 1048, loss: 19.27%
Pop loss [2451005-002]: 2010: 993, loss: 12.88%
Pop loss [2451005-002]: 2010: 254, loss: 13.11%
Pop loss [2451005-002]: 2010: 911, loss: 7.87%
Pop loss [2451005-002]: 2010: 364, loss: 5.71%
Pop loss [2451005-002]: 2010: 58, loss: 10.86%
Pop loss [2451005-002]: 2010: 492, loss: 4.49%
Pop loss [2451005-002]: 2010: 621, loss: 1.08%
Pop loss [2451005-002]: 2010: 211, loss: 7.49%
Pop loss [2451005-002]: 2010: 171, loss: 10.47%
Pop loss [2451005-002]: 2010: 2699, loss: 17.37%
Pop loss [2451005-002]: 2010: 86, loss: 30.47%
Pop loss [2451005-002]: 2010: 157, loss: 25.35%
Pop loss [2451005-002]: 2010: 1663, loss: 15.78%
Pop loss [2451005-002]: 2010: 258, loss: 17.09%
Pop loss [2451005-002]: 2010: 1738, loss: 7.12%
Pop loss [2451005-002]: 2010: 1982, loss: 15.01%
Pop loss [2451005-002]: 2010: 4514, loss: 13.49%
Pop loss [2451005-002]: 2010: 2317, loss: 1.02%
Pop loss [2451005-002]: 2010: 4260, loss: 3.71%
Pop loss [2451005-002]: 2010: 1247, loss: 18.24%
Pop loss [2451005-002]: 2010: 2107, loss: 12.2%
Pop loss [2451005-002]: 2010: 4256, loss: 7.4%
Pop loss [2451005-002]: 2010: 1935, loss: 10.45%
Pop loss [2451005-002]: 2010: 4180, loss: 1.88%
Pop loss [2451005-002]: 2010: 3400, loss: 7.77%
Pop loss [2451005-002]: 2010: 4795, loss: 0.86%
Pop loss [2451005-002]: 2010: 5010, loss: 2.24%
Pop loss [2451005-002]: 2010: 6360, loss: 3.22%
Pop loss [2451005-002]: 2010: 3268, loss: 7.2%
Pop loss [2451005-002]: 2010: 4763, loss: 3.39%
Pop loss [2451005-002]: 2010: 1924, loss: 11.79%
Pop loss [2451005-002]: 2010: 1859, loss: 3.12%
Pop loss [2451005-002]: 2010: 2419, loss: 9.0%
Pop loss [2451005-002]: 2010: 971, loss: 14.12%
Pop loss [2451005-002]: 2010: 1304, loss: 2.72%
Pop loss [2451005-002]: 2010: 2010, loss: 9.76%
Pop loss [2451005-002]: 2010: 188, loss: 1.86%
Pop loss [2451005-002]: 2010: 716, loss: 29.75%
Pop loss [2451005-002]: 2010: 1417, loss: 7.98%
Pop loss [2451005-002]: 2010: 3485, loss: 2.48%
Pop loss [2451005-002]: 2010: 2847, loss: 19.06%
Pop loss [2451005-002]: 2010: 4584, loss: 2.92%
Pop loss [2451005-002]: 2010: 3690, loss: 13.41%
Pop loss [2451005-002]: 2010: 5728, loss: 20.93%
Pop loss [2451005-002]: 2010: 3995, loss: 3.6%
Pop loss [2451005-002]: 2010: 3652, loss: 4.58%
Pop loss [2451005-002]: 2010: 5177, loss: 0.38%
Pop loss [2451005-002]: 2010: 4299, loss: 3.93%
Pop loss [2451005-002]: 2010: 4676, loss: 7.26%
Pop loss [2451005-002]: 2010: 1291, loss: 2.71%
Pop loss [2451005-002]: 2010: 387, loss: 15.58%
Pop loss [2451005-002]: 2010: 3077, loss: 0.13%
Pop loss [2451005-002]: 2010: 3925, loss: 4.26%
Pop loss [2451005-002]: 2010: 3255, loss: 1.57%
Pop loss [2451005-002]: 2010: 3488, loss: 2.81%
Pop loss [2451005-002]: 2010: 4633, loss: 0.36%
Pop loss [2451005-002]: 2010: 2246, loss: 23.23%
Pop loss [2451005-002]: 2010: 5694, loss: 0.47%
Pop loss [2451005-002]: 2010: 4321, loss: 0.31%
Pop loss [2451005-002]: 2010: 2687, loss: 19.51%
Pop loss [2451005-002]: 2010: 3362, loss: 3.91%
Pop loss [2451005-002]: 2010: 4052, loss: 4.17%
Pop loss [2451005-002]: 2010: 3308, loss: 0.59%
Pop loss [2451005-002]: 2010: 3027, loss: 2.02%
Pop loss [2451005-002]: 2010: 3781, loss: 5.44%
Pop loss [2451005-002]: 2010: 3687, loss: 7.8%
Pop loss [2451005-002]: 2010: 4214, loss: 4.6%
Pop loss [2451005-002]: 2010: 3332, loss: 0.78%
Pop loss [2451005-002]: 2010: 4271, loss: 7.81%
Pop loss [2451005-002]: 2010: 3593, loss: 0.34%
Pop loss [2451005-002]: 2010: 3112, loss: 2.82%
Pop loss [2451005-002]: 2010: 2208, loss: 9.78%
Pop loss [2451005-002]: 2010: 2744, loss: 6.83%
Pop loss [2451005-002]: 2010: 425, loss: 6.35%
Pop loss [2451005-002]: 2010: 930, loss: 2.4%
Pop loss [2451005-002]: 2010: 3012, loss: 1.79%
Pop loss [2451005-002]: 2010: 1643, loss: 2.5%
Pop loss [2451005-002]: 2010: 1298, loss: 3.94%
Pop loss [2451005-002]: 2010: 2109, loss: 32.62%
Pop loss [2451005-002]: 2010: 1374, loss: 4.56%
Pop loss [2451005-002]: 2010: 453, loss: 17.4%
Pop loss [2451005-002]: 2010: 99, loss: 14.55%
Pop loss [2451005-002]: 2010: 3251, loss: 14.67%
Pop loss [2451005-002]: 2010: 2422, loss: 1.67%
Pop loss [2451005-002]: 2010: 2028, loss: 15.19%
Pop loss [2451005-002]: 2010: 2533, loss: 3.11%
Pop loss [2451005-002]: 2010: 1065, loss: 24.69%
Pop loss [2451005-002]: 2010: 4029, loss: 9.2%
Pop loss [2451005-002]: 2010: 2185, loss: 13.6%
Pop loss [2451005-002]: 2010: 1036, loss: 13.62%
Pop loss [2451005-002]: 2010: 4608, loss: 4.43%
Pop loss [2451005-002]: 2010: 2983, loss: 12.45%
Pop loss [2451005-002]: 2010: 2163, loss: 3.56%
Pop loss [2451005-002]: 2010: 2806, loss: 0.99%
Pop loss [2451005-002]: 2010: 1041, loss: 10.37%
Pop loss [2451005-002]: 2010: 2011, loss: 3.78%
Pop loss [2451005-002]: 2010: 2341, loss: 7.52%
Pop loss [2451005-002]: 2010: 951, loss: 0.11%
Pop loss [2451005-002]: 2010: 3300, loss: 7.24%
Pop loss [2451005-002]: 2010: 2109, loss: 2.8%
Pop loss [2451005-002]: 2010: 1702, loss: 5.0%
Pop loss [2451005-002]: 2010: 2140, loss: 6.74%
Pop loss [2451005-002]: 2010: 2046, loss: 14.61%
Pop loss [2451005-002]: 2010: 841, loss: 2.26%
Pop loss [2451005-002]: 2010: 2056, loss: 11.75%
Pop loss [2451005-002]: 2010: 2618, loss: 3.68%
Pop loss [2451005-002]: 2010: 1222, loss: 2.0%
Pop loss [2451005-002]: 2010: 3282, loss: 7.39%
Pop loss [2451005-002]: 2010: 4183, loss: 7.5%
Pop loss [2451005-002]: 2010: 3925, loss: 12.08%
Pop loss [2451005-002]: 2010: 2578, loss: 5.55%
Pop loss [2451005-002]: 2010: 4439, loss: 6.38%
Pop loss [2451005-002]: 2010: 2412, loss: 5.84%
Pop loss [2451005-002]: 2010: 2945, loss: 12.52%
Pop loss [2451005-002]: 2010: 3834, loss: 3.66%
Pop loss [2451005-002]: 2010: 3561, loss: 5.34%
Pop loss [2451005-002]: 2010: 4679, loss: 2.29%
Pop loss [2451005-002]: 2010: 2603, loss: 4.35%
Pop loss [2451005-002]: 2010: 1847, loss: 12.56%
Pop loss [2451005-002]: 2010: 2376, loss: 5.87%
Pop loss [2451005-002]: 2010: 1528, loss: 9.33%
Pop loss [2451005-002]: 2010: 5965, loss: 2.25%
Pop loss [2451005-002]: 2010: 2604, loss: 9.45%
Pop loss [2451005-002]: 2010: 4945, loss: 16.41%
Pop loss [2451005-002]: 2010: 1920, loss: 3.57%
Pop loss [2451005-002]: 2010: 2915, loss: 9.33%
Pop loss [2451005-002]: 2010: 3033, loss: 5.54%
Pop loss [2451005-002]: 2010: 3302, loss: 5.79%
Pop loss [2451005-002]: 2010: 2777, loss: 2.97%
Pop loss [2451005-002]: 2010: 4243, loss: 3.54%
Pop loss [2451005-002]: 2010: 5064, loss: 6.4%
Pop loss [2451005-002]: 2010: 5341, loss: 2.83%
Pop loss [2451005-002]: 2010: 7337, loss: 7.5%
Pop loss [2451005-002]: 2010: 2935, loss: 0.41%
Pop loss [2451005-002]: 2010: 3773, loss: 6.86%
Pop loss [2451005-002]: 2010: 3712, loss: 9.54%
Pop loss [2451005-002]: 2010: 4614, loss: 2.12%
Pop loss [2451005-002]: 2010: 2626, loss: 3.91%
Pop loss [2451005-002]: 2010: 2627, loss: 1.0%
Pop loss [2451005-002]: 2010: 3436, loss: 1.25%
Pop loss [2451005-002]: 2010: 2926, loss: 1.32%
Pop loss [2451005-002]: 2010: 4308, loss: 4.77%
Pop loss [2451005-002]: 2010: 2474, loss: 8.55%
Pop loss [2451005-002]: 2010: 5216, loss: 9.23%
Pop loss [2451005-002]: 2010: 3590, loss: 7.71%
Pop loss [2451005-002]: 2010: 2385, loss: 4.45%
Pop loss [2451005-002]: 2010: 4615, loss: 0.43%
Pop loss [2451005-002]: 2010: 3327, loss: 7.65%
Pop loss [2451005-002]: 2010: 3981, loss: 5.76%
Pop loss [2451005-002]: 2010: 1492, loss: 1.14%
Pop loss [2451005-002]: 2010: 3949, loss: 4.95%
Pop loss [2451005-002]: 2010: 3578, loss: 4.28%
Pop loss [2451005-002]: 2010: 3693, loss: 6.18%
Pop loss [2451005-002]: 2010: 2461, loss: 5.24%
Pop loss [2451005-002]: 2010: 4865, loss: 0.4%
Pop loss [2451005-002]: 2010: 4345, loss: 0.07%
Pop loss [2451005-002]: 2010: 5899, loss: 1.51%
Pop loss [2451005-002]: 2010: 6283, loss: 5.47%
Pop loss [2451005-002]: 2010: 1996, loss: 1.5%
Pop loss [2451005-002]: 2010: 3525, loss: 5.95%
Pop loss [2451005-002]: 2010: 3080, loss: 2.27%
Pop loss [2451005-002]: 2010: 3546, loss: 10.74%
Pop loss [2451005-002]: 2010: 3652, loss: 0.43%
Pop loss [2451005-002]: 2010: 2282, loss: 0.84%
Pop loss [2451005-002]: 2010: 2253, loss: 8.06%
Pop loss [2451005-002]: 2010: 3412, loss: 6.55%
Pop loss [2451005-002]: 2010: 5097, loss: 4.44%
Pop loss [2451005-002]: 2010: 3096, loss: 1.77%
Pop loss [2451005-002]: 2010: 2577, loss: 3.28%
Pop loss [2451005-002]: 2010: 4459, loss: 3.28%
Pop loss [2451005-002]: 2010: 3024, loss: 3.46%
Pop loss [2451005-002]: 2010: 8329, loss: 0.09%
Pop loss [2451005-002]: 2010: 6640, loss: 1.45%
Pop loss [2451005-002]: 2010: 3683, loss: 3.39%
Pop loss [2451005-002]: 2010: 6194, loss: 5.13%
Pop loss [2451005-002]: 2010: 2498, loss: 11.86%
Pop loss [2451005-002]: 2010: 5078, loss: 6.13%
Pop loss [2451005-002]: 2010: 5569, loss: 0.23%
Pop loss [2451005-002]: 2010: 3092, loss: 7.11%
Pop loss [2451005-002]: 2010: 3372, loss: 1.97%
Pop loss [2451005-002]: 2010: 3042, loss: 0.27%
Pop loss [2451005-002]: 2010: 2900, loss: 0.86%
Pop loss [2451005-002]: 2010: 2578, loss: 11.36%
Pop loss [2451005-002]: 2010: 2381, loss: 5.4%
Pop loss [2451005-002]: 2010: 6163, loss: 6.28%
Pop loss [2451005-002]: 2010: 2452, loss: 3.16%
Pop loss [2451005-002]: 2010: 3630, loss: 4.46%
Pop loss [2451005-002]: 2010: 2709, loss: 1.55%
Pop loss [2451005-002]: 2010: 4102, loss: 6.06%
Pop loss [2451005-002]: 2010: 2818, loss: 8.31%
Pop loss [2451005-002]: 2010: 2533, loss: 4.9%
Pop loss [2451005-002]: 2010: 3842, loss: 9.97%
Pop loss [2451005-002]: 2010: 4047, loss: 2.79%
Pop loss [2451005-002]: 2010: 1703, loss: 8.79%
Pop loss [2451005-002]: 2010: 5726, loss: 7.15%
Pop loss [2451005-002]: 2010: 5702, loss: 4.14%
Pop loss [2451005-002]: 2010: 4850, loss: 1.47%
Pop loss [2451005-002]: 2010: 2765, loss: 4.82%
Pop loss [2451005-002]: 2010: 3474, loss: 0.81%
Pop loss [2451005-002]: 2010: 4368, loss: 14.43%
Pop loss [2451005-002]: 2010: 2960, loss: 12.47%
Pop loss [2451005-002]: 2010: 3294, loss: 12.91%
Pop loss [2451005-002]: 2010: 2617, loss: 2.13%
Pop loss [2451005-002]: 2010: 4973, loss: 10.55%
Pop loss [2451005-002]: 2010: 5962, loss: 4.81%
Pop loss [2451005-002]: 2010: 3636, loss: 2.54%
Pop loss [2451005-002]: 2010: 4736, loss: 4.13%
Pop loss [2451005-002]: 2010: 747, loss: 9.22%
Pop loss [2451005-002]: 2010: 5653, loss: 2.37%
Pop loss [2451005-002]: 2010: 2354, loss: 5.46%
Pop loss [2451005-002]: 2010: 4067, loss: 15.82%
Pop loss [2451005-002]: 2010: 2676, loss: 5.46%
Pop loss [2451005-002]: 2010: 3497, loss: 2.23%
Pop loss [2451005-002]: 2010: 2971, loss: 6.94%
Pop loss [2451005-002]: 2010: 3409, loss: 9.22%
Pop loss [2451005-002]: 2010: 2082, loss: 12.15%
Pop loss [2451005-002]: 2010: 2973, loss: 0.3%
Pop loss [2451005-002]: 2010: 4036, loss: 1.68%
Pop loss [2451005-002]: 2010: 3477, loss: 1.69%
Pop loss [2451005-002]: 2010: 3094, loss: 7.06%
Pop loss [2451005-002]: 2010: 2411, loss: 1.68%
Pop loss [2451005-002]: 2010: 3445, loss: 10.53%
Pop loss [2451005-002]: 2010: 3459, loss: 0.02%
Pop loss [2451005-002]: 2010: 3161, loss: 5.94%
Pop loss [2451005-002]: 2010: 4389, loss: 13.12%
Pop loss [2451005-002]: 2010: 6400, loss: 9.2%
Pop loss [2451005-002]: 2010: 5222, loss: 3.0%
Pop loss [2451005-002]: 2010: 4804, loss: 0.48%
Pop loss [2451005-002]: 2010: 3162, loss: 11.63%
Pop loss [2451005-002]: 2010: 3517, loss: 3.49%
Pop loss [2451005-002]: 2010: 3140, loss: 14.57%
Pop loss [2451005-002]: 2010: 4659, loss: 1.05%
Pop loss [2451005-002]: 2010: 3767, loss: 4.48%
Pop loss [2451005-002]: 2010: 4379, loss: 8.02%
Pop loss [2451005-002]: 2010: 2501, loss: 7.79%
Pop loss [2451005-002]: 2010: 2705, loss: 10.02%
Pop loss [2451005-002]: 2010: 3382, loss: 5.8%
Pop loss [2451005-002]: 2010: 2585, loss: 19.93%
Pop loss [2451005-002]: 2010: 4297, loss: 17.74%
Pop loss [2451005-002]: 2010: 2559, loss: 1.19%
Pop loss [2451005-002]: 2010: 5991, loss: 0.89%
Pop loss [2451005-002]: 2010: 6264, loss: 3.28%
Pop loss [2451005-002]: 2010: 9064, loss: 3.43%
Pop loss [2451005-002]: 2010: 5024, loss: 8.77%
Pop loss [2451005-002]: 2010: 3585, loss: 9.32%
Pop loss [2451005-002]: 2010: 2251, loss: 6.55%
Pop loss [2451005-002]: 2010: 190, loss: 9.42%
Pop loss [2451005-002]: 2010: 2558, loss: 2.39%
Pop loss [2451005-002]: 2010: 4601, loss: 9.68%
Pop loss [2451005-002]: 2010: 2348, loss: 1.93%
Pop loss [2451005-002]: 2010: 2499, loss: 1.86%
Pop loss [2451005-002]: 2010: 2834, loss: 6.92%
Pop loss [2451005-002]: 2010: 3525, loss: 12.4%
Pop loss [2451005-002]: 2010: 3439, loss: 7.61%
Pop loss [2451005-002]: 2010: 1334, loss: 0.51%
Pop loss [2451005-002]: 2010: 5348, loss: 0.21%
Pop loss [2451005-002]: 2010: 3676, loss: 10.17%
Pop loss [2451005-002]: 2010: 1403, loss: 20.88%
Pop loss [2451005-002]: 2010: 4035, loss: 0.2%
Pop loss [2451005-002]: 2010: 10775, loss: 15.69%
Pop loss [2451005-002]: 2010: 4170, loss: 1.17%
Pop loss [2451005-002]: 2010: 2462, loss: 4.27%
Pop loss [2451005-002]: 2010: 5286, loss: 1.35%
Pop loss [2451005-002]: 2010: 3766, loss: 6.74%
Pop loss [2451005-002]: 2010: 2880, loss: 6.53%
Pop loss [2451005-002]: 2010: 2115, loss: 2.63%
Pop loss [2451005-002]: 2010: 1581, loss: 9.04%
Pop loss [2451005-002]: 2010: 4531, loss: 4.16%
Pop loss [2451005-002]: 2010: 2546, loss: 9.78%
Pop loss [2451005-002]: 2010: 3018, loss: 6.68%
Pop loss [2451005-002]: 2010: 2860, loss: 13.98%
Pop loss [2451005-002]: 2010: 3645, loss: 9.56%
Pop loss [2451005-002]: 2010: 3726, loss: 21.89%
Pop loss [2451005-002]: 2010: 3208, loss: 9.16%
Pop loss [2451005-002]: 2010: 3130, loss: 15.03%
Pop loss [2451005-002]: 2010: 3314, loss: 8.42%
Pop loss [2451005-002]: 2010: 7497, loss: 3.87%
Pop loss [2451005-002]: 2010: 1572, loss: 29.96%
Pop loss [2451005-002]: 2010: 1255, loss: 0.1%
Pop loss [2451005-002]: 2010: 3078, loss: 8.05%
Pop loss [2451005-002]: 2010: 236, loss: 2.71%
Pop loss [2451005-002]: 2010: 523, loss: 0.76%
Pop loss [2451005-002]: 2010: 1109, loss: 16.4%
Pop loss [2451005-002]: 2010: 606, loss: 6.49%
Pop loss [2451005-002]: 2010: 2716, loss: 7.57%
Pop loss [2451005-002]: 2010: 1825, loss: 1.86%
Pop loss [2451005-002]: 2010: 515, loss: 10.45%
Pop loss [2451005-002]: 2010: 198, loss: 21.06%
Pop loss [2451005-002]: 2010: 78, loss: 20.51%
Pop loss [2451005-002]: 2010: 910, loss: 10.3%
Pop loss [2451005-002]: 2010: 194, loss: 8.04%
Pop loss [2451005-002]: 2010: 283, loss: 9.36%
Pop loss [2451005-002]: 2010: 471, loss: 26.6%
Pop loss [2451005-002]: 2010: 4314, loss: 5.49%
Pop loss [2451005-002]: 2010: 1489, loss: 11.78%
Pop loss [2451005-002]: 2010: 4399, loss: 13.48%
Pop loss [2451005-002]: 2010: 4241, loss: 0.57%
Pop loss [2451005-002]: 2010: 824, loss: 32.52%
Pop loss [2451005-002]: 2010: 1460, loss: 2.93%
Pop loss [2451005-002]: 2010: 1203, loss: 13.04%
Pop loss [2451005-002]: 2010: 4502, loss: 8.77%
Pop loss [2451005-002]: 2010: 2662, loss: 8.76%
Pop loss [2451005-002]: 2010: 3368, loss: 6.44%
Pop loss [2451005-002]: 2010: 2975, loss: 1.59%
Pop loss [2451005-002]: 2010: 1172, loss: 5.61%
Pop loss [2451005-002]: 2010: 702, loss: 20.77%
Pop loss [2451005-002]: 2010: 6966, loss: 7.75%
Pop loss [2451005-002]: 2010: 1153, loss: 18.15%
Pop loss [2451005-002]: 2010: 1599, loss: 28.06%
Pop loss [2451005-002]: 2010: 2346, loss: 12.3%
Pop loss [2451005-002]: 2010: 2519, loss: 0.6%
Pop loss [2451005-002]: 2010: 2177, loss: 5.83%
Pop loss [2451005-002]: 2010: 3038, loss: 9.16%
Pop loss [2451005-002]: 2010: 3534, loss: 13.32%
Pop loss [2451005-002]: 2010: 5266, loss: 4.47%
Pop loss [2451005-002]: 2010: 1600, loss: 28.06%
Pop loss [2451005-002]: 2010: 3391, loss: 14.93%
Pop loss [2451005-002]: 2010: 4738, loss: 6.0%
Pop loss [2451005-002]: 2010: 4282, loss: 4.78%
Pop loss [2451005-002]: 2010: 2568, loss: 2.43%
Pop loss [2451005-002]: 2010: 3777, loss: 0.61%
Pop loss [2451005-002]: 2010: 4924, loss: 1.13%
Pop loss [2451005-002]: 2010: 4248, loss: 1.18%
Pop loss [2451005-002]: 2010: 1820, loss: 0.14%
Pop loss [2451005-002]: 2010: 851, loss: 5.99%
Pop loss [2451005-002]: 2010: 2324, loss: 2.51%
Pop loss [2451005-002]: 2010: 2296, loss: 1.0%
Pop loss [2451005-002]: 2010: 4837, loss: 11.77%
Pop loss [2451005-002]: 2010: 331, loss: 10.91%
Pop loss [2451005-002]: 2010: 3187, loss: 2.73%
Pop loss [2451005-002]: 2010: 4431, loss: 6.88%
Pop loss [2451005-002]: 2010: 718, loss: 10.65%
Pop loss [2451005-002]: 2010: 6325, loss: 0.89%
Pop loss [2451005-002]: 2010: 163, loss: 12.82%
Pop loss [2451005-002]: 2010: 4015, loss: 1.49%
Pop loss [2451005-002]: 2010: 3093, loss: 12.04%
Pop loss [2451005-002]: 2010: 2776, loss: 3.12%
Pop loss [2451005-002]: 2010: 817, loss: 6.73%
Pop loss [2451005-002]: 2010: 2797, loss: 5.87%
Pop loss [2451005-002]: 2010: 3416, loss: 2.7%
Pop loss [2451005-002]: 2010: 2625, loss: 8.34%
Pop loss [2451005-002]: 2010: 760, loss: 4.09%
Pop loss [2451005-002]: 2010: 2344, loss: 16.55%
Pop loss [2451005-002]: 2010: 2489, loss: 7.13%
Pop loss [2451005-002]: 2010: 2475, loss: 3.33%
Pop loss [2451005-002]: 2010: 7205, loss: 1.64%
Pop loss [2451005-002]: 2010: 1867, loss: 16.55%
Pop loss [2451005-002]: 2010: 3049, loss: 5.21%
Pop loss [2451005-002]: 2010: 1628, loss: 16.22%
Pop loss [2451005-002]: 2010: 2343, loss: 6.79%
Pop loss [2451005-002]: 2010: 2756, loss: 12.4%
Pop loss [2451005-002]: 2010: 1117, loss: 1.41%
Pop loss [2451005-002]: 2010: 2095, loss: 0.14%
Pop loss [2451005-002]: 2010: 887, loss: 3.27%
Pop loss [2451005-002]: 2010: 3187, loss: 42.79%
Pop loss [2451005-002]: 2010: 2567, loss: 18.78%
Pop loss [2451005-002]: 2010: 3610, loss: 18.46%
Pop loss [2451005-002]: 2010: 4149, loss: 16.06%
Pop loss [2451005-002]: 2010: 2884, loss: 19.42%
Pop loss [2451005-002]: 2010: 653, loss: 2.91%
Pop loss [2451005-002]: 2010: 2376, loss: 11.28%
Pop loss [2451005-002]: 2010: 2598, loss: 20.91%
Pop loss [2451005-002]: 2010: 1356, loss: 18.24%
Pop loss [2451005-002]: 2010: 1491, loss: 23.64%
Pop loss [2451005-002]: 2010: 4252, loss: 11.08%
Pop loss [2451005-002]: 2010: 779, loss: 33.45%
Pop loss [2451005-002]: 2010: 1496, loss: 3.16%
Pop loss [2451005-002]: 2010: 2342, loss: 2.71%
Pop loss [2451005-002]: 2010: 2136, loss: 11.84%
Pop loss [2451005-002]: 2010: 2470, loss: 9.44%
Pop loss [2451005-002]: 2010: 2280, loss: 9.12%
Pop loss [2451005-002]: 2010: 1322, loss: 10.96%
Pop loss [2451005-002]: 2010: 1771, loss: 0.86%
Pop loss [2451005-002]: 2010: 2211, loss: 32.97%
Pop loss [2451005-002]: 2010: 1227, loss: 1.3%
Pop loss [2451005-002]: 2010: 1807, loss: 8.47%
Pop loss [2451005-002]: 2010: 1339, loss: 13.66%
Pop loss [2451005-002]: 2010: 1886, loss: 12.13%
Pop loss [2451005-002]: 2010: 6118, loss: 22.51%
Pop loss [2451005-002]: 2010: 1991, loss: 3.62%
Pop loss [2451005-002]: 2010: 1862, loss: 6.33%
Pop loss [2451005-002]: 2010: 1460, loss: 5.79%
Pop loss [2451005-002]: 2010: 2273, loss: 10.95%
Pop loss [2451005-002]: 2010: 3974, loss: 5.03%
Pop loss [2451005-002]: 2010: 2034, loss: 6.21%
Pop loss [2451005-002]: 2010: 2688, loss: 13.94%
Pop loss [2451005-002]: 2010: 2803, loss: 12.02%
Pop loss [2451005-002]: 2010: 1496, loss: 8.64%
Pop loss [2451005-002]: 2010: 1221, loss: 0.75%
Pop loss [2451005-002]: 2010: 2621, loss: 0.71%
Pop loss [2451005-002]: 2010: 2541, loss: 6.54%
Pop loss [2451005-002]: 2010: 1469, loss: 3.36%
Pop loss [2451005-002]: 2010: 1571, loss: 23.51%
Pop loss [2451005-002]: 2010: 1643, loss: 30.38%
Pop loss [2451005-002]: 2010: 3071, loss: 4.07%
Pop loss [2451005-002]: 2010: 2340, loss: 4.9%
Pop loss [2451005-002]: 2010: 1383, loss: 5.05%
Pop loss [2451005-002]: 2010: 1335, loss: 17.07%
Pop loss [2451005-002]: 2010: 1773, loss: 12.24%
Pop loss [2451005-002]: 2010: 1854, loss: 19.99%
Pop loss [2451005-002]: 2010: 982, loss: 16.9%
Pop loss [2451005-002]: 2010: 1665, loss: 2.43%
Pop loss [2451005-002]: 2010: 1174, loss: 27.63%
Pop loss [2451005-002]: 2010: 1404, loss: 17.28%
Pop loss [2451005-002]: 2010: 2056, loss: 20.23%
Pop loss [2451005-002]: 2010: 2470, loss: 26.02%
Pop loss [2451005-002]: 2010: 1540, loss: 6.75%
Pop loss [2451005-002]: 2010: 2855, loss: 2.7%
Pop loss [2451005-002]: 2010: 2988, loss: 14.65%
Pop loss [2451005-002]: 2010: 1375, loss: 22.85%
Pop loss [2451005-002]: 2010: 2184, loss: 14.73%
Pop loss [2451005-002]: 2010: 1456, loss: 9.42%
Pop loss [2451005-002]: 2010: 2825, loss: 20.4%
Pop loss [2451005-002]: 2010: 1288, loss: 0.36%
Pop loss [2451005-002]: 2010: 1977, loss: 9.16%
Pop loss [2451005-002]: 2010: 2238, loss: 7.72%
Pop loss [2451005-002]: 2010: 1429, loss: 1.55%
Pop loss [2451005-002]: 2010: 1242, loss: 24.4%
Pop loss [2451005-002]: 2010: 2915, loss: 26.12%
Pop loss [2451005-002]: 2010: 3935, loss: 4.6%
Pop loss [2451005-002]: 2010: 2742, loss: 6.51%
Pop loss [2451005-002]: 2010: 1809, loss: 11.59%
Pop loss [2451005-002]: 2010: 1769, loss: 10.92%
Pop loss [2451005-002]: 2010: 2370, loss: 14.98%
Pop loss [2451005-002]: 2010: 4506, loss: 2.62%
Pop loss [2451005-002]: 2010: 2342, loss: 16.96%
Pop loss [2451005-002]: 2010: 1288, loss: 25.02%
Pop loss [2451005-002]: 2010: 3134, loss: 7.47%
Pop loss [2451005-002]: 2010: 330, loss: 22.09%
Pop loss [2451005-002]: 2010: 3321, loss: 6.89%
Pop loss [2451005-002]: 2010: 993, loss: 24.47%
Pop loss [2451005-002]: 2010: 1275, loss: 31.84%
Pop loss [2451005-002]: 2010: 3433, loss: 12.54%
Pop loss [2451005-002]: 2010: 1226, loss: 9.18%
Pop loss [2451005-002]: 2010: 1675, loss: 3.74%
Pop loss [2451005-002]: 2010: 1325, loss: 10.82%
Pop loss [2451005-002]: 2010: 930, loss: 0.2%
Pop loss [2451005-002]: 2010: 4285, loss: 15.9%
Pop loss [2451005-002]: 2010: 4545, loss: 5.24%
Pop loss [2451005-002]: 2010: 4632, loss: 13.72%
Pop loss [2451005-002]: 2010: 778, loss: 9.54%
Pop loss [2451005-002]: 2010: 4262, loss: 0.63%
Pop loss [2451005-002]: 2010: 1557, loss: 3.67%
Pop loss [2451005-002]: 2010: 1656, loss: 1.63%
Pop loss [2451005-002]: 2010: 2385, loss: 36.81%
Pop loss [2451005-002]: 2010: 2255, loss: 1.82%
Pop loss [2451005-002]: 2010: 3224, loss: 31.45%
Pop loss [2451005-002]: 2010: 637, loss: 0.96%
Pop loss [2451005-002]: 2010: 3301, loss: 1.95%
Pop loss [2451005-002]: 2010: 2173, loss: 0.52%
Pop loss [2451005-002]: 2010: 1280, loss: 29.24%
Pop loss [2451005-002]: 2010: 2149, loss: 4.79%
Pop loss [2451005-002]: 2010: 1130, loss: 12.75%
Pop loss [2451005-002]: 2010: 1821, loss: 42.86%
Pop loss [2451005-002]: 2010: 1888, loss: 8.58%
Pop loss [2451005-002]: 2010: 6312, loss: 3.3%
Pop loss [2451005-002]: 2010: 3123, loss: 22.27%
Pop loss [2451005-002]: 2010: 3522, loss: 6.11%
Pop loss [2451005-002]: 2010: 1019, loss: 16.15%
Pop loss [2451005-002]: 2010: 3401, loss: 3.69%
Pop loss [2451005-002]: 2010: 4565, loss: 11.19%
Pop loss [2451005-002]: 2010: 3046, loss: 8.7%
Pop loss [2451005-002]: 2010: 1020, loss: 4.96%
Pop loss [2451005-002]: 2010: 1599, loss: 9.35%
Pop loss [2451005-002]: 2010: 3334, loss: 4.8%
Pop loss [2451005-002]: 2010: 3207, loss: 1.82%
Pop loss [2451005-002]: 2010: 745, loss: 11.5%
Pop loss [2451005-002]: 2010: 1650, loss: 20.8%
Pop loss [2451005-002]: 2010: 3076, loss: 3.76%
Pop loss [2451005-002]: 2010: 2204, loss: 16.77%
Pop loss [2451005-002]: 2010: 1338, loss: 0.58%
Pop loss [2451005-002]: 2010: 1046, loss: 22.49%
Pop loss [2451005-002]: 2010: 2046, loss: 2.2%
Pop loss [2451005-002]: 2010: 974, loss: 29.88%
Pop loss [2451005-002]: 2010: 2116, loss: 15.91%
Pop loss [2451005-002]: 2010: 859, loss: 0.65%
Pop loss [2451005-002]: 2010: 1018, loss: 1.09%
Pop loss [2451005-002]: 2010: 1903, loss: 4.11%
Pop loss [2451005-002]: 2010: 1203, loss: 2.43%
Pop loss [2451005-002]: 2010: 4221, loss: 11.32%
Pop loss [2451005-002]: 2010: 2662, loss: 9.97%
Pop loss [2451005-002]: 2010: 1374, loss: 31.06%
Pop loss [2451005-002]: 2010: 3175, loss: 8.6%
Pop loss [2451005-002]: 2010: 1037, loss: 18.16%
Pop loss [2451005-002]: 2010: 1449, loss: 20.75%
Pop loss [2451005-002]: 2010: 1228, loss: 15.37%
Pop loss [2451005-002]: 2010: 1545, loss: 1.97%
Pop loss [2451005-002]: 2010: 3505, loss: 0.59%
Pop loss [2451005-002]: 2010: 2439, loss: 12.57%
Pop loss [2451005-002]: 2010: 3429, loss: 0.99%
Pop loss [2451005-002]: 2010: 709, loss: 13.96%
Pop loss [2451005-002]: 2010: 1118, loss: 41.54%
Pop loss [2451005-002]: 2010: 3839, loss: 8.26%
Pop loss [2451005-002]: 2010: 3253, loss: 0.87%
Pop loss [2451005-002]: 2010: 2695, loss: 2.05%
Pop loss [2451005-002]: 2010: 958, loss: 26.51%
Row count: 1859
Loss count: 752
Tot 2010 Pop: 5773552
Tot 2018 Pop: 6003437.0
