Make CSV: ME (census)
Pop loss [23031011515]: 2010: 8292, loss: 11.2%
Pop loss [23031011515]: 2010: 3611, loss: 2.98%
Pop loss [23031011515]: 2010: 2253, loss: 10.51%
Pop loss [23031011515]: 2010: 9262, loss: 18.87%
Pop loss [23031011515]: 2010: 7608, loss: 1.97%
Pop loss [23031011515]: 2010: 2607, loss: 1.04%
Pop loss [23031011515]: 2010: 3031, loss: 1.42%
Pop loss [23031011515]: 2010: 8610, loss: 1.81%
Pop loss [23031011515]: 2010: 1302, loss: 6.21%
Pop loss [23031011515]: 2010: 8189, loss: 5.37%
Pop loss [23031011515]: 2010: 8548, loss: 5.47%
Pop loss [23031011515]: 2010: 7612, loss: 5.88%
Pop loss [23031011515]: 2010: 549, loss: 1.51%
Pop loss [23031011515]: 2010: 2160, loss: 8.0%
Pop loss [23031011515]: 2010: 1861, loss: 1.96%
Pop loss [23031011515]: 2010: 6684, loss: 4.71%
Pop loss [23031011515]: 2010: 6768, loss: 8.12%
Pop loss [23031011515]: 2010: 7876, loss: 4.56%
Pop loss [23031011515]: 2010: 7852, loss: 12.04%
Pop loss [23031011515]: 2010: 404, loss: 0.97%
Pop loss [23031011515]: 2010: 4834, loss: 3.16%
Pop loss [23031011515]: 2010: 6283, loss: 0.31%
Pop loss [23031011515]: 2010: 8414, loss: 4.61%
Pop loss [23031011515]: 2010: 6622, loss: 2.6%
Pop loss [23031011515]: 2010: 6427, loss: 0.86%
Pop loss [23031011515]: 2010: 8324, loss: 1.16%
Pop loss [23031011515]: 2010: 3753, loss: 0.05%
Pop loss [23031011515]: 2010: 3244, loss: 5.43%
Pop loss [23031011515]: 2010: 4851, loss: 3.96%
Pop loss [23031011515]: 2010: 1035, loss: 33.75%
Pop loss [23031011515]: 2010: 7760, loss: 2.06%
Pop loss [23031011515]: 2010: 4116, loss: 3.23%
Pop loss [23031011515]: 2010: 3234, loss: 17.23%
Pop loss [23031011515]: 2010: 560, loss: 0.59%
Pop loss [23031011515]: 2010: 3763, loss: 1.49%
Pop loss [23031011515]: 2010: 8324, loss: 1.57%
Pop loss [23031011515]: 2010: 3842, loss: 0.78%
Pop loss [23031011515]: 2010: 2825, loss: 0.05%
Pop loss [23031011515]: 2010: 19, loss: 47.89%
Pop loss [23031011515]: 2010: 623, loss: 8.65%
Pop loss [23031011515]: 2010: 1483, loss: 4.59%
Pop loss [23031011515]: 2010: 1681, loss: 1.96%
Pop loss [23031011515]: 2010: 894, loss: 1.53%
Pop loss [23031011515]: 2010: 2629, loss: 8.94%
Pop loss [23031011515]: 2010: 2769, loss: 1.44%
Pop loss [23031011515]: 2010: 1189, loss: 10.77%
Pop loss [23031011515]: 2010: 2598, loss: 1.73%
Pop loss [23031011515]: 2010: 6539, loss: 5.51%
Pop loss [23031011515]: 2010: 2575, loss: 0.12%
Pop loss [23031011515]: 2010: 2721, loss: 0.4%
Pop loss [23031011515]: 2010: 2666, loss: 0.45%
Pop loss [23031011515]: 2010: 5800, loss: 2.29%
Pop loss [23031011515]: 2010: 8811, loss: 0.16%
Pop loss [23031011515]: 2010: 7728, loss: 0.31%
Pop loss [23031011515]: 2010: 6092, loss: 1.61%
Pop loss [23031011515]: 2010: 2580, loss: 1.09%
Pop loss [23031011515]: 2010: 4328, loss: 1.62%
Pop loss [23031011515]: 2010: 8482, loss: 11.52%
Pop loss [23031011515]: 2010: 5019, loss: 0.4%
Pop loss [23031011515]: 2010: 3486, loss: 3.76%
Pop loss [23031011515]: 2010: 8229, loss: 2.24%
Pop loss [23031011515]: 2010: 1152, loss: 14.32%
Pop loss [23031011515]: 2010: 1527, loss: 4.06%
Pop loss [23031011515]: 2010: 4850, loss: 0.33%
Pop loss [23031011515]: 2010: 8127, loss: 1.68%
Pop loss [23031011515]: 2010: 2308, loss: 8.29%
Pop loss [23031011515]: 2010: 5372, loss: 0.02%
Pop loss [23031011515]: 2010: 75, loss: 28.53%
Pop loss [23031011515]: 2010: 6285, loss: 0.6%
Pop loss [23031011515]: 2010: 73, loss: 25.48%
Pop loss [23031011515]: 2010: 8388, loss: 0.79%
Pop loss [23031011515]: 2010: 1249, loss: 13.37%
Pop loss [23031011515]: 2010: 3716, loss: 0.81%
Pop loss [23031011515]: 2010: 3970, loss: 5.99%
Pop loss [23031011515]: 2010: 3732, loss: 1.66%
Pop loss [23031011515]: 2010: 6609, loss: 3.33%
Pop loss [23031011515]: 2010: 5183, loss: 1.0%
Pop loss [23031011515]: 2010: 5014, loss: 1.1%
Pop loss [23031011515]: 2010: 8164, loss: 0.78%
Pop loss [23031011515]: 2010: 909, loss: 17.05%
Pop loss [23031011515]: 2010: 7176, loss: 7.1%
Pop loss [23031011515]: 2010: 7762, loss: 11.56%
Pop loss [23031011515]: 2010: 2124, loss: 2.26%
Pop loss [23031011515]: 2010: 1553, loss: 8.24%
Pop loss [23031011515]: 2010: 1916, loss: 1.83%
Pop loss [23031011515]: 2010: 1849, loss: 12.54%
Pop loss [23031011515]: 2010: 7748, loss: 4.95%
Pop loss [23031011515]: 2010: 794, loss: 3.02%
Pop loss [23031011515]: 2010: 93, loss: 13.12%
Pop loss [23031011515]: 2010: 523, loss: 12.47%
Pop loss [23031011515]: 2010: 8161, loss: 2.54%
Pop loss [23031011515]: 2010: 2826, loss: 5.27%
Pop loss [23031011515]: 2010: 3366, loss: 2.02%
Pop loss [23031011515]: 2010: 8450, loss: 1.96%
Pop loss [23031011515]: 2010: 3070, loss: 2.93%
Pop loss [23031011515]: 2010: 6530, loss: 3.52%
Pop loss [23031011515]: 2010: 9174, loss: 3.45%
Pop loss [23031011515]: 2010: 3733, loss: 1.79%
Pop loss [23031011515]: 2010: 8364, loss: 4.56%
Pop loss [23031011515]: 2010: 9041, loss: 5.34%
Pop loss [23031011515]: 2010: 9249, loss: 6.54%
Pop loss [23031011515]: 2010: 10290, loss: 1.2%
Pop loss [23031011515]: 2010: 6409, loss: 3.93%
Pop loss [23031011515]: 2010: 9326, loss: 3.12%
Pop loss [23031011515]: 2010: 5556, loss: 3.87%
Pop loss [23031011515]: 2010: 6038, loss: 10.8%
Pop loss [23031011515]: 2010: 292, loss: 25.79%
Pop loss [23031011515]: 2010: 2127, loss: 0.61%
Pop loss [23031011515]: 2010: 8784, loss: 0.24%
Pop loss [23031011515]: 2010: 1042, loss: 12.98%
Pop loss [23031011515]: 2010: 427, loss: 5.57%
Pop loss [23031011515]: 2010: 7733, loss: 4.27%
Pop loss [23031011515]: 2010: 2216, loss: 3.88%
Pop loss [23031011515]: 2010: 1033, loss: 10.65%
Pop loss [23031011515]: 2010: 664, loss: 1.4%
Pop loss [23031011515]: 2010: 5067, loss: 3.1%
Pop loss [23031011515]: 2010: 1019, loss: 8.12%
Pop loss [23031011515]: 2010: 6735, loss: 2.26%
Pop loss [23031011515]: 2010: 8589, loss: 3.59%
Pop loss [23031011515]: 2010: 9275, loss: 4.87%
Pop loss [23031011515]: 2010: 640, loss: 5.42%
Pop loss [23031011515]: 2010: 7955, loss: 5.5%
Pop loss [23031011515]: 2010: 1427, loss: 0.18%
Pop loss [23031011515]: 2010: 462, loss: 4.2%
Pop loss [23031011515]: 2010: 6039, loss: 0.43%
Pop loss [23031011515]: 2010: 1078, loss: 10.39%
Pop loss [23031011515]: 2010: 2730, loss: 4.95%
Pop loss [23031011515]: 2010: 1627, loss: 1.39%
Pop loss [23031011515]: 2010: 2636, loss: 1.78%
Pop loss [23031011515]: 2010: 6519, loss: 6.55%
Pop loss [23031011515]: 2010: 1638, loss: 11.03%
Pop loss [23031011515]: 2010: 6205, loss: 5.77%
Pop loss [23031011515]: 2010: 8910, loss: 3.54%
Pop loss [23031011515]: 2010: 7698, loss: 9.23%
Pop loss [23031011515]: 2010: 7954, loss: 0.79%
Pop loss [23031011515]: 2010: 1403, loss: 8.91%
Pop loss [23031011515]: 2010: 1671, loss: 4.58%
Pop loss [23031011515]: 2010: 3811, loss: 7.08%
Pop loss [23031011515]: 2010: 6335, loss: 12.15%
Pop loss [23031011515]: 2010: 8803, loss: 0.8%
Pop loss [23031011515]: 2010: 4738, loss: 1.99%
Pop loss [23031011515]: 2010: 9750, loss: 0.74%
Pop loss [23031011515]: 2010: 1992, loss: 6.55%
Row count: 288
Loss count: 143
Tot 2010 Pop: 1328361
Tot 2018 Pop: 1332813.0
