Make Demographic_Data_DC.v04 (2024-01-31)

Row count: 143
Totals from Block Data (BData) and CSV Data (CData)
Field;			BData;	CData;	Diff
T_10_CENS_Total;	601723;	601723;	0
T_10_CENS_White;	209464;	209464;	0
T_10_CENS_Hispanic;	54749;	54749;	0
T_10_CENS_Black;	314352;	314352;	0
T_10_CENS_Asian;	26857;	26857;	0
T_10_CENS_Native;	6521;	6521;	0
T_10_CENS_Pacific;	1320;	1320;	0
T_18_ACS_Total;	684498;	684498;	0
T_18_ACS_White;	248057;	248057;	0
T_18_ACS_Hispanic;	74776;	74776;	0
T_18_ACS_Black;	331477;	331477;	0
T_18_ACS_Asian;	35423;	35423;	0
T_18_ACS_Native;	6177;	6177;	0
T_18_ACS_Pacific;	1186;	1186;	0
T_19_ACS_Total;	692683;	692683;	0
T_19_ACS_White;	253373;	253373;	0
T_19_ACS_Hispanic;	76191;	76191;	0
T_19_ACS_Black;	332103;	332103;	0
T_19_ACS_Asian;	36659;	36659;	0
T_19_ACS_Native;	6441;	6441;	0
T_19_ACS_Pacific;	1215;	1215;	0
T_20_CENS_Total;	689545;	689545;	0
T_20_CENS_White;	261771;	261771;	0
T_20_CENS_Hispanic;	77652;	77652;	0
T_20_CENS_Black;	304543;	304543;	0
T_20_CENS_Asian;	45465;	45465;	0
T_20_CENS_Native;	11661;	11661;	0
T_20_CENS_Pacific;	1494;	1494;	0
T_20_ACS_Total;	701974;	701974;	0
T_20_ACS_White;	257792;	257792;	0
T_20_ACS_Hispanic;	77981;	77981;	0
T_20_ACS_Black;	333114;	333114;	0
T_20_ACS_Asian;	37847;	37847;	0
T_20_ACS_Native;	8258;	8258;	0
T_20_ACS_Pacific;	1186;	1186;	0
V_10_VAP_Total;	500908;	500908;	0
V_10_VAP_White;	191933;	191933;	0
V_10_VAP_Hispanic;	42708;	42708;	0
V_10_VAP_Black;	244755;	244755;	0
V_10_VAP_Asian;	23491;	23491;	0
V_10_VAP_Native;	5238;	5238;	0
V_10_VAP_Pacific;	1052;	1052;	0
V_18_CVAP_Total;	511200;	511200;	0
V_18_CVAP_White;	210270;	210270;	0
V_18_CVAP_Hispanic;	32912;	32912;	0
V_18_CVAP_Black;	244259;	244259;	0
V_18_CVAP_Asian;	19933;	19933;	0
V_18_CVAP_Native;	2982;	2982;	0
V_18_CVAP_Pacific;	273;	273;	0
V_19_CVAP_Total;	519215;	519215;	0
V_19_CVAP_White;	214116;	214116;	0
V_19_CVAP_Hispanic;	35621;	35621;	0
V_19_CVAP_Black;	244431;	244431;	0
V_19_CVAP_Asian;	21241;	21241;	0
V_19_CVAP_Native;	3165;	3165;	0
V_19_CVAP_Pacific;	297;	297;	0
V_20_VAP_Total;	575161;	575161;	0
V_20_VAP_White;	234767;	234767;	0
V_20_VAP_Hispanic;	60375;	60375;	0
V_20_VAP_Black;	239947;	239947;	0
V_20_VAP_Asian;	38837;	38837;	0
V_20_VAP_Native;	9248;	9248;	0
V_20_VAP_Pacific;	1186;	1186;	0
V_20_VAP_NH_Total;	575161;	575161;	0
V_20_VAP_NH_White;	234767;	234767;	0
V_20_VAP_NH_Hispanic;	60375;	60375;	0
V_20_VAP_NH_BlackAlone;	223540;	223540;	0
V_20_VAP_NH_AsianAlone;	30795;	30795;	0
V_20_VAP_NH_NativeAlone;	1063;	1063;	0
V_20_VAP_NH_PacificAlone;	305;	305;	0
V_20_VAP_NH_OtherAlone;	2876;	2876;	0
V_20_VAP_NH_TwoOrMore;	21440;	21440;	0
V_20_CVAP_Total;	528050;	528050;	0
V_20_CVAP_White;	220364;	220364;	0
V_20_CVAP_Hispanic;	36682;	36682;	0
V_20_CVAP_Black;	245116;	245116;	0
V_20_CVAP_Asian;	22281;	22281;	0
V_20_CVAP_Native;	3419;	3419;	0
V_20_CVAP_Pacific;	276;	276;	0
