Make CSV: MA (census)
Pop loss [250272099]: 2010: 3330, loss: 9.8%
Pop loss [250272099]: 2010: 3061, loss: 1.74%
Pop loss [250272099]: 2010: 3535, loss: 5.82%
Pop loss [250272099]: 2010: 3462, loss: 6.9%
Pop loss [250272099]: 2010: 3294, loss: 14.65%
Pop loss [250272099]: 2010: 3758, loss: 4.94%
Pop loss [250272099]: 2010: 3816, loss: 11.18%
Pop loss [250272099]: 2010: 3300, loss: 12.64%
Pop loss [250272099]: 2010: 3487, loss: 11.37%
Pop loss [250272099]: 2010: 2815, loss: 16.34%
Pop loss [250272099]: 2010: 3239, loss: 3.02%
Pop loss [250272099]: 2010: 3238, loss: 3.95%
Pop loss [250272099]: 2010: 3175, loss: 2.51%
Pop loss [250272099]: 2010: 2728, loss: 1.02%
Pop loss [250272099]: 2010: 2529, loss: 11.01%
Pop loss [250272099]: 2010: 3094, loss: 3.58%
Pop loss [250272099]: 2010: 3030, loss: 2.73%
Pop loss [250272099]: 2010: 4956, loss: 1.27%
Pop loss [250272099]: 2010: 3237, loss: 0.84%
Pop loss [250272099]: 2010: 3466, loss: 11.19%
Pop loss [250272099]: 2010: 3474, loss: 18.38%
Pop loss [250272099]: 2010: 3748, loss: 5.02%
Pop loss [250272099]: 2010: 2878, loss: 7.18%
Pop loss [250272099]: 2010: 2938, loss: 3.68%
Pop loss [250272099]: 2010: 3091, loss: 1.8%
Pop loss [250272099]: 2010: 2930, loss: 11.0%
Pop loss [250272099]: 2010: 2561, loss: 3.55%
Pop loss [250272099]: 2010: 2990, loss: 1.84%
Pop loss [250272099]: 2010: 2922, loss: 0.61%
Pop loss [250272099]: 2010: 2968, loss: 1.73%
Pop loss [250272099]: 2010: 2890, loss: 8.15%
Pop loss [250272099]: 2010: 2915, loss: 4.16%
Pop loss [250272099]: 2010: 3186, loss: 0.13%
Pop loss [250272099]: 2010: 2999, loss: 1.83%
Pop loss [250272099]: 2010: 2730, loss: 8.52%
Pop loss [250272099]: 2010: 2003, loss: 37.39%
Pop loss [250272099]: 2010: 3272, loss: 4.73%
Pop loss [250272099]: 2010: 3514, loss: 5.11%
Pop loss [250272099]: 2010: 3051, loss: 1.27%
Pop loss [250272099]: 2010: 3634, loss: 4.33%
Pop loss [250272099]: 2010: 1679, loss: 1.36%
Pop loss [250272099]: 2010: 1672, loss: 4.09%
Pop loss [250272099]: 2010: 1731, loss: 8.61%
Pop loss [250272099]: 2010: 1656, loss: 3.06%
Pop loss [250272099]: 2010: 1747, loss: 1.27%
Pop loss [250272099]: 2010: 494, loss: 14.78%
Pop loss [250272099]: 2010: 3235, loss: 1.95%
Pop loss [250272099]: 2010: 3375, loss: 13.2%
Pop loss [250272099]: 2010: 1881, loss: 11.55%
Pop loss [250272099]: 2010: 1715, loss: 23.71%
Pop loss [250272099]: 2010: 717, loss: 26.22%
Pop loss [250272099]: 2010: 2032, loss: 8.81%
Pop loss [250272099]: 2010: 3091, loss: 2.94%
Pop loss [250272099]: 2010: 895, loss: 1.88%
Pop loss [250272099]: 2010: 976, loss: 3.65%
Pop loss [250272099]: 2010: 975, loss: 4.58%
Pop loss [250272099]: 2010: 1003, loss: 11.61%
Pop loss [250272099]: 2010: 1002, loss: 17.34%
Pop loss [250272099]: 2010: 5025, loss: 0.92%
Pop loss [250272099]: 2010: 961, loss: 21.64%
Pop loss [250272099]: 2010: 1509, loss: 13.06%
Pop loss [250272099]: 2010: 3184, loss: 16.47%
Pop loss [250272099]: 2010: 2775, loss: 8.41%
Pop loss [250272099]: 2010: 2822, loss: 4.24%
Pop loss [250272099]: 2010: 1612, loss: 11.91%
Pop loss [250272099]: 2010: 3366, loss: 3.63%
Pop loss [250272099]: 2010: 3412, loss: 10.38%
Pop loss [250272099]: 2010: 2922, loss: 18.19%
Pop loss [250272099]: 2010: 3040, loss: 16.07%
Pop loss [250272099]: 2010: 3206, loss: 7.57%
Pop loss [250272099]: 2010: 3232, loss: 4.69%
Pop loss [250272099]: 2010: 3465, loss: 11.46%
Pop loss [250272099]: 2010: 3542, loss: 3.26%
Pop loss [250272099]: 2010: 3023, loss: 4.46%
Pop loss [250272099]: 2010: 3257, loss: 2.67%
Pop loss [250272099]: 2010: 1306, loss: 13.25%
Pop loss [250272099]: 2010: 2475, loss: 5.15%
Pop loss [250272099]: 2010: 2638, loss: 12.0%
Pop loss [250272099]: 2010: 899, loss: 6.34%
Pop loss [250272099]: 2010: 3577, loss: 5.62%
Pop loss [250272099]: 2010: 3495, loss: 10.91%
Pop loss [250272099]: 2010: 3364, loss: 9.34%
Pop loss [250272099]: 2010: 3993, loss: 1.3%
Pop loss [250272099]: 2010: 3444, loss: 2.15%
Pop loss [250272099]: 2010: 3672, loss: 4.39%
Pop loss [250272099]: 2010: 3589, loss: 0.79%
Pop loss [250272099]: 2010: 3274, loss: 13.07%
Pop loss [250272099]: 2010: 3333, loss: 3.17%
Pop loss [250272099]: 2010: 2939, loss: 0.58%
Pop loss [250272099]: 2010: 3049, loss: 4.18%
Pop loss [250272099]: 2010: 2967, loss: 1.75%
Pop loss [250272099]: 2010: 2499, loss: 18.78%
Pop loss [250272099]: 2010: 2406, loss: 13.07%
Pop loss [250272099]: 2010: 2799, loss: 2.67%
Pop loss [250272099]: 2010: 2441, loss: 3.04%
Pop loss [250272099]: 2010: 2535, loss: 0.24%
Pop loss [250272099]: 2010: 3241, loss: 1.51%
Pop loss [250272099]: 2010: 3211, loss: 13.55%
Pop loss [250272099]: 2010: 3158, loss: 2.67%
Pop loss [250272099]: 2010: 3206, loss: 13.67%
Pop loss [250272099]: 2010: 3083, loss: 4.36%
Pop loss [250272099]: 2010: 3079, loss: 15.14%
Pop loss [250272099]: 2010: 3034, loss: 9.59%
Pop loss [250272099]: 2010: 2406, loss: 12.2%
Pop loss [250272099]: 2010: 2519, loss: 8.91%
Pop loss [250272099]: 2010: 2447, loss: 5.49%
Pop loss [250272099]: 2010: 2327, loss: 5.44%
Pop loss [250272099]: 2010: 2512, loss: 1.62%
Pop loss [250272099]: 2010: 3749, loss: 0.76%
Pop loss [250272099]: 2010: 2995, loss: 3.98%
Pop loss [250272099]: 2010: 3781, loss: 5.14%
Pop loss [250272099]: 2010: 3890, loss: 13.34%
Pop loss [250272099]: 2010: 2326, loss: 1.86%
Pop loss [250272099]: 2010: 2516, loss: 4.54%
Pop loss [250272099]: 2010: 2437, loss: 7.12%
Pop loss [250272099]: 2010: 2349, loss: 13.64%
Pop loss [250272099]: 2010: 2428, loss: 2.17%
Pop loss [250272099]: 2010: 2387, loss: 1.54%
Pop loss [250272099]: 2010: 2238, loss: 5.8%
Pop loss [250272099]: 2010: 2238, loss: 1.32%
Pop loss [250272099]: 2010: 2287, loss: 9.6%
Pop loss [250272099]: 2010: 2227, loss: 11.0%
Pop loss [250272099]: 2010: 2122, loss: 4.18%
Pop loss [250272099]: 2010: 2088, loss: 1.69%
Pop loss [250272099]: 2010: 2077, loss: 9.28%
Pop loss [250272099]: 2010: 2122, loss: 9.76%
Pop loss [250272099]: 2010: 2088, loss: 0.46%
Pop loss [250272099]: 2010: 2127, loss: 16.85%
Pop loss [250272099]: 2010: 2125, loss: 4.77%
Pop loss [250272099]: 2010: 2117, loss: 24.08%
Pop loss [250272099]: 2010: 2326, loss: 0.21%
Pop loss [250272099]: 2010: 2151, loss: 0.08%
Pop loss [250272099]: 2010: 3059, loss: 12.55%
Pop loss [250272099]: 2010: 3027, loss: 0.43%
Pop loss [250272099]: 2010: 3701, loss: 11.63%
Pop loss [250272099]: 2010: 3334, loss: 13.44%
Pop loss [250272099]: 2010: 3972, loss: 2.11%
Pop loss [250272099]: 2010: 3794, loss: 15.61%
Pop loss [250272099]: 2010: 3949, loss: 4.1%
Pop loss [250272099]: 2010: 3502, loss: 1.71%
Pop loss [250272099]: 2010: 3175, loss: 0.24%
Pop loss [250272099]: 2010: 3400, loss: 2.89%
Pop loss [250272099]: 2010: 3611, loss: 12.59%
Pop loss [250272099]: 2010: 2996, loss: 5.37%
Pop loss [250272099]: 2010: 3133, loss: 1.97%
Pop loss [250272099]: 2010: 3424, loss: 3.11%
Pop loss [250272099]: 2010: 3953, loss: 6.72%
Pop loss [250272099]: 2010: 3180, loss: 0.91%
Pop loss [250272099]: 2010: 3794, loss: 12.75%
Pop loss [250272099]: 2010: 3395, loss: 4.73%
Pop loss [250272099]: 2010: 2774, loss: 18.88%
Pop loss [250272099]: 2010: 3281, loss: 6.67%
Pop loss [250272099]: 2010: 75, loss: 36.0%
Pop loss [250272099]: 2010: 2740, loss: 1.2%
Pop loss [250272099]: 2010: 3011, loss: 2.15%
Pop loss [250272099]: 2010: 3807, loss: 1.09%
Pop loss [250272099]: 2010: 3047, loss: 0.96%
Pop loss [250272099]: 2010: 3135, loss: 0.29%
Pop loss [250272099]: 2010: 3395, loss: 0.18%
Pop loss [250272099]: 2010: 3348, loss: 6.82%
Pop loss [250272099]: 2010: 3309, loss: 3.28%
Pop loss [250272099]: 2010: 2563, loss: 3.31%
Pop loss [250272099]: 2010: 2838, loss: 2.93%
Pop loss [250272099]: 2010: 3079, loss: 1.8%
Pop loss [250272099]: 2010: 3144, loss: 4.08%
Pop loss [250272099]: 2010: 3062, loss: 8.52%
Pop loss [250272099]: 2010: 2822, loss: 9.59%
Pop loss [250272099]: 2010: 2844, loss: 5.85%
Pop loss [250272099]: 2010: 2573, loss: 9.05%
Pop loss [250272099]: 2010: 2916, loss: 5.76%
Pop loss [250272099]: 2010: 3116, loss: 4.02%
Pop loss [250272099]: 2010: 2749, loss: 0.35%
Pop loss [250272099]: 2010: 2886, loss: 2.05%
Pop loss [250272099]: 2010: 2605, loss: 1.9%
Pop loss [250272099]: 2010: 2550, loss: 6.39%
Pop loss [250272099]: 2010: 3150, loss: 3.75%
Pop loss [250272099]: 2010: 3493, loss: 2.82%
Pop loss [250272099]: 2010: 3121, loss: 5.84%
Pop loss [250272099]: 2010: 3226, loss: 4.16%
Pop loss [250272099]: 2010: 2917, loss: 6.51%
Pop loss [250272099]: 2010: 3209, loss: 1.38%
Pop loss [250272099]: 2010: 2861, loss: 0.86%
Pop loss [250272099]: 2010: 2942, loss: 10.47%
Pop loss [250272099]: 2010: 3002, loss: 7.5%
Pop loss [250272099]: 2010: 3295, loss: 0.62%
Pop loss [250272099]: 2010: 3107, loss: 15.71%
Pop loss [250272099]: 2010: 3654, loss: 5.99%
Pop loss [250272099]: 2010: 3100, loss: 8.66%
Pop loss [250272099]: 2010: 3295, loss: 19.66%
Pop loss [250272099]: 2010: 3593, loss: 2.42%
Pop loss [250272099]: 2010: 3279, loss: 8.63%
Pop loss [250272099]: 2010: 3319, loss: 7.94%
Pop loss [250272099]: 2010: 3245, loss: 5.25%
Pop loss [250272099]: 2010: 2960, loss: 6.04%
Pop loss [250272099]: 2010: 2933, loss: 3.94%
Pop loss [250272099]: 2010: 2791, loss: 5.27%
Pop loss [250272099]: 2010: 4136, loss: 3.51%
Pop loss [250272099]: 2010: 4189, loss: 1.12%
Pop loss [250272099]: 2010: 2834, loss: 1.08%
Pop loss [250272099]: 2010: 2892, loss: 6.46%
Pop loss [250272099]: 2010: 2616, loss: 1.16%
Pop loss [250272099]: 2010: 5373, loss: 8.39%
Pop loss [250272099]: 2010: 2402, loss: 21.0%
Pop loss [250272099]: 2010: 3114, loss: 2.18%
Pop loss [250272099]: 2010: 1622, loss: 0.11%
Pop loss [250272099]: 2010: 2561, loss: 0.66%
Pop loss [250272099]: 2010: 2917, loss: 1.38%
Pop loss [250272099]: 2010: 2879, loss: 10.34%
Pop loss [250272099]: 2010: 3968, loss: 1.84%
Pop loss [250272099]: 2010: 2712, loss: 0.48%
Pop loss [250272099]: 2010: 2746, loss: 0.44%
Pop loss [250272099]: 2010: 2954, loss: 1.17%
Pop loss [250272099]: 2010: 4155, loss: 0.07%
Pop loss [250272099]: 2010: 2348, loss: 3.35%
Pop loss [250272099]: 2010: 2492, loss: 7.03%
Pop loss [250272099]: 2010: 2574, loss: 3.87%
Pop loss [250272099]: 2010: 2241, loss: 6.58%
Pop loss [250272099]: 2010: 1737, loss: 11.4%
Pop loss [250272099]: 2010: 2129, loss: 2.17%
Pop loss [250272099]: 2010: 1266, loss: 5.28%
Pop loss [250272099]: 2010: 1897, loss: 0.9%
Pop loss [250272099]: 2010: 5125, loss: 1.54%
Pop loss [250272099]: 2010: 1800, loss: 6.06%
Pop loss [250272099]: 2010: 1891, loss: 20.22%
Pop loss [250272099]: 2010: 1848, loss: 2.45%
Pop loss [250272099]: 2010: 2179, loss: 7.95%
Pop loss [250272099]: 2010: 711, loss: 7.14%
Pop loss [250272099]: 2010: 121, loss: 10.5%
Pop loss [250272099]: 2010: 1459, loss: 6.05%
Pop loss [250272099]: 2010: 1479, loss: 1.05%
Pop loss [250272099]: 2010: 1334, loss: 0.5%
Pop loss [250272099]: 2010: 1479, loss: 12.36%
Pop loss [250272099]: 2010: 3032, loss: 1.15%
Pop loss [250272099]: 2010: 3938, loss: 12.06%
Pop loss [250272099]: 2010: 393, loss: 12.24%
Pop loss [250272099]: 2010: 1893, loss: 0.58%
Pop loss [250272099]: 2010: 3684, loss: 0.68%
Pop loss [250272099]: 2010: 1496, loss: 4.21%
Pop loss [250272099]: 2010: 3593, loss: 9.32%
Pop loss [250272099]: 2010: 3642, loss: 10.17%
Pop loss [250272099]: 2010: 3332, loss: 9.32%
Pop loss [250272099]: 2010: 1233, loss: 4.54%
Pop loss [250272099]: 2010: 1569, loss: 18.13%
Pop loss [250272099]: 2010: 1704, loss: 4.74%
Pop loss [250272099]: 2010: 2108, loss: 22.85%
Pop loss [250272099]: 2010: 1971, loss: 2.06%
Pop loss [250272099]: 2010: 3081, loss: 5.37%
Pop loss [250272099]: 2010: 2740, loss: 11.05%
Pop loss [250272099]: 2010: 2979, loss: 16.31%
Pop loss [250272099]: 2010: 3656, loss: 1.95%
Pop loss [250272099]: 2010: 2273, loss: 3.78%
Pop loss [250272099]: 2010: 3348, loss: 0.05%
Pop loss [250272099]: 2010: 2940, loss: 4.48%
Pop loss [250272099]: 2010: 3035, loss: 8.11%
Pop loss [250272099]: 2010: 3234, loss: 7.3%
Pop loss [250272099]: 2010: 2774, loss: 10.85%
Pop loss [250272099]: 2010: 2596, loss: 2.65%
Pop loss [250272099]: 2010: 3185, loss: 16.38%
Pop loss [250272099]: 2010: 3544, loss: 7.18%
Pop loss [250272099]: 2010: 3018, loss: 6.57%
Pop loss [250272099]: 2010: 3576, loss: 9.8%
Pop loss [250272099]: 2010: 2670, loss: 5.78%
Pop loss [250272099]: 2010: 838, loss: 1.07%
Pop loss [250272099]: 2010: 2845, loss: 11.62%
Pop loss [250272099]: 2010: 3128, loss: 0.66%
Pop loss [250272099]: 2010: 1775, loss: 18.99%
Pop loss [250272099]: 2010: 3366, loss: 0.64%
Pop loss [250272099]: 2010: 2235, loss: 1.99%
Pop loss [250272099]: 2010: 2264, loss: 7.25%
Pop loss [250272099]: 2010: 2504, loss: 1.68%
Pop loss [250272099]: 2010: 2246, loss: 13.66%
Pop loss [250272099]: 2010: 2371, loss: 21.86%
Pop loss [250272099]: 2010: 2692, loss: 4.98%
Pop loss [250272099]: 2010: 2524, loss: 14.82%
Pop loss [250272099]: 2010: 2436, loss: 8.25%
Pop loss [250272099]: 2010: 2445, loss: 6.89%
Pop loss [250272099]: 2010: 2050, loss: 6.54%
Pop loss [250272099]: 2010: 2477, loss: 1.26%
Pop loss [250272099]: 2010: 2453, loss: 4.61%
Pop loss [250272099]: 2010: 2572, loss: 38.15%
Pop loss [250272099]: 2010: 1840, loss: 5.7%
Pop loss [250272099]: 2010: 2354, loss: 10.96%
Pop loss [250272099]: 2010: 2176, loss: 18.2%
Pop loss [250272099]: 2010: 2369, loss: 18.23%
Pop loss [250272099]: 2010: 2346, loss: 5.84%
Pop loss [250272099]: 2010: 2101, loss: 6.63%
Pop loss [250272099]: 2010: 2369, loss: 0.73%
Pop loss [250272099]: 2010: 2349, loss: 6.41%
Pop loss [250272099]: 2010: 2660, loss: 10.5%
Pop loss [250272099]: 2010: 2406, loss: 15.34%
Pop loss [250272099]: 2010: 2249, loss: 7.5%
Pop loss [250272099]: 2010: 2286, loss: 10.22%
Pop loss [250272099]: 2010: 2554, loss: 22.74%
Pop loss [250272099]: 2010: 2373, loss: 9.14%
Pop loss [250272099]: 2010: 2683, loss: 6.47%
Pop loss [250272099]: 2010: 2422, loss: 0.78%
Pop loss [250272099]: 2010: 3556, loss: 8.87%
Pop loss [250272099]: 2010: 3305, loss: 6.45%
Pop loss [250272099]: 2010: 3420, loss: 0.97%
Pop loss [250272099]: 2010: 3901, loss: 3.72%
Pop loss [250272099]: 2010: 3499, loss: 2.8%
Pop loss [250272099]: 2010: 3308, loss: 10.05%
Pop loss [250272099]: 2010: 3440, loss: 1.52%
Pop loss [250272099]: 2010: 3869, loss: 4.99%
Pop loss [250272099]: 2010: 3615, loss: 7.77%
Pop loss [250272099]: 2010: 3674, loss: 4.16%
Pop loss [250272099]: 2010: 3909, loss: 0.13%
Pop loss [250272099]: 2010: 4052, loss: 2.68%
Pop loss [250272099]: 2010: 3369, loss: 6.86%
Pop loss [250272099]: 2010: 3340, loss: 3.26%
Pop loss [250272099]: 2010: 3814, loss: 3.72%
Pop loss [250272099]: 2010: 3083, loss: 2.48%
Pop loss [250272099]: 2010: 3283, loss: 1.35%
Pop loss [250272099]: 2010: 3030, loss: 9.96%
Pop loss [250272099]: 2010: 1054, loss: 4.84%
Pop loss [250272099]: 2010: 2180, loss: 7.11%
Pop loss [250272099]: 2010: 521, loss: 3.11%
Pop loss [250272099]: 2010: 2104, loss: 5.3%
Pop loss [250272099]: 2010: 2092, loss: 17.56%
Pop loss [250272099]: 2010: 1926, loss: 21.46%
Pop loss [250272099]: 2010: 1902, loss: 9.99%
Pop loss [250272099]: 2010: 2057, loss: 5.11%
Pop loss [250272099]: 2010: 1321, loss: 1.14%
Pop loss [250272099]: 2010: 648, loss: 4.17%
Pop loss [250272099]: 2010: 3222, loss: 8.72%
Pop loss [250272099]: 2010: 3608, loss: 0.28%
Pop loss [250272099]: 2010: 3284, loss: 5.4%
Pop loss [250272099]: 2010: 3413, loss: 1.32%
Pop loss [250272099]: 2010: 1156, loss: 0.85%
Pop loss [250272099]: 2010: 3536, loss: 4.63%
Pop loss [250272099]: 2010: 1914, loss: 16.56%
Pop loss [250272099]: 2010: 2052, loss: 6.82%
Pop loss [250272099]: 2010: 2152, loss: 4.76%
Pop loss [250272099]: 2010: 2087, loss: 2.45%
Pop loss [250272099]: 2010: 2018, loss: 5.32%
Pop loss [250272099]: 2010: 2134, loss: 5.51%
Pop loss [250272099]: 2010: 2192, loss: 5.27%
Pop loss [250272099]: 2010: 2076, loss: 22.15%
Pop loss [250272099]: 2010: 3742, loss: 4.18%
Pop loss [250272099]: 2010: 3197, loss: 4.89%
Pop loss [250272099]: 2010: 2969, loss: 2.64%
Pop loss [250272099]: 2010: 3557, loss: 13.88%
Pop loss [250272099]: 2010: 3624, loss: 3.21%
Pop loss [250272099]: 2010: 3463, loss: 0.62%
Pop loss [250272099]: 2010: 3524, loss: 0.26%
Pop loss [250272099]: 2010: 4290, loss: 3.35%
Pop loss [250272099]: 2010: 3124, loss: 3.13%
Pop loss [250272099]: 2010: 4181, loss: 19.04%
Pop loss [250272099]: 2010: 3012, loss: 1.77%
Pop loss [250272099]: 2010: 3829, loss: 5.21%
Pop loss [250272099]: 2010: 3696, loss: 7.06%
Pop loss [250272099]: 2010: 3646, loss: 1.28%
Pop loss [250272099]: 2010: 3100, loss: 2.33%
Pop loss [250272099]: 2010: 3476, loss: 2.54%
Pop loss [250272099]: 2010: 2490, loss: 9.06%
Pop loss [250272099]: 2010: 2257, loss: 8.04%
Pop loss [250272099]: 2010: 2208, loss: 1.89%
Pop loss [250272099]: 2010: 2532, loss: 6.61%
Pop loss [250272099]: 2010: 2208, loss: 5.67%
Pop loss [250272099]: 2010: 2236, loss: 9.32%
Pop loss [250272099]: 2010: 3728, loss: 1.19%
Pop loss [250272099]: 2010: 3717, loss: 14.75%
Pop loss [250272099]: 2010: 3876, loss: 7.02%
Pop loss [250272099]: 2010: 4089, loss: 1.44%
Pop loss [250272099]: 2010: 3531, loss: 10.42%
Pop loss [250272099]: 2010: 3297, loss: 5.1%
Pop loss [250272099]: 2010: 3253, loss: 1.56%
Pop loss [250272099]: 2010: 2708, loss: 5.35%
Pop loss [250272099]: 2010: 2535, loss: 8.15%
Pop loss [250272099]: 2010: 2881, loss: 0.81%
Pop loss [250272099]: 2010: 3515, loss: 3.35%
Pop loss [250272099]: 2010: 2463, loss: 21.6%
Pop loss [250272099]: 2010: 3124, loss: 5.93%
Pop loss [250272099]: 2010: 3322, loss: 7.85%
Pop loss [250272099]: 2010: 3125, loss: 6.1%
Pop loss [250272099]: 2010: 3287, loss: 2.32%
Pop loss [250272099]: 2010: 3129, loss: 2.8%
Pop loss [250272099]: 2010: 3144, loss: 5.75%
Pop loss [250272099]: 2010: 3364, loss: 8.51%
Pop loss [250272099]: 2010: 3683, loss: 1.4%
Pop loss [250272099]: 2010: 3023, loss: 4.72%
Pop loss [250272099]: 2010: 3354, loss: 14.61%
Pop loss [250272099]: 2010: 3236, loss: 11.61%
Pop loss [250272099]: 2010: 3142, loss: 1.96%
Pop loss [250272099]: 2010: 2925, loss: 8.41%
Pop loss [250272099]: 2010: 3702, loss: 2.13%
Pop loss [250272099]: 2010: 3668, loss: 4.03%
Pop loss [250272099]: 2010: 3393, loss: 5.79%
Pop loss [250272099]: 2010: 4041, loss: 18.92%
Pop loss [250272099]: 2010: 3776, loss: 1.1%
Pop loss [250272099]: 2010: 4305, loss: 12.02%
Pop loss [250272099]: 2010: 3539, loss: 5.3%
Pop loss [250272099]: 2010: 3338, loss: 10.25%
Pop loss [250272099]: 2010: 2644, loss: 9.84%
Pop loss [250272099]: 2010: 2621, loss: 16.86%
Pop loss [250272099]: 2010: 2525, loss: 10.54%
Pop loss [250272099]: 2010: 2569, loss: 11.35%
Pop loss [250272099]: 2010: 2456, loss: 0.72%
Pop loss [250272099]: 2010: 2520, loss: 7.94%
Pop loss [250272099]: 2010: 2619, loss: 13.06%
Pop loss [250272099]: 2010: 3410, loss: 3.56%
Pop loss [250272099]: 2010: 3484, loss: 12.12%
Pop loss [250272099]: 2010: 3365, loss: 18.8%
Pop loss [250272099]: 2010: 3304, loss: 4.49%
Pop loss [250272099]: 2010: 3279, loss: 4.05%
Pop loss [250272099]: 2010: 1774, loss: 8.26%
Pop loss [250272099]: 2010: 1997, loss: 17.4%
Pop loss [250272099]: 2010: 1845, loss: 6.57%
Pop loss [250272099]: 2010: 1920, loss: 8.93%
Pop loss [250272099]: 2010: 1771, loss: 4.86%
Pop loss [250272099]: 2010: 2099, loss: 8.79%
Pop loss [250272099]: 2010: 3436, loss: 1.62%
Pop loss [250272099]: 2010: 3357, loss: 3.28%
Pop loss [250272099]: 2010: 2501, loss: 4.7%
Pop loss [250272099]: 2010: 2468, loss: 0.21%
Pop loss [250272099]: 2010: 2417, loss: 9.5%
Pop loss [250272099]: 2010: 2723, loss: 1.89%
Pop loss [250272099]: 2010: 2399, loss: 0.03%
Pop loss [250272099]: 2010: 3328, loss: 2.85%
Pop loss [250272099]: 2010: 2656, loss: 2.82%
Pop loss [250272099]: 2010: 2567, loss: 13.07%
Pop loss [250272099]: 2010: 2517, loss: 7.37%
Pop loss [250272099]: 2010: 2295, loss: 0.77%
Pop loss [250272099]: 2010: 2552, loss: 0.38%
Pop loss [250272099]: 2010: 2980, loss: 0.27%
Pop loss [250272099]: 2010: 3422, loss: 12.78%
Pop loss [250272099]: 2010: 2962, loss: 1.23%
Pop loss [250272099]: 2010: 2972, loss: 2.17%
Pop loss [250272099]: 2010: 4192, loss: 14.46%
Pop loss [250272099]: 2010: 2936, loss: 1.44%
Pop loss [250272099]: 2010: 2922, loss: 1.48%
Pop loss [250272099]: 2010: 3640, loss: 12.6%
Pop loss [250272099]: 2010: 3526, loss: 3.45%
Pop loss [250272099]: 2010: 3879, loss: 0.07%
Pop loss [250272099]: 2010: 3793, loss: 15.04%
Pop loss [250272099]: 2010: 3648, loss: 2.91%
Pop loss [250272099]: 2010: 3502, loss: 5.31%
Pop loss [250272099]: 2010: 2968, loss: 1.61%
Pop loss [250272099]: 2010: 3081, loss: 4.73%
Pop loss [250272099]: 2010: 3303, loss: 0.81%
Pop loss [250272099]: 2010: 3503, loss: 4.1%
Pop loss [250272099]: 2010: 3060, loss: 0.21%
Pop loss [250272099]: 2010: 3411, loss: 3.2%
Pop loss [250272099]: 2010: 3365, loss: 0.56%
Pop loss [250272099]: 2010: 3291, loss: 1.56%
Pop loss [250272099]: 2010: 3088, loss: 13.06%
Pop loss [250272099]: 2010: 1941, loss: 3.07%
Pop loss [250272099]: 2010: 3178, loss: 6.61%
Pop loss [250272099]: 2010: 3034, loss: 13.45%
Pop loss [250272099]: 2010: 3207, loss: 1.05%
Pop loss [250272099]: 2010: 2665, loss: 2.09%
Pop loss [250272099]: 2010: 2737, loss: 0.4%
Pop loss [250272099]: 2010: 2532, loss: 1.15%
Pop loss [250272099]: 2010: 3245, loss: 2.93%
Pop loss [250272099]: 2010: 3829, loss: 2.45%
Pop loss [250272099]: 2010: 2712, loss: 2.17%
Pop loss [250272099]: 2010: 3522, loss: 2.06%
Pop loss [250272099]: 2010: 2847, loss: 16.98%
Pop loss [250272099]: 2010: 2427, loss: 18.6%
Pop loss [250272099]: 2010: 2725, loss: 5.06%
Pop loss [250272099]: 2010: 2605, loss: 3.22%
Pop loss [250272099]: 2010: 2655, loss: 3.76%
Pop loss [250272099]: 2010: 2616, loss: 7.22%
Pop loss [250272099]: 2010: 2842, loss: 7.45%
Pop loss [250272099]: 2010: 3066, loss: 0.5%
Pop loss [250272099]: 2010: 3166, loss: 0.73%
Pop loss [250272099]: 2010: 2832, loss: 3.76%
Pop loss [250272099]: 2010: 2674, loss: 2.98%
Pop loss [250272099]: 2010: 2696, loss: 9.12%
Pop loss [250272099]: 2010: 3741, loss: 1.5%
Pop loss [250272099]: 2010: 3660, loss: 3.99%
Pop loss [250272099]: 2010: 3513, loss: 1.32%
Pop loss [250272099]: 2010: 4159, loss: 3.81%
Pop loss [250272099]: 2010: 3569, loss: 2.26%
Pop loss [250272099]: 2010: 4467, loss: 4.6%
Pop loss [250272099]: 2010: 4387, loss: 7.83%
Pop loss [250272099]: 2010: 3836, loss: 3.53%
Pop loss [250272099]: 2010: 3537, loss: 1.54%
Pop loss [250272099]: 2010: 3871, loss: 1.74%
Pop loss [250272099]: 2010: 4116, loss: 3.19%
Pop loss [250272099]: 2010: 3290, loss: 4.97%
Pop loss [250272099]: 2010: 4240, loss: 3.29%
Pop loss [250272099]: 2010: 3402, loss: 0.82%
Pop loss [250272099]: 2010: 3190, loss: 19.18%
Pop loss [250272099]: 2010: 3701, loss: 2.69%
Pop loss [250272099]: 2010: 4166, loss: 2.33%
Pop loss [250272099]: 2010: 3723, loss: 1.99%
Pop loss [250272099]: 2010: 2838, loss: 31.63%
Pop loss [250272099]: 2010: 3133, loss: 1.39%
Pop loss [250272099]: 2010: 3216, loss: 4.72%
Pop loss [250272099]: 2010: 2580, loss: 3.18%
Pop loss [250272099]: 2010: 2300, loss: 7.4%
Pop loss [250272099]: 2010: 2401, loss: 8.97%
Pop loss [250272099]: 2010: 2297, loss: 0.57%
Pop loss [250272099]: 2010: 2444, loss: 6.86%
Pop loss [250272099]: 2010: 2242, loss: 1.84%
Pop loss [250272099]: 2010: 2950, loss: 5.97%
Pop loss [250272099]: 2010: 2932, loss: 2.11%
Pop loss [250272099]: 2010: 2668, loss: 1.15%
Pop loss [250272099]: 2010: 3129, loss: 8.66%
Pop loss [250272099]: 2010: 2878, loss: 2.57%
Pop loss [250272099]: 2010: 3368, loss: 4.89%
Pop loss [250272099]: 2010: 3401, loss: 5.62%
Pop loss [250272099]: 2010: 4474, loss: 1.5%
Pop loss [250272099]: 2010: 2857, loss: 0.93%
Pop loss [250272099]: 2010: 2892, loss: 1.11%
Pop loss [250272099]: 2010: 2730, loss: 21.95%
Pop loss [250272099]: 2010: 3025, loss: 5.94%
Pop loss [250272099]: 2010: 3914, loss: 0.16%
Pop loss [250272099]: 2010: 2852, loss: 5.04%
Pop loss [250272099]: 2010: 2741, loss: 4.55%
Pop loss [250272099]: 2010: 3000, loss: 10.19%
Pop loss [250272099]: 2010: 3052, loss: 2.68%
Pop loss [250272099]: 2010: 2814, loss: 14.18%
Pop loss [250272099]: 2010: 2731, loss: 7.36%
Pop loss [250272099]: 2010: 3055, loss: 6.79%
Pop loss [250272099]: 2010: 2799, loss: 0.46%
Pop loss [250272099]: 2010: 2794, loss: 3.42%
Pop loss [250272099]: 2010: 3933, loss: 13.92%
Pop loss [250272099]: 2010: 3470, loss: 9.61%
Pop loss [250272099]: 2010: 3805, loss: 10.64%
Pop loss [250272099]: 2010: 3130, loss: 6.17%
Pop loss [250272099]: 2010: 3422, loss: 4.19%
Pop loss [250272099]: 2010: 2828, loss: 4.58%
Pop loss [250272099]: 2010: 2908, loss: 1.95%
Pop loss [250272099]: 2010: 3769, loss: 1.4%
Pop loss [250272099]: 2010: 3963, loss: 1.21%
Pop loss [250272099]: 2010: 2654, loss: 1.24%
Pop loss [250272099]: 2010: 2957, loss: 8.18%
Pop loss [250272099]: 2010: 2928, loss: 16.8%
Pop loss [250272099]: 2010: 2906, loss: 10.87%
Pop loss [250272099]: 2010: 2739, loss: 8.46%
Pop loss [250272099]: 2010: 3198, loss: 5.1%
Pop loss [250272099]: 2010: 3134, loss: 1.97%
Pop loss [250272099]: 2010: 3645, loss: 0.74%
Pop loss [250272099]: 2010: 4623, loss: 1.58%
Pop loss [250272099]: 2010: 3873, loss: 8.89%
Pop loss [250272099]: 2010: 3468, loss: 14.6%
Pop loss [250272099]: 2010: 2994, loss: 3.81%
Pop loss [250272099]: 2010: 3420, loss: 7.44%
Pop loss [250272099]: 2010: 3294, loss: 17.53%
Pop loss [250272099]: 2010: 3378, loss: 14.67%
Pop loss [250272099]: 2010: 3532, loss: 2.15%
Pop loss [250272099]: 2010: 3326, loss: 5.86%
Pop loss [250272099]: 2010: 3437, loss: 10.04%
Pop loss [250272099]: 2010: 3411, loss: 7.91%
Pop loss [250272099]: 2010: 3201, loss: 9.93%
Pop loss [250272099]: 2010: 3611, loss: 8.48%
Pop loss [250272099]: 2010: 3365, loss: 10.95%
Pop loss [250272099]: 2010: 3836, loss: 2.19%
Pop loss [250272099]: 2010: 3588, loss: 8.13%
Pop loss [250272099]: 2010: 3557, loss: 5.2%
Pop loss [250272099]: 2010: 3192, loss: 8.33%
Pop loss [250272099]: 2010: 3516, loss: 9.37%
Pop loss [250272099]: 2010: 3172, loss: 7.1%
Pop loss [250272099]: 2010: 3222, loss: 7.54%
Pop loss [250272099]: 2010: 3561, loss: 6.45%
Pop loss [250272099]: 2010: 3623, loss: 12.48%
Pop loss [250272099]: 2010: 2943, loss: 1.5%
Pop loss [250272099]: 2010: 3742, loss: 5.17%
Pop loss [250272099]: 2010: 3351, loss: 1.53%
Pop loss [250272099]: 2010: 3605, loss: 0.29%
Pop loss [250272099]: 2010: 3372, loss: 3.79%
Pop loss [250272099]: 2010: 3819, loss: 2.97%
Pop loss [250272099]: 2010: 3345, loss: 3.74%
Pop loss [250272099]: 2010: 3406, loss: 14.22%
Pop loss [250272099]: 2010: 3608, loss: 3.99%
Pop loss [250272099]: 2010: 3955, loss: 5.29%
Pop loss [250272099]: 2010: 4683, loss: 4.07%
Pop loss [250272099]: 2010: 3534, loss: 4.99%
Pop loss [250272099]: 2010: 2847, loss: 1.39%
Pop loss [250272099]: 2010: 3002, loss: 5.68%
Pop loss [250272099]: 2010: 2790, loss: 17.39%
Pop loss [250272099]: 2010: 3720, loss: 1.92%
Pop loss [250272099]: 2010: 3356, loss: 9.81%
Pop loss [250272099]: 2010: 3581, loss: 5.77%
Pop loss [250272099]: 2010: 3491, loss: 3.07%
Pop loss [250272099]: 2010: 3225, loss: 5.34%
Pop loss [250272099]: 2010: 2613, loss: 2.41%
Pop loss [250272099]: 2010: 2548, loss: 4.92%
Pop loss [250272099]: 2010: 4234, loss: 9.25%
Pop loss [250272099]: 2010: 4630, loss: 3.2%
Pop loss [250272099]: 2010: 4344, loss: 2.26%
Pop loss [250272099]: 2010: 783, loss: 3.7%
Pop loss [250272099]: 2010: 2802, loss: 1.71%
Pop loss [250272099]: 2010: 4225, loss: 3.52%
Pop loss [250272099]: 2010: 1962, loss: 4.08%
Pop loss [250272099]: 2010: 1713, loss: 10.03%
Pop loss [250272099]: 2010: 2376, loss: 1.14%
Pop loss [250272099]: 2010: 1486, loss: 3.17%
Pop loss [250272099]: 2010: 2579, loss: 14.61%
Pop loss [250272099]: 2010: 2647, loss: 11.5%
Pop loss [250272099]: 2010: 4784, loss: 2.13%
Pop loss [250272099]: 2010: 2904, loss: 2.41%
Pop loss [250272099]: 2010: 2474, loss: 4.7%
Pop loss [250272099]: 2010: 2180, loss: 10.13%
Pop loss [250272099]: 2010: 3114, loss: 0.91%
Pop loss [250272099]: 2010: 2231, loss: 5.32%
Pop loss [250272099]: 2010: 1082, loss: 2.83%
Pop loss [250272099]: 2010: 1217, loss: 6.25%
Pop loss [250272099]: 2010: 1587, loss: 6.36%
Pop loss [250272099]: 2010: 2171, loss: 1.38%
Pop loss [250272099]: 2010: 2054, loss: 8.5%
Pop loss [250272099]: 2010: 2112, loss: 6.85%
Pop loss [250272099]: 2010: 2094, loss: 5.45%
Pop loss [250272099]: 2010: 1254, loss: 1.39%
Pop loss [250272099]: 2010: 1295, loss: 9.85%
Pop loss [250272099]: 2010: 1404, loss: 12.76%
Pop loss [250272099]: 2010: 2119, loss: 5.83%
Pop loss [250272099]: 2010: 1318, loss: 11.92%
Pop loss [250272099]: 2010: 2718, loss: 3.1%
Pop loss [250272099]: 2010: 1281, loss: 2.72%
Pop loss [250272099]: 2010: 2328, loss: 10.23%
Pop loss [250272099]: 2010: 1469, loss: 3.12%
Pop loss [250272099]: 2010: 2472, loss: 8.06%
Pop loss [250272099]: 2010: 1856, loss: 3.3%
Pop loss [250272099]: 2010: 1048, loss: 11.35%
Pop loss [250272099]: 2010: 1176, loss: 4.94%
Pop loss [250272099]: 2010: 6811, loss: 7.14%
Pop loss [250272099]: 2010: 3784, loss: 21.25%
Pop loss [250272099]: 2010: 3116, loss: 19.23%
Pop loss [250272099]: 2010: 3038, loss: 2.57%
Pop loss [250272099]: 2010: 1716, loss: 2.88%
Pop loss [250272099]: 2010: 2902, loss: 5.21%
Pop loss [250272099]: 2010: 2861, loss: 6.64%
Pop loss [250272099]: 2010: 2466, loss: 6.72%
Pop loss [250272099]: 2010: 1933, loss: 6.44%
Pop loss [250272099]: 2010: 5446, loss: 10.62%
Pop loss [250272099]: 2010: 5538, loss: 19.64%
Pop loss [250272099]: 2010: 3378, loss: 5.63%
Pop loss [250272099]: 2010: 2334, loss: 2.91%
Pop loss [250272099]: 2010: 2305, loss: 10.15%
Pop loss [250272099]: 2010: 535, loss: 24.3%
Pop loss [250272099]: 2010: 2108, loss: 21.18%
Pop loss [250272099]: 2010: 2607, loss: 14.09%
Pop loss [250272099]: 2010: 2076, loss: 4.87%
Pop loss [250272099]: 2010: 2144, loss: 5.14%
Pop loss [250272099]: 2010: 3100, loss: 7.86%
Pop loss [250272099]: 2010: 2989, loss: 2.63%
Pop loss [250272099]: 2010: 2793, loss: 21.65%
Pop loss [250272099]: 2010: 2962, loss: 5.72%
Pop loss [250272099]: 2010: 2534, loss: 9.32%
Pop loss [250272099]: 2010: 3084, loss: 0.59%
Pop loss [250272099]: 2010: 2500, loss: 6.99%
Pop loss [250272099]: 2010: 4117, loss: 14.4%
Pop loss [250272099]: 2010: 3243, loss: 4.57%
Pop loss [250272099]: 2010: 3610, loss: 4.45%
Pop loss [250272099]: 2010: 3323, loss: 6.07%
Pop loss [250272099]: 2010: 2692, loss: 0.51%
Pop loss [250272099]: 2010: 4271, loss: 5.84%
Pop loss [250272099]: 2010: 3476, loss: 5.7%
Pop loss [250272099]: 2010: 3334, loss: 4.06%
Pop loss [250272099]: 2010: 2797, loss: 1.54%
Pop loss [250272099]: 2010: 2183, loss: 1.1%
Pop loss [250272099]: 2010: 4252, loss: 7.47%
Pop loss [250272099]: 2010: 4428, loss: 0.25%
Pop loss [250272099]: 2010: 3407, loss: 10.34%
Pop loss [250272099]: 2010: 2885, loss: 3.08%
Pop loss [250272099]: 2010: 1679, loss: 6.1%
Pop loss [250272099]: 2010: 1647, loss: 0.24%
Pop loss [250272099]: 2010: 1617, loss: 6.68%
Pop loss [250272099]: 2010: 2025, loss: 7.73%
Pop loss [250272099]: 2010: 1807, loss: 10.07%
Pop loss [250272099]: 2010: 3302, loss: 6.4%
Pop loss [250272099]: 2010: 3995, loss: 7.75%
Pop loss [250272099]: 2010: 2749, loss: 3.43%
Pop loss [250272099]: 2010: 2412, loss: 6.11%
Pop loss [250272099]: 2010: 2863, loss: 2.24%
Pop loss [250272099]: 2010: 2710, loss: 1.62%
Pop loss [250272099]: 2010: 2861, loss: 2.32%
Pop loss [250272099]: 2010: 2678, loss: 4.64%
Pop loss [250272099]: 2010: 2629, loss: 18.99%
Pop loss [250272099]: 2010: 4138, loss: 9.59%
Pop loss [250272099]: 2010: 3576, loss: 3.01%
Pop loss [250272099]: 2010: 3715, loss: 2.84%
Pop loss [250272099]: 2010: 3464, loss: 9.84%
Pop loss [250272099]: 2010: 3041, loss: 0.35%
Pop loss [250272099]: 2010: 3400, loss: 5.04%
Pop loss [250272099]: 2010: 4180, loss: 6.1%
Pop loss [250272099]: 2010: 1902, loss: 3.26%
Pop loss [250272099]: 2010: 3468, loss: 4.73%
Pop loss [250272099]: 2010: 3475, loss: 0.06%
Pop loss [250272099]: 2010: 636, loss: 5.58%
Pop loss [250272099]: 2010: 622, loss: 10.05%
Pop loss [250272099]: 2010: 4178, loss: 5.67%
Pop loss [250272099]: 2010: 3847, loss: 5.14%
Pop loss [250272099]: 2010: 3229, loss: 9.19%
Pop loss [250272099]: 2010: 3487, loss: 13.14%
Pop loss [250272099]: 2010: 3078, loss: 7.58%
Pop loss [250272099]: 2010: 2833, loss: 9.81%
Pop loss [250272099]: 2010: 2998, loss: 13.95%
Pop loss [250272099]: 2010: 4005, loss: 1.21%
Pop loss [250272099]: 2010: 3524, loss: 9.21%
Pop loss [250272099]: 2010: 3505, loss: 10.55%
Pop loss [250272099]: 2010: 3463, loss: 5.8%
Pop loss [250272099]: 2010: 4166, loss: 4.12%
Pop loss [250272099]: 2010: 3589, loss: 3.27%
Pop loss [250272099]: 2010: 3330, loss: 1.08%
Pop loss [250272099]: 2010: 3213, loss: 5.84%
Pop loss [250272099]: 2010: 4038, loss: 1.08%
Pop loss [250272099]: 2010: 3526, loss: 1.87%
Pop loss [250272099]: 2010: 3123, loss: 1.24%
Pop loss [250272099]: 2010: 3840, loss: 1.76%
Pop loss [250272099]: 2010: 3615, loss: 3.51%
Pop loss [250272099]: 2010: 3705, loss: 6.26%
Pop loss [250272099]: 2010: 3639, loss: 10.35%
Pop loss [250272099]: 2010: 3740, loss: 2.28%
Pop loss [250272099]: 2010: 3495, loss: 12.17%
Pop loss [250272099]: 2010: 3854, loss: 1.52%
Pop loss [250272099]: 2010: 3612, loss: 8.83%
Pop loss [250272099]: 2010: 4011, loss: 8.46%
Pop loss [250272099]: 2010: 3750, loss: 3.09%
Pop loss [250272099]: 2010: 3610, loss: 1.44%
Pop loss [250272099]: 2010: 3295, loss: 4.12%
Pop loss [250272099]: 2010: 2708, loss: 7.32%
Pop loss [250272099]: 2010: 3411, loss: 1.76%
Pop loss [250272099]: 2010: 3771, loss: 1.31%
Pop loss [250272099]: 2010: 3697, loss: 19.46%
Pop loss [250272099]: 2010: 3702, loss: 21.75%
Pop loss [250272099]: 2010: 3648, loss: 7.86%
Pop loss [250272099]: 2010: 3820, loss: 16.69%
Row count: 2165
Loss count: 721
Tot 2010 Pop: 6547629
Tot 2018 Pop: 6829765.0
