Make Demographic_Data_OR.v04 (2024-01-31)

Row count: 2970
Totals from Block Data (BData) and CSV Data (CData)
Field;			BData;	CData;	Diff
T_10_CENS_Total;	3830484;	3830484;	0
T_10_CENS_White;	3005315;	3005315;	0
T_10_CENS_Hispanic;	450019;	450019;	0
T_10_CENS_Black;	98479;	98479;	0
T_10_CENS_Asian;	186281;	186281;	0
T_10_CENS_Native;	109205;	109205;	0
T_10_CENS_Pacific;	25785;	25785;	0
T_18_ACS_Total;	4081750;	4081750;	0
T_18_ACS_White;	3103366;	3103366;	0
T_18_ACS_Hispanic;	523956;	523956;	0
T_18_ACS_Black;	116584;	116584;	0
T_18_ACS_Asian;	239111;	239111;	0
T_18_ACS_Native;	128382;	128382;	0
T_18_ACS_Pacific;	33371;	33371;	0
T_19_ACS_Total;	4129803;	4129803;	0
T_19_ACS_White;	3125842;	3125842;	0
T_19_ACS_Hispanic;	537217;	537217;	0
T_19_ACS_Black;	119710;	119710;	0
T_19_ACS_Asian;	246789;	246789;	0
T_19_ACS_Native;	128380;	128380;	0
T_19_ACS_Pacific;	34407;	34407;	0
T_20_CENS_Total;	4237256;	4237256;	0
T_20_CENS_White;	3036158;	3036158;	0
T_20_CENS_Hispanic;	588757;	588757;	0
T_20_CENS_Black;	134692;	134692;	0
T_20_CENS_Asian;	275296;	275296;	0
T_20_CENS_Native;	185726;	185726;	0
T_20_CENS_Pacific;	39709;	39709;	0
T_20_ACS_Total;	4176346;	4176346;	0
T_20_ACS_White;	3128494;	3128494;	0
T_20_ACS_Hispanic;	552279;	552279;	0
T_20_ACS_Black;	124917;	124917;	0
T_20_ACS_Asian;	258188;	258188;	0
T_20_ACS_Native;	130446;	130446;	0
T_20_ACS_Pacific;	36027;	36027;	0
V_10_VAP_Total;	2964111;	2964111;	0
V_10_VAP_White;	2432356;	2432356;	0
V_10_VAP_Hispanic;	269726;	269726;	0
V_10_VAP_Black;	60995;	60995;	0
V_10_VAP_Asian;	131730;	131730;	0
V_10_VAP_Native;	75089;	75089;	0
V_10_VAP_Pacific;	16201;	16201;	0
V_18_CVAP_Total;	3002105;	3002105;	0
V_18_CVAP_White;	2518960;	2518960;	0
V_18_CVAP_Hispanic;	213507;	213507;	0
V_18_CVAP_Black;	62836;	62836;	0
V_18_CVAP_Asian;	117725;	117725;	0
V_18_CVAP_Native;	68608;	68608;	0
V_18_CVAP_Pacific;	8182;	8182;	0
V_19_CVAP_Total;	3053865;	3053865;	0
V_19_CVAP_White;	2543065;	2543065;	0
V_19_CVAP_Hispanic;	229638;	229638;	0
V_19_CVAP_Black;	65529;	65529;	0
V_19_CVAP_Asian;	124897;	124897;	0
V_19_CVAP_Native;	69596;	69596;	0
V_19_CVAP_Pacific;	8318;	8318;	0
V_20_VAP_Total;	3370652;	3370652;	0
V_20_VAP_White;	2526275;	2526275;	0
V_20_VAP_Hispanic;	389394;	389394;	0
V_20_VAP_Black;	90455;	90455;	0
V_20_VAP_Asian;	203785;	203785;	0
V_20_VAP_Native;	136731;	136731;	0
V_20_VAP_Pacific;	26519;	26519;	0
V_20_VAP_NH_Total;	3370652;	3370652;	0
V_20_VAP_NH_White;	2526275;	2526275;	0
V_20_VAP_NH_Hispanic;	389394;	389394;	0
V_20_VAP_NH_BlackAlone;	60012;	60012;	0
V_20_VAP_NH_AsianAlone;	156707;	156707;	0
V_20_VAP_NH_NativeAlone;	32769;	32769;	0
V_20_VAP_NH_PacificAlone;	13091;	13091;	0
V_20_VAP_NH_OtherAlone;	17541;	17541;	0
V_20_VAP_NH_TwoOrMore;	174863;	174863;	0
V_20_CVAP_Total;	3108127;	3108127;	0
V_20_CVAP_White;	2566480;	2566480;	0
V_20_CVAP_Hispanic;	248106;	248106;	0
V_20_CVAP_Black;	67728;	67728;	0
V_20_CVAP_Asian;	131231;	131231;	0
V_20_CVAP_Native;	70748;	70748;	0
V_20_CVAP_Pacific;	8622;	8622;	0
