Make CSV: OR (election)
Row count: 2970
D_2016_pres: 1001736
R_2016_pres: 781636
Tot_2016_pres: 2000032
D_2016_sen: 1104601
R_2016_sen: 650512
Tot_2016_sen: 1951222
D_2016_gov: 984613
R_2016_gov: 844876
Tot_2016_gov: 1944789
D_2016_ag: 1011316
R_2016_ag: 766052
Tot_2016_ag: 1839438
D_2018_gov: 934129
R_2018_gov: 814300
Tot_2018_gov: 1865845
D_2020_pres: 1339890
R_2020_pres: 957702
Tot_2020_pres: 2373040
D_2020_sen: 1320569
R_2020_sen: 912105
Tot_2020_sen: 2320020
D_2020_ag: 1264247
R_2020_ag: 933670
Tot_2020_ag: 2258452
