Make CSV: NM (census)
Pop loss [3506133]: 2010: 1179, loss: 18.73%
Pop loss [3506133]: 2010: 1634, loss: 4.68%
Pop loss [3506133]: 2010: 847, loss: 1.49%
Pop loss [3506133]: 2010: 1451, loss: 1.54%
Pop loss [3506133]: 2010: 1764, loss: 16.58%
Pop loss [3506133]: 2010: 1723, loss: 25.46%
Pop loss [3506133]: 2010: 1391, loss: 2.19%
Pop loss [3506133]: 2010: 1975, loss: 2.9%
Pop loss [3506133]: 2010: 2668, loss: 4.79%
Pop loss [3506133]: 2010: 2135, loss: 9.57%
Pop loss [3506133]: 2010: 2060, loss: 3.44%
Pop loss [3506133]: 2010: 2605, loss: 12.97%
Pop loss [3506133]: 2010: 2619, loss: 1.48%
Pop loss [3506133]: 2010: 1997, loss: 12.05%
Pop loss [3506133]: 2010: 1222, loss: 7.1%
Pop loss [3506133]: 2010: 1831, loss: 29.98%
Pop loss [3506133]: 2010: 1639, loss: 20.77%
Pop loss [3506133]: 2010: 3369, loss: 9.5%
Pop loss [3506133]: 2010: 3192, loss: 11.83%
Pop loss [3506133]: 2010: 668, loss: 5.33%
Pop loss [3506133]: 2010: 5021, loss: 3.46%
Pop loss [3506133]: 2010: 1356, loss: 22.03%
Pop loss [3506133]: 2010: 4566, loss: 5.67%
Pop loss [3506133]: 2010: 1618, loss: 9.1%
Pop loss [3506133]: 2010: 1159, loss: 5.83%
Pop loss [3506133]: 2010: 1104, loss: 20.51%
Pop loss [3506133]: 2010: 1383, loss: 10.94%
Pop loss [3506133]: 2010: 1816, loss: 27.92%
Pop loss [3506133]: 2010: 2109, loss: 6.28%
Pop loss [3506133]: 2010: 1722, loss: 6.23%
Pop loss [3506133]: 2010: 3702, loss: 6.16%
Pop loss [3506133]: 2010: 2069, loss: 0.52%
Pop loss [3506133]: 2010: 1693, loss: 7.17%
Pop loss [3506133]: 2010: 838, loss: 3.82%
Pop loss [3506133]: 2010: 1441, loss: 9.38%
Pop loss [3506133]: 2010: 1845, loss: 5.2%
Pop loss [3506133]: 2010: 1947, loss: 2.11%
Pop loss [3506133]: 2010: 1965, loss: 0.72%
Pop loss [3506133]: 2010: 620, loss: 11.52%
Pop loss [3506133]: 2010: 979, loss: 16.78%
Pop loss [3506133]: 2010: 1861, loss: 5.53%
Pop loss [3506133]: 2010: 496, loss: 6.83%
Pop loss [3506133]: 2010: 116, loss: 3.19%
Pop loss [3506133]: 2010: 3347, loss: 12.13%
Pop loss [3506133]: 2010: 4772, loss: 16.11%
Pop loss [3506133]: 2010: 3680, loss: 4.69%
Pop loss [3506133]: 2010: 2842, loss: 11.38%
Pop loss [3506133]: 2010: 1116, loss: 3.21%
Pop loss [3506133]: 2010: 514, loss: 9.38%
Pop loss [3506133]: 2010: 1146, loss: 4.82%
Pop loss [3506133]: 2010: 734, loss: 10.98%
Pop loss [3506133]: 2010: 782, loss: 13.01%
Pop loss [3506133]: 2010: 809, loss: 24.07%
Pop loss [3506133]: 2010: 1130, loss: 24.51%
Pop loss [3506133]: 2010: 1361, loss: 14.97%
Pop loss [3506133]: 2010: 785, loss: 4.94%
Pop loss [3506133]: 2010: 1828, loss: 1.7%
Pop loss [3506133]: 2010: 650, loss: 5.83%
Pop loss [3506133]: 2010: 643, loss: 1.23%
Pop loss [3506133]: 2010: 562, loss: 11.65%
Pop loss [3506133]: 2010: 443, loss: 15.85%
Pop loss [3506133]: 2010: 1389, loss: 8.75%
Pop loss [3506133]: 2010: 779, loss: 13.54%
Pop loss [3506133]: 2010: 1502, loss: 19.35%
Pop loss [3506133]: 2010: 1445, loss: 7.17%
Pop loss [3506133]: 2010: 895, loss: 14.13%
Pop loss [3506133]: 2010: 842, loss: 0.45%
Pop loss [3506133]: 2010: 1088, loss: 16.39%
Pop loss [3506133]: 2010: 1174, loss: 18.25%
Pop loss [3506133]: 2010: 1154, loss: 5.52%
Pop loss [3506133]: 2010: 780, loss: 11.79%
Pop loss [3506133]: 2010: 668, loss: 10.91%
Pop loss [3506133]: 2010: 975, loss: 6.9%
Pop loss [3506133]: 2010: 1493, loss: 6.52%
Pop loss [3506133]: 2010: 673, loss: 2.23%
Pop loss [3506133]: 2010: 727, loss: 24.11%
Pop loss [3506133]: 2010: 787, loss: 10.95%
Pop loss [3506133]: 2010: 743, loss: 3.88%
Pop loss [3506133]: 2010: 927, loss: 3.26%
Pop loss [3506133]: 2010: 1142, loss: 5.51%
Pop loss [3506133]: 2010: 949, loss: 2.64%
Pop loss [3506133]: 2010: 763, loss: 7.1%
Pop loss [3506133]: 2010: 1849, loss: 31.14%
Pop loss [3506133]: 2010: 504, loss: 2.2%
Pop loss [3506133]: 2010: 614, loss: 2.18%
Pop loss [3506133]: 2010: 1224, loss: 2.86%
Pop loss [3506133]: 2010: 961, loss: 12.88%
Pop loss [3506133]: 2010: 1975, loss: 24.97%
Pop loss [3506133]: 2010: 797, loss: 11.36%
Pop loss [3506133]: 2010: 635, loss: 16.72%
Pop loss [3506133]: 2010: 1487, loss: 10.64%
Pop loss [3506133]: 2010: 633, loss: 11.53%
Pop loss [3506133]: 2010: 3318, loss: 5.06%
Pop loss [3506133]: 2010: 1053, loss: 15.48%
Pop loss [3506133]: 2010: 1220, loss: 10.17%
Pop loss [3506133]: 2010: 1619, loss: 0.92%
Pop loss [3506133]: 2010: 966, loss: 18.75%
Pop loss [3506133]: 2010: 1392, loss: 6.65%
Pop loss [3506133]: 2010: 5721, loss: 12.06%
Pop loss [3506133]: 2010: 1183, loss: 17.62%
Pop loss [3506133]: 2010: 2207, loss: 6.12%
Pop loss [3506133]: 2010: 925, loss: 8.0%
Pop loss [3506133]: 2010: 2121, loss: 5.37%
Pop loss [3506133]: 2010: 671, loss: 7.99%
Pop loss [3506133]: 2010: 1754, loss: 3.48%
Pop loss [3506133]: 2010: 1073, loss: 26.47%
Pop loss [3506133]: 2010: 801, loss: 3.61%
Pop loss [3506133]: 2010: 525, loss: 10.93%
Pop loss [3506133]: 2010: 746, loss: 11.61%
Pop loss [3506133]: 2010: 833, loss: 15.79%
Pop loss [3506133]: 2010: 3802, loss: 17.24%
Pop loss [3506133]: 2010: 2237, loss: 18.33%
Pop loss [3506133]: 2010: 3174, loss: 3.78%
Pop loss [3506133]: 2010: 1700, loss: 25.43%
Pop loss [3506133]: 2010: 1883, loss: 25.04%
Pop loss [3506133]: 2010: 1567, loss: 11.58%
Pop loss [3506133]: 2010: 720, loss: 19.93%
Pop loss [3506133]: 2010: 441, loss: 12.52%
Pop loss [3506133]: 2010: 743, loss: 20.43%
Pop loss [3506133]: 2010: 1163, loss: 9.03%
Pop loss [3506133]: 2010: 1830, loss: 25.1%
Pop loss [3506133]: 2010: 470, loss: 27.21%
Pop loss [3506133]: 2010: 601, loss: 21.25%
Pop loss [3506133]: 2010: 2203, loss: 35.86%
Pop loss [3506133]: 2010: 595, loss: 19.08%
Pop loss [3506133]: 2010: 917, loss: 23.72%
Pop loss [3506133]: 2010: 599, loss: 10.27%
Pop loss [3506133]: 2010: 569, loss: 0.09%
Pop loss [3506133]: 2010: 565, loss: 3.17%
Pop loss [3506133]: 2010: 716, loss: 10.68%
Pop loss [3506133]: 2010: 666, loss: 13.62%
Pop loss [3506133]: 2010: 946, loss: 15.62%
Pop loss [3506133]: 2010: 806, loss: 2.83%
Pop loss [3506133]: 2010: 758, loss: 4.12%
Pop loss [3506133]: 2010: 849, loss: 2.24%
Pop loss [3506133]: 2010: 1074, loss: 4.23%
Pop loss [3506133]: 2010: 1114, loss: 5.3%
Pop loss [3506133]: 2010: 1237, loss: 28.86%
Pop loss [3506133]: 2010: 1473, loss: 20.3%
Pop loss [3506133]: 2010: 517, loss: 36.38%
Pop loss [3506133]: 2010: 508, loss: 4.53%
Pop loss [3506133]: 2010: 1496, loss: 4.68%
Pop loss [3506133]: 2010: 2571, loss: 12.2%
Pop loss [3506133]: 2010: 1408, loss: 27.63%
Pop loss [3506133]: 2010: 3517, loss: 6.84%
Pop loss [3506133]: 2010: 3813, loss: 8.9%
Pop loss [3506133]: 2010: 2903, loss: 12.8%
Pop loss [3506133]: 2010: 979, loss: 21.79%
Pop loss [3506133]: 2010: 625, loss: 13.47%
Pop loss [3506133]: 2010: 1480, loss: 18.18%
Pop loss [3506133]: 2010: 796, loss: 0.33%
Pop loss [3506133]: 2010: 2396, loss: 6.93%
Pop loss [3506133]: 2010: 934, loss: 45.84%
Pop loss [3506133]: 2010: 811, loss: 6.3%
Pop loss [3506133]: 2010: 2893, loss: 4.57%
Pop loss [3506133]: 2010: 2076, loss: 17.82%
Pop loss [3506133]: 2010: 680, loss: 4.85%
Pop loss [3506133]: 2010: 937, loss: 25.72%
Pop loss [3506133]: 2010: 2599, loss: 2.65%
Pop loss [3506133]: 2010: 801, loss: 30.74%
Pop loss [3506133]: 2010: 660, loss: 29.82%
Pop loss [3506133]: 2010: 833, loss: 20.92%
Pop loss [3506133]: 2010: 732, loss: 4.71%
Pop loss [3506133]: 2010: 536, loss: 6.08%
Pop loss [3506133]: 2010: 732, loss: 5.6%
Pop loss [3506133]: 2010: 609, loss: 7.01%
Pop loss [3506133]: 2010: 1327, loss: 29.29%
Pop loss [3506133]: 2010: 1128, loss: 10.78%
Pop loss [3506133]: 2010: 2438, loss: 17.36%
Pop loss [3506133]: 2010: 1085, loss: 4.74%
Pop loss [3506133]: 2010: 866, loss: 13.97%
Pop loss [3506133]: 2010: 1123, loss: 5.96%
Pop loss [3506133]: 2010: 886, loss: 22.57%
Pop loss [3506133]: 2010: 1306, loss: 6.81%
Pop loss [3506133]: 2010: 1033, loss: 24.91%
Pop loss [3506133]: 2010: 682, loss: 4.4%
Pop loss [3506133]: 2010: 613, loss: 2.97%
Pop loss [3506133]: 2010: 746, loss: 15.79%
Pop loss [3506133]: 2010: 1822, loss: 19.84%
Pop loss [3506133]: 2010: 989, loss: 8.45%
Pop loss [3506133]: 2010: 1381, loss: 4.78%
Pop loss [3506133]: 2010: 890, loss: 3.92%
Pop loss [3506133]: 2010: 775, loss: 5.3%
Pop loss [3506133]: 2010: 845, loss: 3.66%
Pop loss [3506133]: 2010: 658, loss: 1.96%
Pop loss [3506133]: 2010: 603, loss: 1.84%
Pop loss [3506133]: 2010: 1263, loss: 4.2%
Pop loss [3506133]: 2010: 1328, loss: 3.24%
Pop loss [3506133]: 2010: 777, loss: 11.13%
Pop loss [3506133]: 2010: 1243, loss: 8.53%
Pop loss [3506133]: 2010: 978, loss: 6.95%
Pop loss [3506133]: 2010: 472, loss: 13.03%
Pop loss [3506133]: 2010: 2260, loss: 0.36%
Pop loss [3506133]: 2010: 1213, loss: 13.44%
Pop loss [3506133]: 2010: 1487, loss: 2.2%
Pop loss [3506133]: 2010: 945, loss: 1.52%
Pop loss [3506133]: 2010: 965, loss: 14.94%
Pop loss [3506133]: 2010: 641, loss: 7.33%
Pop loss [3506133]: 2010: 1265, loss: 1.74%
Pop loss [3506133]: 2010: 1203, loss: 0.68%
Pop loss [3506133]: 2010: 1704, loss: 7.61%
Pop loss [3506133]: 2010: 1018, loss: 12.37%
Pop loss [3506133]: 2010: 1347, loss: 14.49%
Pop loss [3506133]: 2010: 1350, loss: 8.52%
Pop loss [3506133]: 2010: 1036, loss: 9.02%
Pop loss [3506133]: 2010: 539, loss: 2.43%
Pop loss [3506133]: 2010: 1590, loss: 7.88%
Pop loss [3506133]: 2010: 778, loss: 16.38%
Pop loss [3506133]: 2010: 730, loss: 15.58%
Pop loss [3506133]: 2010: 1764, loss: 3.34%
Pop loss [3506133]: 2010: 584, loss: 9.55%
Pop loss [3506133]: 2010: 1148, loss: 12.56%
Pop loss [3506133]: 2010: 1405, loss: 4.41%
Pop loss [3506133]: 2010: 1229, loss: 17.66%
Pop loss [3506133]: 2010: 843, loss: 23.84%
Pop loss [3506133]: 2010: 988, loss: 20.19%
Pop loss [3506133]: 2010: 946, loss: 11.06%
Pop loss [3506133]: 2010: 1357, loss: 8.51%
Pop loss [3506133]: 2010: 1106, loss: 8.35%
Pop loss [3506133]: 2010: 668, loss: 17.8%
Pop loss [3506133]: 2010: 2205, loss: 5.87%
Pop loss [3506133]: 2010: 617, loss: 9.42%
Pop loss [3506133]: 2010: 1499, loss: 1.93%
Pop loss [3506133]: 2010: 1098, loss: 5.3%
Pop loss [3506133]: 2010: 892, loss: 11.52%
Pop loss [3506133]: 2010: 805, loss: 10.42%
Pop loss [3506133]: 2010: 909, loss: 5.24%
Pop loss [3506133]: 2010: 1184, loss: 3.92%
Pop loss [3506133]: 2010: 938, loss: 2.05%
Pop loss [3506133]: 2010: 2191, loss: 9.92%
Pop loss [3506133]: 2010: 1262, loss: 5.13%
Pop loss [3506133]: 2010: 46, loss: 8.48%
Pop loss [3506133]: 2010: 53, loss: 18.49%
Pop loss [3506133]: 2010: 253, loss: 9.29%
Pop loss [3506133]: 2010: 1039, loss: 16.18%
Pop loss [3506133]: 2010: 1310, loss: 25.26%
Pop loss [3506133]: 2010: 2657, loss: 4.46%
Pop loss [3506133]: 2010: 2242, loss: 9.38%
Pop loss [3506133]: 2010: 866, loss: 4.1%
Pop loss [3506133]: 2010: 943, loss: 14.92%
Pop loss [3506133]: 2010: 1021, loss: 21.71%
Pop loss [3506133]: 2010: 1677, loss: 2.63%
Pop loss [3506133]: 2010: 3156, loss: 1.03%
Pop loss [3506133]: 2010: 2216, loss: 14.9%
Pop loss [3506133]: 2010: 194, loss: 21.55%
Pop loss [3506133]: 2010: 958, loss: 32.23%
Pop loss [3506133]: 2010: 2297, loss: 0.16%
Pop loss [3506133]: 2010: 164, loss: 30.24%
Pop loss [3506133]: 2010: 1438, loss: 8.94%
Pop loss [3506133]: 2010: 1366, loss: 12.14%
Pop loss [3506133]: 2010: 743, loss: 9.31%
Pop loss [3506133]: 2010: 3320, loss: 8.34%
Pop loss [3506133]: 2010: 628, loss: 12.21%
Pop loss [3506133]: 2010: 3014, loss: 7.68%
Pop loss [3506133]: 2010: 810, loss: 16.19%
Pop loss [3506133]: 2010: 563, loss: 7.26%
Pop loss [3506133]: 2010: 786, loss: 0.47%
Pop loss [3506133]: 2010: 476, loss: 14.56%
Pop loss [3506133]: 2010: 2237, loss: 13.42%
Pop loss [3506133]: 2010: 813, loss: 4.46%
Pop loss [3506133]: 2010: 967, loss: 17.24%
Pop loss [3506133]: 2010: 446, loss: 13.21%
Pop loss [3506133]: 2010: 289, loss: 20.69%
Pop loss [3506133]: 2010: 392, loss: 19.87%
Pop loss [3506133]: 2010: 479, loss: 26.43%
Pop loss [3506133]: 2010: 212, loss: 21.79%
Pop loss [3506133]: 2010: 411, loss: 14.23%
Pop loss [3506133]: 2010: 584, loss: 2.79%
Pop loss [3506133]: 2010: 764, loss: 15.98%
Pop loss [3506133]: 2010: 194, loss: 5.72%
Pop loss [3506133]: 2010: 433, loss: 22.56%
Pop loss [3506133]: 2010: 843, loss: 16.7%
Pop loss [3506133]: 2010: 981, loss: 11.15%
Pop loss [3506133]: 2010: 779, loss: 9.94%
Pop loss [3506133]: 2010: 327, loss: 6.79%
Pop loss [3506133]: 2010: 969, loss: 14.09%
Pop loss [3506133]: 2010: 1106, loss: 9.29%
Pop loss [3506133]: 2010: 1143, loss: 3.04%
Pop loss [3506133]: 2010: 1855, loss: 11.33%
Pop loss [3506133]: 2010: 2337, loss: 1.9%
Pop loss [3506133]: 2010: 1222, loss: 21.55%
Pop loss [3506133]: 2010: 1745, loss: 12.55%
Pop loss [3506133]: 2010: 2310, loss: 14.12%
Pop loss [3506133]: 2010: 2561, loss: 4.46%
Pop loss [3506133]: 2010: 1348, loss: 0.73%
Pop loss [3506133]: 2010: 1455, loss: 50.91%
Pop loss [3506133]: 2010: 653, loss: 26.83%
Pop loss [3506133]: 2010: 919, loss: 3.09%
Pop loss [3506133]: 2010: 461, loss: 16.72%
Pop loss [3506133]: 2010: 1403, loss: 28.87%
Pop loss [3506133]: 2010: 210, loss: 8.33%
Pop loss [3506133]: 2010: 852, loss: 8.08%
Pop loss [3506133]: 2010: 1674, loss: 36.32%
Pop loss [3506133]: 2010: 1265, loss: 17.19%
Pop loss [3506133]: 2010: 1635, loss: 1.41%
Pop loss [3506133]: 2010: 1860, loss: 11.44%
Pop loss [3506133]: 2010: 4009, loss: 18.78%
Pop loss [3506133]: 2010: 3800, loss: 6.38%
Pop loss [3506133]: 2010: 8135, loss: 2.46%
Pop loss [3506133]: 2010: 1448, loss: 6.02%
Pop loss [3506133]: 2010: 1694, loss: 3.36%
Pop loss [3506133]: 2010: 1074, loss: 10.95%
Pop loss [3506133]: 2010: 2813, loss: 5.0%
Pop loss [3506133]: 2010: 1777, loss: 16.4%
Pop loss [3506133]: 2010: 2036, loss: 1.13%
Pop loss [3506133]: 2010: 1937, loss: 2.82%
Pop loss [3506133]: 2010: 2058, loss: 28.21%
Pop loss [3506133]: 2010: 1088, loss: 21.4%
Pop loss [3506133]: 2010: 1027, loss: 11.62%
Pop loss [3506133]: 2010: 888, loss: 9.26%
Pop loss [3506133]: 2010: 501, loss: 10.8%
Pop loss [3506133]: 2010: 943, loss: 3.81%
Pop loss [3506133]: 2010: 1750, loss: 4.19%
Pop loss [3506133]: 2010: 810, loss: 1.46%
Pop loss [3506133]: 2010: 766, loss: 28.83%
Pop loss [3506133]: 2010: 3989, loss: 20.06%
Pop loss [3506133]: 2010: 1263, loss: 3.84%
Pop loss [3506133]: 2010: 769, loss: 19.49%
Pop loss [3506133]: 2010: 762, loss: 4.36%
Pop loss [3506133]: 2010: 1024, loss: 1.01%
Pop loss [3506133]: 2010: 899, loss: 19.69%
Pop loss [3506133]: 2010: 1441, loss: 22.2%
Pop loss [3506133]: 2010: 1998, loss: 18.06%
Pop loss [3506133]: 2010: 1067, loss: 15.1%
Pop loss [3506133]: 2010: 1910, loss: 1.73%
Pop loss [3506133]: 2010: 2188, loss: 35.45%
Pop loss [3506133]: 2010: 2018, loss: 15.46%
Pop loss [3506133]: 2010: 871, loss: 17.16%
Pop loss [3506133]: 2010: 1300, loss: 21.27%
Pop loss [3506133]: 2010: 3245, loss: 13.84%
Pop loss [3506133]: 2010: 1231, loss: 28.72%
Pop loss [3506133]: 2010: 887, loss: 10.86%
Pop loss [3506133]: 2010: 1784, loss: 0.39%
Pop loss [3506133]: 2010: 3850, loss: 3.94%
Pop loss [3506133]: 2010: 556, loss: 8.6%
Pop loss [3506133]: 2010: 1916, loss: 21.14%
Pop loss [3506133]: 2010: 2857, loss: 10.12%
Pop loss [3506133]: 2010: 503, loss: 6.24%
Pop loss [3506133]: 2010: 1336, loss: 10.7%
Pop loss [3506133]: 2010: 1242, loss: 19.14%
Pop loss [3506133]: 2010: 1518, loss: 5.86%
Pop loss [3506133]: 2010: 581, loss: 18.47%
Pop loss [3506133]: 2010: 1492, loss: 10.02%
Pop loss [3506133]: 2010: 1607, loss: 4.37%
Pop loss [3506133]: 2010: 2184, loss: 3.48%
Pop loss [3506133]: 2010: 1968, loss: 3.35%
Pop loss [3506133]: 2010: 560, loss: 1.14%
Pop loss [3506133]: 2010: 3946, loss: 1.46%
Pop loss [3506133]: 2010: 1147, loss: 19.62%
Pop loss [3506133]: 2010: 994, loss: 4.53%
Pop loss [3506133]: 2010: 1072, loss: 0.9%
Pop loss [3506133]: 2010: 1895, loss: 19.77%
Pop loss [3506133]: 2010: 1149, loss: 5.81%
Pop loss [3506133]: 2010: 2184, loss: 8.71%
Pop loss [3506133]: 2010: 1937, loss: 2.32%
Pop loss [3506133]: 2010: 1738, loss: 5.4%
Pop loss [3506133]: 2010: 455, loss: 2.18%
Pop loss [3506133]: 2010: 2021, loss: 23.45%
Pop loss [3506133]: 2010: 1574, loss: 3.89%
Pop loss [3506133]: 2010: 1222, loss: 28.36%
Pop loss [3506133]: 2010: 1627, loss: 1.35%
Pop loss [3506133]: 2010: 2174, loss: 9.73%
Pop loss [3506133]: 2010: 1285, loss: 10.23%
Pop loss [3506133]: 2010: 264, loss: 0.11%
Pop loss [3506133]: 2010: 744, loss: 14.99%
Pop loss [3506133]: 2010: 234, loss: 15.34%
Pop loss [3506133]: 2010: 160, loss: 17.25%
Pop loss [3506133]: 2010: 661, loss: 23.34%
Pop loss [3506133]: 2010: 626, loss: 12.36%
Pop loss [3506133]: 2010: 51, loss: 5.29%
Pop loss [3506133]: 2010: 1185, loss: 13.95%
Pop loss [3506133]: 2010: 37, loss: 11.08%
Pop loss [3506133]: 2010: 333, loss: 29.52%
Pop loss [3506133]: 2010: 1860, loss: 29.63%
Pop loss [3506133]: 2010: 2306, loss: 2.75%
Pop loss [3506133]: 2010: 1317, loss: 12.0%
Pop loss [3506133]: 2010: 1466, loss: 18.19%
Pop loss [3506133]: 2010: 1740, loss: 10.09%
Pop loss [3506133]: 2010: 771, loss: 13.36%
Pop loss [3506133]: 2010: 854, loss: 7.6%
Pop loss [3506133]: 2010: 653, loss: 4.13%
Pop loss [3506133]: 2010: 462, loss: 20.13%
Pop loss [3506133]: 2010: 910, loss: 7.12%
Pop loss [3506133]: 2010: 968, loss: 13.38%
Pop loss [3506133]: 2010: 101, loss: 15.35%
Pop loss [3506133]: 2010: 1672, loss: 9.46%
Pop loss [3506133]: 2010: 496, loss: 49.17%
Pop loss [3506133]: 2010: 574, loss: 50.73%
Pop loss [3506133]: 2010: 306, loss: 34.58%
Pop loss [3506133]: 2010: 389, loss: 33.47%
Pop loss [3506133]: 2010: 1423, loss: 12.9%
Pop loss [3506133]: 2010: 1209, loss: 9.42%
Pop loss [3506133]: 2010: 383, loss: 13.92%
Pop loss [3506133]: 2010: 277, loss: 5.81%
Pop loss [3506133]: 2010: 888, loss: 18.0%
Pop loss [3506133]: 2010: 88, loss: 19.2%
Pop loss [3506133]: 2010: 1319, loss: 9.94%
Pop loss [3506133]: 2010: 1948, loss: 16.03%
Pop loss [3506133]: 2010: 1989, loss: 17.47%
Pop loss [3506133]: 2010: 1048, loss: 3.51%
Pop loss [3506133]: 2010: 1272, loss: 3.69%
Pop loss [3506133]: 2010: 879, loss: 20.38%
Pop loss [3506133]: 2010: 873, loss: 19.68%
Pop loss [3506133]: 2010: 1056, loss: 3.72%
Pop loss [3506133]: 2010: 1266, loss: 7.88%
Pop loss [3506133]: 2010: 1413, loss: 6.04%
Pop loss [3506133]: 2010: 1505, loss: 11.19%
Pop loss [3506133]: 2010: 3283, loss: 10.51%
Pop loss [3506133]: 2010: 1997, loss: 11.8%
Pop loss [3506133]: 2010: 1335, loss: 2.66%
Pop loss [3506133]: 2010: 825, loss: 3.37%
Pop loss [3506133]: 2010: 375, loss: 31.36%
Pop loss [3506133]: 2010: 472, loss: 10.51%
Pop loss [3506133]: 2010: 1386, loss: 8.63%
Pop loss [3506133]: 2010: 1966, loss: 32.72%
Pop loss [3506133]: 2010: 1956, loss: 23.17%
Pop loss [3506133]: 2010: 3042, loss: 7.0%
Pop loss [3506133]: 2010: 745, loss: 5.89%
Pop loss [3506133]: 2010: 969, loss: 12.95%
Pop loss [3506133]: 2010: 560, loss: 1.05%
Pop loss [3506133]: 2010: 218, loss: 4.22%
Pop loss [3506133]: 2010: 427, loss: 8.62%
Pop loss [3506133]: 2010: 45, loss: 28.89%
Pop loss [3506133]: 2010: 184, loss: 21.58%
Pop loss [3506133]: 2010: 1078, loss: 1.15%
Pop loss [3506133]: 2010: 702, loss: 17.95%
Pop loss [3506133]: 2010: 1647, loss: 1.12%
Pop loss [3506133]: 2010: 745, loss: 3.46%
Pop loss [3506133]: 2010: 1127, loss: 0.31%
Pop loss [3506133]: 2010: 2379, loss: 9.66%
Pop loss [3506133]: 2010: 1917, loss: 22.03%
Pop loss [3506133]: 2010: 2503, loss: 4.66%
Pop loss [3506133]: 2010: 1717, loss: 6.38%
Pop loss [3506133]: 2010: 2266, loss: 9.28%
Pop loss [3506133]: 2010: 2157, loss: 9.14%
Pop loss [3506133]: 2010: 2333, loss: 8.97%
Pop loss [3506133]: 2010: 2634, loss: 17.26%
Pop loss [3506133]: 2010: 2273, loss: 8.42%
Pop loss [3506133]: 2010: 608, loss: 4.16%
Pop loss [3506133]: 2010: 978, loss: 20.69%
Pop loss [3506133]: 2010: 737, loss: 13.5%
Pop loss [3506133]: 2010: 866, loss: 0.69%
Pop loss [3506133]: 2010: 1767, loss: 7.47%
Pop loss [3506133]: 2010: 2325, loss: 4.35%
Pop loss [3506133]: 2010: 957, loss: 2.5%
Pop loss [3506133]: 2010: 1764, loss: 11.35%
Pop loss [3506133]: 2010: 411, loss: 16.86%
Pop loss [3506133]: 2010: 1789, loss: 15.63%
Pop loss [3506133]: 2010: 1684, loss: 3.62%
Pop loss [3506133]: 2010: 1636, loss: 21.54%
Pop loss [3506133]: 2010: 1232, loss: 9.11%
Pop loss [3506133]: 2010: 1479, loss: 13.5%
Pop loss [3506133]: 2010: 604, loss: 15.18%
Pop loss [3506133]: 2010: 579, loss: 52.16%
Pop loss [3506133]: 2010: 2294, loss: 4.59%
Pop loss [3506133]: 2010: 1278, loss: 15.76%
Pop loss [3506133]: 2010: 485, loss: 13.79%
Pop loss [3506133]: 2010: 325, loss: 23.08%
Pop loss [3506133]: 2010: 835, loss: 9.1%
Pop loss [3506133]: 2010: 920, loss: 13.39%
Pop loss [3506133]: 2010: 726, loss: 22.29%
Pop loss [3506133]: 2010: 1316, loss: 41.32%
Pop loss [3506133]: 2010: 1503, loss: 0.32%
Pop loss [3506133]: 2010: 998, loss: 20.04%
Pop loss [3506133]: 2010: 349, loss: 10.69%
Pop loss [3506133]: 2010: 764, loss: 16.16%
Pop loss [3506133]: 2010: 781, loss: 0.29%
Pop loss [3506133]: 2010: 478, loss: 10.52%
Pop loss [3506133]: 2010: 905, loss: 11.72%
Pop loss [3506133]: 2010: 474, loss: 3.19%
Pop loss [3506133]: 2010: 452, loss: 12.96%
Pop loss [3506133]: 2010: 282, loss: 2.73%
Pop loss [3506133]: 2010: 238, loss: 14.75%
Pop loss [3506133]: 2010: 395, loss: 14.18%
Pop loss [3506133]: 2010: 291, loss: 27.63%
Pop loss [3506133]: 2010: 296, loss: 14.05%
Pop loss [3506133]: 2010: 390, loss: 15.74%
Pop loss [3506133]: 2010: 228, loss: 31.75%
Pop loss [3506133]: 2010: 1961, loss: 18.03%
Pop loss [3506133]: 2010: 953, loss: 19.69%
Pop loss [3506133]: 2010: 2683, loss: 11.23%
Pop loss [3506133]: 2010: 1710, loss: 28.46%
Pop loss [3506133]: 2010: 1406, loss: 30.63%
Pop loss [3506133]: 2010: 2039, loss: 9.28%
Pop loss [3506133]: 2010: 775, loss: 8.62%
Pop loss [3506133]: 2010: 724, loss: 33.83%
Pop loss [3506133]: 2010: 900, loss: 39.72%
Pop loss [3506133]: 2010: 1775, loss: 19.17%
Pop loss [3506133]: 2010: 1088, loss: 12.63%
Pop loss [3506133]: 2010: 1145, loss: 3.2%
Pop loss [3506133]: 2010: 996, loss: 9.04%
Pop loss [3506133]: 2010: 826, loss: 3.03%
Pop loss [3506133]: 2010: 1161, loss: 26.49%
Pop loss [3506133]: 2010: 265, loss: 28.15%
Pop loss [3506133]: 2010: 1107, loss: 1.25%
Pop loss [3506133]: 2010: 227, loss: 15.46%
Pop loss [3506133]: 2010: 141, loss: 22.27%
Pop loss [3506133]: 2010: 451, loss: 5.79%
Pop loss [3506133]: 2010: 157, loss: 7.01%
Pop loss [3506133]: 2010: 1114, loss: 16.36%
Pop loss [3506133]: 2010: 689, loss: 23.73%
Pop loss [3506133]: 2010: 1409, loss: 5.98%
Pop loss [3506133]: 2010: 646, loss: 9.75%
Pop loss [3506133]: 2010: 1447, loss: 10.03%
Pop loss [3506133]: 2010: 1290, loss: 12.51%
Pop loss [3506133]: 2010: 773, loss: 17.32%
Pop loss [3506133]: 2010: 2281, loss: 9.5%
Pop loss [3506133]: 2010: 1308, loss: 21.48%
Pop loss [3506133]: 2010: 332, loss: 17.74%
Pop loss [3506133]: 2010: 1497, loss: 17.76%
Pop loss [3506133]: 2010: 1615, loss: 23.73%
Pop loss [3506133]: 2010: 935, loss: 15.96%
Pop loss [3506133]: 2010: 276, loss: 18.77%
Pop loss [3506133]: 2010: 788, loss: 6.28%
Pop loss [3506133]: 2010: 400, loss: 6.97%
Pop loss [3506133]: 2010: 221, loss: 1.81%
Pop loss [3506133]: 2010: 351, loss: 3.02%
Pop loss [3506133]: 2010: 446, loss: 16.32%
Pop loss [3506133]: 2010: 151, loss: 18.74%
Pop loss [3506133]: 2010: 455, loss: 17.8%
Pop loss [3506133]: 2010: 904, loss: 8.26%
Pop loss [3506133]: 2010: 559, loss: 45.1%
Pop loss [3506133]: 2010: 788, loss: 46.98%
Pop loss [3506133]: 2010: 3182, loss: 12.97%
Pop loss [3506133]: 2010: 398, loss: 2.36%
Pop loss [3506133]: 2010: 1953, loss: 12.55%
Pop loss [3506133]: 2010: 2119, loss: 12.88%
Pop loss [3506133]: 2010: 1377, loss: 5.94%
Pop loss [3506133]: 2010: 1669, loss: 12.14%
Pop loss [3506133]: 2010: 1991, loss: 15.51%
Pop loss [3506133]: 2010: 683, loss: 2.94%
Pop loss [3506133]: 2010: 1483, loss: 8.44%
Pop loss [3506133]: 2010: 726, loss: 16.8%
Pop loss [3506133]: 2010: 1977, loss: 2.13%
Pop loss [3506133]: 2010: 1169, loss: 7.6%
Pop loss [3506133]: 2010: 1089, loss: 30.19%
Pop loss [3506133]: 2010: 458, loss: 7.36%
Pop loss [3506133]: 2010: 3087, loss: 1.44%
Pop loss [3506133]: 2010: 2539, loss: 0.77%
Pop loss [3506133]: 2010: 1082, loss: 31.11%
Pop loss [3506133]: 2010: 1825, loss: 6.58%
Pop loss [3506133]: 2010: 712, loss: 4.26%
Pop loss [3506133]: 2010: 735, loss: 0.42%
Pop loss [3506133]: 2010: 2767, loss: 3.9%
Pop loss [3506133]: 2010: 574, loss: 1.62%
Pop loss [3506133]: 2010: 387, loss: 13.62%
Pop loss [3506133]: 2010: 396, loss: 11.21%
Pop loss [3506133]: 2010: 579, loss: 3.44%
Pop loss [3506133]: 2010: 618, loss: 28.11%
Pop loss [3506133]: 2010: 3323, loss: 3.99%
Pop loss [3506133]: 2010: 728, loss: 6.33%
Pop loss [3506133]: 2010: 1359, loss: 1.73%
Pop loss [3506133]: 2010: 587, loss: 1.4%
Pop loss [3506133]: 2010: 476, loss: 16.45%
Pop loss [3506133]: 2010: 981, loss: 3.57%
Pop loss [3506133]: 2010: 1546, loss: 21.42%
Pop loss [3506133]: 2010: 1418, loss: 6.38%
Pop loss [3506133]: 2010: 1143, loss: 9.77%
Pop loss [3506133]: 2010: 1740, loss: 27.86%
Pop loss [3506133]: 2010: 2949, loss: 3.15%
Pop loss [3506133]: 2010: 1766, loss: 13.42%
Pop loss [3506133]: 2010: 1988, loss: 3.29%
Pop loss [3506133]: 2010: 1462, loss: 6.94%
Pop loss [3506133]: 2010: 1590, loss: 25.95%
Pop loss [3506133]: 2010: 2005, loss: 8.38%
Pop loss [3506133]: 2010: 1776, loss: 28.26%
Pop loss [3506133]: 2010: 1333, loss: 6.4%
Pop loss [3506133]: 2010: 1247, loss: 31.32%
Pop loss [3506133]: 2010: 1744, loss: 13.65%
Pop loss [3506133]: 2010: 1182, loss: 12.39%
Pop loss [3506133]: 2010: 2480, loss: 4.15%
Pop loss [3506133]: 2010: 408, loss: 21.64%
Pop loss [3506133]: 2010: 503, loss: 29.13%
Pop loss [3506133]: 2010: 1522, loss: 10.05%
Pop loss [3506133]: 2010: 2825, loss: 0.14%
Pop loss [3506133]: 2010: 2913, loss: 3.11%
Pop loss [3506133]: 2010: 1016, loss: 19.66%
Pop loss [3506133]: 2010: 267, loss: 20.07%
Pop loss [3506133]: 2010: 351, loss: 9.34%
Pop loss [3506133]: 2010: 308, loss: 11.23%
Pop loss [3506133]: 2010: 2083, loss: 35.4%
Pop loss [3506133]: 2010: 3304, loss: 2.54%
Pop loss [3506133]: 2010: 552, loss: 7.3%
Pop loss [3506133]: 2010: 1927, loss: 13.63%
Pop loss [3506133]: 2010: 436, loss: 4.47%
Pop loss [3506133]: 2010: 990, loss: 3.31%
Pop loss [3506133]: 2010: 755, loss: 7.01%
Pop loss [3506133]: 2010: 1409, loss: 8.43%
Pop loss [3506133]: 2010: 1016, loss: 8.08%
Pop loss [3506133]: 2010: 1904, loss: 3.19%
Pop loss [3506133]: 2010: 1777, loss: 7.1%
Pop loss [3506133]: 2010: 2664, loss: 3.85%
Pop loss [3506133]: 2010: 1726, loss: 11.01%
Pop loss [3506133]: 2010: 2677, loss: 17.89%
Pop loss [3506133]: 2010: 1846, loss: 9.36%
Pop loss [3506133]: 2010: 994, loss: 18.59%
Pop loss [3506133]: 2010: 1169, loss: 14.07%
Pop loss [3506133]: 2010: 1204, loss: 19.89%
Pop loss [3506133]: 2010: 3068, loss: 0.07%
Pop loss [3506133]: 2010: 1078, loss: 4.75%
Pop loss [3506133]: 2010: 1123, loss: 9.06%
Pop loss [3506133]: 2010: 2165, loss: 12.51%
Pop loss [3506133]: 2010: 1500, loss: 17.61%
Pop loss [3506133]: 2010: 1858, loss: 5.1%
Pop loss [3506133]: 2010: 1341, loss: 15.54%
Pop loss [3506133]: 2010: 1077, loss: 1.4%
Pop loss [3506133]: 2010: 1770, loss: 13.45%
Pop loss [3506133]: 2010: 1654, loss: 24.81%
Pop loss [3506133]: 2010: 1703, loss: 6.83%
Pop loss [3506133]: 2010: 2314, loss: 11.46%
Pop loss [3506133]: 2010: 2278, loss: 8.45%
Pop loss [3506133]: 2010: 1395, loss: 24.95%
Pop loss [3506133]: 2010: 1135, loss: 9.8%
Pop loss [3506133]: 2010: 2121, loss: 6.36%
Pop loss [3506133]: 2010: 2904, loss: 3.89%
Pop loss [3506133]: 2010: 2405, loss: 14.59%
Pop loss [3506133]: 2010: 1412, loss: 16.19%
Pop loss [3506133]: 2010: 2350, loss: 6.33%
Pop loss [3506133]: 2010: 854, loss: 14.75%
Pop loss [3506133]: 2010: 1429, loss: 8.81%
Pop loss [3506133]: 2010: 1166, loss: 14.21%
Pop loss [3506133]: 2010: 1135, loss: 11.85%
Pop loss [3506133]: 2010: 1108, loss: 5.97%
Pop loss [3506133]: 2010: 1386, loss: 21.08%
Pop loss [3506133]: 2010: 2070, loss: 15.71%
Pop loss [3506133]: 2010: 1757, loss: 11.59%
Pop loss [3506133]: 2010: 3509, loss: 3.91%
Pop loss [3506133]: 2010: 1802, loss: 14.74%
Pop loss [3506133]: 2010: 748, loss: 4.08%
Pop loss [3506133]: 2010: 1449, loss: 5.4%
Pop loss [3506133]: 2010: 936, loss: 5.17%
Pop loss [3506133]: 2010: 2072, loss: 16.89%
Pop loss [3506133]: 2010: 1886, loss: 2.42%
Pop loss [3506133]: 2010: 779, loss: 27.54%
Pop loss [3506133]: 2010: 958, loss: 10.02%
Pop loss [3506133]: 2010: 742, loss: 5.11%
Pop loss [3506133]: 2010: 228, loss: 38.2%
Pop loss [3506133]: 2010: 253, loss: 35.02%
Pop loss [3506133]: 2010: 1407, loss: 5.42%
Pop loss [3506133]: 2010: 215, loss: 10.47%
Pop loss [3506133]: 2010: 850, loss: 26.82%
Pop loss [3506133]: 2010: 121, loss: 53.06%
Pop loss [3506133]: 2010: 868, loss: 27.15%
Pop loss [3506133]: 2010: 479, loss: 49.81%
Pop loss [3506133]: 2010: 1246, loss: 0.61%
Pop loss [3506133]: 2010: 680, loss: 20.06%
Pop loss [3506133]: 2010: 2081, loss: 8.09%
Pop loss [3506133]: 2010: 419, loss: 11.48%
Pop loss [3506133]: 2010: 676, loss: 26.38%
Pop loss [3506133]: 2010: 116, loss: 27.16%
Pop loss [3506133]: 2010: 1452, loss: 3.63%
Pop loss [3506133]: 2010: 332, loss: 0.45%
Pop loss [3506133]: 2010: 1054, loss: 16.39%
Pop loss [3506133]: 2010: 1222, loss: 2.28%
Pop loss [3506133]: 2010: 1798, loss: 1.88%
Pop loss [3506133]: 2010: 2639, loss: 0.26%
Pop loss [3506133]: 2010: 4743, loss: 1.83%
Pop loss [3506133]: 2010: 1101, loss: 14.71%
Pop loss [3506133]: 2010: 1261, loss: 13.55%
Pop loss [3506133]: 2010: 1097, loss: 2.63%
Pop loss [3506133]: 2010: 915, loss: 19.23%
Pop loss [3506133]: 2010: 1483, loss: 0.86%
Pop loss [3506133]: 2010: 1584, loss: 6.69%
Pop loss [3506133]: 2010: 1880, loss: 7.93%
Pop loss [3506133]: 2010: 1285, loss: 15.54%
Pop loss [3506133]: 2010: 373, loss: 12.55%
Pop loss [3506133]: 2010: 498, loss: 3.53%
Pop loss [3506133]: 2010: 1769, loss: 13.98%
Pop loss [3506133]: 2010: 597, loss: 0.22%
Pop loss [3506133]: 2010: 532, loss: 4.49%
Pop loss [3506133]: 2010: 1050, loss: 16.57%
Pop loss [3506133]: 2010: 2198, loss: 3.51%
Pop loss [3506133]: 2010: 1298, loss: 14.51%
Pop loss [3506133]: 2010: 1031, loss: 4.84%
Pop loss [3506133]: 2010: 2327, loss: 4.28%
Pop loss [3506133]: 2010: 2089, loss: 0.08%
Pop loss [3506133]: 2010: 1680, loss: 22.53%
Pop loss [3506133]: 2010: 568, loss: 0.76%
Pop loss [3506133]: 2010: 2279, loss: 1.87%
Pop loss [3506133]: 2010: 1074, loss: 0.96%
Pop loss [3506133]: 2010: 1147, loss: 1.94%
Pop loss [3506133]: 2010: 1670, loss: 1.48%
Pop loss [3506133]: 2010: 1648, loss: 3.23%
Pop loss [3506133]: 2010: 1430, loss: 5.27%
Pop loss [3506133]: 2010: 4312, loss: 3.11%
Pop loss [3506133]: 2010: 1116, loss: 35.22%
Pop loss [3506133]: 2010: 2594, loss: 5.71%
Pop loss [3506133]: 2010: 1640, loss: 19.79%
Pop loss [3506133]: 2010: 3861, loss: 17.05%
Pop loss [3506133]: 2010: 2447, loss: 10.91%
Pop loss [3506133]: 2010: 544, loss: 8.82%
Pop loss [3506133]: 2010: 1562, loss: 14.33%
Pop loss [3506133]: 2010: 2338, loss: 7.9%
Pop loss [3506133]: 2010: 2166, loss: 8.88%
Pop loss [3506133]: 2010: 1419, loss: 6.6%
Pop loss [3506133]: 2010: 1940, loss: 16.28%
Pop loss [3506133]: 2010: 1407, loss: 3.5%
Pop loss [3506133]: 2010: 742, loss: 25.53%
Pop loss [3506133]: 2010: 1534, loss: 24.55%
Pop loss [3506133]: 2010: 238, loss: 25.59%
Pop loss [3506133]: 2010: 379, loss: 13.72%
Pop loss [3506133]: 2010: 1214, loss: 36.91%
Pop loss [3506133]: 2010: 162, loss: 34.32%
Pop loss [3506133]: 2010: 1542, loss: 31.04%
Pop loss [3506133]: 2010: 334, loss: 18.62%
Pop loss [3506133]: 2010: 1273, loss: 12.07%
Pop loss [3506133]: 2010: 116, loss: 35.09%
Pop loss [3506133]: 2010: 187, loss: 0.91%
Pop loss [3506133]: 2010: 101, loss: 30.0%
Pop loss [3506133]: 2010: 621, loss: 15.44%
Pop loss [3506133]: 2010: 333, loss: 45.89%
Pop loss [3506133]: 2010: 164, loss: 68.23%
Pop loss [3506133]: 2010: 724, loss: 39.54%
Pop loss [3506133]: 2010: 614, loss: 38.83%
Pop loss [3506133]: 2010: 460, loss: 28.83%
Pop loss [3506133]: 2010: 600, loss: 15.12%
Pop loss [3506133]: 2010: 1307, loss: 58.42%
Pop loss [3506133]: 2010: 1062, loss: 7.35%
Pop loss [3506133]: 2010: 277, loss: 11.19%
Pop loss [3506133]: 2010: 127, loss: 21.57%
Pop loss [3506133]: 2010: 210, loss: 21.29%
Pop loss [3506133]: 2010: 294, loss: 28.61%
Pop loss [3506133]: 2010: 106, loss: 31.7%
Pop loss [3506133]: 2010: 71, loss: 23.24%
Pop loss [3506133]: 2010: 359, loss: 28.33%
Pop loss [3506133]: 2010: 66, loss: 52.88%
Pop loss [3506133]: 2010: 1115, loss: 13.45%
Pop loss [3506133]: 2010: 418, loss: 10.91%
Pop loss [3506133]: 2010: 298, loss: 8.49%
Pop loss [3506133]: 2010: 3226, loss: 9.53%
Pop loss [3506133]: 2010: 1542, loss: 19.84%
Pop loss [3506133]: 2010: 359, loss: 40.03%
Pop loss [3506133]: 2010: 734, loss: 12.89%
Pop loss [3506133]: 2010: 764, loss: 11.83%
Pop loss [3506133]: 2010: 178, loss: 30.39%
Pop loss [3506133]: 2010: 98, loss: 26.22%
Pop loss [3506133]: 2010: 2276, loss: 4.09%
Pop loss [3506133]: 2010: 133, loss: 24.06%
Pop loss [3506133]: 2010: 723, loss: 7.25%
Pop loss [3506133]: 2010: 619, loss: 19.29%
Pop loss [3506133]: 2010: 546, loss: 25.46%
Pop loss [3506133]: 2010: 1097, loss: 9.47%
Pop loss [3506133]: 2010: 800, loss: 9.38%
Pop loss [3506133]: 2010: 300, loss: 25.37%
Pop loss [3506133]: 2010: 131, loss: 23.97%
Pop loss [3506133]: 2010: 5151, loss: 9.75%
Pop loss [3506133]: 2010: 1304, loss: 7.61%
Pop loss [3506133]: 2010: 2215, loss: 4.84%
Pop loss [3506133]: 2010: 2064, loss: 15.77%
Pop loss [3506133]: 2010: 928, loss: 2.04%
Pop loss [3506133]: 2010: 1631, loss: 0.87%
Pop loss [3506133]: 2010: 1573, loss: 1.2%
Pop loss [3506133]: 2010: 1265, loss: 10.79%
Pop loss [3506133]: 2010: 6351, loss: 3.51%
Pop loss [3506133]: 2010: 971, loss: 10.24%
Pop loss [3506133]: 2010: 499, loss: 27.35%
Pop loss [3506133]: 2010: 1161, loss: 35.43%
Pop loss [3506133]: 2010: 2773, loss: 11.11%
Pop loss [3506133]: 2010: 4552, loss: 9.63%
Pop loss [3506133]: 2010: 2125, loss: 0.72%
Pop loss [3506133]: 2010: 4107, loss: 1.45%
Pop loss [3506133]: 2010: 2412, loss: 27.62%
Pop loss [3506133]: 2010: 1158, loss: 19.84%
Pop loss [3506133]: 2010: 559, loss: 11.0%
Pop loss [3506133]: 2010: 1158, loss: 7.01%
Pop loss [3506133]: 2010: 788, loss: 4.21%
Row count: 1448
Loss count: 766
Tot 2010 Pop: 2059179
Tot 2018 Pop: 2092434.0
