Make Demographic_Data_WY.v06 (2025-06-19)

Row count: 512
Totals from Block Data (BData) and CSV Data (CData)
Field;			BData;	CData;	Diff
T_10_CENS_Total;	563626;	563626;	0
T_10_CENS_White;	483874;	483874;	0
T_10_CENS_Hispanic;	50231;	50231;	0
T_10_CENS_Black;	7285;	7285;	0
T_10_CENS_Asian;	6729;	6729;	0
T_10_CENS_Native;	18596;	18596;	0
T_10_CENS_Pacific;	1063;	1063;	0
T_18_ACS_Total;	581836;	581836;	0
T_18_ACS_White;	489559;	489559;	0
T_18_ACS_Hispanic;	56966;	56966;	0
T_18_ACS_Black;	9555;	9555;	0
T_18_ACS_Asian;	8222;	8222;	0
T_18_ACS_Native;	21716;	21716;	0
T_18_ACS_Pacific;	1307;	1307;	0
T_19_ACS_Total;	581024;	581024;	0
T_19_ACS_White;	488437;	488437;	0
T_19_ACS_Hispanic;	57341;	57341;	0
T_19_ACS_Black;	9770;	9770;	0
T_19_ACS_Asian;	8996;	8996;	0
T_19_ACS_Native;	21089;	21089;	0
T_19_ACS_Pacific;	1486;	1486;	0
T_20_CENS_Total;	576851;	576851;	0
T_20_CENS_White;	469664;	469664;	0
T_20_CENS_Hispanic;	59046;	59046;	0
T_20_CENS_Black;	9661;	9661;	0
T_20_CENS_Asian;	9473;	9473;	0
T_20_CENS_Native;	27480;	27480;	0
T_20_CENS_Pacific;	1714;	1714;	0
T_20_ACS_Total;	581348;	581348;	0
T_20_ACS_White;	485816;	485816;	0
T_20_ACS_Hispanic;	58854;	58854;	0
T_20_ACS_Black;	10732;	10732;	0
T_20_ACS_Asian;	9194;	9194;	0
T_20_ACS_Native;	20414;	20414;	0
T_20_ACS_Pacific;	1624;	1624;	0
T_22_ACS_Total;	577929;	577929;	0
T_22_ACS_White;	476921;	476921;	0
T_22_ACS_Hispanic;	60518;	60518;	0
T_22_ACS_Black;	9712;	9712;	0
T_22_ACS_Asian;	8840;	8840;	0
T_22_ACS_Native;	21788;	21788;	0
T_22_ACS_Pacific;	1862;	1862;	0
V_10_VAP_Total;	428224;	428224;	0
V_10_VAP_White;	376530;	376530;	0
V_10_VAP_Hispanic;	32070;	32070;	0
V_10_VAP_Black;	4381;	4381;	0
V_10_VAP_Asian;	4717;	4717;	0
V_10_VAP_Native;	11973;	11973;	0
V_10_VAP_Pacific;	627;	627;	0
V_18_CVAP_Total;	432300;	432300;	0
V_18_CVAP_White;	381095;	381095;	0
V_18_CVAP_Hispanic;	29738;	29738;	0
V_18_CVAP_Black;	4655;	4655;	0
V_18_CVAP_Asian;	3549;	3549;	0
V_18_CVAP_Native;	12536;	12536;	0
V_18_CVAP_Pacific;	417;	417;	0
V_19_CVAP_Total;	433375;	433375;	0
V_19_CVAP_White;	381090;	381090;	0
V_19_CVAP_Hispanic;	30748;	30748;	0
V_19_CVAP_Black;	4839;	4839;	0
V_19_CVAP_Asian;	3992;	3992;	0
V_19_CVAP_Native;	11892;	11892;	0
V_19_CVAP_Pacific;	369;	369;	0
V_20_VAP_Total;	441337;	441337;	0
V_20_VAP_White;	370041;	370041;	0
V_20_VAP_Hispanic;	38153;	38153;	0
V_20_VAP_Black;	5928;	5928;	0
V_20_VAP_Asian;	6520;	6520;	0
V_20_VAP_Native;	18433;	18433;	0
V_20_VAP_Pacific;	1009;	1009;	0
V_20_VAP_NH_Total;	441337;	441337;	0
V_20_VAP_NH_White;	370041;	370041;	0
V_20_VAP_NH_Hispanic;	38153;	38153;	0
V_20_VAP_NH_BlackAlone;	3666;	3666;	0
V_20_VAP_NH_AsianAlone;	4139;	4139;	0
V_20_VAP_NH_NativeAlone;	7883;	7883;	0
V_20_VAP_NH_PacificAlone;	355;	355;	0
V_20_VAP_NH_OtherAlone;	1760;	1760;	0
V_20_VAP_NH_TwoOrMore;	15340;	15340;	0
V_20_CVAP_Total;	435428;	435428;	0
V_20_CVAP_White;	381026;	381026;	0
V_20_CVAP_Hispanic;	31721;	31721;	0
V_20_CVAP_Black;	5083;	5083;	0
V_20_CVAP_Asian;	4541;	4541;	0
V_20_CVAP_Native;	11505;	11505;	0
V_20_CVAP_Pacific;	368;	368;	0
V_22_CVAP_Total;	434440;	434440;	0
V_22_CVAP_White;	379215;	379215;	0
V_22_CVAP_Hispanic;	32819;	32819;	0
V_22_CVAP_Black;	4477;	4477;	0
V_22_CVAP_Asian;	4082;	4082;	0
V_22_CVAP_Native;	12372;	12372;	0
V_22_CVAP_Pacific;	472;	472;	0
V_22_CVAP_RemTwoOrMore;	1145;	1145;	0
