Make Election_Data_WY.v06 (2025-06-19)

Row count: 512
Totals from Block Data (BData) and CSV Data (CData)
Field;			BData;	CData;	Diff
E_08_PRES_Total;	254652;	254652;	0
E_08_PRES_Dem;	82868;	82868;	0
E_08_PRES_Rep;	164958;	164958;	0
E_16_PRES_Total;	255849;	255849;	0
E_16_PRES_Dem;	55973;	55973;	0
E_16_PRES_Rep;	174419;	174419;	0
E_18_SEN_Total;	203420;	203420;	0
E_18_SEN_Dem;	61227;	61227;	0
E_18_SEN_Rep;	136210;	136210;	0
E_18_GOV_Total;	203238;	203238;	0
E_18_GOV_Dem;	55965;	55965;	0
E_18_GOV_Rep;	136412;	136412;	0
E_16-20_COMP_Total;	234289;	234289;	0
E_16-20_COMP_Dem;	61851;	61851;	0
E_16-20_COMP_Rep;	162714;	162714;	0
E_20_PRES_Total;	276765;	276765;	0
E_20_PRES_Dem;	73491;	73491;	0
E_20_PRES_Rep;	193559;	193559;	0
E_20_SEN_Total;	271937;	271937;	0
E_20_SEN_Dem;	72766;	72766;	0
E_20_SEN_Rep;	198100;	198100;	0
E_18-24_COMP_Total;	234887;	234887;	0
E_18-24_COMP_Dem;	63570;	63570;	0
E_18-24_COMP_Rep;	164894;	164894;	0
E_24_PRES_Total;	269048;	269048;	0
E_24_PRES_Dem;	69527;	69527;	0
E_24_PRES_Rep;	192633;	192633;	0
