Make Demographic_Data_VA.v04 (2024-01-31)

Row count: 2465
Totals from Block Data (BData) and CSV Data (CData)
Field;			BData;	CData;	Diff
T_10_CENS_Total;	8001024;	8001024;	0
T_10_CENS_White;	5186450;	5186450;	0
T_10_CENS_Hispanic;	631825;	631825;	0
T_10_CENS_Black;	1653563;	1653563;	0
T_10_CENS_Asian;	522199;	522199;	0
T_10_CENS_Native;	80924;	80924;	0
T_10_CENS_Pacific;	15422;	15422;	0
T_18_ACS_Total;	8413774;	8413774;	0
T_18_ACS_White;	5233111;	5233111;	0
T_18_ACS_Hispanic;	771177;	771177;	0
T_18_ACS_Black;	1766955;	1766955;	0
T_18_ACS_Asian;	649305;	649305;	0
T_18_ACS_Native;	85411;	85411;	0
T_18_ACS_Pacific;	18475;	18475;	0
T_19_ACS_Total;	8454463;	8454463;	0
T_19_ACS_White;	5227569;	5227569;	0
T_19_ACS_Hispanic;	792001;	792001;	0
T_19_ACS_Black;	1782852;	1782852;	0
T_19_ACS_Asian;	664348;	664348;	0
T_19_ACS_Native;	86798;	86798;	0
T_19_ACS_Pacific;	19416;	19416;	0
T_20_CENS_Total;	8631393;	8631393;	0
T_20_CENS_White;	5058363;	5058363;	0
T_20_CENS_Hispanic;	908749;	908749;	0
T_20_CENS_Black;	1799960;	1799960;	0
T_20_CENS_Asian;	757282;	757282;	0
T_20_CENS_Native;	180239;	180239;	0
T_20_CENS_Pacific;	22226;	22226;	0
T_20_CENS_ADJ_Total;	8631393;	8631393;	0
T_20_CENS_ADJ_White;	5060998;	5060998;	0
T_20_CENS_ADJ_Hispanic;	908369;	908369;	0
T_20_CENS_ADJ_Black;	1794145;	1794145;	0
T_20_CENS_ADJ_Asian;	757080;	757080;	0
T_20_CENS_ADJ_Native;	180071;	180071;	0
T_20_CENS_ADJ_Pacific;	22096;	22096;	0
T_20_ACS_Total;	8509358;	8509358;	0
T_20_ACS_White;	5209336;	5209336;	0
T_20_ACS_Hispanic;	810770;	810770;	0
T_20_ACS_Black;	1800436;	1800436;	0
T_20_ACS_Asian;	691449;	691449;	0
T_20_ACS_Native;	89497;	89497;	0
T_20_ACS_Pacific;	19326;	19326;	0
V_10_VAP_Total;	6147347;	6147347;	0
V_10_VAP_White;	4133385;	4133385;	0
V_10_VAP_Hispanic;	426857;	426857;	0
V_10_VAP_Black;	1191781;	1191781;	0
V_10_VAP_Asian;	377852;	377852;	0
V_10_VAP_Native;	56979;	56979;	0
V_10_VAP_Pacific;	10167;	10167;	0
V_18_CVAP_Total;	6096077;	6096077;	0
V_18_CVAP_White;	4169061;	4169061;	0
V_18_CVAP_Hispanic;	314811;	314811;	0
V_18_CVAP_Black;	1225260;	1225260;	0
V_18_CVAP_Asian;	325347;	325347;	0
V_18_CVAP_Native;	45547;	45547;	0
V_18_CVAP_Pacific;	3557;	3557;	0
V_19_CVAP_Total;	6140263;	6140263;	0
V_19_CVAP_White;	4169792;	4169792;	0
V_19_CVAP_Hispanic;	331152;	331152;	0
V_19_CVAP_Black;	1237998;	1237998;	0
V_19_CVAP_Asian;	338369;	338369;	0
V_19_CVAP_Native;	45497;	45497;	0
V_19_CVAP_Pacific;	3973;	3973;	0
V_20_VAP_Total;	6745054;	6745054;	0
V_20_VAP_White;	4136979;	4136979;	0
V_20_VAP_Hispanic;	614314;	614314;	0
V_20_VAP_Black;	1341203;	1341203;	0
V_20_VAP_Asian;	555088;	555088;	0
V_20_VAP_Native;	131743;	131743;	0
V_20_VAP_Pacific;	14760;	14760;	0
V_20_VAP_NH_Total;	6745054;	6745054;	0
V_20_VAP_NH_White;	4136979;	4136979;	0
V_20_VAP_NH_Hispanic;	614314;	614314;	0
V_20_VAP_NH_BlackAlone;	1224840;	1224840;	0
V_20_VAP_NH_AsianAlone;	478337;	478337;	0
V_20_VAP_NH_NativeAlone;	15376;	15376;	0
V_20_VAP_NH_PacificAlone;	4754;	4754;	0
V_20_VAP_NH_OtherAlone;	29385;	29385;	0
V_20_VAP_NH_TwoOrMore;	241069;	241069;	0
V_20_CVAP_Total;	6198451;	6198451;	0
V_20_CVAP_White;	4174783;	4174783;	0
V_20_CVAP_Hispanic;	352461;	352461;	0
V_20_CVAP_Black;	1251254;	1251254;	0
V_20_CVAP_Asian;	354431;	354431;	0
V_20_CVAP_Native;	45339;	45339;	0
V_20_CVAP_Pacific;	3602;	3602;	0
