Make Election_Data_VA.v02 (2024-04-21)

Row count: 2465
Totals from Block Data (BData) and CSV Data (CData)
Field;			BData;	CData;	Diff
E_08_PRES_Total;	3724533;	3724533;	0
E_08_PRES_Dem;	1959532;	1959532;	0
E_08_PRES_Rep;	1725005;	1725005;	0
E_12_PRES_Total;	3784001;	3784001;	0
E_12_PRES_Dem;	1966026;	1966026;	0
E_12_PRES_Rep;	1817975;	1817975;	0
E_16_PRES_Total;	3982752;	3982752;	0
E_16_PRES_Dem;	1981473;	1981473;	0
E_16_PRES_Rep;	1769443;	1769443;	0
E_17_GOV_Total;	2614065;	2614065;	0
E_17_GOV_Dem;	1408818;	1408818;	0
E_17_GOV_Rep;	1175732;	1175732;	0
E_17_AG_Total;	2597544;	2597544;	0
E_17_AG_Dem;	1385390;	1385390;	0
E_17_AG_Rep;	1209540;	1209540;	0
E_17_LTG_Total;	2595538;	2595538;	0
E_17_LTG_Dem;	1368412;	1368412;	0
E_17_LTG_Rep;	1224520;	1224520;	0
E_18_SEN_Total;	3351757;	3351757;	0
E_18_SEN_Dem;	1910370;	1910370;	0
E_18_SEN_Rep;	1374313;	1374313;	0
E_16-20_COMP_Total;	3784693;	3784693;	0
E_16-20_COMP_Dem;	1997055;	1997055;	0
E_16-20_COMP_Rep;	1724045;	1724045;	0
E_20_PRES_Total;	4460524;	4460524;	0
E_20_PRES_Dem;	2413568;	2413568;	0
E_20_PRES_Rep;	1962430;	1962430;	0
E_20_SEN_Total;	4405087;	4405087;	0
E_20_SEN_Dem;	2466500;	2466500;	0
E_20_SEN_Rep;	1934199;	1934199;	0
E_21_GOV_Total;	3288327;	3288327;	0
E_21_GOV_Dem;	1599470;	1599470;	0
E_21_GOV_Rep;	1663158;	1663158;	0
E_21_AG_Total;	3270659;	3270659;	0
E_21_AG_Dem;	1620564;	1620564;	0
E_21_AG_Rep;	1647100;	1647100;	0
E_21_LTG_Total;	3270169;	3270169;	0
E_21_LTG_Dem;	1608030;	1608030;	0
E_21_LTG_Rep;	1658332;	1658332;	0
