Make CSV: AZ (census)
Pop loss [0402732]: 2010: 457, loss: 14.81%
Pop loss [0402732]: 2010: 2758, loss: 5.18%
Pop loss [0402732]: 2010: 1776, loss: 14.79%
Pop loss [0402732]: 2010: 2040, loss: 9.19%
Pop loss [0402732]: 2010: 1120, loss: 5.1%
Pop loss [0402732]: 2010: 168, loss: 8.87%
Pop loss [0402732]: 2010: 1463, loss: 9.37%
Pop loss [0402732]: 2010: 999, loss: 10.31%
Pop loss [0402732]: 2010: 2148, loss: 10.04%
Pop loss [0402732]: 2010: 555, loss: 20.05%
Pop loss [0402732]: 2010: 2665, loss: 10.99%
Pop loss [0402732]: 2010: 385, loss: 19.48%
Pop loss [0402732]: 2010: 1202, loss: 12.35%
Pop loss [0402732]: 2010: 358, loss: 12.23%
Pop loss [0402732]: 2010: 63, loss: 14.92%
Pop loss [0402732]: 2010: 566, loss: 23.23%
Pop loss [0402732]: 2010: 1267, loss: 9.42%
Pop loss [0402732]: 2010: 1526, loss: 21.47%
Pop loss [0402732]: 2010: 1278, loss: 9.37%
Pop loss [0402732]: 2010: 2552, loss: 0.63%
Pop loss [0402732]: 2010: 3022, loss: 1.91%
Pop loss [0402732]: 2010: 1272, loss: 13.92%
Pop loss [0402732]: 2010: 1889, loss: 0.27%
Pop loss [0402732]: 2010: 962, loss: 16.67%
Pop loss [0402732]: 2010: 451, loss: 7.49%
Pop loss [0402732]: 2010: 1174, loss: 17.09%
Pop loss [0402732]: 2010: 1989, loss: 9.23%
Pop loss [0402732]: 2010: 1897, loss: 3.85%
Pop loss [0402732]: 2010: 1839, loss: 0.09%
Pop loss [0402732]: 2010: 779, loss: 8.97%
Pop loss [0402732]: 2010: 655, loss: 14.66%
Pop loss [0402732]: 2010: 961, loss: 22.56%
Pop loss [0402732]: 2010: 1152, loss: 47.66%
Pop loss [0402732]: 2010: 1025, loss: 2.09%
Pop loss [0402732]: 2010: 608, loss: 8.68%
Pop loss [0402732]: 2010: 387, loss: 15.99%
Pop loss [0402732]: 2010: 2277, loss: 25.1%
Pop loss [0402732]: 2010: 2101, loss: 24.77%
Pop loss [0402732]: 2010: 2983, loss: 27.1%
Pop loss [0402732]: 2010: 1502, loss: 24.45%
Pop loss [0402732]: 2010: 2628, loss: 24.34%
Pop loss [0402732]: 2010: 2054, loss: 37.12%
Pop loss [0402732]: 2010: 2497, loss: 19.47%
Pop loss [0402732]: 2010: 1502, loss: 1.14%
Pop loss [0402732]: 2010: 1704, loss: 5.77%
Pop loss [0402732]: 2010: 403, loss: 6.23%
Pop loss [0402732]: 2010: 423, loss: 12.84%
Pop loss [0402732]: 2010: 2680, loss: 34.71%
Pop loss [0402732]: 2010: 782, loss: 19.18%
Pop loss [0402732]: 2010: 3797, loss: 0.36%
Pop loss [0402732]: 2010: 4047, loss: 11.02%
Pop loss [0402732]: 2010: 1849, loss: 1.42%
Pop loss [0402732]: 2010: 1787, loss: 33.39%
Pop loss [0402732]: 2010: 1725, loss: 6.16%
Pop loss [0402732]: 2010: 3352, loss: 12.29%
Pop loss [0402732]: 2010: 5622, loss: 2.1%
Pop loss [0402732]: 2010: 1788, loss: 11.37%
Pop loss [0402732]: 2010: 1951, loss: 14.68%
Pop loss [0402732]: 2010: 2243, loss: 18.91%
Pop loss [0402732]: 2010: 3092, loss: 2.29%
Pop loss [0402732]: 2010: 3281, loss: 5.3%
Pop loss [0402732]: 2010: 1455, loss: 30.96%
Pop loss [0402732]: 2010: 2066, loss: 2.72%
Pop loss [0402732]: 2010: 1165, loss: 21.58%
Pop loss [0402732]: 2010: 3488, loss: 18.78%
Pop loss [0402732]: 2010: 1828, loss: 14.95%
Pop loss [0402732]: 2010: 2517, loss: 15.33%
Pop loss [0402732]: 2010: 2272, loss: 11.82%
Pop loss [0402732]: 2010: 1141, loss: 4.02%
Pop loss [0402732]: 2010: 1666, loss: 13.41%
Pop loss [0402732]: 2010: 1086, loss: 4.5%
Pop loss [0402732]: 2010: 2530, loss: 9.35%
Pop loss [0402732]: 2010: 1248, loss: 23.66%
Pop loss [0402732]: 2010: 2439, loss: 16.61%
Pop loss [0402732]: 2010: 3484, loss: 12.31%
Pop loss [0402732]: 2010: 2898, loss: 6.18%
Pop loss [0402732]: 2010: 999, loss: 18.06%
Pop loss [0402732]: 2010: 2412, loss: 2.62%
Pop loss [0402732]: 2010: 1640, loss: 8.92%
Pop loss [0402732]: 2010: 1272, loss: 7.0%
Pop loss [0402732]: 2010: 1509, loss: 20.85%
Pop loss [0402732]: 2010: 1985, loss: 4.16%
Pop loss [0402732]: 2010: 2919, loss: 3.17%
Pop loss [0402732]: 2010: 1831, loss: 14.03%
Pop loss [0402732]: 2010: 860, loss: 54.88%
Pop loss [0402732]: 2010: 707, loss: 4.63%
Pop loss [0402732]: 2010: 414, loss: 24.32%
Pop loss [0402732]: 2010: 207, loss: 11.88%
Pop loss [0402732]: 2010: 1131, loss: 28.82%
Pop loss [0402732]: 2010: 79, loss: 28.99%
Pop loss [0402732]: 2010: 206, loss: 8.98%
Pop loss [0402732]: 2010: 1385, loss: 17.29%
Pop loss [0402732]: 2010: 481, loss: 63.14%
Pop loss [0402732]: 2010: 1048, loss: 19.2%
Pop loss [0402732]: 2010: 952, loss: 4.41%
Pop loss [0402732]: 2010: 1769, loss: 6.2%
Pop loss [0402732]: 2010: 1846, loss: 9.46%
Pop loss [0402732]: 2010: 1268, loss: 5.12%
Pop loss [0402732]: 2010: 2659, loss: 8.84%
Pop loss [0402732]: 2010: 17, loss: 1.18%
Pop loss [0402732]: 2010: 2550, loss: 27.71%
Pop loss [0402732]: 2010: 2207, loss: 5.24%
Pop loss [0402732]: 2010: 2632, loss: 6.94%
Pop loss [0402732]: 2010: 1417, loss: 54.26%
Pop loss [0402732]: 2010: 3267, loss: 12.23%
Pop loss [0402732]: 2010: 1170, loss: 28.21%
Pop loss [0402732]: 2010: 769, loss: 11.68%
Pop loss [0402732]: 2010: 365, loss: 12.96%
Pop loss [0402732]: 2010: 1815, loss: 5.94%
Pop loss [0402732]: 2010: 891, loss: 2.59%
Pop loss [0402732]: 2010: 1096, loss: 21.64%
Pop loss [0402732]: 2010: 1222, loss: 2.68%
Pop loss [0402732]: 2010: 862, loss: 1.48%
Pop loss [0402732]: 2010: 1111, loss: 18.16%
Pop loss [0402732]: 2010: 1873, loss: 15.71%
Pop loss [0402732]: 2010: 662, loss: 21.62%
Pop loss [0402732]: 2010: 353, loss: 29.24%
Pop loss [0402732]: 2010: 354, loss: 12.99%
Pop loss [0402732]: 2010: 288, loss: 12.19%
Pop loss [0402732]: 2010: 2430, loss: 2.44%
Pop loss [0402732]: 2010: 2864, loss: 7.71%
Pop loss [0402732]: 2010: 1567, loss: 28.23%
Pop loss [0402732]: 2010: 1793, loss: 3.5%
Pop loss [0402732]: 2010: 2836, loss: 1.41%
Pop loss [0402732]: 2010: 793, loss: 3.58%
Pop loss [0402732]: 2010: 756, loss: 21.92%
Pop loss [0402732]: 2010: 2949, loss: 15.67%
Pop loss [0402732]: 2010: 3829, loss: 7.9%
Pop loss [0402732]: 2010: 1134, loss: 2.84%
Pop loss [0402732]: 2010: 2181, loss: 5.0%
Pop loss [0402732]: 2010: 871, loss: 23.74%
Pop loss [0402732]: 2010: 4805, loss: 4.26%
Pop loss [0402732]: 2010: 424, loss: 4.83%
Pop loss [0402732]: 2010: 2069, loss: 12.43%
Pop loss [0402732]: 2010: 2013, loss: 12.94%
Pop loss [0402732]: 2010: 1532, loss: 2.7%
Pop loss [0402732]: 2010: 1092, loss: 3.18%
Pop loss [0402732]: 2010: 736, loss: 40.75%
Pop loss [0402732]: 2010: 2386, loss: 21.65%
Pop loss [0402732]: 2010: 259, loss: 15.52%
Pop loss [0402732]: 2010: 1482, loss: 31.03%
Pop loss [0402732]: 2010: 551, loss: 9.26%
Pop loss [0402732]: 2010: 25, loss: 25.2%
Pop loss [0402732]: 2010: 3200, loss: 13.33%
Pop loss [0402732]: 2010: 5215, loss: 15.8%
Pop loss [0402732]: 2010: 2515, loss: 7.94%
Pop loss [0402732]: 2010: 4096, loss: 12.72%
Pop loss [0402732]: 2010: 2169, loss: 9.16%
Pop loss [0402732]: 2010: 2865, loss: 15.22%
Pop loss [0402732]: 2010: 3640, loss: 12.31%
Pop loss [0402732]: 2010: 4011, loss: 1.69%
Pop loss [0402732]: 2010: 2507, loss: 12.15%
Pop loss [0402732]: 2010: 1720, loss: 1.59%
Pop loss [0402732]: 2010: 3591, loss: 5.73%
Pop loss [0402732]: 2010: 1246, loss: 10.1%
Pop loss [0402732]: 2010: 5533, loss: 1.37%
Pop loss [0402732]: 2010: 1664, loss: 8.28%
Pop loss [0402732]: 2010: 1372, loss: 9.69%
Pop loss [0402732]: 2010: 2859, loss: 9.78%
Pop loss [0402732]: 2010: 8927, loss: 27.08%
Pop loss [0402732]: 2010: 1639, loss: 4.33%
Pop loss [0402732]: 2010: 2324, loss: 13.33%
Pop loss [0402732]: 2010: 3109, loss: 2.05%
Pop loss [0402732]: 2010: 6628, loss: 4.3%
Pop loss [0402732]: 2010: 1579, loss: 22.81%
Pop loss [0402732]: 2010: 1046, loss: 5.32%
Pop loss [0402732]: 2010: 1871, loss: 8.74%
Pop loss [0402732]: 2010: 3480, loss: 5.67%
Pop loss [0402732]: 2010: 1812, loss: 3.11%
Pop loss [0402732]: 2010: 3640, loss: 0.92%
Pop loss [0402732]: 2010: 1595, loss: 6.95%
Pop loss [0402732]: 2010: 2132, loss: 48.49%
Pop loss [0402732]: 2010: 3330, loss: 5.02%
Pop loss [0402732]: 2010: 3242, loss: 12.58%
Pop loss [0402732]: 2010: 4026, loss: 6.48%
Pop loss [0402732]: 2010: 2400, loss: 17.9%
Pop loss [0402732]: 2010: 1552, loss: 6.34%
Pop loss [0402732]: 2010: 1266, loss: 12.2%
Pop loss [0402732]: 2010: 3098, loss: 9.16%
Pop loss [0402732]: 2010: 2679, loss: 1.05%
Pop loss [0402732]: 2010: 2232, loss: 13.11%
Pop loss [0402732]: 2010: 4978, loss: 0.25%
Pop loss [0402732]: 2010: 2509, loss: 6.62%
Pop loss [0402732]: 2010: 2905, loss: 35.8%
Pop loss [0402732]: 2010: 2683, loss: 2.01%
Pop loss [0402732]: 2010: 5168, loss: 3.87%
Pop loss [0402732]: 2010: 2547, loss: 6.18%
Pop loss [0402732]: 2010: 3246, loss: 6.48%
Pop loss [0402732]: 2010: 2450, loss: 23.35%
Pop loss [0402732]: 2010: 5168, loss: 6.13%
Pop loss [0402732]: 2010: 2450, loss: 7.28%
Pop loss [0402732]: 2010: 3385, loss: 8.04%
Pop loss [0402732]: 2010: 3032, loss: 8.61%
Pop loss [0402732]: 2010: 2927, loss: 0.83%
Pop loss [0402732]: 2010: 2423, loss: 2.09%
Pop loss [0402732]: 2010: 3407, loss: 3.07%
Pop loss [0402732]: 2010: 2420, loss: 5.79%
Pop loss [0402732]: 2010: 3228, loss: 2.25%
Pop loss [0402732]: 2010: 3051, loss: 9.39%
Pop loss [0402732]: 2010: 5403, loss: 5.72%
Pop loss [0402732]: 2010: 2734, loss: 5.74%
Pop loss [0402732]: 2010: 2344, loss: 0.51%
Pop loss [0402732]: 2010: 2963, loss: 6.31%
Pop loss [0402732]: 2010: 2705, loss: 5.57%
Pop loss [0402732]: 2010: 3569, loss: 7.48%
Pop loss [0402732]: 2010: 1876, loss: 1.4%
Pop loss [0402732]: 2010: 2804, loss: 14.16%
Pop loss [0402732]: 2010: 2673, loss: 12.53%
Pop loss [0402732]: 2010: 3882, loss: 1.71%
Pop loss [0402732]: 2010: 1365, loss: 4.98%
Pop loss [0402732]: 2010: 4552, loss: 16.06%
Pop loss [0402732]: 2010: 3626, loss: 12.93%
Pop loss [0402732]: 2010: 2381, loss: 11.76%
Pop loss [0402732]: 2010: 1652, loss: 6.66%
Pop loss [0402732]: 2010: 2178, loss: 15.0%
Pop loss [0402732]: 2010: 4684, loss: 3.61%
Pop loss [0402732]: 2010: 5247, loss: 2.1%
Pop loss [0402732]: 2010: 2289, loss: 0.5%
Pop loss [0402732]: 2010: 2921, loss: 1.56%
Pop loss [0402732]: 2010: 1317, loss: 0.08%
Pop loss [0402732]: 2010: 2141, loss: 11.79%
Pop loss [0402732]: 2010: 4047, loss: 9.17%
Pop loss [0402732]: 2010: 4471, loss: 6.9%
Pop loss [0402732]: 2010: 4361, loss: 2.17%
Pop loss [0402732]: 2010: 1545, loss: 9.9%
Pop loss [0402732]: 2010: 5627, loss: 0.37%
Pop loss [0402732]: 2010: 1597, loss: 7.19%
Pop loss [0402732]: 2010: 1311, loss: 4.14%
Pop loss [0402732]: 2010: 2493, loss: 10.98%
Pop loss [0402732]: 2010: 2022, loss: 2.06%
Pop loss [0402732]: 2010: 2210, loss: 3.02%
Pop loss [0402732]: 2010: 2803, loss: 6.56%
Pop loss [0402732]: 2010: 1344, loss: 6.76%
Pop loss [0402732]: 2010: 1553, loss: 4.64%
Pop loss [0402732]: 2010: 3326, loss: 15.63%
Pop loss [0402732]: 2010: 2261, loss: 13.89%
Pop loss [0402732]: 2010: 1685, loss: 16.66%
Pop loss [0402732]: 2010: 3753, loss: 4.47%
Pop loss [0402732]: 2010: 4523, loss: 0.13%
Pop loss [0402732]: 2010: 6049, loss: 4.07%
Pop loss [0402732]: 2010: 3067, loss: 7.48%
Pop loss [0402732]: 2010: 1985, loss: 11.14%
Pop loss [0402732]: 2010: 2107, loss: 2.87%
Pop loss [0402732]: 2010: 4325, loss: 2.2%
Pop loss [0402732]: 2010: 5189, loss: 4.86%
Pop loss [0402732]: 2010: 5141, loss: 3.6%
Pop loss [0402732]: 2010: 3302, loss: 19.76%
Pop loss [0402732]: 2010: 1599, loss: 7.69%
Pop loss [0402732]: 2010: 1914, loss: 0.6%
Pop loss [0402732]: 2010: 2013, loss: 1.62%
Pop loss [0402732]: 2010: 1890, loss: 8.69%
Pop loss [0402732]: 2010: 1445, loss: 8.95%
Pop loss [0402732]: 2010: 1156, loss: 17.49%
Pop loss [0402732]: 2010: 3858, loss: 3.62%
Pop loss [0402732]: 2010: 1685, loss: 4.04%
Pop loss [0402732]: 2010: 4030, loss: 9.45%
Pop loss [0402732]: 2010: 1677, loss: 11.63%
Pop loss [0402732]: 2010: 2795, loss: 12.6%
Pop loss [0402732]: 2010: 4962, loss: 3.05%
Pop loss [0402732]: 2010: 2057, loss: 9.09%
Pop loss [0402732]: 2010: 151, loss: 21.19%
Pop loss [0402732]: 2010: 2099, loss: 7.95%
Pop loss [0402732]: 2010: 2488, loss: 15.64%
Pop loss [0402732]: 2010: 1668, loss: 7.9%
Pop loss [0402732]: 2010: 1445, loss: 5.19%
Pop loss [0402732]: 2010: 4508, loss: 7.51%
Pop loss [0402732]: 2010: 1005, loss: 21.04%
Pop loss [0402732]: 2010: 2867, loss: 12.24%
Pop loss [0402732]: 2010: 2663, loss: 0.18%
Pop loss [0402732]: 2010: 2002, loss: 8.25%
Pop loss [0402732]: 2010: 3016, loss: 12.11%
Pop loss [0402732]: 2010: 2920, loss: 3.9%
Pop loss [0402732]: 2010: 4098, loss: 3.68%
Pop loss [0402732]: 2010: 3623, loss: 0.16%
Pop loss [0402732]: 2010: 7935, loss: 1.87%
Pop loss [0402732]: 2010: 3505, loss: 6.79%
Pop loss [0402732]: 2010: 1864, loss: 0.59%
Pop loss [0402732]: 2010: 173, loss: 28.32%
Pop loss [0402732]: 2010: 3433, loss: 2.94%
Pop loss [0402732]: 2010: 1149, loss: 27.75%
Pop loss [0402732]: 2010: 2903, loss: 3.63%
Pop loss [0402732]: 2010: 5079, loss: 24.75%
Pop loss [0402732]: 2010: 4565, loss: 3.17%
Pop loss [0402732]: 2010: 1544, loss: 7.11%
Pop loss [0402732]: 2010: 2637, loss: 2.94%
Pop loss [0402732]: 2010: 3107, loss: 5.94%
Pop loss [0402732]: 2010: 2812, loss: 2.45%
Pop loss [0402732]: 2010: 5598, loss: 1.63%
Pop loss [0402732]: 2010: 5206, loss: 13.04%
Pop loss [0402732]: 2010: 1734, loss: 5.22%
Pop loss [0402732]: 2010: 2381, loss: 3.54%
Pop loss [0402732]: 2010: 3200, loss: 3.66%
Pop loss [0402732]: 2010: 2940, loss: 0.5%
Pop loss [0402732]: 2010: 3166, loss: 15.54%
Pop loss [0402732]: 2010: 4524, loss: 0.55%
Pop loss [0402732]: 2010: 2658, loss: 17.46%
Pop loss [0402732]: 2010: 3605, loss: 3.86%
Pop loss [0402732]: 2010: 3207, loss: 3.96%
Pop loss [0402732]: 2010: 2373, loss: 14.56%
Pop loss [0402732]: 2010: 1719, loss: 5.06%
Pop loss [0402732]: 2010: 818, loss: 5.42%
Pop loss [0402732]: 2010: 1262, loss: 13.4%
Pop loss [0402732]: 2010: 2628, loss: 3.12%
Pop loss [0402732]: 2010: 2213, loss: 21.89%
Pop loss [0402732]: 2010: 3424, loss: 3.79%
Pop loss [0402732]: 2010: 1345, loss: 6.47%
Pop loss [0402732]: 2010: 4240, loss: 4.18%
Pop loss [0402732]: 2010: 2492, loss: 0.57%
Pop loss [0402732]: 2010: 2483, loss: 2.98%
Pop loss [0402732]: 2010: 2160, loss: 9.19%
Pop loss [0402732]: 2010: 3697, loss: 16.45%
Pop loss [0402732]: 2010: 4258, loss: 1.81%
Pop loss [0402732]: 2010: 2870, loss: 10.52%
Pop loss [0402732]: 2010: 1814, loss: 23.54%
Pop loss [0402732]: 2010: 1643, loss: 6.92%
Pop loss [0402732]: 2010: 4035, loss: 0.23%
Pop loss [0402732]: 2010: 2147, loss: 7.27%
Pop loss [0402732]: 2010: 6319, loss: 5.31%
Pop loss [0402732]: 2010: 4615, loss: 7.78%
Pop loss [0402732]: 2010: 5663, loss: 7.33%
Pop loss [0402732]: 2010: 4024, loss: 10.08%
Pop loss [0402732]: 2010: 2522, loss: 4.64%
Pop loss [0402732]: 2010: 2520, loss: 10.52%
Pop loss [0402732]: 2010: 1782, loss: 2.99%
Pop loss [0402732]: 2010: 144, loss: 7.92%
Pop loss [0402732]: 2010: 1507, loss: 6.3%
Pop loss [0402732]: 2010: 1912, loss: 3.87%
Pop loss [0402732]: 2010: 1410, loss: 20.78%
Pop loss [0402732]: 2010: 1387, loss: 0.36%
Pop loss [0402732]: 2010: 3320, loss: 0.45%
Pop loss [0402732]: 2010: 3359, loss: 7.67%
Pop loss [0402732]: 2010: 2120, loss: 6.89%
Pop loss [0402732]: 2010: 7535, loss: 0.55%
Pop loss [0402732]: 2010: 2772, loss: 3.41%
Pop loss [0402732]: 2010: 7055, loss: 1.51%
Pop loss [0402732]: 2010: 973, loss: 9.04%
Pop loss [0402732]: 2010: 1995, loss: 10.38%
Pop loss [0402732]: 2010: 3037, loss: 4.46%
Pop loss [0402732]: 2010: 3160, loss: 0.05%
Pop loss [0402732]: 2010: 2308, loss: 2.96%
Pop loss [0402732]: 2010: 4754, loss: 3.81%
Pop loss [0402732]: 2010: 1240, loss: 19.52%
Pop loss [0402732]: 2010: 1873, loss: 2.56%
Pop loss [0402732]: 2010: 1177, loss: 0.57%
Pop loss [0402732]: 2010: 1272, loss: 14.39%
Pop loss [0402732]: 2010: 2859, loss: 2.06%
Pop loss [0402732]: 2010: 1784, loss: 0.04%
Pop loss [0402732]: 2010: 3436, loss: 7.89%
Pop loss [0402732]: 2010: 1947, loss: 8.0%
Pop loss [0402732]: 2010: 426, loss: 1.95%
Pop loss [0402732]: 2010: 1519, loss: 6.35%
Pop loss [0402732]: 2010: 3290, loss: 8.06%
Pop loss [0402732]: 2010: 2944, loss: 3.23%
Pop loss [0402732]: 2010: 1945, loss: 18.85%
Pop loss [0402732]: 2010: 1302, loss: 11.32%
Pop loss [0402732]: 2010: 2191, loss: 4.43%
Pop loss [0402732]: 2010: 3948, loss: 2.83%
Pop loss [0402732]: 2010: 3044, loss: 7.52%
Pop loss [0402732]: 2010: 3825, loss: 3.15%
Pop loss [0402732]: 2010: 4528, loss: 17.08%
Pop loss [0402732]: 2010: 1417, loss: 3.53%
Pop loss [0402732]: 2010: 1290, loss: 0.77%
Pop loss [0402732]: 2010: 1326, loss: 2.62%
Pop loss [0402732]: 2010: 1899, loss: 2.37%
Pop loss [0402732]: 2010: 3829, loss: 6.08%
Pop loss [0402732]: 2010: 3438, loss: 7.04%
Pop loss [0402732]: 2010: 1429, loss: 2.02%
Pop loss [0402732]: 2010: 2254, loss: 0.14%
Pop loss [0402732]: 2010: 1891, loss: 14.82%
Pop loss [0402732]: 2010: 1704, loss: 14.03%
Pop loss [0402732]: 2010: 974, loss: 24.74%
Pop loss [0402732]: 2010: 1991, loss: 9.19%
Pop loss [0402732]: 2010: 1900, loss: 1.47%
Pop loss [0402732]: 2010: 3280, loss: 1.71%
Pop loss [0402732]: 2010: 2097, loss: 2.15%
Pop loss [0402732]: 2010: 2225, loss: 4.45%
Pop loss [0402732]: 2010: 2193, loss: 0.78%
Pop loss [0402732]: 2010: 2953, loss: 5.37%
Pop loss [0402732]: 2010: 2919, loss: 5.27%
Pop loss [0402732]: 2010: 1012, loss: 12.91%
Pop loss [0402732]: 2010: 2389, loss: 10.88%
Pop loss [0402732]: 2010: 2341, loss: 2.23%
Pop loss [0402732]: 2010: 3288, loss: 18.86%
Pop loss [0402732]: 2010: 2954, loss: 8.26%
Pop loss [0402732]: 2010: 2991, loss: 1.67%
Pop loss [0402732]: 2010: 2712, loss: 1.33%
Pop loss [0402732]: 2010: 3776, loss: 10.46%
Pop loss [0402732]: 2010: 2463, loss: 2.33%
Pop loss [0402732]: 2010: 5456, loss: 11.34%
Pop loss [0402732]: 2010: 3975, loss: 5.21%
Pop loss [0402732]: 2010: 2117, loss: 17.84%
Pop loss [0402732]: 2010: 2121, loss: 2.08%
Pop loss [0402732]: 2010: 3086, loss: 4.33%
Pop loss [0402732]: 2010: 2238, loss: 0.91%
Pop loss [0402732]: 2010: 1461, loss: 17.81%
Pop loss [0402732]: 2010: 3901, loss: 21.56%
Pop loss [0402732]: 2010: 3723, loss: 3.89%
Pop loss [0402732]: 2010: 3983, loss: 17.37%
Pop loss [0402732]: 2010: 4909, loss: 9.55%
Pop loss [0402732]: 2010: 3123, loss: 6.6%
Pop loss [0402732]: 2010: 3037, loss: 28.61%
Pop loss [0402732]: 2010: 2679, loss: 19.82%
Pop loss [0402732]: 2010: 5715, loss: 2.73%
Pop loss [0402732]: 2010: 4251, loss: 20.1%
Pop loss [0402732]: 2010: 4362, loss: 2.77%
Pop loss [0402732]: 2010: 6412, loss: 0.2%
Pop loss [0402732]: 2010: 2277, loss: 13.44%
Pop loss [0402732]: 2010: 2595, loss: 6.47%
Pop loss [0402732]: 2010: 4147, loss: 0.22%
Pop loss [0402732]: 2010: 2641, loss: 20.11%
Pop loss [0402732]: 2010: 7264, loss: 4.36%
Pop loss [0402732]: 2010: 5984, loss: 0.79%
Pop loss [0402732]: 2010: 3030, loss: 7.1%
Pop loss [0402732]: 2010: 5874, loss: 7.44%
Pop loss [0402732]: 2010: 2165, loss: 8.63%
Pop loss [0402732]: 2010: 2555, loss: 6.83%
Pop loss [0402732]: 2010: 2885, loss: 17.5%
Pop loss [0402732]: 2010: 4806, loss: 0.19%
Pop loss [0402732]: 2010: 4057, loss: 5.48%
Pop loss [0402732]: 2010: 4237, loss: 0.99%
Pop loss [0402732]: 2010: 4528, loss: 9.63%
Pop loss [0402732]: 2010: 2757, loss: 4.72%
Pop loss [0402732]: 2010: 3332, loss: 1.76%
Pop loss [0402732]: 2010: 4114, loss: 4.47%
Pop loss [0402732]: 2010: 3092, loss: 8.53%
Pop loss [0402732]: 2010: 2605, loss: 6.76%
Pop loss [0402732]: 2010: 1315, loss: 15.03%
Pop loss [0402732]: 2010: 4119, loss: 5.38%
Pop loss [0402732]: 2010: 5602, loss: 1.13%
Pop loss [0402732]: 2010: 4773, loss: 0.44%
Pop loss [0402732]: 2010: 3418, loss: 1.76%
Pop loss [0402732]: 2010: 2939, loss: 3.46%
Pop loss [0402732]: 2010: 3650, loss: 4.4%
Pop loss [0402732]: 2010: 2824, loss: 8.35%
Pop loss [0402732]: 2010: 4262, loss: 11.03%
Pop loss [0402732]: 2010: 3747, loss: 9.72%
Pop loss [0402732]: 2010: 339, loss: 0.32%
Pop loss [0402732]: 2010: 2435, loss: 7.41%
Pop loss [0402732]: 2010: 6085, loss: 4.91%
Pop loss [0402732]: 2010: 1270, loss: 11.21%
Pop loss [0402732]: 2010: 2358, loss: 8.69%
Pop loss [0402732]: 2010: 1344, loss: 32.24%
Pop loss [0402732]: 2010: 3931, loss: 5.08%
Pop loss [0402732]: 2010: 2039, loss: 4.95%
Pop loss [0402732]: 2010: 2097, loss: 48.6%
Pop loss [0402732]: 2010: 194, loss: 8.45%
Pop loss [0402732]: 2010: 2501, loss: 2.77%
Pop loss [0402732]: 2010: 3426, loss: 3.35%
Pop loss [0402732]: 2010: 2063, loss: 13.02%
Pop loss [0402732]: 2010: 1796, loss: 8.02%
Pop loss [0402732]: 2010: 5769, loss: 7.89%
Pop loss [0402732]: 2010: 433, loss: 27.32%
Pop loss [0402732]: 2010: 2640, loss: 4.78%
Pop loss [0402732]: 2010: 2920, loss: 10.83%
Pop loss [0402732]: 2010: 2961, loss: 3.76%
Pop loss [0402732]: 2010: 2287, loss: 5.06%
Pop loss [0402732]: 2010: 2928, loss: 3.19%
Pop loss [0402732]: 2010: 3560, loss: 2.54%
Pop loss [0402732]: 2010: 592, loss: 7.84%
Pop loss [0402732]: 2010: 2782, loss: 2.08%
Pop loss [0402732]: 2010: 3238, loss: 9.79%
Pop loss [0402732]: 2010: 2463, loss: 5.24%
Pop loss [0402732]: 2010: 3169, loss: 3.71%
Pop loss [0402732]: 2010: 1305, loss: 21.04%
Pop loss [0402732]: 2010: 1232, loss: 15.29%
Pop loss [0402732]: 2010: 4119, loss: 13.73%
Pop loss [0402732]: 2010: 1440, loss: 18.06%
Pop loss [0402732]: 2010: 1863, loss: 20.98%
Pop loss [0402732]: 2010: 1240, loss: 9.16%
Pop loss [0402732]: 2010: 988, loss: 16.85%
Pop loss [0402732]: 2010: 3155, loss: 8.88%
Pop loss [0402732]: 2010: 3371, loss: 5.27%
Pop loss [0402732]: 2010: 511, loss: 8.86%
Pop loss [0402732]: 2010: 5749, loss: 5.72%
Pop loss [0402732]: 2010: 666, loss: 18.89%
Pop loss [0402732]: 2010: 2757, loss: 18.52%
Pop loss [0402732]: 2010: 2501, loss: 8.41%
Pop loss [0402732]: 2010: 2920, loss: 1.12%
Pop loss [0402732]: 2010: 1506, loss: 8.96%
Pop loss [0402732]: 2010: 4219, loss: 1.13%
Pop loss [0402732]: 2010: 2283, loss: 22.23%
Pop loss [0402732]: 2010: 1223, loss: 12.5%
Pop loss [0402732]: 2010: 2213, loss: 21.69%
Pop loss [0402732]: 2010: 2193, loss: 4.24%
Pop loss [0402732]: 2010: 2811, loss: 4.36%
Pop loss [0402732]: 2010: 4538, loss: 3.16%
Pop loss [0402732]: 2010: 2054, loss: 28.61%
Pop loss [0402732]: 2010: 334, loss: 17.1%
Pop loss [0402732]: 2010: 1517, loss: 7.25%
Pop loss [0402732]: 2010: 584, loss: 7.59%
Pop loss [0402732]: 2010: 1241, loss: 22.64%
Pop loss [0402732]: 2010: 3304, loss: 0.24%
Pop loss [0402732]: 2010: 219, loss: 29.68%
Pop loss [0402732]: 2010: 132, loss: 26.29%
Pop loss [0402732]: 2010: 871, loss: 19.4%
Pop loss [0402732]: 2010: 2316, loss: 1.36%
Pop loss [0402732]: 2010: 1067, loss: 8.47%
Pop loss [0402732]: 2010: 4220, loss: 7.83%
Pop loss [0402732]: 2010: 2799, loss: 3.11%
Pop loss [0402732]: 2010: 2900, loss: 1.03%
Pop loss [0402732]: 2010: 2181, loss: 8.31%
Pop loss [0402732]: 2010: 3620, loss: 0.2%
Pop loss [0402732]: 2010: 3105, loss: 11.14%
Pop loss [0402732]: 2010: 1699, loss: 6.65%
Pop loss [0402732]: 2010: 2489, loss: 20.33%
Pop loss [0402732]: 2010: 3936, loss: 15.03%
Pop loss [0402732]: 2010: 2952, loss: 7.75%
Pop loss [0402732]: 2010: 3707, loss: 3.0%
Pop loss [0402732]: 2010: 1682, loss: 20.4%
Pop loss [0402732]: 2010: 3144, loss: 9.36%
Pop loss [0402732]: 2010: 2745, loss: 6.61%
Pop loss [0402732]: 2010: 4431, loss: 6.99%
Pop loss [0402732]: 2010: 2958, loss: 11.81%
Pop loss [0402732]: 2010: 9941, loss: 4.83%
Pop loss [0402732]: 2010: 1264, loss: 8.83%
Pop loss [0402732]: 2010: 1920, loss: 12.58%
Pop loss [0402732]: 2010: 2725, loss: 17.24%
Pop loss [0402732]: 2010: 1160, loss: 22.47%
Pop loss [0402732]: 2010: 3603, loss: 11.76%
Pop loss [0402732]: 2010: 4779, loss: 5.15%
Pop loss [0402732]: 2010: 2307, loss: 16.14%
Pop loss [0402732]: 2010: 1270, loss: 27.24%
Pop loss [0402732]: 2010: 1057, loss: 6.97%
Pop loss [0402732]: 2010: 1986, loss: 7.08%
Pop loss [0402732]: 2010: 1181, loss: 6.31%
Pop loss [0402732]: 2010: 2235, loss: 23.21%
Pop loss [0402732]: 2010: 1363, loss: 2.6%
Pop loss [0402732]: 2010: 1910, loss: 2.67%
Pop loss [0402732]: 2010: 1246, loss: 4.51%
Pop loss [0402732]: 2010: 1519, loss: 12.51%
Pop loss [0402732]: 2010: 2539, loss: 16.68%
Pop loss [0402732]: 2010: 2441, loss: 5.66%
Pop loss [0402732]: 2010: 2485, loss: 16.49%
Pop loss [0402732]: 2010: 2810, loss: 27.65%
Pop loss [0402732]: 2010: 3062, loss: 16.4%
Pop loss [0402732]: 2010: 1724, loss: 4.23%
Pop loss [0402732]: 2010: 2395, loss: 15.06%
Pop loss [0402732]: 2010: 2696, loss: 2.04%
Pop loss [0402732]: 2010: 2054, loss: 1.68%
Pop loss [0402732]: 2010: 1793, loss: 8.62%
Pop loss [0402732]: 2010: 1919, loss: 0.7%
Pop loss [0402732]: 2010: 1139, loss: 8.17%
Pop loss [0402732]: 2010: 1952, loss: 15.72%
Pop loss [0402732]: 2010: 1040, loss: 16.9%
Pop loss [0402732]: 2010: 1279, loss: 9.09%
Pop loss [0402732]: 2010: 2441, loss: 10.65%
Pop loss [0402732]: 2010: 899, loss: 21.29%
Pop loss [0402732]: 2010: 1765, loss: 11.29%
Pop loss [0402732]: 2010: 1607, loss: 4.74%
Pop loss [0402732]: 2010: 1346, loss: 3.19%
Pop loss [0402732]: 2010: 2370, loss: 4.81%
Pop loss [0402732]: 2010: 3216, loss: 8.4%
Pop loss [0402732]: 2010: 1496, loss: 1.24%
Pop loss [0402732]: 2010: 3673, loss: 1.28%
Pop loss [0402732]: 2010: 419, loss: 3.39%
Pop loss [0402732]: 2010: 1339, loss: 12.32%
Pop loss [0402732]: 2010: 1449, loss: 5.7%
Pop loss [0402732]: 2010: 1770, loss: 5.25%
Pop loss [0402732]: 2010: 1744, loss: 25.49%
Pop loss [0402732]: 2010: 5456, loss: 11.78%
Pop loss [0402732]: 2010: 1367, loss: 16.09%
Pop loss [0402732]: 2010: 2265, loss: 6.53%
Pop loss [0402732]: 2010: 2114, loss: 0.09%
Pop loss [0402732]: 2010: 1869, loss: 6.7%
Pop loss [0402732]: 2010: 3009, loss: 9.35%
Pop loss [0402732]: 2010: 4259, loss: 3.57%
Pop loss [0402732]: 2010: 4209, loss: 2.14%
Pop loss [0402732]: 2010: 1623, loss: 11.34%
Pop loss [0402732]: 2010: 2150, loss: 0.16%
Pop loss [0402732]: 2010: 2801, loss: 0.7%
Pop loss [0402732]: 2010: 1249, loss: 7.33%
Pop loss [0402732]: 2010: 2833, loss: 26.12%
Pop loss [0402732]: 2010: 2749, loss: 9.53%
Pop loss [0402732]: 2010: 2576, loss: 1.43%
Pop loss [0402732]: 2010: 1508, loss: 8.53%
Pop loss [0402732]: 2010: 3293, loss: 5.9%
Pop loss [0402732]: 2010: 1647, loss: 11.24%
Pop loss [0402732]: 2010: 3535, loss: 15.36%
Pop loss [0402732]: 2010: 1969, loss: 6.68%
Pop loss [0402732]: 2010: 1155, loss: 19.32%
Pop loss [0402732]: 2010: 2544, loss: 11.31%
Pop loss [0402732]: 2010: 2627, loss: 9.48%
Pop loss [0402732]: 2010: 2453, loss: 3.17%
Pop loss [0402732]: 2010: 2076, loss: 16.69%
Pop loss [0402732]: 2010: 1108, loss: 4.61%
Pop loss [0402732]: 2010: 1529, loss: 7.91%
Pop loss [0402732]: 2010: 1921, loss: 8.12%
Pop loss [0402732]: 2010: 1877, loss: 2.1%
Pop loss [0402732]: 2010: 753, loss: 21.27%
Pop loss [0402732]: 2010: 1849, loss: 0.97%
Pop loss [0402732]: 2010: 1174, loss: 18.49%
Pop loss [0402732]: 2010: 1328, loss: 3.69%
Pop loss [0402732]: 2010: 1678, loss: 1.64%
Pop loss [0402732]: 2010: 869, loss: 6.81%
Pop loss [0402732]: 2010: 2327, loss: 11.81%
Pop loss [0402732]: 2010: 2020, loss: 1.99%
Pop loss [0402732]: 2010: 3426, loss: 4.86%
Pop loss [0402732]: 2010: 1821, loss: 0.23%
Pop loss [0402732]: 2010: 2677, loss: 0.27%
Pop loss [0402732]: 2010: 1626, loss: 17.4%
Pop loss [0402732]: 2010: 1269, loss: 2.66%
Pop loss [0402732]: 2010: 4279, loss: 9.18%
Pop loss [0402732]: 2010: 2390, loss: 1.38%
Pop loss [0402732]: 2010: 1532, loss: 7.46%
Pop loss [0402732]: 2010: 1929, loss: 7.94%
Pop loss [0402732]: 2010: 1286, loss: 6.2%
Pop loss [0402732]: 2010: 1155, loss: 1.99%
Pop loss [0402732]: 2010: 1762, loss: 3.49%
Pop loss [0402732]: 2010: 4163, loss: 0.02%
Pop loss [0402732]: 2010: 2722, loss: 2.69%
Pop loss [0402732]: 2010: 4223, loss: 10.54%
Pop loss [0402732]: 2010: 2400, loss: 12.22%
Pop loss [0402732]: 2010: 3829, loss: 11.53%
Pop loss [0402732]: 2010: 4250, loss: 7.03%
Pop loss [0402732]: 2010: 1017, loss: 3.32%
Pop loss [0402732]: 2010: 1984, loss: 16.27%
Pop loss [0402732]: 2010: 2392, loss: 0.84%
Pop loss [0402732]: 2010: 1615, loss: 3.9%
Pop loss [0402732]: 2010: 1335, loss: 9.65%
Pop loss [0402732]: 2010: 1803, loss: 0.34%
Pop loss [0402732]: 2010: 2821, loss: 11.14%
Pop loss [0402732]: 2010: 3085, loss: 2.23%
Pop loss [0402732]: 2010: 4336, loss: 0.55%
Pop loss [0402732]: 2010: 2823, loss: 8.57%
Pop loss [0402732]: 2010: 2407, loss: 4.31%
Pop loss [0402732]: 2010: 1655, loss: 12.82%
Pop loss [0402732]: 2010: 43, loss: 1.16%
Pop loss [0402732]: 2010: 3847, loss: 14.6%
Pop loss [0402732]: 2010: 3409, loss: 1.46%
Pop loss [0402732]: 2010: 2218, loss: 9.02%
Pop loss [0402732]: 2010: 2126, loss: 1.75%
Pop loss [0402732]: 2010: 1283, loss: 0.94%
Pop loss [0402732]: 2010: 1442, loss: 5.42%
Pop loss [0402732]: 2010: 1624, loss: 0.11%
Pop loss [0402732]: 2010: 2615, loss: 14.63%
Pop loss [0402732]: 2010: 509, loss: 1.75%
Pop loss [0402732]: 2010: 1876, loss: 1.33%
Pop loss [0402732]: 2010: 2492, loss: 12.48%
Pop loss [0402732]: 2010: 1148, loss: 30.31%
Pop loss [0402732]: 2010: 1632, loss: 2.01%
Pop loss [0402732]: 2010: 2374, loss: 8.99%
Pop loss [0402732]: 2010: 3461, loss: 2.46%
Pop loss [0402732]: 2010: 2169, loss: 7.33%
Pop loss [0402732]: 2010: 1010, loss: 12.67%
Pop loss [0402732]: 2010: 4131, loss: 3.4%
Pop loss [0402732]: 2010: 1813, loss: 5.1%
Pop loss [0402732]: 2010: 1855, loss: 8.96%
Pop loss [0402732]: 2010: 1367, loss: 3.17%
Pop loss [0402732]: 2010: 2672, loss: 0.07%
Pop loss [0402732]: 2010: 1533, loss: 10.89%
Pop loss [0402732]: 2010: 2295, loss: 9.97%
Pop loss [0402732]: 2010: 1691, loss: 13.29%
Pop loss [0402732]: 2010: 1531, loss: 0.12%
Pop loss [0402732]: 2010: 1002, loss: 25.64%
Pop loss [0402732]: 2010: 2858, loss: 15.9%
Pop loss [0402732]: 2010: 1640, loss: 6.37%
Pop loss [0402732]: 2010: 2840, loss: 15.71%
Pop loss [0402732]: 2010: 1857, loss: 1.55%
Pop loss [0402732]: 2010: 1760, loss: 2.82%
Pop loss [0402732]: 2010: 3648, loss: 3.88%
Pop loss [0402732]: 2010: 1108, loss: 6.96%
Pop loss [0402732]: 2010: 1363, loss: 0.81%
Pop loss [0402732]: 2010: 1487, loss: 5.47%
Pop loss [0402732]: 2010: 3010, loss: 3.38%
Pop loss [0402732]: 2010: 1148, loss: 8.69%
Pop loss [0402732]: 2010: 2136, loss: 12.08%
Pop loss [0402732]: 2010: 1495, loss: 1.97%
Pop loss [0402732]: 2010: 1671, loss: 15.24%
Pop loss [0402732]: 2010: 3532, loss: 13.65%
Pop loss [0402732]: 2010: 2751, loss: 3.29%
Pop loss [0402732]: 2010: 2479, loss: 1.95%
Pop loss [0402732]: 2010: 2950, loss: 9.15%
Pop loss [0402732]: 2010: 729, loss: 14.92%
Pop loss [0402732]: 2010: 915, loss: 18.66%
Pop loss [0402732]: 2010: 2027, loss: 14.95%
Pop loss [0402732]: 2010: 2765, loss: 1.64%
Pop loss [0402732]: 2010: 2561, loss: 4.52%
Pop loss [0402732]: 2010: 1564, loss: 3.92%
Pop loss [0402732]: 2010: 1683, loss: 15.44%
Pop loss [0402732]: 2010: 3771, loss: 1.28%
Pop loss [0402732]: 2010: 1343, loss: 10.1%
Pop loss [0402732]: 2010: 3754, loss: 2.44%
Pop loss [0402732]: 2010: 1504, loss: 22.5%
Pop loss [0402732]: 2010: 5921, loss: 9.74%
Pop loss [0402732]: 2010: 2734, loss: 25.14%
Pop loss [0402732]: 2010: 2944, loss: 2.12%
Pop loss [0402732]: 2010: 4273, loss: 3.02%
Pop loss [0402732]: 2010: 3152, loss: 3.66%
Pop loss [0402732]: 2010: 2140, loss: 14.21%
Pop loss [0402732]: 2010: 20311, loss: 5.66%
Pop loss [0402732]: 2010: 5430, loss: 7.76%
Pop loss [0402732]: 2010: 2687, loss: 15.12%
Pop loss [0402732]: 2010: 890, loss: 3.44%
Pop loss [0402732]: 2010: 4123, loss: 5.0%
Pop loss [0402732]: 2010: 3527, loss: 10.77%
Pop loss [0402732]: 2010: 3068, loss: 4.5%
Pop loss [0402732]: 2010: 1170, loss: 15.11%
Pop loss [0402732]: 2010: 545, loss: 31.01%
Pop loss [0402732]: 2010: 2460, loss: 36.07%
Pop loss [0402732]: 2010: 1911, loss: 22.76%
Pop loss [0402732]: 2010: 3298, loss: 19.86%
Pop loss [0402732]: 2010: 7104, loss: 0.13%
Pop loss [0402732]: 2010: 1420, loss: 7.89%
Pop loss [0402732]: 2010: 5320, loss: 22.78%
Pop loss [0402732]: 2010: 4872, loss: 0.7%
Pop loss [0402732]: 2010: 3082, loss: 1.75%
Pop loss [0402732]: 2010: 1124, loss: 11.59%
Pop loss [0402732]: 2010: 3743, loss: 20.8%
Pop loss [0402732]: 2010: 888, loss: 13.78%
Pop loss [0402732]: 2010: 2058, loss: 13.18%
Pop loss [0402732]: 2010: 769, loss: 19.41%
Pop loss [0402732]: 2010: 839, loss: 6.31%
Pop loss [0402732]: 2010: 1612, loss: 15.89%
Pop loss [0402732]: 2010: 1170, loss: 14.18%
Pop loss [0402732]: 2010: 1251, loss: 2.61%
Pop loss [0402732]: 2010: 1122, loss: 9.2%
Pop loss [0402732]: 2010: 1049, loss: 12.34%
Pop loss [0402732]: 2010: 4652, loss: 7.58%
Pop loss [0402732]: 2010: 1010, loss: 11.62%
Pop loss [0402732]: 2010: 100, loss: 10.3%
Pop loss [0402732]: 2010: 7, loss: 17.14%
Pop loss [0402732]: 2010: 1160, loss: 11.18%
Pop loss [0402732]: 2010: 832, loss: 2.46%
Pop loss [0402732]: 2010: 1371, loss: 10.26%
Pop loss [0402732]: 2010: 1641, loss: 8.12%
Pop loss [0402732]: 2010: 30, loss: 16.67%
Pop loss [0402732]: 2010: 2167, loss: 15.21%
Pop loss [0402732]: 2010: 736, loss: 16.82%
Pop loss [0402732]: 2010: 155, loss: 33.42%
Pop loss [0402732]: 2010: 1127, loss: 4.02%
Pop loss [0402732]: 2010: 967, loss: 23.06%
Pop loss [0402732]: 2010: 1017, loss: 5.48%
Pop loss [0402732]: 2010: 1262, loss: 2.08%
Pop loss [0402732]: 2010: 609, loss: 32.74%
Pop loss [0402732]: 2010: 60, loss: 21.83%
Pop loss [0402732]: 2010: 2287, loss: 3.54%
Pop loss [0402732]: 2010: 1395, loss: 0.39%
Pop loss [0402732]: 2010: 2256, loss: 1.21%
Pop loss [0402732]: 2010: 2039, loss: 14.17%
Pop loss [0402732]: 2010: 4057, loss: 0.99%
Pop loss [0402732]: 2010: 2225, loss: 3.1%
Pop loss [0402732]: 2010: 197, loss: 23.15%
Pop loss [0402732]: 2010: 1976, loss: 1.17%
Pop loss [0402732]: 2010: 1758, loss: 4.12%
Pop loss [0402732]: 2010: 1690, loss: 3.91%
Pop loss [0402732]: 2010: 2390, loss: 5.45%
Pop loss [0402732]: 2010: 1982, loss: 4.14%
Pop loss [0402732]: 2010: 1561, loss: 3.9%
Pop loss [0402732]: 2010: 956, loss: 17.89%
Pop loss [0402732]: 2010: 1900, loss: 4.22%
Pop loss [0402732]: 2010: 1683, loss: 2.4%
Pop loss [0402732]: 2010: 1218, loss: 10.22%
Pop loss [0402732]: 2010: 1533, loss: 16.87%
Pop loss [0402732]: 2010: 1972, loss: 2.25%
Pop loss [0402732]: 2010: 3755, loss: 18.84%
Pop loss [0402732]: 2010: 3205, loss: 6.93%
Pop loss [0402732]: 2010: 986, loss: 6.96%
Pop loss [0402732]: 2010: 41, loss: 17.32%
Pop loss [0402732]: 2010: 3456, loss: 16.81%
Pop loss [0402732]: 2010: 2518, loss: 5.63%
Pop loss [0402732]: 2010: 2376, loss: 2.32%
Pop loss [0402732]: 2010: 2512, loss: 3.93%
Pop loss [0402732]: 2010: 3865, loss: 18.32%
Pop loss [0402732]: 2010: 5524, loss: 4.13%
Pop loss [0402732]: 2010: 6724, loss: 16.91%
Pop loss [0402732]: 2010: 9577, loss: 4.04%
Pop loss [0402732]: 2010: 2971, loss: 11.58%
Pop loss [0402732]: 2010: 1001, loss: 3.64%
Pop loss [0402732]: 2010: 2186, loss: 8.04%
Pop loss [0402732]: 2010: 2928, loss: 7.24%
Pop loss [0402732]: 2010: 1928, loss: 0.26%
Pop loss [0402732]: 2010: 1382, loss: 51.79%
Pop loss [0402732]: 2010: 777, loss: 21.25%
Pop loss [0402732]: 2010: 2592, loss: 6.33%
Pop loss [0402732]: 2010: 1732, loss: 6.42%
Pop loss [0402732]: 2010: 2982, loss: 12.15%
Pop loss [0402732]: 2010: 3037, loss: 0.24%
Pop loss [0402732]: 2010: 4852, loss: 2.38%
Pop loss [0402732]: 2010: 2250, loss: 3.64%
Row count: 2224
Loss count: 779
Tot 2010 Pop: 6392017
Tot 2018 Pop: 6944015.0
