Make Demographic_Data_HI.v06 (2025-06-18)

Row count: 1083
Totals from Block Data (BData) and CSV Data (CData)
Field;			BData;	CData;	Diff
T_10_CENS_Total;	1360301;	1360301;	0
T_10_CENS_White;	309343;	309343;	0
T_10_CENS_Hispanic;	120842;	120842;	0
T_10_CENS_Black;	38820;	38820;	0
T_10_CENS_Asian;	780968;	780968;	0
T_10_CENS_Native;	33470;	33470;	0
T_10_CENS_Pacific;	355816;	355816;	0
T_18_ACS_Total;	1421254;	1421254;	0
T_18_ACS_White;	314351;	314351;	0
T_18_ACS_Hispanic;	147904;	147904;	0
T_18_ACS_Black;	49291;	49291;	0
T_18_ACS_Asian;	802728;	802728;	0
T_18_ACS_Native;	33673;	33673;	0
T_18_ACS_Pacific;	372829;	372829;	0
T_19_ACS_Total;	1422094;	1422094;	0
T_19_ACS_White;	312722;	312722;	0
T_19_ACS_Hispanic;	149118;	149118;	0
T_19_ACS_Black;	50593;	50593;	0
T_19_ACS_Asian;	802551;	802551;	0
T_19_ACS_Native;	34512;	34512;	0
T_19_ACS_Pacific;	369956;	369956;	0
T_20_CENS_Total;	1455271;	1455271;	0
T_20_CENS_White;	314365;	314365;	0
T_20_CENS_Hispanic;	138923;	138923;	0
T_20_CENS_Black;	46783;	46783;	0
T_20_CENS_Asian;	824143;	824143;	0
T_20_CENS_Native;	41528;	41528;	0
T_20_CENS_Pacific;	394102;	394102;	0
T_20_ACS_Total;	1420074;	1420074;	0
T_20_ACS_White;	306360;	306360;	0
T_20_ACS_Hispanic;	152566;	152566;	0
T_20_ACS_Black;	51286;	51286;	0
T_20_ACS_Asian;	803266;	803266;	0
T_20_ACS_Native;	32391;	32391;	0
T_20_ACS_Pacific;	375003;	375003;	0
T_22_ACS_Total;	1450589;	1450589;	0
T_22_ACS_White;	305224;	305224;	0
T_22_ACS_Hispanic;	159023;	159023;	0
T_22_ACS_Black;	54780;	54780;	0
T_22_ACS_Asian;	821784;	821784;	0
T_22_ACS_Native;	36846;	36846;	0
T_22_ACS_Pacific;	386769;	386769;	0
V_10_VAP_Total;	1056483;	1056483;	0
V_10_VAP_White;	269530;	269530;	0
V_10_VAP_Hispanic;	75574;	75574;	0
V_10_VAP_Black;	23533;	23533;	0
V_10_VAP_Asian;	589565;	589565;	0
V_10_VAP_Native;	17454;	17454;	0
V_10_VAP_Pacific;	224039;	224039;	0
V_18_CVAP_Total;	1016014;	1016014;	0
V_18_CVAP_White;	263968;	263968;	0
V_18_CVAP_Hispanic;	85813;	85813;	0
V_18_CVAP_Black;	23444;	23444;	0
V_18_CVAP_Asian;	422901;	422901;	0
V_18_CVAP_Native;	8479;	8479;	0
V_18_CVAP_Pacific;	82286;	82286;	0
V_19_CVAP_Total;	1017749;	1017749;	0
V_19_CVAP_White;	262031;	262031;	0
V_19_CVAP_Hispanic;	87121;	87121;	0
V_19_CVAP_Black;	24059;	24059;	0
V_19_CVAP_Asian;	425734;	425734;	0
V_19_CVAP_Native;	8185;	8185;	0
V_19_CVAP_Pacific;	83020;	83020;	0
V_20_VAP_Total;	1155905;	1155905;	0
V_20_VAP_White;	275624;	275624;	0
V_20_VAP_Hispanic;	93107;	93107;	0
V_20_VAP_Black;	31984;	31984;	0
V_20_VAP_Asian;	646555;	646555;	0
V_20_VAP_Native;	28129;	28129;	0
V_20_VAP_Pacific;	264451;	264451;	0
V_20_VAP_NH_Total;	1155905;	1155905;	0
V_20_VAP_NH_White;	275624;	275624;	0
V_20_VAP_NH_Hispanic;	93107;	93107;	0
V_20_VAP_NH_BlackAlone;	18059;	18059;	0
V_20_VAP_NH_AsianAlone;	458268;	458268;	0
V_20_VAP_NH_NativeAlone;	2000;	2000;	0
V_20_VAP_NH_PacificAlone;	105218;	105218;	0
V_20_VAP_NH_OtherAlone;	4224;	4224;	0
V_20_VAP_NH_TwoOrMore;	199405;	199405;	0
V_20_CVAP_Total;	1020509;	1020509;	0
V_20_CVAP_White;	260136;	260136;	0
V_20_CVAP_Hispanic;	89120;	89120;	0
V_20_CVAP_Black;	24400;	24400;	0
V_20_CVAP_Asian;	429438;	429438;	0
V_20_CVAP_Native;	8035;	8035;	0
V_20_CVAP_Pacific;	83604;	83604;	0
V_22_CVAP_Total;	1050689;	1050689;	0
V_22_CVAP_White;	260873;	260873;	0
V_22_CVAP_Hispanic;	95176;	95176;	0
V_22_CVAP_Black;	25869;	25869;	0
V_22_CVAP_Asian;	442458;	442458;	0
V_22_CVAP_Native;	8292;	8292;	0
V_22_CVAP_Pacific;	87780;	87780;	0
V_22_CVAP_RemTwoOrMore;	130937;	130937;	0
