Make Election_Data_HI.v02 (2024-04-21)

Row count: 1083
Totals from Block Data (BData) and CSV Data (CData)
Field;			BData;	CData;	Diff
E_08_PRES_Total;	453921;	453921;	0
E_08_PRES_Dem;	325871;	325871;	0
E_08_PRES_Rep;	120566;	120566;	0
E_12_PRES_Total;	427001;	427001;	0
E_12_PRES_Dem;	306198;	306198;	0
E_12_PRES_Rep;	120803;	120803;	0
E_16_PRES_Total;	428937;	428937;	0
E_16_PRES_Dem;	266891;	266891;	0
E_16_PRES_Rep;	128847;	128847;	0
E_16_SEN_Total;	416562;	416562;	0
E_16_SEN_Dem;	306604;	306604;	0
E_16_SEN_Rep;	92653;	92653;	0
E_18_SEN_Total;	388351;	388351;	0
E_18_SEN_Dem;	276316;	276316;	0
E_18_SEN_Rep;	112035;	112035;	0
E_18_GOV_Total;	390843;	390843;	0
E_18_GOV_Dem;	244934;	244934;	0
E_18_GOV_Rep;	131719;	131719;	0
E_16-20_COMP_Total;	431133;	431133;	0
E_16-20_COMP_Dem;	284230;	284230;	0
E_16-20_COMP_Rep;	132077;	132077;	0
E_20_PRES_Total;	574469;	574469;	0
E_20_PRES_Dem;	366130;	366130;	0
E_20_PRES_Rep;	196864;	196864;	0
E_16-22_COMP_Total;	437206;	437206;	0
E_16-22_COMP_Dem;	287078;	287078;	0
E_16-22_COMP_Rep;	141461;	141461;	0
E_22_SEN_Total;	408517;	408517;	0
E_22_SEN_Dem;	290894;	290894;	0
E_22_SEN_Rep;	106358;	106358;	0
E_22_GOV_Total;	413262;	413262;	0
E_22_GOV_Dem;	261025;	261025;	0
E_22_GOV_Rep;	152237;	152237;	0
E_22_CONG_Total;	401174;	401174;	0
E_22_CONG_Dem;	271953;	271953;	0
E_22_CONG_Rep;	124091;	124091;	0
