Make CSV: UT (election)
Row count: 2745
R_2016_pres: 515208
D_2016_pres: 310664
Tot_2016_pres: 1131333
R_2016_sen: 760208
D_2016_sen: 301848
Tot_2016_sen: 1115557
R_2016_gov: 750819
D_2016_gov: 323332
Tot_2016_gov: 1124888
R_2016_ag: 719027
D_2016_ag: 275563
Tot_2016_ag: 1099246
R_2018_sen: 665196
D_2018_sen: 328533
Tot_2018_sen: 1064459
R_2020_pres: 865066
D_2020_pres: 560255
Tot_2020_pres: 1506538
R_2020_gov: 918675
D_2020_gov: 442737
Tot_2020_gov: 1476780
R_2020_ag: 878776
D_2020_ag: 489477
Tot_2020_ag: 1450694
