Make Demographic_Data_UT.v06 (2025-06-19)

Row count: 2745
Totals from Block Data (BData) and CSV Data (CData)
Field;			BData;	CData;	Diff
T_10_CENS_Total;	2763393;	2763393;	0
T_10_CENS_White;	2221273;	2221273;	0
T_10_CENS_Hispanic;	358320;	358320;	0
T_10_CENS_Black;	43207;	43207;	0
T_10_CENS_Asian;	77739;	77739;	0
T_10_CENS_Native;	50055;	50055;	0
T_10_CENS_Pacific;	36769;	36769;	0
T_18_ACS_Total;	3045350;	3045350;	0
T_18_ACS_White;	2394238;	2394238;	0
T_18_ACS_Hispanic;	422123;	422123;	0
T_18_ACS_Black;	52703;	52703;	0
T_18_ACS_Asian;	103138;	103138;	0
T_18_ACS_Native;	54797;	54797;	0
T_18_ACS_Pacific;	44632;	44632;	0
T_19_ACS_Total;	3096848;	3096848;	0
T_19_ACS_White;	2425647;	2425647;	0
T_19_ACS_Hispanic;	434832;	434832;	0
T_19_ACS_Black;	55472;	55472;	0
T_19_ACS_Asian;	107058;	107058;	0
T_19_ACS_Native;	55633;	55633;	0
T_19_ACS_Pacific;	46028;	46028;	0
T_20_CENS_Total;	3271616;	3271616;	0
T_20_CENS_White;	2465355;	2465355;	0
T_20_CENS_Hispanic;	492912;	492912;	0
T_20_CENS_Black;	67128;	67128;	0
T_20_CENS_Asian;	125088;	125088;	0
T_20_CENS_Native;	87234;	87234;	0
T_20_CENS_Pacific;	59247;	59247;	0
T_20_ACS_Total;	3151239;	3151239;	0
T_20_ACS_White;	2455192;	2455192;	0
T_20_ACS_Hispanic;	446067;	446067;	0
T_20_ACS_Black;	59239;	59239;	0
T_20_ACS_Asian;	112368;	112368;	0
T_20_ACS_Native;	56640;	56640;	0
T_20_ACS_Pacific;	49428;	49428;	0
T_22_ACS_Total;	3283809;	3283809;	0
T_22_ACS_White;	2521231;	2521231;	0
T_22_ACS_Hispanic;	480843;	480843;	0
T_22_ACS_Black;	66891;	66891;	0
T_22_ACS_Asian;	123221;	123221;	0
T_22_ACS_Native;	69203;	69203;	0
T_22_ACS_Pacific;	53798;	53798;	0
V_10_VAP_Total;	1892569;	1892569;	0
V_10_VAP_White;	1563300;	1563300;	0
V_10_VAP_Hispanic;	214484;	214484;	0
V_10_VAP_Black;	22572;	22572;	0
V_10_VAP_Asian;	52270;	52270;	0
V_10_VAP_Native;	30858;	30858;	0
V_10_VAP_Pacific;	19922;	19922;	0
V_18_CVAP_Total;	1982860;	1982860;	0
V_18_CVAP_White;	1699099;	1699099;	0
V_18_CVAP_Hispanic;	165513;	165513;	0
V_18_CVAP_Black;	22369;	22369;	0
V_18_CVAP_Asian;	44689;	44689;	0
V_18_CVAP_Native;	28442;	28442;	0
V_18_CVAP_Pacific;	14857;	14857;	0
V_19_CVAP_Total;	2028990;	2028990;	0
V_19_CVAP_White;	1728603;	1728603;	0
V_19_CVAP_Hispanic;	176271;	176271;	0
V_19_CVAP_Black;	23766;	23766;	0
V_19_CVAP_Asian;	47580;	47580;	0
V_19_CVAP_Native;	29016;	29016;	0
V_19_CVAP_Pacific;	15626;	15626;	0
V_20_VAP_Total;	2324051;	2324051;	0
V_20_VAP_White;	1798000;	1798000;	0
V_20_VAP_Hispanic;	316610;	316610;	0
V_20_VAP_Black;	39879;	39879;	0
V_20_VAP_Asian;	86281;	86281;	0
V_20_VAP_Native;	58774;	58774;	0
V_20_VAP_Pacific;	34497;	34497;	0
V_20_VAP_NH_Total;	2324051;	2324051;	0
V_20_VAP_NH_White;	1798000;	1798000;	0
V_20_VAP_NH_Hispanic;	316610;	316610;	0
V_20_VAP_NH_BlackAlone;	25370;	25370;	0
V_20_VAP_NH_AsianAlone;	62825;	62825;	0
V_20_VAP_NH_NativeAlone;	20985;	20985;	0
V_20_VAP_NH_PacificAlone;	23424;	23424;	0
V_20_VAP_NH_OtherAlone;	8588;	8588;	0
V_20_VAP_NH_TwoOrMore;	68249;	68249;	0
V_20_CVAP_Total;	2082849;	2082849;	0
V_20_CVAP_White;	1762494;	1762494;	0
V_20_CVAP_Hispanic;	189038;	189038;	0
V_20_CVAP_Black;	25392;	25392;	0
V_20_CVAP_Asian;	50435;	50435;	0
V_20_CVAP_Native;	29609;	29609;	0
V_20_CVAP_Pacific;	16291;	16291;	0
V_22_CVAP_Total;	2204560;	2204560;	0
V_22_CVAP_White;	1844622;	1844622;	0
V_22_CVAP_Hispanic;	213710;	213710;	0
V_22_CVAP_Black;	28941;	28941;	0
V_22_CVAP_Asian;	58003;	58003;	0
V_22_CVAP_Native;	30888;	30888;	0
V_22_CVAP_Pacific;	17065;	17065;	0
V_22_CVAP_RemTwoOrMore;	11573;	11573;	0
