Make Election_Data_WA.v06 (2025-06-19)

Row count: 7434
Totals from Block Data (BData) and CSV Data (CData)
Field;			BData;	CData;	Diff
E_08_PRES_Total;	3041941;	3041941;	0
E_08_PRES_Dem;	1750838;	1750838;	0
E_08_PRES_Rep;	1229212;	1229212;	0
E_12_PRES_Total;	3042882;	3042882;	0
E_12_PRES_Dem;	1753441;	1753441;	0
E_12_PRES_Rep;	1289441;	1289441;	0
E_16_PRES_Total;	3209214;	3209214;	0
E_16_PRES_Dem;	1742718;	1742718;	0
E_16_PRES_Rep;	1221747;	1221747;	0
E_16_SEN_Total;	3243317;	3243317;	0
E_16_SEN_Dem;	1913979;	1913979;	0
E_16_SEN_Rep;	1329338;	1329338;	0
E_16_GOV_Total;	3236866;	3236866;	0
E_16_GOV_Dem;	1760520;	1760520;	0
E_16_GOV_Rep;	1476346;	1476346;	0
E_16_AG_Total;	2979909;	2979909;	0
E_16_AG_Dem;	2000804;	2000804;	0
E_16_AG_Rep;	979105;	979105;	0
E_16_AUD_Total;	3052782;	3052782;	0
E_16_AUD_Dem;	1597011;	1597011;	0
E_16_AUD_Rep;	1455771;	1455771;	0
E_16_LTG_Total;	3122574;	3122574;	0
E_16_LTG_Dem;	1698297;	1698297;	0
E_16_LTG_Rep;	1424277;	1424277;	0
E_16_SOS_Total;	3129303;	3129303;	0
E_16_SOS_Dem;	1416299;	1416299;	0
E_16_SOS_Rep;	1713004;	1713004;	0
E_16_TREAS_Total;	2711423;	2711423;	0
E_16_TREAS_Dem;	0;	0;	0
E_16_TREAS_Rep;	2711423;	2711423;	0
E_18_SEN_Total;	3086168;	3086168;	0
E_18_SEN_Dem;	1803364;	1803364;	0
E_18_SEN_Rep;	1282804;	1282804;	0
E_16-20_COMP_Total;	3594786;	3594786;	0
E_16-20_COMP_Dem;	2057338;	2057338;	0
E_16-20_COMP_Rep;	1479514;	1479514;	0
E_20_PRES_Total;	4087631;	4087631;	0
E_20_PRES_Dem;	2369612;	2369612;	0
E_20_PRES_Rep;	1584651;	1584651;	0
E_20_GOV_Total;	4056454;	4056454;	0
E_20_GOV_Dem;	2294243;	2294243;	0
E_20_GOV_Rep;	1749066;	1749066;	0
E_20_AG_Total;	3945313;	3945313;	0
E_20_AG_Dem;	2226418;	2226418;	0
E_20_AG_Rep;	1714927;	1714927;	0
E_20_AUD_Total;	3898102;	3898102;	0
E_20_AUD_Dem;	2260830;	2260830;	0
E_20_AUD_Rep;	1633956;	1633956;	0
E_20_LTG_Total;	3636029;	3636029;	0
E_20_LTG_Dem;	2876953;	2876953;	0
E_20_LTG_Rep;	0;	0;	0
E_20_SOS_Total;	3947517;	3947517;	0
E_20_SOS_Dem;	1826710;	1826710;	0
E_20_SOS_Rep;	2116141;	2116141;	0
E_20_TREAS_Total;	3911393;	3911393;	0
E_20_TREAS_Dem;	2089159;	2089159;	0
E_20_TREAS_Rep;	1818895;	1818895;	0
E_16-22_COMP_Total;	3563119;	3563119;	0
E_16-22_COMP_Dem;	2029194;	2029194;	0
E_16-22_COMP_Rep;	1474876;	1474876;	0
E_22_SEN_Total;	3047900;	3047900;	0
E_22_SEN_Dem;	1741827;	1741827;	0
E_22_SEN_Rep;	1299322;	1299322;	0
E_22_SOS_Total;	2950380;	2950380;	0
E_22_SOS_Dem;	1468521;	1468521;	0
E_22_SOS_Rep;	129933;	129933;	0
E_22_CONG_Total;	3026173;	3026173;	0
E_22_CONG_Dem;	1751582;	1751582;	0
E_22_CONG_Rep;	1261961;	1261961;	0
E_20-24_COMP_Total;	3741125;	3741125;	0
E_20-24_COMP_Dem;	2141973;	2141973;	0
E_20-24_COMP_Rep;	1558582;	1558582;	0
E_24_PRES_Total;	3924243;	3924243;	0
E_24_PRES_Dem;	2245849;	2245849;	0
E_24_PRES_Rep;	1530923;	1530923;	0
E_24_SEN_Total;	3812391;	3812391;	0
E_24_SEN_Dem;	2252577;	2252577;	0
E_24_SEN_Rep;	1549187;	1549187;	0
E_24_GOV_Total;	3861388;	3861388;	0
E_24_GOV_Dem;	2143368;	2143368;	0
E_24_GOV_Rep;	1709818;	1709818;	0
E_24_AG_Total;	3767070;	3767070;	0
E_24_AG_Dem;	2093570;	2093570;	0
E_24_AG_Rep;	1669884;	1669884;	0
E_24_AUD_Total;	3742318;	3742318;	0
E_24_AUD_Dem;	2170306;	2170306;	0
E_24_AUD_Rep;	1568750;	1568750;	0
E_24_LTG_Total;	3790533;	3790533;	0
E_24_LTG_Dem;	2112132;	2112132;	0
E_24_LTG_Rep;	1674025;	1674025;	0
E_24_SOS_Total;	3774355;	3774355;	0
E_24_SOS_Dem;	2234420;	2234420;	0
E_24_SOS_Rep;	1535977;	1535977;	0
E_24_TREAS_Total;	3752395;	3752395;	0
E_24_TREAS_Dem;	2148764;	2148764;	0
E_24_TREAS_Rep;	1600370;	1600370;	0
E_24_PUBLND_Total;	3743451;	3743451;	0
E_24_PUBLND_Dem;	1969936;	1969936;	0
E_24_PUBLND_Rep;	1765121;	1765121;	0
E_24_CONG_Total;	3193830;	3193830;	0
E_24_CONG_Dem;	1882526;	1882526;	0
E_24_CONG_Rep;	1302947;	1302947;	0
