Make Demographic_Data_WA.v04 (2024-01-31)

Row count: 7434
Totals from Block Data (BData) and CSV Data (CData)
Field;			BData;	CData;	Diff
T_10_CENS_Total;	6721437;	6721437;	0
T_10_CENS_White;	4874854;	4874854;	0
T_10_CENS_Hispanic;	755512;	755512;	0
T_10_CENS_Black;	324706;	324706;	0
T_10_CENS_Asian;	603766;	603766;	0
T_10_CENS_Native;	198924;	198924;	0
T_10_CENS_Pacific;	70220;	70220;	0
T_18_ACS_Total;	7294336;	7294336;	0
T_18_ACS_White;	5039208;	5039208;	0
T_18_ACS_Hispanic;	911573;	911573;	0
T_18_ACS_Black;	397656;	397656;	0
T_18_ACS_Asian;	777405;	777405;	0
T_18_ACS_Native;	218255;	218255;	0
T_18_ACS_Pacific;	87987;	87987;	0
T_19_ACS_Total;	7404107;	7404107;	0
T_19_ACS_White;	5073945;	5073945;	0
T_19_ACS_Hispanic;	937579;	937579;	0
T_19_ACS_Black;	410999;	410999;	0
T_19_ACS_Asian;	812035;	812035;	0
T_19_ACS_Native;	219642;	219642;	0
T_19_ACS_Pacific;	93739;	93739;	0
T_20_CENS_Total;	7705281;	7705281;	0
T_20_CENS_White;	4918820;	4918820;	0
T_20_CENS_Hispanic;	1059213;	1059213;	0
T_20_CENS_Black;	446240;	446240;	0
T_20_CENS_Asian;	939846;	939846;	0
T_20_CENS_Native;	313633;	313633;	0
T_20_CENS_Pacific;	114189;	114189;	0
T_20_CENS_ADJ_Total;	7705281;	7705281;	0
T_20_CENS_ADJ_White;	4918820;	4918820;	0
T_20_CENS_ADJ_Hispanic;	1059213;	1059213;	0
T_20_CENS_ADJ_Black;	446240;	446240;	0
T_20_CENS_ADJ_Asian;	939846;	939846;	0
T_20_CENS_ADJ_Native;	313633;	313633;	0
T_20_CENS_ADJ_Pacific;	114189;	114189;	0
T_20_ACS_Total;	7512465;	7512465;	0
T_20_ACS_White;	5067909;	5067909;	0
T_20_ACS_Hispanic;	971522;	971522;	0
T_20_ACS_Black;	425653;	425653;	0
T_20_ACS_Asian;	854617;	854617;	0
T_20_ACS_Native;	223318;	223318;	0
T_20_ACS_Pacific;	94943;	94943;	0
V_10_VAP_Total;	5140588;	5140588;	0
V_10_VAP_White;	3914528;	3914528;	0
V_10_VAP_Hispanic;	456174;	456174;	0
V_10_VAP_Black;	206172;	206172;	0
V_10_VAP_Asian;	436767;	436767;	0
V_10_VAP_Native;	132878;	132878;	0
V_10_VAP_Pacific;	42906;	42906;	0
V_18_CVAP_Total;	5173915;	5173915;	0
V_18_CVAP_White;	4027080;	4027080;	0
V_18_CVAP_Hispanic;	366395;	366395;	0
V_18_CVAP_Black;	214106;	214106;	0
V_18_CVAP_Asian;	386802;	386802;	0
V_18_CVAP_Native;	121445;	121445;	0
V_18_CVAP_Pacific;	28709;	28709;	0
V_19_CVAP_Total;	5257914;	5257914;	0
V_19_CVAP_White;	4063394;	4063394;	0
V_19_CVAP_Hispanic;	385016;	385016;	0
V_19_CVAP_Black;	221880;	221880;	0
V_19_CVAP_Asian;	403323;	403323;	0
V_19_CVAP_Native;	123366;	123366;	0
V_19_CVAP_Pacific;	29092;	29092;	0
V_20_VAP_Total;	6024689;	6024689;	0
V_20_VAP_White;	4058504;	4058504;	0
V_20_VAP_Hispanic;	690674;	690674;	0
V_20_VAP_Black;	301490;	301490;	0
V_20_VAP_Asian;	701888;	701888;	0
V_20_VAP_Native;	224554;	224554;	0
V_20_VAP_Pacific;	73674;	73674;	0
V_20_VAP_NH_Total;	6024689;	6024689;	0
V_20_VAP_NH_White;	4058504;	4058504;	0
V_20_VAP_NH_Hispanic;	690674;	690674;	0
V_20_VAP_NH_BlackAlone;	223861;	223861;	0
V_20_VAP_NH_AsianAlone;	584457;	584457;	0
V_20_VAP_NH_NativeAlone;	68149;	68149;	0
V_20_VAP_NH_PacificAlone;	43639;	43639;	0
V_20_VAP_NH_OtherAlone;	31957;	31957;	0
V_20_VAP_NH_TwoOrMore;	323448;	323448;	0
V_20_CVAP_Total;	5344977;	5344977;	0
V_20_CVAP_White;	4094417;	4094417;	0
V_20_CVAP_Hispanic;	410515;	410515;	0
V_20_CVAP_Black;	228962;	228962;	0
V_20_CVAP_Asian;	422710;	422710;	0
V_20_CVAP_Native;	124202;	124202;	0
V_20_CVAP_Pacific;	29375;	29375;	0
