Make Election_Data_IA.v02 (2024-04-21)

Row count: 2536
Totals from Block Data (BData) and CSV Data (CData)
Field;			BData;	CData;	Diff
E_08_PRES_Total;	1546917;	1546917;	0
E_08_PRES_Dem;	828607;	828607;	0
E_08_PRES_Rep;	682104;	682104;	0
E_12_PRES_Total;	1553469;	1553469;	0
E_12_PRES_Dem;	822778;	822778;	0
E_12_PRES_Rep;	730691;	730691;	0
E_16_PRES_Total;	1564425;	1564425;	0
E_16_PRES_Dem;	650119;	650119;	0
E_16_PRES_Rep;	800084;	800084;	0
E_16_SEN_Total;	1539655;	1539655;	0
E_16_SEN_Dem;	545470;	545470;	0
E_16_SEN_Rep;	924982;	924982;	0
E_18_GOV_Total;	1326950;	1326950;	0
E_18_GOV_Dem;	627603;	627603;	0
E_18_GOV_Rep;	667751;	667751;	0
E_18_AG_Total;	1150229;	1150229;	0
E_18_AG_Dem;	881420;	881420;	0
E_18_AG_Rep;	0;	0;	0
E_16-20_COMP_Total;	1509254;	1509254;	0
E_16-20_COMP_Dem;	661858;	661858;	0
E_16-20_COMP_Rep;	804209;	804209;	0
E_20_PRES_Total;	1690871;	1690871;	0
E_20_PRES_Dem;	759061;	759061;	0
E_20_PRES_Rep;	897672;	897672;	0
E_20_SEN_Total;	1671828;	1671828;	0
E_20_SEN_Dem;	754859;	754859;	0
E_20_SEN_Rep;	864997;	864997;	0
