Make Demographic_Data_IA.v04 (2024-01-31)

Row count: 2536
Totals from Block Data (BData) and CSV Data (CData)
Field;			BData;	CData;	Diff
T_10_CENS_Total;	3046355;	3046355;	0
T_10_CENS_White;	2701123;	2701123;	0
T_10_CENS_Hispanic;	151544;	151544;	0
T_10_CENS_Black;	113225;	113225;	0
T_10_CENS_Asian;	64512;	64512;	0
T_10_CENS_Native;	24511;	24511;	0
T_10_CENS_Pacific;	3847;	3847;	0
T_18_ACS_Total;	3132499;	3132499;	0
T_18_ACS_White;	2695888;	2695888;	0
T_18_ACS_Hispanic;	183296;	183296;	0
T_18_ACS_Black;	144373;	144373;	0
T_18_ACS_Asian;	91193;	91193;	0
T_18_ACS_Native;	27462;	27462;	0
T_18_ACS_Pacific;	5384;	5384;	0
T_19_ACS_Total;	3139508;	3139508;	0
T_19_ACS_White;	2690052;	2690052;	0
T_19_ACS_Hispanic;	188311;	188311;	0
T_19_ACS_Black;	149977;	149977;	0
T_19_ACS_Asian;	92564;	92564;	0
T_19_ACS_Native;	27712;	27712;	0
T_19_ACS_Pacific;	6346;	6346;	0
T_20_CENS_Total;	3190369;	3190369;	0
T_20_CENS_White;	2638201;	2638201;	0
T_20_CENS_Hispanic;	215986;	215986;	0
T_20_CENS_Black;	172988;	172988;	0
T_20_CENS_Asian;	96861;	96861;	0
T_20_CENS_Native;	55958;	55958;	0
T_20_CENS_Pacific;	10073;	10073;	0
T_20_ACS_Total;	3150011;	3150011;	0
T_20_ACS_White;	2677946;	2677946;	0
T_20_ACS_Hispanic;	194407;	194407;	0
T_20_ACS_Black;	156107;	156107;	0
T_20_ACS_Asian;	97896;	97896;	0
T_20_ACS_Native;	28277;	28277;	0
T_20_ACS_Pacific;	6346;	6346;	0
V_10_VAP_Total;	2318362;	2318362;	0
V_10_VAP_White;	2107975;	2107975;	0
V_10_VAP_Hispanic;	88337;	88337;	0
V_10_VAP_Black;	64742;	64742;	0
V_10_VAP_Asian;	44870;	44870;	0
V_10_VAP_Native;	15548;	15548;	0
V_10_VAP_Pacific;	2307;	2307;	0
V_18_CVAP_Total;	2312625;	2312625;	0
V_18_CVAP_White;	2114995;	2114995;	0
V_18_CVAP_Hispanic;	73806;	73806;	0
V_18_CVAP_Black;	72468;	72468;	0
V_18_CVAP_Asian;	33192;	33192;	0
V_18_CVAP_Native;	15800;	15800;	0
V_18_CVAP_Pacific;	1337;	1337;	0
V_19_CVAP_Total;	2321040;	2321040;	0
V_19_CVAP_White;	2113460;	2113460;	0
V_19_CVAP_Hispanic;	78335;	78335;	0
V_19_CVAP_Black;	75717;	75717;	0
V_19_CVAP_Asian;	35692;	35692;	0
V_19_CVAP_Native;	15622;	15622;	0
V_19_CVAP_Pacific;	1317;	1317;	0
V_20_VAP_Total;	2450103;	2450103;	0
V_20_VAP_White;	2093769;	2093769;	0
V_20_VAP_Hispanic;	134104;	134104;	0
V_20_VAP_Black;	104136;	104136;	0
V_20_VAP_Asian;	67950;	67950;	0
V_20_VAP_Native;	38717;	38717;	0
V_20_VAP_Pacific;	6628;	6628;	0
V_20_VAP_NH_Total;	2450103;	2450103;	0
V_20_VAP_NH_White;	2093769;	2093769;	0
V_20_VAP_NH_Hispanic;	134104;	134104;	0
V_20_VAP_NH_BlackAlone;	86796;	86796;	0
V_20_VAP_NH_AsianAlone;	56772;	56772;	0
V_20_VAP_NH_NativeAlone;	6662;	6662;	0
V_20_VAP_NH_PacificAlone;	3447;	3447;	0
V_20_VAP_NH_OtherAlone;	5779;	5779;	0
V_20_VAP_NH_TwoOrMore;	62774;	62774;	0
V_20_CVAP_Total;	2332416;	2332416;	0
V_20_CVAP_White;	2113481;	2113481;	0
V_20_CVAP_Hispanic;	82619;	82619;	0
V_20_CVAP_Black;	77193;	77193;	0
V_20_CVAP_Asian;	38337;	38337;	0
V_20_CVAP_Native;	15909;	15909;	0
V_20_CVAP_Pacific;	1268;	1268;	0
