Make Demographic_Data_KS.v06 (2025-06-18)

Row count: 4240
Totals from Block Data (BData) and CSV Data (CData)
Field;			BData;	CData;	Diff
T_10_CENS_Total;	2852702;	2852702;	0
T_10_CENS_White;	2230181;	2230181;	0
T_10_CENS_Hispanic;	300015;	300015;	0
T_10_CENS_Black;	202131;	202131;	0
T_10_CENS_Asian;	83919;	83919;	0
T_10_CENS_Native;	59123;	59123;	0
T_10_CENS_Pacific;	4934;	4934;	0
T_18_ACS_Total;	2908776;	2908776;	0
T_18_ACS_White;	2214543;	2214543;	0
T_18_ACS_Hispanic;	340616;	340616;	0
T_18_ACS_Black;	214553;	214553;	0
T_18_ACS_Asian;	103141;	103141;	0
T_18_ACS_Native;	62167;	62167;	0
T_18_ACS_Pacific;	5952;	5952;	0
T_19_ACS_Total;	2910652;	2910652;	0
T_19_ACS_White;	2208576;	2208576;	0
T_19_ACS_Hispanic;	345680;	345680;	0
T_19_ACS_Black;	214879;	214879;	0
T_19_ACS_Asian;	105946;	105946;	0
T_19_ACS_Native;	61423;	61423;	0
T_19_ACS_Pacific;	6138;	6138;	0
T_20_CENS_Total;	2937880;	2937880;	0
T_20_CENS_White;	2122575;	2122575;	0
T_20_CENS_Hispanic;	382603;	382603;	0
T_20_CENS_Black;	223275;	223275;	0
T_20_CENS_Asian;	112195;	112195;	0
T_20_CENS_Native;	111305;	111305;	0
T_20_CENS_Pacific;	7890;	7890;	0
T_20_ACS_Total;	2912619;	2912619;	0
T_20_ACS_White;	2193988;	2193988;	0
T_20_ACS_Hispanic;	351602;	351602;	0
T_20_ACS_Black;	216216;	216216;	0
T_20_ACS_Asian;	110231;	110231;	0
T_20_ACS_Native;	62955;	62955;	0
T_20_ACS_Pacific;	6655;	6655;	0
T_22_ACS_Total;	2935922;	2935922;	0
T_22_ACS_White;	2179129;	2179129;	0
T_22_ACS_Hispanic;	369970;	369970;	0
T_22_ACS_Black;	221627;	221627;	0
T_22_ACS_Asian;	113969;	113969;	0
T_22_ACS_Native;	73411;	73411;	0
T_22_ACS_Pacific;	7077;	7077;	0
V_10_VAP_Total;	2125881;	2125881;	0
V_10_VAP_White;	1731918;	1731918;	0
V_10_VAP_Hispanic;	177925;	177925;	0
V_10_VAP_Black;	128901;	128901;	0
V_10_VAP_Asian;	57653;	57653;	0
V_10_VAP_Native;	38950;	38950;	0
V_10_VAP_Pacific;	2884;	2884;	0
V_18_CVAP_Total;	2077720;	2077720;	0
V_18_CVAP_White;	1727587;	1727587;	0
V_18_CVAP_Hispanic;	138637;	138637;	0
V_18_CVAP_Black;	128095;	128095;	0
V_18_CVAP_Asian;	43931;	43931;	0
V_18_CVAP_Native;	35771;	35771;	0
V_18_CVAP_Pacific;	1055;	1055;	0
V_19_CVAP_Total;	2084755;	2084755;	0
V_19_CVAP_White;	1725618;	1725618;	0
V_19_CVAP_Hispanic;	143856;	143856;	0
V_19_CVAP_Black;	129556;	129556;	0
V_19_CVAP_Asian;	46482;	46482;	0
V_19_CVAP_Native;	35865;	35865;	0
V_19_CVAP_Pacific;	1086;	1086;	0
V_20_VAP_Total;	2229316;	2229316;	0
V_20_VAP_White;	1683982;	1683982;	0
V_20_VAP_Hispanic;	241586;	241586;	0
V_20_VAP_Black;	148173;	148173;	0
V_20_VAP_Asian;	78934;	78934;	0
V_20_VAP_Native;	77897;	77897;	0
V_20_VAP_Pacific;	4968;	4968;	0
V_20_VAP_NH_Total;	2229316;	2229316;	0
V_20_VAP_NH_White;	1683982;	1683982;	0
V_20_VAP_NH_Hispanic;	241586;	241586;	0
V_20_VAP_NH_BlackAlone;	122508;	122508;	0
V_20_VAP_NH_AsianAlone;	65780;	65780;	0
V_20_VAP_NH_NativeAlone;	16995;	16995;	0
V_20_VAP_NH_PacificAlone;	2173;	2173;	0
V_20_VAP_NH_OtherAlone;	6978;	6978;	0
V_20_VAP_NH_TwoOrMore;	89314;	89314;	0
V_20_CVAP_Total;	2097725;	2097725;	0
V_20_CVAP_White;	1724080;	1724080;	0
V_20_CVAP_Hispanic;	150030;	150030;	0
V_20_CVAP_Black;	130175;	130175;	0
V_20_CVAP_Asian;	50498;	50498;	0
V_20_CVAP_Native;	36238;	36238;	0
V_20_CVAP_Pacific;	1121;	1121;	0
V_22_CVAP_Total;	2126045;	2126045;	0
V_22_CVAP_White;	1728578;	1728578;	0
V_22_CVAP_Hispanic;	167340;	167340;	0
V_22_CVAP_Black;	132742;	132742;	0
V_22_CVAP_Asian;	54891;	54891;	0
V_22_CVAP_Native;	38013;	38013;	0
V_22_CVAP_Pacific;	986;	986;	0
V_22_CVAP_RemTwoOrMore;	6349;	6349;	0
