Make Election_Data_KS.v06 (2025-06-18)

Row count: 4240
Totals from Block Data (BData) and CSV Data (CData)
Field;			BData;	CData;	Diff
E_08_PRES_Total;	1244285;	1244285;	0
E_08_PRES_Dem;	514665;	514665;	0
E_08_PRES_Rep;	699511;	699511;	0
E_12_PRES_Total;	1156628;	1156628;	0
E_12_PRES_Dem;	435053;	435053;	0
E_12_PRES_Rep;	688670;	688670;	0
E_16_PRES_Total;	1193610;	1193610;	0
E_16_PRES_Dem;	426982;	426982;	0
E_16_PRES_Rep;	670975;	670975;	0
E_16_SEN_Total;	1178420;	1178420;	0
E_16_SEN_Dem;	379721;	379721;	0
E_16_SEN_Rep;	732322;	732322;	0
E_18_GOV_Total;	1054615;	1054615;	0
E_18_GOV_Dem;	506504;	506504;	0
E_18_GOV_Rep;	453028;	453028;	0
E_18_AG_Total;	1040806;	1040806;	0
E_18_AG_Dem;	427166;	427166;	0
E_18_AG_Rep;	613640;	613640;	0
E_16-20_COMP_Total;	1191735;	1191735;	0
E_16-20_COMP_Dem;	476208;	476208;	0
E_16-20_COMP_Rep;	661389;	661389;	0
E_20_PRES_Total;	1372295;	1372295;	0
E_20_PRES_Dem;	570320;	570320;	0
E_20_PRES_Rep;	771401;	771401;	0
E_20_SEN_Total;	1367747;	1367747;	0
E_20_SEN_Dem;	571527;	571527;	0
E_20_SEN_Rep;	727957;	727957;	0
E_16-22_COMP_Total;	1154272;	1154272;	0
E_16-22_COMP_Dem;	489825;	489825;	0
E_16-22_COMP_Rep;	626435;	626435;	0
E_22_SEN_Total;	1004956;	1004956;	0
E_22_SEN_Dem;	372214;	372214;	0
E_22_SEN_Rep;	602976;	602976;	0
E_22_GOV_Total;	1008998;	1008998;	0
E_22_GOV_Dem;	499849;	499849;	0
E_22_GOV_Rep;	477591;	477591;	0
E_22_AG_Total;	997742;	997742;	0
E_22_AG_Dem;	490925;	490925;	0
E_22_AG_Rep;	506817;	506817;	0
E_22_SOS_Total;	995413;	995413;	0
E_22_SOS_Dem;	386661;	386661;	0
E_22_SOS_Rep;	580908;	580908;	0
E_22_TREAS_Total;	994841;	994841;	0
E_22_TREAS_Dem;	411813;	411813;	0
E_22_TREAS_Rep;	537488;	537488;	0
E_22_CONG_Total;	1001813;	1001813;	0
E_22_CONG_Dem;	425319;	425319;	0
E_22_CONG_Rep;	569566;	569566;	0
