Make CSV: SD (census)
Pop loss [46137VTD-GV]: 2010: 121, loss: 0.41%
Pop loss [46137VTD-GV]: 2010: 328, loss: 16.86%
Pop loss [46137VTD-GV]: 2010: 566, loss: 6.43%
Pop loss [46137VTD-GV]: 2010: 691, loss: 5.79%
Pop loss [46137VTD-GV]: 2010: 2259, loss: 24.57%
Pop loss [46137VTD-GV]: 2010: 1537, loss: 4.19%
Pop loss [46137VTD-GV]: 2010: 1106, loss: 9.96%
Pop loss [46137VTD-GV]: 2010: 415, loss: 5.81%
Pop loss [46137VTD-GV]: 2010: 295, loss: 6.03%
Pop loss [46137VTD-GV]: 2010: 1140, loss: 11.14%
Pop loss [46137VTD-GV]: 2010: 1132, loss: 10.88%
Pop loss [46137VTD-GV]: 2010: 2431, loss: 1.45%
Pop loss [46137VTD-GV]: 2010: 3517, loss: 5.14%
Pop loss [46137VTD-GV]: 2010: 2847, loss: 0.08%
Pop loss [46137VTD-GV]: 2010: 430, loss: 7.07%
Pop loss [46137VTD-GV]: 2010: 2353, loss: 0.81%
Pop loss [46137VTD-GV]: 2010: 1173, loss: 9.04%
Pop loss [46137VTD-GV]: 2010: 3073, loss: 10.64%
Pop loss [46137VTD-GV]: 2010: 1415, loss: 3.82%
Pop loss [46137VTD-GV]: 2010: 1751, loss: 0.21%
Pop loss [46137VTD-GV]: 2010: 764, loss: 2.66%
Pop loss [46137VTD-GV]: 2010: 527, loss: 2.88%
Pop loss [46137VTD-GV]: 2010: 1219, loss: 6.76%
Pop loss [46137VTD-GV]: 2010: 461, loss: 16.51%
Pop loss [46137VTD-GV]: 2010: 2279, loss: 0.03%
Pop loss [46137VTD-GV]: 2010: 313, loss: 7.92%
Pop loss [46137VTD-GV]: 2010: 540, loss: 4.07%
Pop loss [46137VTD-GV]: 2010: 509, loss: 11.83%
Pop loss [46137VTD-GV]: 2010: 823, loss: 10.22%
Pop loss [46137VTD-GV]: 2010: 202, loss: 15.2%
Pop loss [46137VTD-GV]: 2010: 234, loss: 18.93%
Pop loss [46137VTD-GV]: 2010: 192, loss: 11.04%
Pop loss [46137VTD-GV]: 2010: 277, loss: 23.5%
Pop loss [46137VTD-GV]: 2010: 85, loss: 8.35%
Pop loss [46137VTD-GV]: 2010: 26, loss: 14.23%
Pop loss [46137VTD-GV]: 2010: 139, loss: 1.87%
Pop loss [46137VTD-GV]: 2010: 591, loss: 12.84%
Pop loss [46137VTD-GV]: 2010: 787, loss: 15.59%
Pop loss [46137VTD-GV]: 2010: 647, loss: 0.31%
Pop loss [46137VTD-GV]: 2010: 658, loss: 12.14%
Pop loss [46137VTD-GV]: 2010: 795, loss: 12.33%
Pop loss [46137VTD-GV]: 2010: 274, loss: 22.19%
Pop loss [46137VTD-GV]: 2010: 917, loss: 1.48%
Pop loss [46137VTD-GV]: 2010: 434, loss: 11.98%
Pop loss [46137VTD-GV]: 2010: 387, loss: 3.18%
Pop loss [46137VTD-GV]: 2010: 251, loss: 3.31%
Pop loss [46137VTD-GV]: 2010: 297, loss: 4.85%
Pop loss [46137VTD-GV]: 2010: 1099, loss: 8.57%
Pop loss [46137VTD-GV]: 2010: 343, loss: 21.55%
Pop loss [46137VTD-GV]: 2010: 666, loss: 24.11%
Pop loss [46137VTD-GV]: 2010: 276, loss: 0.51%
Pop loss [46137VTD-GV]: 2010: 289, loss: 16.96%
Pop loss [46137VTD-GV]: 2010: 319, loss: 10.19%
Pop loss [46137VTD-GV]: 2010: 86, loss: 19.77%
Pop loss [46137VTD-GV]: 2010: 58, loss: 14.48%
Pop loss [46137VTD-GV]: 2010: 66, loss: 21.97%
Pop loss [46137VTD-GV]: 2010: 270, loss: 12.07%
Pop loss [46137VTD-GV]: 2010: 155, loss: 21.42%
Pop loss [46137VTD-GV]: 2010: 267, loss: 24.53%
Pop loss [46137VTD-GV]: 2010: 209, loss: 30.33%
Pop loss [46137VTD-GV]: 2010: 400, loss: 40.4%
Pop loss [46137VTD-GV]: 2010: 233, loss: 16.78%
Pop loss [46137VTD-GV]: 2010: 170, loss: 12.0%
Pop loss [46137VTD-GV]: 2010: 1594, loss: 3.73%
Pop loss [46137VTD-GV]: 2010: 1740, loss: 15.39%
Pop loss [46137VTD-GV]: 2010: 1291, loss: 6.62%
Pop loss [46137VTD-GV]: 2010: 1514, loss: 8.98%
Pop loss [46137VTD-GV]: 2010: 856, loss: 11.25%
Pop loss [46137VTD-GV]: 2010: 650, loss: 12.72%
Pop loss [46137VTD-GV]: 2010: 2268, loss: 11.65%
Pop loss [46137VTD-GV]: 2010: 1080, loss: 10.96%
Pop loss [46137VTD-GV]: 2010: 581, loss: 28.49%
Pop loss [46137VTD-GV]: 2010: 1182, loss: 13.0%
Pop loss [46137VTD-GV]: 2010: 377, loss: 2.84%
Pop loss [46137VTD-GV]: 2010: 299, loss: 3.04%
Pop loss [46137VTD-GV]: 2010: 189, loss: 7.67%
Pop loss [46137VTD-GV]: 2010: 1080, loss: 3.71%
Pop loss [46137VTD-GV]: 2010: 278, loss: 4.96%
Pop loss [46137VTD-GV]: 2010: 301, loss: 8.7%
Pop loss [46137VTD-GV]: 2010: 66, loss: 2.27%
Pop loss [46137VTD-GV]: 2010: 261, loss: 16.78%
Pop loss [46137VTD-GV]: 2010: 1633, loss: 15.69%
Pop loss [46137VTD-GV]: 2010: 1179, loss: 4.04%
Pop loss [46137VTD-GV]: 2010: 651, loss: 2.29%
Pop loss [46137VTD-GV]: 2010: 943, loss: 10.24%
Pop loss [46137VTD-GV]: 2010: 823, loss: 10.66%
Pop loss [46137VTD-GV]: 2010: 722, loss: 5.37%
Pop loss [46137VTD-GV]: 2010: 806, loss: 2.33%
Pop loss [46137VTD-GV]: 2010: 355, loss: 4.79%
Pop loss [46137VTD-GV]: 2010: 524, loss: 1.81%
Pop loss [46137VTD-GV]: 2010: 772, loss: 2.55%
Pop loss [46137VTD-GV]: 2010: 1313, loss: 13.88%
Pop loss [46137VTD-GV]: 2010: 559, loss: 0.73%
Pop loss [46137VTD-GV]: 2010: 1324, loss: 2.53%
Pop loss [46137VTD-GV]: 2010: 1005, loss: 7.49%
Pop loss [46137VTD-GV]: 2010: 930, loss: 1.22%
Pop loss [46137VTD-GV]: 2010: 178, loss: 7.42%
Pop loss [46137VTD-GV]: 2010: 483, loss: 5.78%
Pop loss [46137VTD-GV]: 2010: 339, loss: 13.81%
Pop loss [46137VTD-GV]: 2010: 243, loss: 4.81%
Pop loss [46137VTD-GV]: 2010: 375, loss: 3.52%
Pop loss [46137VTD-GV]: 2010: 308, loss: 0.81%
Pop loss [46137VTD-GV]: 2010: 560, loss: 2.23%
Pop loss [46137VTD-GV]: 2010: 235, loss: 3.83%
Pop loss [46137VTD-GV]: 2010: 381, loss: 20.21%
Pop loss [46137VTD-GV]: 2010: 401, loss: 10.25%
Pop loss [46137VTD-GV]: 2010: 215, loss: 15.49%
Pop loss [46137VTD-GV]: 2010: 196, loss: 7.91%
Pop loss [46137VTD-GV]: 2010: 144, loss: 6.81%
Pop loss [46137VTD-GV]: 2010: 192, loss: 9.22%
Pop loss [46137VTD-GV]: 2010: 390, loss: 28.05%
Pop loss [46137VTD-GV]: 2010: 528, loss: 25.78%
Pop loss [46137VTD-GV]: 2010: 444, loss: 4.1%
Pop loss [46137VTD-GV]: 2010: 163, loss: 11.04%
Pop loss [46137VTD-GV]: 2010: 541, loss: 10.74%
Pop loss [46137VTD-GV]: 2010: 641, loss: 6.74%
Pop loss [46137VTD-GV]: 2010: 539, loss: 6.1%
Pop loss [46137VTD-GV]: 2010: 582, loss: 7.01%
Pop loss [46137VTD-GV]: 2010: 798, loss: 1.39%
Pop loss [46137VTD-GV]: 2010: 954, loss: 1.51%
Pop loss [46137VTD-GV]: 2010: 655, loss: 22.72%
Pop loss [46137VTD-GV]: 2010: 136, loss: 18.16%
Pop loss [46137VTD-GV]: 2010: 492, loss: 8.33%
Pop loss [46137VTD-GV]: 2010: 176, loss: 29.09%
Pop loss [46137VTD-GV]: 2010: 241, loss: 0.41%
Pop loss [46137VTD-GV]: 2010: 277, loss: 0.58%
Pop loss [46137VTD-GV]: 2010: 283, loss: 5.62%
Pop loss [46137VTD-GV]: 2010: 214, loss: 0.7%
Pop loss [46137VTD-GV]: 2010: 790, loss: 8.53%
Pop loss [46137VTD-GV]: 2010: 1467, loss: 0.37%
Pop loss [46137VTD-GV]: 2010: 152, loss: 9.47%
Pop loss [46137VTD-GV]: 2010: 151, loss: 24.57%
Pop loss [46137VTD-GV]: 2010: 116, loss: 2.59%
Pop loss [46137VTD-GV]: 2010: 126, loss: 26.11%
Pop loss [46137VTD-GV]: 2010: 713, loss: 12.4%
Pop loss [46137VTD-GV]: 2010: 538, loss: 9.35%
Pop loss [46137VTD-GV]: 2010: 300, loss: 2.53%
Pop loss [46137VTD-GV]: 2010: 606, loss: 22.41%
Pop loss [46137VTD-GV]: 2010: 220, loss: 9.5%
Pop loss [46137VTD-GV]: 2010: 161, loss: 16.89%
Pop loss [46137VTD-GV]: 2010: 195, loss: 16.41%
Pop loss [46137VTD-GV]: 2010: 580, loss: 6.31%
Pop loss [46137VTD-GV]: 2010: 245, loss: 10.12%
Pop loss [46137VTD-GV]: 2010: 378, loss: 3.23%
Pop loss [46137VTD-GV]: 2010: 383, loss: 25.01%
Pop loss [46137VTD-GV]: 2010: 236, loss: 9.07%
Pop loss [46137VTD-GV]: 2010: 196, loss: 7.65%
Pop loss [46137VTD-GV]: 2010: 90, loss: 7.22%
Pop loss [46137VTD-GV]: 2010: 293, loss: 10.65%
Pop loss [46137VTD-GV]: 2010: 283, loss: 48.94%
Pop loss [46137VTD-GV]: 2010: 855, loss: 23.33%
Pop loss [46137VTD-GV]: 2010: 206, loss: 4.61%
Pop loss [46137VTD-GV]: 2010: 2083, loss: 1.36%
Pop loss [46137VTD-GV]: 2010: 1418, loss: 11.84%
Pop loss [46137VTD-GV]: 2010: 143, loss: 0.42%
Pop loss [46137VTD-GV]: 2010: 279, loss: 1.58%
Pop loss [46137VTD-GV]: 2010: 253, loss: 0.47%
Pop loss [46137VTD-GV]: 2010: 1489, loss: 4.73%
Pop loss [46137VTD-GV]: 2010: 1092, loss: 0.25%
Pop loss [46137VTD-GV]: 2010: 857, loss: 0.62%
Pop loss [46137VTD-GV]: 2010: 332, loss: 0.9%
Pop loss [46137VTD-GV]: 2010: 254, loss: 5.0%
Pop loss [46137VTD-GV]: 2010: 94, loss: 1.7%
Pop loss [46137VTD-GV]: 2010: 334, loss: 9.1%
Pop loss [46137VTD-GV]: 2010: 338, loss: 8.34%
Pop loss [46137VTD-GV]: 2010: 177, loss: 0.06%
Pop loss [46137VTD-GV]: 2010: 67, loss: 12.69%
Pop loss [46137VTD-GV]: 2010: 178, loss: 14.27%
Pop loss [46137VTD-GV]: 2010: 67, loss: 21.19%
Pop loss [46137VTD-GV]: 2010: 165, loss: 5.82%
Pop loss [46137VTD-GV]: 2010: 489, loss: 0.22%
Pop loss [46137VTD-GV]: 2010: 316, loss: 3.07%
Pop loss [46137VTD-GV]: 2010: 217, loss: 6.41%
Pop loss [46137VTD-GV]: 2010: 719, loss: 6.24%
Pop loss [46137VTD-GV]: 2010: 588, loss: 9.3%
Pop loss [46137VTD-GV]: 2010: 242, loss: 0.41%
Pop loss [46137VTD-GV]: 2010: 113, loss: 6.02%
Pop loss [46137VTD-GV]: 2010: 246, loss: 3.78%
Pop loss [46137VTD-GV]: 2010: 237, loss: 18.14%
Pop loss [46137VTD-GV]: 2010: 1242, loss: 1.65%
Pop loss [46137VTD-GV]: 2010: 2093, loss: 4.95%
Pop loss [46137VTD-GV]: 2010: 1383, loss: 24.8%
Pop loss [46137VTD-GV]: 2010: 1471, loss: 5.69%
Pop loss [46137VTD-GV]: 2010: 332, loss: 15.9%
Pop loss [46137VTD-GV]: 2010: 1081, loss: 1.08%
Pop loss [46137VTD-GV]: 2010: 940, loss: 3.97%
Pop loss [46137VTD-GV]: 2010: 467, loss: 26.64%
Pop loss [46137VTD-GV]: 2010: 97, loss: 10.62%
Pop loss [46137VTD-GV]: 2010: 115, loss: 24.78%
Pop loss [46137VTD-GV]: 2010: 141, loss: 7.73%
Pop loss [46137VTD-GV]: 2010: 118, loss: 11.78%
Pop loss [46137VTD-GV]: 2010: 154, loss: 19.61%
Pop loss [46137VTD-GV]: 2010: 293, loss: 0.82%
Pop loss [46137VTD-GV]: 2010: 72, loss: 18.19%
Pop loss [46137VTD-GV]: 2010: 229, loss: 17.38%
Pop loss [46137VTD-GV]: 2010: 233, loss: 2.66%
Pop loss [46137VTD-GV]: 2010: 158, loss: 19.18%
Pop loss [46137VTD-GV]: 2010: 345, loss: 13.97%
Pop loss [46137VTD-GV]: 2010: 322, loss: 3.79%
Pop loss [46137VTD-GV]: 2010: 312, loss: 13.97%
Pop loss [46137VTD-GV]: 2010: 308, loss: 9.81%
Pop loss [46137VTD-GV]: 2010: 336, loss: 11.37%
Pop loss [46137VTD-GV]: 2010: 203, loss: 31.87%
Pop loss [46137VTD-GV]: 2010: 39, loss: 27.69%
Pop loss [46137VTD-GV]: 2010: 276, loss: 23.95%
Pop loss [46137VTD-GV]: 2010: 160, loss: 24.69%
Pop loss [46137VTD-GV]: 2010: 141, loss: 19.93%
Pop loss [46137VTD-GV]: 2010: 187, loss: 33.05%
Pop loss [46137VTD-GV]: 2010: 483, loss: 9.67%
Pop loss [46137VTD-GV]: 2010: 233, loss: 4.72%
Pop loss [46137VTD-GV]: 2010: 519, loss: 8.55%
Pop loss [46137VTD-GV]: 2010: 242, loss: 9.79%
Pop loss [46137VTD-GV]: 2010: 600, loss: 2.3%
Pop loss [46137VTD-GV]: 2010: 284, loss: 8.13%
Pop loss [46137VTD-GV]: 2010: 313, loss: 3.67%
Pop loss [46137VTD-GV]: 2010: 310, loss: 4.71%
Pop loss [46137VTD-GV]: 2010: 359, loss: 8.52%
Pop loss [46137VTD-GV]: 2010: 145, loss: 2.97%
Pop loss [46137VTD-GV]: 2010: 230, loss: 9.96%
Pop loss [46137VTD-GV]: 2010: 211, loss: 1.66%
Pop loss [46137VTD-GV]: 2010: 1270, loss: 0.67%
Pop loss [46137VTD-GV]: 2010: 3124, loss: 4.86%
Pop loss [46137VTD-GV]: 2010: 781, loss: 0.58%
Pop loss [46137VTD-GV]: 2010: 3706, loss: 6.75%
Pop loss [46137VTD-GV]: 2010: 394, loss: 14.7%
Pop loss [46137VTD-GV]: 2010: 237, loss: 1.73%
Pop loss [46137VTD-GV]: 2010: 296, loss: 17.26%
Pop loss [46137VTD-GV]: 2010: 116, loss: 8.28%
Pop loss [46137VTD-GV]: 2010: 222, loss: 5.27%
Pop loss [46137VTD-GV]: 2010: 562, loss: 2.65%
Pop loss [46137VTD-GV]: 2010: 1890, loss: 3.57%
Pop loss [46137VTD-GV]: 2010: 2418, loss: 12.98%
Pop loss [46137VTD-GV]: 2010: 647, loss: 4.36%
Pop loss [46137VTD-GV]: 2010: 316, loss: 15.98%
Pop loss [46137VTD-GV]: 2010: 211, loss: 0.28%
Pop loss [46137VTD-GV]: 2010: 1147, loss: 2.29%
Pop loss [46137VTD-GV]: 2010: 1259, loss: 4.49%
Pop loss [46137VTD-GV]: 2010: 926, loss: 17.85%
Pop loss [46137VTD-GV]: 2010: 150, loss: 9.2%
Pop loss [46137VTD-GV]: 2010: 145, loss: 3.79%
Pop loss [46137VTD-GV]: 2010: 164, loss: 10.37%
Pop loss [46137VTD-GV]: 2010: 135, loss: 6.52%
Pop loss [46137VTD-GV]: 2010: 94, loss: 14.15%
Pop loss [46137VTD-GV]: 2010: 208, loss: 33.65%
Pop loss [46137VTD-GV]: 2010: 387, loss: 16.43%
Pop loss [46137VTD-GV]: 2010: 493, loss: 11.64%
Pop loss [46137VTD-GV]: 2010: 496, loss: 1.31%
Pop loss [46137VTD-GV]: 2010: 326, loss: 4.79%
Pop loss [46137VTD-GV]: 2010: 711, loss: 25.49%
Pop loss [46137VTD-GV]: 2010: 591, loss: 1.74%
Pop loss [46137VTD-GV]: 2010: 286, loss: 5.66%
Pop loss [46137VTD-GV]: 2010: 877, loss: 10.76%
Pop loss [46137VTD-GV]: 2010: 89, loss: 13.71%
Pop loss [46137VTD-GV]: 2010: 214, loss: 9.02%
Pop loss [46137VTD-GV]: 2010: 53, loss: 13.58%
Pop loss [46137VTD-GV]: 2010: 176, loss: 3.07%
Pop loss [46137VTD-GV]: 2010: 96, loss: 26.04%
Pop loss [46137VTD-GV]: 2010: 233, loss: 9.14%
Pop loss [46137VTD-GV]: 2010: 1563, loss: 12.38%
Pop loss [46137VTD-GV]: 2010: 269, loss: 4.76%
Pop loss [46137VTD-GV]: 2010: 581, loss: 14.08%
Pop loss [46137VTD-GV]: 2010: 271, loss: 5.72%
Pop loss [46137VTD-GV]: 2010: 292, loss: 0.72%
Pop loss [46137VTD-GV]: 2010: 295, loss: 3.39%
Pop loss [46137VTD-GV]: 2010: 157, loss: 5.22%
Pop loss [46137VTD-GV]: 2010: 395, loss: 1.92%
Pop loss [46137VTD-GV]: 2010: 372, loss: 23.06%
Pop loss [46137VTD-GV]: 2010: 252, loss: 14.76%
Pop loss [46137VTD-GV]: 2010: 1271, loss: 14.15%
Pop loss [46137VTD-GV]: 2010: 880, loss: 4.8%
Pop loss [46137VTD-GV]: 2010: 1484, loss: 12.96%
Pop loss [46137VTD-GV]: 2010: 1690, loss: 11.89%
Pop loss [46137VTD-GV]: 2010: 2935, loss: 4.16%
Pop loss [46137VTD-GV]: 2010: 1847, loss: 11.32%
Pop loss [46137VTD-GV]: 2010: 2412, loss: 11.51%
Pop loss [46137VTD-GV]: 2010: 2426, loss: 9.37%
Pop loss [46137VTD-GV]: 2010: 2635, loss: 5.84%
Pop loss [46137VTD-GV]: 2010: 3886, loss: 8.57%
Pop loss [46137VTD-GV]: 2010: 2607, loss: 11.35%
Pop loss [46137VTD-GV]: 2010: 1801, loss: 19.54%
Pop loss [46137VTD-GV]: 2010: 2602, loss: 6.66%
Pop loss [46137VTD-GV]: 2010: 2188, loss: 4.0%
Pop loss [46137VTD-GV]: 2010: 2045, loss: 4.05%
Pop loss [46137VTD-GV]: 2010: 2154, loss: 1.24%
Pop loss [46137VTD-GV]: 2010: 1673, loss: 5.71%
Pop loss [46137VTD-GV]: 2010: 2530, loss: 11.7%
Pop loss [46137VTD-GV]: 2010: 3304, loss: 13.67%
Pop loss [46137VTD-GV]: 2010: 1554, loss: 9.15%
Pop loss [46137VTD-GV]: 2010: 2318, loss: 5.94%
Pop loss [46137VTD-GV]: 2010: 2156, loss: 15.24%
Pop loss [46137VTD-GV]: 2010: 1359, loss: 1.03%
Pop loss [46137VTD-GV]: 2010: 1488, loss: 4.4%
Pop loss [46137VTD-GV]: 2010: 1396, loss: 0.87%
Pop loss [46137VTD-GV]: 2010: 545, loss: 7.08%
Pop loss [46137VTD-GV]: 2010: 1187, loss: 2.16%
Pop loss [46137VTD-GV]: 2010: 639, loss: 3.58%
Pop loss [46137VTD-GV]: 2010: 551, loss: 14.07%
Pop loss [46137VTD-GV]: 2010: 725, loss: 9.14%
Pop loss [46137VTD-GV]: 2010: 130, loss: 5.77%
Pop loss [46137VTD-GV]: 2010: 1293, loss: 3.26%
Pop loss [46137VTD-GV]: 2010: 1409, loss: 6.45%
Pop loss [46137VTD-GV]: 2010: 2868, loss: 0.11%
Pop loss [46137VTD-GV]: 2010: 945, loss: 3.62%
Pop loss [46137VTD-GV]: 2010: 2293, loss: 0.48%
Pop loss [46137VTD-GV]: 2010: 2340, loss: 13.3%
Pop loss [46137VTD-GV]: 2010: 187, loss: 4.76%
Pop loss [46137VTD-GV]: 2010: 35, loss: 10.29%
Pop loss [46137VTD-GV]: 2010: 108, loss: 5.19%
Pop loss [46137VTD-GV]: 2010: 243, loss: 13.99%
Pop loss [46137VTD-GV]: 2010: 210, loss: 10.81%
Pop loss [46137VTD-GV]: 2010: 171, loss: 3.98%
Pop loss [46137VTD-GV]: 2010: 120, loss: 9.75%
Pop loss [46137VTD-GV]: 2010: 108, loss: 3.33%
Pop loss [46137VTD-GV]: 2010: 573, loss: 0.49%
Pop loss [46137VTD-GV]: 2010: 197, loss: 8.88%
Pop loss [46137VTD-GV]: 2010: 88, loss: 15.57%
Pop loss [46137VTD-GV]: 2010: 246, loss: 3.37%
Pop loss [46137VTD-GV]: 2010: 552, loss: 11.54%
Pop loss [46137VTD-GV]: 2010: 104, loss: 6.73%
Pop loss [46137VTD-GV]: 2010: 79, loss: 8.35%
Pop loss [46137VTD-GV]: 2010: 352, loss: 22.16%
Pop loss [46137VTD-GV]: 2010: 830, loss: 0.39%
Pop loss [46137VTD-GV]: 2010: 475, loss: 27.01%
Pop loss [46137VTD-GV]: 2010: 747, loss: 32.88%
Pop loss [46137VTD-GV]: 2010: 341, loss: 10.7%
Pop loss [46137VTD-GV]: 2010: 889, loss: 8.44%
Pop loss [46137VTD-GV]: 2010: 639, loss: 5.95%
Pop loss [46137VTD-GV]: 2010: 168, loss: 1.07%
Pop loss [46137VTD-GV]: 2010: 487, loss: 1.72%
Pop loss [46137VTD-GV]: 2010: 324, loss: 9.48%
Pop loss [46137VTD-GV]: 2010: 1237, loss: 13.82%
Pop loss [46137VTD-GV]: 2010: 2378, loss: 12.17%
Pop loss [46137VTD-GV]: 2010: 774, loss: 5.74%
Pop loss [46137VTD-GV]: 2010: 564, loss: 6.22%
Pop loss [46137VTD-GV]: 2010: 251, loss: 4.46%
Pop loss [46137VTD-GV]: 2010: 863, loss: 7.27%
Pop loss [46137VTD-GV]: 2010: 1201, loss: 4.22%
Pop loss [46137VTD-GV]: 2010: 46, loss: 11.3%
Pop loss [46137VTD-GV]: 2010: 479, loss: 4.01%
Pop loss [46137VTD-GV]: 2010: 115, loss: 19.74%
Pop loss [46137VTD-GV]: 2010: 540, loss: 3.96%
Pop loss [46137VTD-GV]: 2010: 504, loss: 3.08%
Pop loss [46137VTD-GV]: 2010: 77, loss: 17.79%
Pop loss [46137VTD-GV]: 2010: 198, loss: 0.76%
Pop loss [46137VTD-GV]: 2010: 143, loss: 14.97%
Pop loss [46137VTD-GV]: 2010: 112, loss: 11.25%
Pop loss [46137VTD-GV]: 2010: 51, loss: 9.41%
Pop loss [46137VTD-GV]: 2010: 249, loss: 0.8%
Pop loss [46137VTD-GV]: 2010: 311, loss: 3.6%
Pop loss [46137VTD-GV]: 2010: 482, loss: 4.05%
Pop loss [46137VTD-GV]: 2010: 1647, loss: 12.22%
Pop loss [46137VTD-GV]: 2010: 738, loss: 2.56%
Pop loss [46137VTD-GV]: 2010: 588, loss: 10.88%
Pop loss [46137VTD-GV]: 2010: 768, loss: 7.37%
Pop loss [46137VTD-GV]: 2010: 149, loss: 0.27%
Pop loss [46137VTD-GV]: 2010: 177, loss: 3.28%
Pop loss [46137VTD-GV]: 2010: 744, loss: 8.91%
Pop loss [46137VTD-GV]: 2010: 800, loss: 1.79%
Pop loss [46137VTD-GV]: 2010: 330, loss: 11.33%
Pop loss [46137VTD-GV]: 2010: 1660, loss: 0.07%
Pop loss [46137VTD-GV]: 2010: 1747, loss: 4.91%
Pop loss [46137VTD-GV]: 2010: 622, loss: 5.48%
Pop loss [46137VTD-GV]: 2010: 581, loss: 2.44%
Pop loss [46137VTD-GV]: 2010: 1091, loss: 10.56%
Pop loss [46137VTD-GV]: 2010: 438, loss: 1.67%
Pop loss [46137VTD-GV]: 2010: 289, loss: 0.42%
Pop loss [46137VTD-GV]: 2010: 460, loss: 0.3%
Pop loss [46137VTD-GV]: 2010: 1019, loss: 2.64%
Pop loss [46137VTD-GV]: 2010: 770, loss: 10.56%
Pop loss [46137VTD-GV]: 2010: 290, loss: 6.86%
Pop loss [46137VTD-GV]: 2010: 652, loss: 1.18%
Pop loss [46137VTD-GV]: 2010: 366, loss: 5.74%
Pop loss [46137VTD-GV]: 2010: 276, loss: 9.75%
Pop loss [46137VTD-GV]: 2010: 542, loss: 17.4%
Pop loss [46137VTD-GV]: 2010: 625, loss: 8.35%
Pop loss [46137VTD-GV]: 2010: 383, loss: 15.85%
Pop loss [46137VTD-GV]: 2010: 674, loss: 7.72%
Pop loss [46137VTD-GV]: 2010: 2098, loss: 5.5%
Pop loss [46137VTD-GV]: 2010: 3420, loss: 6.8%
Pop loss [46137VTD-GV]: 2010: 3061, loss: 9.77%
Pop loss [46137VTD-GV]: 2010: 161, loss: 6.15%
Pop loss [46137VTD-GV]: 2010: 65, loss: 18.46%
Pop loss [46137VTD-GV]: 2010: 232, loss: 34.61%
Pop loss [46137VTD-GV]: 2010: 120, loss: 27.25%
Pop loss [46137VTD-GV]: 2010: 199, loss: 19.05%
Pop loss [46137VTD-GV]: 2010: 940, loss: 16.77%
Pop loss [46137VTD-GV]: 2010: 946, loss: 1.18%
Pop loss [46137VTD-GV]: 2010: 81, loss: 7.78%
Pop loss [46137VTD-GV]: 2010: 593, loss: 7.91%
Row count: 902
Loss count: 389
Tot 2010 Pop: 814180
Tot 2018 Pop: 864289.0
