Make CSV: DE (election)
Row count: 412
D_2020_pres: 296268
R_2020_pres: 200603
Tot_2020_pres: 504010
D_2020_sen: 291804
R_2020_sen: 186054
Tot_2020_sen: 490935
D_2020_gov: 292903
R_2020_gov: 190312
Tot_2020_gov: 492635
D_2020_ltg: 285638
R_2020_ltg: 197343
Tot_2020_ltg: 482981
D_2018_sen: 217385
R_2018_sen: 137127
Tot_2018_sen: 362592
D_2018_ag: 218351
R_2018_ag: 137730
Tot_2018_ag: 356081
D_2016_pres: 235154
R_2016_pres: 185062
Tot_2016_pres: 441052
D_2016_gov: 248404
R_2016_gov: 166852
Tot_2016_gov: 425784
D_2016_ltg: 248141
R_2016_ltg: 169291
Tot_2016_ltg: 417432
