Make Demographic_Data_DE.v06 (2025-06-18)

Row count: 412
Totals from Block Data (BData) and CSV Data (CData)
Field;			BData;	CData;	Diff
T_10_CENS_Total;	897934;	897934;	0
T_10_CENS_White;	586752;	586752;	0
T_10_CENS_Hispanic;	73221;	73221;	0
T_10_CENS_Black;	205923;	205923;	0
T_10_CENS_Asian;	33701;	33701;	0
T_10_CENS_Native;	9899;	9899;	0
T_10_CENS_Pacific;	1216;	1216;	0
T_18_ACS_Total;	949495;	949495;	0
T_18_ACS_White;	595623;	595623;	0
T_18_ACS_Hispanic;	86315;	86315;	0
T_18_ACS_Black;	226875;	226875;	0
T_18_ACS_Asian;	42707;	42707;	0
T_18_ACS_Native;	9506;	9506;	0
T_18_ACS_Pacific;	1498;	1498;	0
T_19_ACS_Total;	957248;	957248;	0
T_19_ACS_White;	596497;	596497;	0
T_19_ACS_Hispanic;	88364;	88364;	0
T_19_ACS_Black;	229730;	229730;	0
T_19_ACS_Asian;	43398;	43398;	0
T_19_ACS_Native;	9976;	9976;	0
T_19_ACS_Pacific;	1379;	1379;	0
T_20_CENS_Total;	989948;	989948;	0
T_20_CENS_White;	579851;	579851;	0
T_20_CENS_Hispanic;	104290;	104290;	0
T_20_CENS_Black;	244944;	244944;	0
T_20_CENS_Asian;	50969;	50969;	0
T_20_CENS_Native;	21392;	21392;	0
T_20_CENS_Pacific;	1547;	1547;	0
T_20_ACS_Total;	967679;	967679;	0
T_20_ACS_White;	595236;	595236;	0
T_20_ACS_Hispanic;	91350;	91350;	0
T_20_ACS_Black;	234353;	234353;	0
T_20_ACS_Asian;	45744;	45744;	0
T_20_ACS_Native;	9810;	9810;	0
T_20_ACS_Pacific;	1657;	1657;	0
T_22_ACS_Total;	993635;	993635;	0
T_22_ACS_White;	597532;	597532;	0
T_22_ACS_Hispanic;	98696;	98696;	0
T_22_ACS_Black;	246527;	246527;	0
T_22_ACS_Asian;	49478;	49478;	0
T_22_ACS_Native;	12364;	12364;	0
T_22_ACS_Pacific;	1434;	1434;	0
V_10_VAP_Total;	692169;	692169;	0
V_10_VAP_White;	477636;	477636;	0
V_10_VAP_Hispanic;	46136;	46136;	0
V_10_VAP_Black;	143010;	143010;	0
V_10_VAP_Asian;	24508;	24508;	0
V_10_VAP_Native;	6950;	6950;	0
V_10_VAP_Pacific;	795;	795;	0
V_18_CVAP_Total;	704145;	704145;	0
V_18_CVAP_White;	490895;	490895;	0
V_18_CVAP_Hispanic;	37132;	37132;	0
V_18_CVAP_Black;	152275;	152275;	0
V_18_CVAP_Asian;	17237;	17237;	0
V_18_CVAP_Native;	5822;	5822;	0
V_18_CVAP_Pacific;	214;	214;	0
V_19_CVAP_Total;	710270;	710270;	0
V_19_CVAP_White;	492833;	492833;	0
V_19_CVAP_Hispanic;	37409;	37409;	0
V_19_CVAP_Black;	155372;	155372;	0
V_19_CVAP_Asian;	18148;	18148;	0
V_19_CVAP_Native;	5670;	5670;	0
V_19_CVAP_Pacific;	292;	292;	0
V_20_VAP_Total;	783543;	783543;	0
V_20_VAP_White;	489226;	489226;	0
V_20_VAP_Hispanic;	67906;	67906;	0
V_20_VAP_Black;	178357;	178357;	0
V_20_VAP_Asian;	37878;	37878;	0
V_20_VAP_Native;	15627;	15627;	0
V_20_VAP_Pacific;	1057;	1057;	0
V_20_VAP_NH_Total;	783543;	783543;	0
V_20_VAP_NH_White;	489226;	489226;	0
V_20_VAP_NH_Hispanic;	67906;	67906;	0
V_20_VAP_NH_BlackAlone;	161576;	161576;	0
V_20_VAP_NH_AsianAlone;	33202;	33202;	0
V_20_VAP_NH_NativeAlone;	2090;	2090;	0
V_20_VAP_NH_PacificAlone;	240;	240;	0
V_20_VAP_NH_OtherAlone;	3024;	3024;	0
V_20_VAP_NH_TwoOrMore;	26279;	26279;	0
V_20_CVAP_Total;	723133;	723133;	0
V_20_CVAP_White;	496701;	496701;	0
V_20_CVAP_Hispanic;	40262;	40262;	0
V_20_CVAP_Black;	159679;	159679;	0
V_20_CVAP_Asian;	19940;	19940;	0
V_20_CVAP_Native;	5603;	5603;	0
V_20_CVAP_Pacific;	238;	238;	0
V_22_CVAP_Total;	746145;	746145;	0
V_22_CVAP_White;	504649;	504649;	0
V_22_CVAP_Hispanic;	45467;	45467;	0
V_22_CVAP_Black;	166320;	166320;	0
V_22_CVAP_Asian;	22724;	22724;	0
V_22_CVAP_Native;	6170;	6170;	0
V_22_CVAP_Pacific;	217;	217;	0
V_22_CVAP_RemTwoOrMore;	2179;	2179;	0
