Make CSV: MT (election)
Row count: 666
R_2016_pres: 279240
D_2016_pres: 177709
Tot_2016_pres: 494526
R_2016_gov: 236115
D_2016_gov: 255933
Tot_2016_gov: 509360
R_2016_ag: 332766
D_2016_ag: 158970
Tot_2016_ag: 491736
R_2018_sen: 235963
D_2018_sen: 253876
Tot_2018_sen: 504384
R_2020_pres: 343602
D_2020_pres: 244786
Tot_2020_pres: 603640
R_2020_sen: 333174
D_2020_sen: 272463
Tot_2020_sen: 605637
R_2020_gov: 328548
D_2020_gov: 250860
Tot_2020_gov: 603587
R_2020_ag: 348322
D_2020_ag: 247025
Tot_2020_ag: 595347
