Make Demographic_Data_MT.v04 (2024-01-31)

Row count: 666
Totals from Block Data (BData) and CSV Data (CData)
Field;			BData;	CData;	Diff
T_10_CENS_Total;	989415;	989415;	0
T_10_CENS_White;	868628;	868628;	0
T_10_CENS_Hispanic;	28565;	28565;	0
T_10_CENS_Black;	7917;	7917;	0
T_10_CENS_Asian;	10482;	10482;	0
T_10_CENS_Native;	78601;	78601;	0
T_10_CENS_Pacific;	1732;	1732;	0
T_18_ACS_Total;	1041732;	1041732;	0
T_18_ACS_White;	898953;	898953;	0
T_18_ACS_Hispanic;	39019;	39019;	0
T_18_ACS_Black;	10086;	10086;	0
T_18_ACS_Asian;	14008;	14008;	0
T_18_ACS_Native;	85331;	85331;	0
T_18_ACS_Pacific;	2121;	2121;	0
T_19_ACS_Total;	1050649;	1050649;	0
T_19_ACS_White;	904550;	904550;	0
T_19_ACS_Hispanic;	40314;	40314;	0
T_19_ACS_Black;	11278;	11278;	0
T_19_ACS_Asian;	14690;	14690;	0
T_19_ACS_Native;	86818;	86818;	0
T_19_ACS_Pacific;	2778;	2778;	0
T_20_CENS_Total;	1084225;	1084225;	0
T_20_CENS_White;	901318;	901318;	0
T_20_CENS_Hispanic;	45199;	45199;	0
T_20_CENS_Black;	12737;	12737;	0
T_20_CENS_Asian;	16889;	16889;	0
T_20_CENS_Native;	100578;	100578;	0
T_20_CENS_Pacific;	3101;	3101;	0
T_20_CENS_ADJ_Total;	1082717;	1082717;	0
T_20_CENS_ADJ_White;	900245;	900245;	0
T_20_CENS_ADJ_Hispanic;	45166;	45166;	0
T_20_CENS_ADJ_Black;	12138;	12138;	0
T_20_CENS_ADJ_Asian;	16426;	16426;	0
T_20_CENS_ADJ_Native;	97603;	97603;	0
T_20_CENS_ADJ_Pacific;	2914;	2914;	0
T_20_ACS_Total;	1061705;	1061705;	0
T_20_ACS_White;	908782;	908782;	0
T_20_ACS_Hispanic;	41501;	41501;	0
T_20_ACS_Black;	12031;	12031;	0
T_20_ACS_Asian;	15622;	15622;	0
T_20_ACS_Native;	87563;	87563;	0
T_20_ACS_Pacific;	2759;	2759;	0
V_10_VAP_Total;	765852;	765852;	0
V_10_VAP_White;	689188;	689188;	0
V_10_VAP_Hispanic;	17420;	17420;	0
V_10_VAP_Black;	4092;	4092;	0
V_10_VAP_Asian;	7056;	7056;	0
V_10_VAP_Native;	49926;	49926;	0
V_10_VAP_Pacific;	1059;	1059;	0
V_18_CVAP_Total;	804305;	804305;	0
V_18_CVAP_White;	716662;	716662;	0
V_18_CVAP_Hispanic;	22758;	22758;	0
V_18_CVAP_Black;	4545;	4545;	0
V_18_CVAP_Asian;	6508;	6508;	0
V_18_CVAP_Native;	52498;	52498;	0
V_18_CVAP_Pacific;	474;	474;	0
V_19_CVAP_Total;	812569;	812569;	0
V_19_CVAP_White;	722464;	722464;	0
V_19_CVAP_Hispanic;	23638;	23638;	0
V_19_CVAP_Black;	5146;	5146;	0
V_19_CVAP_Asian;	7035;	7035;	0
V_19_CVAP_Native;	52868;	52868;	0
V_19_CVAP_Pacific;	530;	530;	0
V_20_VAP_Total;	850123;	850123;	0
V_20_VAP_White;	727553;	727553;	0
V_20_VAP_Hispanic;	29908;	29908;	0
V_20_VAP_Black;	7442;	7442;	0
V_20_VAP_Asian;	11555;	11555;	0
V_20_VAP_Native;	66134;	66134;	0
V_20_VAP_Pacific;	1968;	1968;	0
V_20_VAP_NH_Total;	850123;	850123;	0
V_20_VAP_NH_White;	727553;	727553;	0
V_20_VAP_NH_Hispanic;	29908;	29908;	0
V_20_VAP_NH_BlackAlone;	3781;	3781;	0
V_20_VAP_NH_AsianAlone;	6666;	6666;	0
V_20_VAP_NH_NativeAlone;	42717;	42717;	0
V_20_VAP_NH_PacificAlone;	642;	642;	0
V_20_VAP_NH_OtherAlone;	3326;	3326;	0
V_20_VAP_NH_TwoOrMore;	35530;	35530;	0
V_20_CVAP_Total;	824074;	824074;	0
V_20_CVAP_White;	730493;	730493;	0
V_20_CVAP_Hispanic;	25053;	25053;	0
V_20_CVAP_Black;	5317;	5317;	0
V_20_CVAP_Asian;	7301;	7301;	0
V_20_CVAP_Native;	53687;	53687;	0
V_20_CVAP_Pacific;	411;	411;	0
