Make Demographic_Data_MN.v04 (2024-01-31)

Row count: 4110
Totals from Block Data (BData) and CSV Data (CData)
Field;			BData;	CData;	Diff
T_10_CENS_Total;	5303874;	5303874;	0
T_10_CENS_White;	4405091;	4405091;	0
T_10_CENS_Hispanic;	250258;	250258;	0
T_10_CENS_Black;	327548;	327548;	0
T_10_CENS_Asian;	247132;	247132;	0
T_10_CENS_Native;	101900;	101900;	0
T_10_CENS_Pacific;	6206;	6206;	0
T_18_ACS_Total;	5527358;	5527358;	0
T_18_ACS_White;	4438071;	4438071;	0
T_18_ACS_Hispanic;	292764;	292764;	0
T_18_ACS_Black;	410895;	410895;	0
T_18_ACS_Asian;	310148;	310148;	0
T_18_ACS_Native;	107006;	107006;	0
T_18_ACS_Pacific;	7545;	7545;	0
T_19_ACS_Total;	5563378;	5563378;	0
T_19_ACS_White;	4442126;	4442126;	0
T_19_ACS_Hispanic;	299556;	299556;	0
T_19_ACS_Black;	428937;	428937;	0
T_19_ACS_Asian;	316790;	316790;	0
T_19_ACS_Native;	108322;	108322;	0
T_19_ACS_Pacific;	8194;	8194;	0
T_20_CENS_Total;	5706494;	5706494;	0
T_20_CENS_White;	4353880;	4353880;	0
T_20_CENS_Hispanic;	345640;	345640;	0
T_20_CENS_Black;	483646;	483646;	0
T_20_CENS_Asian;	357704;	357704;	0
T_20_CENS_Native;	157651;	157651;	0
T_20_CENS_Pacific;	9387;	9387;	0
T_20_ACS_Total;	5600166;	5600166;	0
T_20_ACS_White;	4422490;	4422490;	0
T_20_ACS_Hispanic;	307675;	307675;	0
T_20_ACS_Black;	447354;	447354;	0
T_20_ACS_Asian;	330738;	330738;	0
T_20_ACS_Native;	110783;	110783;	0
T_20_ACS_Pacific;	7593;	7593;	0
V_10_VAP_Total;	4019813;	4019813;	0
V_10_VAP_White;	3462595;	3462595;	0
V_10_VAP_Hispanic;	148836;	148836;	0
V_10_VAP_Black;	195404;	195404;	0
V_10_VAP_Asian;	160148;	160148;	0
V_10_VAP_Native;	63924;	63924;	0
V_10_VAP_Pacific;	3817;	3817;	0
V_18_CVAP_Total;	4037285;	4037285;	0
V_18_CVAP_White;	3517150;	3517150;	0
V_18_CVAP_Hispanic;	107519;	107519;	0
V_18_CVAP_Black;	202737;	202737;	0
V_18_CVAP_Asian;	144379;	144379;	0
V_18_CVAP_Native;	60424;	60424;	0
V_18_CVAP_Pacific;	1281;	1281;	0
V_19_CVAP_Total;	4069715;	4069715;	0
V_19_CVAP_White;	3525490;	3525490;	0
V_19_CVAP_Hispanic;	114964;	114964;	0
V_19_CVAP_Black;	211906;	211906;	0
V_19_CVAP_Asian;	151140;	151140;	0
V_19_CVAP_Native;	60607;	60607;	0
V_19_CVAP_Pacific;	1343;	1343;	0
V_20_VAP_Total;	4389033;	4389033;	0
V_20_VAP_White;	3509053;	3509053;	0
V_20_VAP_Hispanic;	218767;	218767;	0
V_20_VAP_Black;	298786;	298786;	0
V_20_VAP_Asian;	241531;	241531;	0
V_20_VAP_Native;	104347;	104347;	0
V_20_VAP_Pacific;	6091;	6091;	0
V_20_VAP_NH_Total;	4389033;	4389033;	0
V_20_VAP_NH_White;	3509053;	3509053;	0
V_20_VAP_NH_Hispanic;	218767;	218767;	0
V_20_VAP_NH_BlackAlone;	257353;	257353;	0
V_20_VAP_NH_AsianAlone;	214681;	214681;	0
V_20_VAP_NH_NativeAlone;	39560;	39560;	0
V_20_VAP_NH_PacificAlone;	1861;	1861;	0
V_20_VAP_NH_OtherAlone;	14680;	14680;	0
V_20_VAP_NH_TwoOrMore;	133078;	133078;	0
V_20_CVAP_Total;	4113939;	4113939;	0
V_20_CVAP_White;	3535171;	3535171;	0
V_20_CVAP_Hispanic;	125365;	125365;	0
V_20_CVAP_Black;	221553;	221553;	0
V_20_CVAP_Asian;	162087;	162087;	0
V_20_CVAP_Native;	61082;	61082;	0
V_20_CVAP_Pacific;	1195;	1195;	0
