Make Election_Data_MN.v05 (2024-04-21)

Row count: 4110
Totals from Block Data (BData) and CSV Data (CData)
Field;			BData;	CData;	Diff
E_08_PRES_Total;	2917743;	2917743;	0
E_08_PRES_Dem;	1573354;	1573354;	0
E_08_PRES_Rep;	1275409;	1275409;	0
E_12_PRES_Total;	2871160;	2871160;	0
E_12_PRES_Dem;	1548674;	1548674;	0
E_12_PRES_Rep;	1322486;	1322486;	0
E_14_SEN_Total;	1932624;	1932624;	0
E_14_SEN_Dem;	1051587;	1051587;	0
E_14_SEN_Rep;	849307;	849307;	0
E_14_GOV_Total;	1924658;	1924658;	0
E_14_GOV_Dem;	987095;	987095;	0
E_14_GOV_Rep;	878852;	878852;	0
E_14_AG_Total;	1824234;	1824234;	0
E_14_AG_Dem;	1013115;	1013115;	0
E_14_AG_Rep;	751557;	751557;	0
E_16_PRES_Total;	2944802;	2944802;	0
E_16_PRES_Dem;	1367710;	1367710;	0
E_16_PRES_Rep;	1322947;	1322947;	0
E_18_SEN_Total;	2596875;	2596875;	0
E_18_SEN_SPEC_Total;	2587352;	2587352;	0
E_18_SEN_Dem;	1566171;	1566171;	0
E_18_SEN_SPEC_Dem;	1370538;	1370538;	0
E_18_SEN_Rep;	940436;	940436;	0
E_18_SEN_SPEC_Rep;	1095775;	1095775;	0
E_18_GOV_Total;	2587284;	2587284;	0
E_18_GOV_Dem;	1393094;	1393094;	0
E_18_GOV_Rep;	1097704;	1097704;	0
E_18_AG_Total;	2551769;	2551769;	0
E_18_AG_Dem;	1249405;	1249405;	0
E_18_AG_Rep;	1150458;	1150458;	0
E_16-20_COMP_Total;	2853895;	2853895;	0
E_16-20_COMP_Dem;	1475215;	1475215;	0
E_16-20_COMP_Rep;	1232550;	1232550;	0
E_20_PRES_Total;	3277165;	3277165;	0
E_20_PRES_Dem;	1717075;	1717075;	0
E_20_PRES_Rep;	1484061;	1484061;	0
E_20_SEN_Total;	3214251;	3214251;	0
E_20_SEN_Dem;	1566521;	1566521;	0
E_20_SEN_Rep;	1398141;	1398141;	0
E_16-22_COMP_Total;	2828410;	2828410;	0
E_16-22_COMP_Dem;	1462251;	1462251;	0
E_16-22_COMP_Rep;	1248367;	1248367;	0
E_22_GOV_Total;	2510661;	2510661;	0
E_22_GOV_Dem;	1312349;	1312349;	0
E_22_GOV_Rep;	1119941;	1119941;	0
E_22_AG_Total;	2490301;	2490301;	0
E_22_AG_Dem;	1254371;	1254371;	0
E_22_AG_Rep;	1233556;	1233556;	0
E_22_AUD_Total;	2460932;	2460932;	0
E_22_AUD_Dem;	1168185;	1168185;	0
E_22_AUD_Rep;	1159750;	1159750;	0
E_22_SOS_Total;	2467729;	2467729;	0
E_22_SOS_Dem;	1345685;	1345685;	0
E_22_SOS_Rep;	1119949;	1119949;	0
E_22_CONG_Total;	2495832;	2495832;	0
E_22_CONG_Dem;	1250518;	1250518;	0
E_22_CONG_Rep;	1200855;	1200855;	0
