Make CSV: SC (census)
Pop loss [45091018]: 2010: 2937, loss: 7.74%
Pop loss [45091018]: 2010: 2283, loss: 27.17%
Pop loss [45091018]: 2010: 1400, loss: 6.51%
Pop loss [45091018]: 2010: 817, loss: 43.73%
Pop loss [45091018]: 2010: 1342, loss: 4.71%
Pop loss [45091018]: 2010: 2004, loss: 20.96%
Pop loss [45091018]: 2010: 1540, loss: 4.44%
Pop loss [45091018]: 2010: 1482, loss: 13.02%
Pop loss [45091018]: 2010: 1849, loss: 6.68%
Pop loss [45091018]: 2010: 2937, loss: 0.7%
Pop loss [45091018]: 2010: 1144, loss: 4.41%
Pop loss [45091018]: 2010: 1528, loss: 12.36%
Pop loss [45091018]: 2010: 1712, loss: 13.73%
Pop loss [45091018]: 2010: 2771, loss: 10.46%
Pop loss [45091018]: 2010: 2222, loss: 16.95%
Pop loss [45091018]: 2010: 2832, loss: 0.29%
Pop loss [45091018]: 2010: 1450, loss: 25.45%
Pop loss [45091018]: 2010: 1908, loss: 1.68%
Pop loss [45091018]: 2010: 2672, loss: 9.04%
Pop loss [45091018]: 2010: 1634, loss: 7.99%
Pop loss [45091018]: 2010: 2470, loss: 10.55%
Pop loss [45091018]: 2010: 1959, loss: 5.4%
Pop loss [45091018]: 2010: 1317, loss: 3.63%
Pop loss [45091018]: 2010: 2417, loss: 6.66%
Pop loss [45091018]: 2010: 2008, loss: 5.39%
Pop loss [45091018]: 2010: 1253, loss: 6.0%
Pop loss [45091018]: 2010: 991, loss: 12.27%
Pop loss [45091018]: 2010: 872, loss: 18.14%
Pop loss [45091018]: 2010: 2711, loss: 3.87%
Pop loss [45091018]: 2010: 1067, loss: 1.27%
Pop loss [45091018]: 2010: 2207, loss: 6.78%
Pop loss [45091018]: 2010: 2351, loss: 5.93%
Pop loss [45091018]: 2010: 2674, loss: 9.35%
Pop loss [45091018]: 2010: 4076, loss: 11.59%
Pop loss [45091018]: 2010: 2266, loss: 18.27%
Pop loss [45091018]: 2010: 2938, loss: 6.19%
Pop loss [45091018]: 2010: 2219, loss: 8.08%
Pop loss [45091018]: 2010: 2979, loss: 13.14%
Pop loss [45091018]: 2010: 2042, loss: 2.67%
Pop loss [45091018]: 2010: 1463, loss: 10.27%
Pop loss [45091018]: 2010: 3128, loss: 1.58%
Pop loss [45091018]: 2010: 1131, loss: 28.54%
Pop loss [45091018]: 2010: 2096, loss: 21.54%
Pop loss [45091018]: 2010: 1600, loss: 10.03%
Pop loss [45091018]: 2010: 3203, loss: 14.49%
Pop loss [45091018]: 2010: 521, loss: 18.73%
Pop loss [45091018]: 2010: 1165, loss: 14.69%
Pop loss [45091018]: 2010: 518, loss: 7.55%
Pop loss [45091018]: 2010: 3054, loss: 2.94%
Pop loss [45091018]: 2010: 2134, loss: 1.07%
Pop loss [45091018]: 2010: 1501, loss: 20.01%
Pop loss [45091018]: 2010: 3670, loss: 5.48%
Pop loss [45091018]: 2010: 2427, loss: 22.25%
Pop loss [45091018]: 2010: 1812, loss: 5.68%
Pop loss [45091018]: 2010: 2072, loss: 4.01%
Pop loss [45091018]: 2010: 1627, loss: 0.81%
Pop loss [45091018]: 2010: 890, loss: 16.87%
Pop loss [45091018]: 2010: 2585, loss: 11.36%
Pop loss [45091018]: 2010: 2858, loss: 4.47%
Pop loss [45091018]: 2010: 1324, loss: 20.79%
Pop loss [45091018]: 2010: 1390, loss: 3.27%
Pop loss [45091018]: 2010: 1377, loss: 1.79%
Pop loss [45091018]: 2010: 4177, loss: 0.59%
Pop loss [45091018]: 2010: 1248, loss: 1.55%
Pop loss [45091018]: 2010: 1226, loss: 2.11%
Pop loss [45091018]: 2010: 1292, loss: 6.83%
Pop loss [45091018]: 2010: 3485, loss: 4.0%
Pop loss [45091018]: 2010: 970, loss: 5.26%
Pop loss [45091018]: 2010: 2943, loss: 3.27%
Pop loss [45091018]: 2010: 437, loss: 1.3%
Pop loss [45091018]: 2010: 1249, loss: 10.8%
Pop loss [45091018]: 2010: 2850, loss: 13.51%
Pop loss [45091018]: 2010: 4362, loss: 7.93%
Pop loss [45091018]: 2010: 1824, loss: 24.17%
Pop loss [45091018]: 2010: 1406, loss: 4.1%
Pop loss [45091018]: 2010: 1808, loss: 15.34%
Pop loss [45091018]: 2010: 2611, loss: 3.45%
Pop loss [45091018]: 2010: 1709, loss: 1.13%
Pop loss [45091018]: 2010: 307, loss: 27.0%
Pop loss [45091018]: 2010: 1180, loss: 18.4%
Pop loss [45091018]: 2010: 3818, loss: 25.14%
Pop loss [45091018]: 2010: 400, loss: 32.58%
Pop loss [45091018]: 2010: 135, loss: 18.22%
Pop loss [45091018]: 2010: 208, loss: 25.43%
Pop loss [45091018]: 2010: 3393, loss: 9.17%
Pop loss [45091018]: 2010: 2996, loss: 1.83%
Pop loss [45091018]: 2010: 1344, loss: 5.09%
Pop loss [45091018]: 2010: 2245, loss: 2.84%
Pop loss [45091018]: 2010: 1682, loss: 11.27%
Pop loss [45091018]: 2010: 910, loss: 21.53%
Pop loss [45091018]: 2010: 1096, loss: 18.39%
Pop loss [45091018]: 2010: 1316, loss: 0.49%
Pop loss [45091018]: 2010: 1538, loss: 7.0%
Pop loss [45091018]: 2010: 1898, loss: 9.17%
Pop loss [45091018]: 2010: 2110, loss: 12.37%
Pop loss [45091018]: 2010: 891, loss: 6.36%
Pop loss [45091018]: 2010: 1329, loss: 1.53%
Pop loss [45091018]: 2010: 1576, loss: 14.33%
Pop loss [45091018]: 2010: 5974, loss: 12.14%
Pop loss [45091018]: 2010: 1522, loss: 20.75%
Pop loss [45091018]: 2010: 1648, loss: 6.66%
Pop loss [45091018]: 2010: 1629, loss: 8.57%
Pop loss [45091018]: 2010: 1368, loss: 7.13%
Pop loss [45091018]: 2010: 855, loss: 3.08%
Pop loss [45091018]: 2010: 1098, loss: 1.86%
Pop loss [45091018]: 2010: 1030, loss: 27.18%
Pop loss [45091018]: 2010: 1577, loss: 13.59%
Pop loss [45091018]: 2010: 455, loss: 20.29%
Pop loss [45091018]: 2010: 1161, loss: 2.25%
Pop loss [45091018]: 2010: 1149, loss: 11.58%
Pop loss [45091018]: 2010: 3007, loss: 13.14%
Pop loss [45091018]: 2010: 4420, loss: 3.29%
Pop loss [45091018]: 2010: 1636, loss: 17.14%
Pop loss [45091018]: 2010: 1057, loss: 5.47%
Pop loss [45091018]: 2010: 1545, loss: 5.65%
Pop loss [45091018]: 2010: 3259, loss: 5.35%
Pop loss [45091018]: 2010: 3598, loss: 14.36%
Pop loss [45091018]: 2010: 937, loss: 7.44%
Pop loss [45091018]: 2010: 2807, loss: 5.22%
Pop loss [45091018]: 2010: 1015, loss: 10.83%
Pop loss [45091018]: 2010: 2828, loss: 1.01%
Pop loss [45091018]: 2010: 1371, loss: 16.91%
Pop loss [45091018]: 2010: 2396, loss: 5.1%
Pop loss [45091018]: 2010: 4245, loss: 10.81%
Pop loss [45091018]: 2010: 2421, loss: 5.73%
Pop loss [45091018]: 2010: 2351, loss: 2.5%
Pop loss [45091018]: 2010: 3178, loss: 5.06%
Pop loss [45091018]: 2010: 2796, loss: 3.25%
Pop loss [45091018]: 2010: 3798, loss: 1.75%
Pop loss [45091018]: 2010: 986, loss: 10.14%
Pop loss [45091018]: 2010: 2855, loss: 1.37%
Pop loss [45091018]: 2010: 732, loss: 27.25%
Pop loss [45091018]: 2010: 380, loss: 35.61%
Pop loss [45091018]: 2010: 1299, loss: 3.47%
Pop loss [45091018]: 2010: 686, loss: 27.26%
Pop loss [45091018]: 2010: 2399, loss: 10.34%
Pop loss [45091018]: 2010: 1609, loss: 9.14%
Pop loss [45091018]: 2010: 1879, loss: 5.32%
Pop loss [45091018]: 2010: 1626, loss: 6.21%
Pop loss [45091018]: 2010: 1448, loss: 7.53%
Pop loss [45091018]: 2010: 1159, loss: 3.98%
Pop loss [45091018]: 2010: 1534, loss: 1.98%
Pop loss [45091018]: 2010: 892, loss: 2.69%
Pop loss [45091018]: 2010: 2598, loss: 23.83%
Pop loss [45091018]: 2010: 1152, loss: 43.32%
Pop loss [45091018]: 2010: 1082, loss: 6.56%
Pop loss [45091018]: 2010: 2571, loss: 13.42%
Pop loss [45091018]: 2010: 1954, loss: 20.28%
Pop loss [45091018]: 2010: 1784, loss: 9.67%
Pop loss [45091018]: 2010: 2253, loss: 6.88%
Pop loss [45091018]: 2010: 1795, loss: 4.91%
Pop loss [45091018]: 2010: 1279, loss: 21.59%
Pop loss [45091018]: 2010: 1714, loss: 14.35%
Pop loss [45091018]: 2010: 1429, loss: 6.17%
Pop loss [45091018]: 2010: 2181, loss: 2.29%
Pop loss [45091018]: 2010: 1278, loss: 24.24%
Pop loss [45091018]: 2010: 2179, loss: 29.29%
Pop loss [45091018]: 2010: 1927, loss: 2.11%
Pop loss [45091018]: 2010: 1292, loss: 2.31%
Pop loss [45091018]: 2010: 1485, loss: 1.41%
Pop loss [45091018]: 2010: 1479, loss: 5.74%
Pop loss [45091018]: 2010: 1077, loss: 32.01%
Pop loss [45091018]: 2010: 1230, loss: 12.54%
Pop loss [45091018]: 2010: 1123, loss: 6.07%
Pop loss [45091018]: 2010: 1876, loss: 16.33%
Pop loss [45091018]: 2010: 2436, loss: 2.77%
Pop loss [45091018]: 2010: 1563, loss: 1.0%
Pop loss [45091018]: 2010: 1240, loss: 22.44%
Pop loss [45091018]: 2010: 2510, loss: 8.47%
Pop loss [45091018]: 2010: 2392, loss: 1.19%
Pop loss [45091018]: 2010: 2422, loss: 6.47%
Pop loss [45091018]: 2010: 1390, loss: 3.14%
Pop loss [45091018]: 2010: 1225, loss: 0.32%
Pop loss [45091018]: 2010: 2983, loss: 2.36%
Pop loss [45091018]: 2010: 2771, loss: 4.65%
Pop loss [45091018]: 2010: 1115, loss: 3.44%
Pop loss [45091018]: 2010: 1354, loss: 25.19%
Pop loss [45091018]: 2010: 1523, loss: 6.93%
Pop loss [45091018]: 2010: 3534, loss: 27.7%
Pop loss [45091018]: 2010: 2738, loss: 23.57%
Pop loss [45091018]: 2010: 2552, loss: 9.91%
Pop loss [45091018]: 2010: 909, loss: 30.69%
Pop loss [45091018]: 2010: 1729, loss: 6.0%
Pop loss [45091018]: 2010: 3735, loss: 2.06%
Pop loss [45091018]: 2010: 2219, loss: 4.51%
Pop loss [45091018]: 2010: 1159, loss: 14.1%
Pop loss [45091018]: 2010: 311, loss: 2.77%
Pop loss [45091018]: 2010: 872, loss: 8.45%
Pop loss [45091018]: 2010: 1347, loss: 5.61%
Pop loss [45091018]: 2010: 1046, loss: 1.6%
Pop loss [45091018]: 2010: 2974, loss: 5.61%
Pop loss [45091018]: 2010: 2094, loss: 22.4%
Pop loss [45091018]: 2010: 716, loss: 17.53%
Pop loss [45091018]: 2010: 1824, loss: 9.39%
Pop loss [45091018]: 2010: 2290, loss: 8.39%
Pop loss [45091018]: 2010: 1872, loss: 13.57%
Pop loss [45091018]: 2010: 1906, loss: 14.81%
Pop loss [45091018]: 2010: 2118, loss: 2.1%
Pop loss [45091018]: 2010: 1545, loss: 0.31%
Pop loss [45091018]: 2010: 2143, loss: 19.1%
Pop loss [45091018]: 2010: 1348, loss: 2.39%
Pop loss [45091018]: 2010: 979, loss: 18.45%
Pop loss [45091018]: 2010: 1568, loss: 2.58%
Pop loss [45091018]: 2010: 2610, loss: 2.17%
Pop loss [45091018]: 2010: 304, loss: 7.11%
Pop loss [45091018]: 2010: 1224, loss: 0.2%
Pop loss [45091018]: 2010: 1434, loss: 4.35%
Pop loss [45091018]: 2010: 1972, loss: 0.31%
Pop loss [45091018]: 2010: 1889, loss: 0.79%
Pop loss [45091018]: 2010: 706, loss: 4.07%
Pop loss [45091018]: 2010: 863, loss: 13.33%
Pop loss [45091018]: 2010: 1263, loss: 7.94%
Pop loss [45091018]: 2010: 1634, loss: 15.56%
Pop loss [45091018]: 2010: 3808, loss: 4.64%
Pop loss [45091018]: 2010: 1561, loss: 8.86%
Pop loss [45091018]: 2010: 2763, loss: 2.63%
Pop loss [45091018]: 2010: 1580, loss: 1.99%
Pop loss [45091018]: 2010: 2035, loss: 11.77%
Pop loss [45091018]: 2010: 2032, loss: 21.72%
Pop loss [45091018]: 2010: 1747, loss: 1.18%
Pop loss [45091018]: 2010: 3261, loss: 1.22%
Pop loss [45091018]: 2010: 2460, loss: 0.61%
Pop loss [45091018]: 2010: 1741, loss: 18.44%
Pop loss [45091018]: 2010: 2075, loss: 4.73%
Pop loss [45091018]: 2010: 1492, loss: 10.39%
Pop loss [45091018]: 2010: 1247, loss: 30.23%
Pop loss [45091018]: 2010: 3064, loss: 4.3%
Pop loss [45091018]: 2010: 1339, loss: 6.87%
Pop loss [45091018]: 2010: 222, loss: 72.97%
Pop loss [45091018]: 2010: 880, loss: 40.25%
Pop loss [45091018]: 2010: 1602, loss: 25.81%
Pop loss [45091018]: 2010: 2527, loss: 25.76%
Pop loss [45091018]: 2010: 1893, loss: 1.32%
Pop loss [45091018]: 2010: 662, loss: 71.03%
Pop loss [45091018]: 2010: 1467, loss: 2.92%
Pop loss [45091018]: 2010: 410, loss: 34.44%
Pop loss [45091018]: 2010: 613, loss: 4.57%
Pop loss [45091018]: 2010: 3038, loss: 27.49%
Pop loss [45091018]: 2010: 2112, loss: 14.66%
Pop loss [45091018]: 2010: 156, loss: 18.53%
Pop loss [45091018]: 2010: 417, loss: 0.74%
Pop loss [45091018]: 2010: 140, loss: 4.36%
Pop loss [45091018]: 2010: 741, loss: 11.15%
Pop loss [45091018]: 2010: 421, loss: 15.61%
Pop loss [45091018]: 2010: 1107, loss: 19.93%
Pop loss [45091018]: 2010: 1499, loss: 20.59%
Pop loss [45091018]: 2010: 1002, loss: 12.45%
Pop loss [45091018]: 2010: 557, loss: 9.89%
Pop loss [45091018]: 2010: 628, loss: 12.02%
Pop loss [45091018]: 2010: 902, loss: 16.92%
Pop loss [45091018]: 2010: 1006, loss: 9.76%
Pop loss [45091018]: 2010: 319, loss: 20.85%
Pop loss [45091018]: 2010: 997, loss: 30.81%
Pop loss [45091018]: 2010: 1028, loss: 10.72%
Pop loss [45091018]: 2010: 927, loss: 16.35%
Pop loss [45091018]: 2010: 435, loss: 16.23%
Pop loss [45091018]: 2010: 619, loss: 13.26%
Pop loss [45091018]: 2010: 1244, loss: 5.05%
Pop loss [45091018]: 2010: 1018, loss: 16.05%
Pop loss [45091018]: 2010: 2791, loss: 9.01%
Pop loss [45091018]: 2010: 3309, loss: 6.63%
Pop loss [45091018]: 2010: 661, loss: 7.28%
Pop loss [45091018]: 2010: 948, loss: 4.97%
Pop loss [45091018]: 2010: 2068, loss: 10.7%
Pop loss [45091018]: 2010: 2336, loss: 3.13%
Pop loss [45091018]: 2010: 2649, loss: 9.51%
Pop loss [45091018]: 2010: 2325, loss: 30.45%
Pop loss [45091018]: 2010: 2005, loss: 6.35%
Pop loss [45091018]: 2010: 1556, loss: 11.37%
Pop loss [45091018]: 2010: 3172, loss: 3.5%
Pop loss [45091018]: 2010: 2352, loss: 8.19%
Pop loss [45091018]: 2010: 3988, loss: 1.48%
Pop loss [45091018]: 2010: 2066, loss: 3.72%
Pop loss [45091018]: 2010: 1209, loss: 14.23%
Pop loss [45091018]: 2010: 2335, loss: 4.93%
Pop loss [45091018]: 2010: 1054, loss: 36.78%
Pop loss [45091018]: 2010: 2727, loss: 7.37%
Pop loss [45091018]: 2010: 3207, loss: 0.74%
Pop loss [45091018]: 2010: 1478, loss: 4.12%
Pop loss [45091018]: 2010: 2858, loss: 7.25%
Pop loss [45091018]: 2010: 3906, loss: 6.5%
Pop loss [45091018]: 2010: 3374, loss: 12.72%
Pop loss [45091018]: 2010: 611, loss: 16.06%
Pop loss [45091018]: 2010: 2075, loss: 14.98%
Pop loss [45091018]: 2010: 886, loss: 19.62%
Pop loss [45091018]: 2010: 402, loss: 14.6%
Pop loss [45091018]: 2010: 3890, loss: 22.9%
Pop loss [45091018]: 2010: 528, loss: 20.11%
Pop loss [45091018]: 2010: 557, loss: 11.29%
Pop loss [45091018]: 2010: 297, loss: 1.41%
Pop loss [45091018]: 2010: 649, loss: 18.46%
Pop loss [45091018]: 2010: 1780, loss: 1.19%
Pop loss [45091018]: 2010: 1162, loss: 22.1%
Pop loss [45091018]: 2010: 1399, loss: 4.07%
Pop loss [45091018]: 2010: 1443, loss: 2.4%
Pop loss [45091018]: 2010: 657, loss: 0.09%
Pop loss [45091018]: 2010: 2437, loss: 8.11%
Pop loss [45091018]: 2010: 2057, loss: 5.33%
Pop loss [45091018]: 2010: 1915, loss: 5.85%
Pop loss [45091018]: 2010: 1331, loss: 10.59%
Pop loss [45091018]: 2010: 1352, loss: 14.16%
Pop loss [45091018]: 2010: 2284, loss: 6.71%
Pop loss [45091018]: 2010: 3202, loss: 13.15%
Pop loss [45091018]: 2010: 2804, loss: 16.51%
Pop loss [45091018]: 2010: 2876, loss: 4.38%
Pop loss [45091018]: 2010: 1084, loss: 8.68%
Pop loss [45091018]: 2010: 2076, loss: 10.21%
Pop loss [45091018]: 2010: 1054, loss: 1.65%
Pop loss [45091018]: 2010: 2923, loss: 4.34%
Pop loss [45091018]: 2010: 2367, loss: 1.61%
Pop loss [45091018]: 2010: 1495, loss: 24.11%
Pop loss [45091018]: 2010: 1898, loss: 4.62%
Pop loss [45091018]: 2010: 3172, loss: 10.7%
Pop loss [45091018]: 2010: 2112, loss: 8.58%
Pop loss [45091018]: 2010: 5024, loss: 4.87%
Pop loss [45091018]: 2010: 3160, loss: 1.58%
Pop loss [45091018]: 2010: 1327, loss: 18.52%
Pop loss [45091018]: 2010: 629, loss: 19.49%
Pop loss [45091018]: 2010: 113, loss: 0.09%
Pop loss [45091018]: 2010: 503, loss: 37.28%
Pop loss [45091018]: 2010: 797, loss: 33.45%
Pop loss [45091018]: 2010: 560, loss: 52.96%
Pop loss [45091018]: 2010: 1026, loss: 9.07%
Pop loss [45091018]: 2010: 1272, loss: 12.04%
Pop loss [45091018]: 2010: 845, loss: 12.65%
Pop loss [45091018]: 2010: 122, loss: 1.31%
Pop loss [45091018]: 2010: 3417, loss: 15.46%
Pop loss [45091018]: 2010: 1210, loss: 15.71%
Pop loss [45091018]: 2010: 1584, loss: 18.79%
Pop loss [45091018]: 2010: 2559, loss: 0.9%
Pop loss [45091018]: 2010: 1534, loss: 9.9%
Pop loss [45091018]: 2010: 347, loss: 7.72%
Pop loss [45091018]: 2010: 212, loss: 6.93%
Pop loss [45091018]: 2010: 1204, loss: 0.17%
Pop loss [45091018]: 2010: 1044, loss: 0.08%
Pop loss [45091018]: 2010: 1250, loss: 0.14%
Pop loss [45091018]: 2010: 2741, loss: 3.94%
Pop loss [45091018]: 2010: 1470, loss: 20.26%
Pop loss [45091018]: 2010: 1760, loss: 16.73%
Pop loss [45091018]: 2010: 2466, loss: 10.07%
Pop loss [45091018]: 2010: 1605, loss: 0.81%
Pop loss [45091018]: 2010: 1891, loss: 0.72%
Pop loss [45091018]: 2010: 2120, loss: 13.93%
Pop loss [45091018]: 2010: 1122, loss: 8.47%
Pop loss [45091018]: 2010: 2896, loss: 6.15%
Pop loss [45091018]: 2010: 2397, loss: 6.82%
Pop loss [45091018]: 2010: 2437, loss: 15.61%
Pop loss [45091018]: 2010: 1272, loss: 10.33%
Pop loss [45091018]: 2010: 1492, loss: 27.42%
Pop loss [45091018]: 2010: 3405, loss: 2.64%
Pop loss [45091018]: 2010: 940, loss: 22.41%
Pop loss [45091018]: 2010: 848, loss: 17.15%
Pop loss [45091018]: 2010: 2859, loss: 2.85%
Pop loss [45091018]: 2010: 1474, loss: 19.63%
Pop loss [45091018]: 2010: 2252, loss: 3.47%
Pop loss [45091018]: 2010: 2358, loss: 14.94%
Pop loss [45091018]: 2010: 3346, loss: 9.06%
Pop loss [45091018]: 2010: 588, loss: 8.98%
Pop loss [45091018]: 2010: 1749, loss: 0.46%
Pop loss [45091018]: 2010: 2195, loss: 20.04%
Pop loss [45091018]: 2010: 1702, loss: 21.28%
Pop loss [45091018]: 2010: 1283, loss: 6.69%
Pop loss [45091018]: 2010: 664, loss: 12.02%
Pop loss [45091018]: 2010: 3901, loss: 0.11%
Pop loss [45091018]: 2010: 2932, loss: 0.06%
Pop loss [45091018]: 2010: 2546, loss: 3.8%
Pop loss [45091018]: 2010: 2028, loss: 7.65%
Pop loss [45091018]: 2010: 1166, loss: 11.6%
Pop loss [45091018]: 2010: 1702, loss: 2.73%
Pop loss [45091018]: 2010: 1731, loss: 8.41%
Pop loss [45091018]: 2010: 310, loss: 33.16%
Pop loss [45091018]: 2010: 1228, loss: 18.22%
Pop loss [45091018]: 2010: 2708, loss: 17.2%
Pop loss [45091018]: 2010: 730, loss: 13.75%
Pop loss [45091018]: 2010: 2623, loss: 12.14%
Pop loss [45091018]: 2010: 760, loss: 47.04%
Pop loss [45091018]: 2010: 1468, loss: 12.72%
Pop loss [45091018]: 2010: 1562, loss: 11.4%
Pop loss [45091018]: 2010: 633, loss: 29.79%
Pop loss [45091018]: 2010: 1060, loss: 30.09%
Pop loss [45091018]: 2010: 964, loss: 17.04%
Pop loss [45091018]: 2010: 844, loss: 20.19%
Pop loss [45091018]: 2010: 1463, loss: 28.53%
Pop loss [45091018]: 2010: 1795, loss: 3.8%
Pop loss [45091018]: 2010: 2960, loss: 20.49%
Pop loss [45091018]: 2010: 1335, loss: 3.19%
Pop loss [45091018]: 2010: 2061, loss: 2.72%
Pop loss [45091018]: 2010: 1553, loss: 5.99%
Pop loss [45091018]: 2010: 2793, loss: 12.4%
Pop loss [45091018]: 2010: 3932, loss: 13.1%
Pop loss [45091018]: 2010: 2310, loss: 22.32%
Pop loss [45091018]: 2010: 3078, loss: 7.22%
Pop loss [45091018]: 2010: 3499, loss: 9.03%
Pop loss [45091018]: 2010: 3698, loss: 4.44%
Pop loss [45091018]: 2010: 3286, loss: 1.91%
Pop loss [45091018]: 2010: 2730, loss: 1.3%
Pop loss [45091018]: 2010: 1859, loss: 3.49%
Pop loss [45091018]: 2010: 2603, loss: 1.22%
Pop loss [45091018]: 2010: 3063, loss: 3.0%
Pop loss [45091018]: 2010: 3877, loss: 12.23%
Pop loss [45091018]: 2010: 3351, loss: 2.12%
Pop loss [45091018]: 2010: 4100, loss: 11.67%
Pop loss [45091018]: 2010: 2466, loss: 6.43%
Pop loss [45091018]: 2010: 2531, loss: 5.1%
Pop loss [45091018]: 2010: 5410, loss: 2.52%
Pop loss [45091018]: 2010: 2838, loss: 0.16%
Pop loss [45091018]: 2010: 3203, loss: 1.82%
Pop loss [45091018]: 2010: 2424, loss: 0.14%
Pop loss [45091018]: 2010: 4068, loss: 0.57%
Pop loss [45091018]: 2010: 4181, loss: 1.39%
Pop loss [45091018]: 2010: 3455, loss: 8.06%
Pop loss [45091018]: 2010: 3808, loss: 1.99%
Pop loss [45091018]: 2010: 2414, loss: 12.69%
Pop loss [45091018]: 2010: 2366, loss: 11.66%
Pop loss [45091018]: 2010: 3113, loss: 13.69%
Pop loss [45091018]: 2010: 1523, loss: 6.24%
Pop loss [45091018]: 2010: 1483, loss: 24.56%
Pop loss [45091018]: 2010: 1873, loss: 6.56%
Pop loss [45091018]: 2010: 1360, loss: 10.37%
Pop loss [45091018]: 2010: 2409, loss: 11.47%
Pop loss [45091018]: 2010: 1950, loss: 4.77%
Pop loss [45091018]: 2010: 1503, loss: 0.57%
Pop loss [45091018]: 2010: 1461, loss: 3.12%
Pop loss [45091018]: 2010: 1074, loss: 5.58%
Pop loss [45091018]: 2010: 1540, loss: 4.75%
Pop loss [45091018]: 2010: 318, loss: 5.31%
Pop loss [45091018]: 2010: 983, loss: 5.11%
Pop loss [45091018]: 2010: 1817, loss: 6.74%
Pop loss [45091018]: 2010: 1616, loss: 6.63%
Pop loss [45091018]: 2010: 2155, loss: 1.64%
Pop loss [45091018]: 2010: 2329, loss: 1.64%
Pop loss [45091018]: 2010: 1474, loss: 3.21%
Pop loss [45091018]: 2010: 1298, loss: 15.05%
Pop loss [45091018]: 2010: 1677, loss: 16.2%
Pop loss [45091018]: 2010: 1769, loss: 12.33%
Pop loss [45091018]: 2010: 1559, loss: 1.37%
Pop loss [45091018]: 2010: 1816, loss: 5.63%
Pop loss [45091018]: 2010: 2048, loss: 4.08%
Pop loss [45091018]: 2010: 3234, loss: 9.81%
Pop loss [45091018]: 2010: 766, loss: 18.9%
Pop loss [45091018]: 2010: 477, loss: 17.86%
Pop loss [45091018]: 2010: 983, loss: 28.44%
Pop loss [45091018]: 2010: 441, loss: 18.87%
Pop loss [45091018]: 2010: 1602, loss: 11.47%
Pop loss [45091018]: 2010: 124, loss: 29.6%
Pop loss [45091018]: 2010: 460, loss: 17.3%
Pop loss [45091018]: 2010: 808, loss: 7.83%
Pop loss [45091018]: 2010: 1015, loss: 32.28%
Pop loss [45091018]: 2010: 388, loss: 0.72%
Pop loss [45091018]: 2010: 369, loss: 16.1%
Pop loss [45091018]: 2010: 2013, loss: 3.03%
Pop loss [45091018]: 2010: 769, loss: 4.86%
Pop loss [45091018]: 2010: 2032, loss: 1.95%
Pop loss [45091018]: 2010: 863, loss: 6.66%
Pop loss [45091018]: 2010: 1425, loss: 2.39%
Pop loss [45091018]: 2010: 925, loss: 23.24%
Pop loss [45091018]: 2010: 683, loss: 5.99%
Pop loss [45091018]: 2010: 415, loss: 0.34%
Pop loss [45091018]: 2010: 913, loss: 4.68%
Pop loss [45091018]: 2010: 262, loss: 21.91%
Pop loss [45091018]: 2010: 3294, loss: 4.14%
Pop loss [45091018]: 2010: 318, loss: 23.43%
Pop loss [45091018]: 2010: 826, loss: 16.62%
Pop loss [45091018]: 2010: 4589, loss: 22.43%
Pop loss [45091018]: 2010: 885, loss: 18.05%
Pop loss [45091018]: 2010: 2878, loss: 10.03%
Pop loss [45091018]: 2010: 1134, loss: 13.67%
Pop loss [45091018]: 2010: 1732, loss: 21.26%
Pop loss [45091018]: 2010: 1349, loss: 12.99%
Pop loss [45091018]: 2010: 1985, loss: 1.77%
Pop loss [45091018]: 2010: 1286, loss: 5.79%
Pop loss [45091018]: 2010: 1868, loss: 17.72%
Pop loss [45091018]: 2010: 1995, loss: 4.88%
Pop loss [45091018]: 2010: 487, loss: 35.69%
Pop loss [45091018]: 2010: 1041, loss: 9.89%
Pop loss [45091018]: 2010: 2051, loss: 4.68%
Pop loss [45091018]: 2010: 529, loss: 19.13%
Pop loss [45091018]: 2010: 503, loss: 17.79%
Pop loss [45091018]: 2010: 1548, loss: 4.41%
Pop loss [45091018]: 2010: 1611, loss: 17.43%
Pop loss [45091018]: 2010: 1950, loss: 1.86%
Pop loss [45091018]: 2010: 1125, loss: 16.2%
Pop loss [45091018]: 2010: 1961, loss: 4.97%
Pop loss [45091018]: 2010: 2719, loss: 9.14%
Pop loss [45091018]: 2010: 2553, loss: 11.7%
Pop loss [45091018]: 2010: 1284, loss: 0.94%
Pop loss [45091018]: 2010: 2235, loss: 1.57%
Pop loss [45091018]: 2010: 2794, loss: 8.66%
Pop loss [45091018]: 2010: 2602, loss: 12.24%
Pop loss [45091018]: 2010: 2763, loss: 15.12%
Pop loss [45091018]: 2010: 1735, loss: 7.77%
Pop loss [45091018]: 2010: 3026, loss: 11.46%
Pop loss [45091018]: 2010: 1403, loss: 3.86%
Pop loss [45091018]: 2010: 2343, loss: 6.31%
Pop loss [45091018]: 2010: 2491, loss: 5.13%
Pop loss [45091018]: 2010: 1054, loss: 19.77%
Pop loss [45091018]: 2010: 1129, loss: 10.12%
Pop loss [45091018]: 2010: 1628, loss: 3.61%
Pop loss [45091018]: 2010: 1980, loss: 3.66%
Pop loss [45091018]: 2010: 2882, loss: 14.42%
Pop loss [45091018]: 2010: 2970, loss: 4.8%
Pop loss [45091018]: 2010: 3092, loss: 4.69%
Pop loss [45091018]: 2010: 2212, loss: 4.55%
Pop loss [45091018]: 2010: 947, loss: 3.88%
Pop loss [45091018]: 2010: 1958, loss: 4.15%
Pop loss [45091018]: 2010: 2020, loss: 7.71%
Pop loss [45091018]: 2010: 2016, loss: 9.31%
Pop loss [45091018]: 2010: 1403, loss: 4.09%
Pop loss [45091018]: 2010: 1954, loss: 17.08%
Pop loss [45091018]: 2010: 2294, loss: 1.33%
Pop loss [45091018]: 2010: 1152, loss: 23.39%
Pop loss [45091018]: 2010: 1803, loss: 5.66%
Pop loss [45091018]: 2010: 491, loss: 15.25%
Pop loss [45091018]: 2010: 678, loss: 8.95%
Pop loss [45091018]: 2010: 781, loss: 20.1%
Pop loss [45091018]: 2010: 961, loss: 19.77%
Pop loss [45091018]: 2010: 2762, loss: 10.38%
Pop loss [45091018]: 2010: 1054, loss: 42.69%
Pop loss [45091018]: 2010: 1767, loss: 2.98%
Pop loss [45091018]: 2010: 503, loss: 12.27%
Pop loss [45091018]: 2010: 769, loss: 11.44%
Pop loss [45091018]: 2010: 517, loss: 1.8%
Pop loss [45091018]: 2010: 970, loss: 3.98%
Pop loss [45091018]: 2010: 940, loss: 25.94%
Pop loss [45091018]: 2010: 511, loss: 9.71%
Pop loss [45091018]: 2010: 731, loss: 13.97%
Pop loss [45091018]: 2010: 955, loss: 11.39%
Pop loss [45091018]: 2010: 249, loss: 11.29%
Pop loss [45091018]: 2010: 218, loss: 5.23%
Pop loss [45091018]: 2010: 395, loss: 24.0%
Pop loss [45091018]: 2010: 3046, loss: 5.15%
Pop loss [45091018]: 2010: 3262, loss: 2.54%
Pop loss [45091018]: 2010: 6205, loss: 0.11%
Pop loss [45091018]: 2010: 3393, loss: 0.72%
Pop loss [45091018]: 2010: 3082, loss: 1.23%
Pop loss [45091018]: 2010: 1300, loss: 5.41%
Pop loss [45091018]: 2010: 2071, loss: 3.63%
Pop loss [45091018]: 2010: 2547, loss: 6.71%
Pop loss [45091018]: 2010: 2151, loss: 4.56%
Pop loss [45091018]: 2010: 3982, loss: 3.62%
Pop loss [45091018]: 2010: 3082, loss: 2.67%
Pop loss [45091018]: 2010: 3422, loss: 2.54%
Pop loss [45091018]: 2010: 5516, loss: 6.88%
Pop loss [45091018]: 2010: 1825, loss: 8.12%
Pop loss [45091018]: 2010: 2031, loss: 17.59%
Pop loss [45091018]: 2010: 985, loss: 8.1%
Pop loss [45091018]: 2010: 2868, loss: 3.76%
Pop loss [45091018]: 2010: 2859, loss: 2.31%
Pop loss [45091018]: 2010: 2215, loss: 6.26%
Pop loss [45091018]: 2010: 2180, loss: 2.35%
Pop loss [45091018]: 2010: 2415, loss: 11.66%
Pop loss [45091018]: 2010: 2541, loss: 5.96%
Pop loss [45091018]: 2010: 3530, loss: 1.46%
Pop loss [45091018]: 2010: 3542, loss: 2.42%
Pop loss [45091018]: 2010: 2880, loss: 6.86%
Pop loss [45091018]: 2010: 315, loss: 16.67%
Pop loss [45091018]: 2010: 368, loss: 11.74%
Pop loss [45091018]: 2010: 3588, loss: 7.62%
Pop loss [45091018]: 2010: 455, loss: 27.71%
Pop loss [45091018]: 2010: 1472, loss: 10.74%
Pop loss [45091018]: 2010: 1186, loss: 7.03%
Pop loss [45091018]: 2010: 460, loss: 40.85%
Pop loss [45091018]: 2010: 1998, loss: 5.9%
Pop loss [45091018]: 2010: 1928, loss: 18.23%
Pop loss [45091018]: 2010: 1838, loss: 0.69%
Pop loss [45091018]: 2010: 4586, loss: 13.16%
Pop loss [45091018]: 2010: 1738, loss: 2.47%
Pop loss [45091018]: 2010: 1740, loss: 27.7%
Pop loss [45091018]: 2010: 871, loss: 2.96%
Pop loss [45091018]: 2010: 2664, loss: 17.41%
Pop loss [45091018]: 2010: 3305, loss: 17.31%
Pop loss [45091018]: 2010: 2153, loss: 12.75%
Pop loss [45091018]: 2010: 2017, loss: 21.93%
Pop loss [45091018]: 2010: 1940, loss: 14.73%
Pop loss [45091018]: 2010: 2290, loss: 24.24%
Pop loss [45091018]: 2010: 1218, loss: 16.14%
Pop loss [45091018]: 2010: 2821, loss: 24.49%
Pop loss [45091018]: 2010: 3211, loss: 3.77%
Pop loss [45091018]: 2010: 1780, loss: 24.71%
Pop loss [45091018]: 2010: 5236, loss: 2.74%
Pop loss [45091018]: 2010: 754, loss: 25.32%
Pop loss [45091018]: 2010: 1636, loss: 15.37%
Pop loss [45091018]: 2010: 1266, loss: 6.27%
Pop loss [45091018]: 2010: 486, loss: 4.79%
Pop loss [45091018]: 2010: 1939, loss: 8.27%
Pop loss [45091018]: 2010: 1808, loss: 7.09%
Pop loss [45091018]: 2010: 1433, loss: 12.26%
Pop loss [45091018]: 2010: 1410, loss: 10.28%
Pop loss [45091018]: 2010: 1769, loss: 18.9%
Pop loss [45091018]: 2010: 171, loss: 9.59%
Pop loss [45091018]: 2010: 2751, loss: 4.98%
Pop loss [45091018]: 2010: 1145, loss: 2.77%
Pop loss [45091018]: 2010: 967, loss: 4.2%
Pop loss [45091018]: 2010: 1323, loss: 1.36%
Pop loss [45091018]: 2010: 424, loss: 4.86%
Pop loss [45091018]: 2010: 1499, loss: 8.07%
Pop loss [45091018]: 2010: 3317, loss: 0.32%
Pop loss [45091018]: 2010: 1189, loss: 9.28%
Pop loss [45091018]: 2010: 697, loss: 1.16%
Pop loss [45091018]: 2010: 1322, loss: 2.87%
Pop loss [45091018]: 2010: 1397, loss: 4.31%
Pop loss [45091018]: 2010: 1054, loss: 3.87%
Pop loss [45091018]: 2010: 1499, loss: 1.05%
Pop loss [45091018]: 2010: 1790, loss: 4.35%
Pop loss [45091018]: 2010: 1823, loss: 18.56%
Pop loss [45091018]: 2010: 1062, loss: 4.59%
Pop loss [45091018]: 2010: 1241, loss: 17.04%
Pop loss [45091018]: 2010: 2102, loss: 21.82%
Pop loss [45091018]: 2010: 2618, loss: 7.98%
Pop loss [45091018]: 2010: 1217, loss: 12.07%
Pop loss [45091018]: 2010: 1301, loss: 4.56%
Pop loss [45091018]: 2010: 868, loss: 2.48%
Pop loss [45091018]: 2010: 995, loss: 12.96%
Pop loss [45091018]: 2010: 1781, loss: 16.77%
Pop loss [45091018]: 2010: 1053, loss: 30.02%
Pop loss [45091018]: 2010: 2201, loss: 18.6%
Pop loss [45091018]: 2010: 2244, loss: 13.15%
Pop loss [45091018]: 2010: 1550, loss: 17.87%
Pop loss [45091018]: 2010: 1967, loss: 22.68%
Pop loss [45091018]: 2010: 1167, loss: 1.9%
Pop loss [45091018]: 2010: 1063, loss: 9.02%
Pop loss [45091018]: 2010: 2326, loss: 0.13%
Pop loss [45091018]: 2010: 1593, loss: 4.92%
Pop loss [45091018]: 2010: 2013, loss: 16.18%
Pop loss [45091018]: 2010: 2721, loss: 3.12%
Pop loss [45091018]: 2010: 2884, loss: 10.78%
Pop loss [45091018]: 2010: 2746, loss: 4.0%
Pop loss [45091018]: 2010: 1991, loss: 11.77%
Pop loss [45091018]: 2010: 2088, loss: 6.08%
Pop loss [45091018]: 2010: 1966, loss: 8.2%
Pop loss [45091018]: 2010: 1859, loss: 25.99%
Pop loss [45091018]: 2010: 1917, loss: 20.64%
Pop loss [45091018]: 2010: 2173, loss: 1.08%
Pop loss [45091018]: 2010: 1544, loss: 19.26%
Pop loss [45091018]: 2010: 1817, loss: 5.24%
Pop loss [45091018]: 2010: 1793, loss: 29.23%
Pop loss [45091018]: 2010: 2955, loss: 15.59%
Pop loss [45091018]: 2010: 1432, loss: 11.75%
Pop loss [45091018]: 2010: 1821, loss: 15.51%
Pop loss [45091018]: 2010: 6593, loss: 5.12%
Pop loss [45091018]: 2010: 4870, loss: 0.6%
Pop loss [45091018]: 2010: 2799, loss: 3.07%
Pop loss [45091018]: 2010: 2026, loss: 5.5%
Pop loss [45091018]: 2010: 2186, loss: 2.39%
Pop loss [45091018]: 2010: 2653, loss: 16.42%
Pop loss [45091018]: 2010: 2031, loss: 2.06%
Pop loss [45091018]: 2010: 1531, loss: 4.24%
Pop loss [45091018]: 2010: 2415, loss: 1.03%
Pop loss [45091018]: 2010: 1979, loss: 4.63%
Pop loss [45091018]: 2010: 2662, loss: 5.14%
Pop loss [45091018]: 2010: 1840, loss: 17.44%
Pop loss [45091018]: 2010: 2081, loss: 1.25%
Pop loss [45091018]: 2010: 2144, loss: 10.82%
Pop loss [45091018]: 2010: 2032, loss: 1.43%
Pop loss [45091018]: 2010: 2581, loss: 10.92%
Pop loss [45091018]: 2010: 2379, loss: 3.54%
Pop loss [45091018]: 2010: 1382, loss: 5.46%
Pop loss [45091018]: 2010: 1804, loss: 10.04%
Pop loss [45091018]: 2010: 1017, loss: 17.6%
Pop loss [45091018]: 2010: 2093, loss: 0.69%
Pop loss [45091018]: 2010: 2163, loss: 8.36%
Pop loss [45091018]: 2010: 2185, loss: 19.35%
Pop loss [45091018]: 2010: 2176, loss: 8.59%
Pop loss [45091018]: 2010: 2289, loss: 1.58%
Pop loss [45091018]: 2010: 1297, loss: 3.05%
Pop loss [45091018]: 2010: 1531, loss: 0.14%
Pop loss [45091018]: 2010: 1911, loss: 1.19%
Pop loss [45091018]: 2010: 2207, loss: 26.41%
Pop loss [45091018]: 2010: 2194, loss: 3.83%
Pop loss [45091018]: 2010: 2424, loss: 4.52%
Pop loss [45091018]: 2010: 1357, loss: 23.04%
Pop loss [45091018]: 2010: 2104, loss: 7.51%
Pop loss [45091018]: 2010: 1723, loss: 16.84%
Pop loss [45091018]: 2010: 2142, loss: 12.29%
Pop loss [45091018]: 2010: 6192, loss: 9.13%
Pop loss [45091018]: 2010: 3990, loss: 13.31%
Pop loss [45091018]: 2010: 2668, loss: 19.27%
Pop loss [45091018]: 2010: 1335, loss: 16.46%
Pop loss [45091018]: 2010: 1165, loss: 15.73%
Pop loss [45091018]: 2010: 1526, loss: 5.69%
Pop loss [45091018]: 2010: 1984, loss: 0.02%
Pop loss [45091018]: 2010: 1652, loss: 22.4%
Pop loss [45091018]: 2010: 2597, loss: 3.13%
Pop loss [45091018]: 2010: 1532, loss: 14.54%
Pop loss [45091018]: 2010: 2292, loss: 7.55%
Pop loss [45091018]: 2010: 2856, loss: 4.91%
Pop loss [45091018]: 2010: 3832, loss: 6.43%
Pop loss [45091018]: 2010: 3823, loss: 3.44%
Pop loss [45091018]: 2010: 730, loss: 8.74%
Pop loss [45091018]: 2010: 2647, loss: 8.42%
Pop loss [45091018]: 2010: 4286, loss: 2.6%
Pop loss [45091018]: 2010: 3360, loss: 2.48%
Pop loss [45091018]: 2010: 2333, loss: 12.29%
Pop loss [45091018]: 2010: 5180, loss: 1.83%
Pop loss [45091018]: 2010: 3215, loss: 2.15%
Pop loss [45091018]: 2010: 3579, loss: 5.03%
Pop loss [45091018]: 2010: 8550, loss: 1.86%
Pop loss [45091018]: 2010: 965, loss: 18.92%
Pop loss [45091018]: 2010: 5019, loss: 0.74%
Pop loss [45091018]: 2010: 1945, loss: 5.44%
Pop loss [45091018]: 2010: 2714, loss: 3.06%
Pop loss [45091018]: 2010: 7768, loss: 17.95%
Pop loss [45091018]: 2010: 2958, loss: 6.39%
Pop loss [45091018]: 2010: 3528, loss: 17.37%
Pop loss [45091018]: 2010: 2841, loss: 3.73%
Pop loss [45091018]: 2010: 1352, loss: 14.53%
Pop loss [45091018]: 2010: 2857, loss: 21.03%
Pop loss [45091018]: 2010: 1618, loss: 2.91%
Pop loss [45091018]: 2010: 400, loss: 19.7%
Pop loss [45091018]: 2010: 603, loss: 4.43%
Pop loss [45091018]: 2010: 1156, loss: 2.57%
Pop loss [45091018]: 2010: 1684, loss: 8.11%
Pop loss [45091018]: 2010: 639, loss: 31.5%
Pop loss [45091018]: 2010: 405, loss: 6.49%
Pop loss [45091018]: 2010: 963, loss: 7.24%
Pop loss [45091018]: 2010: 1279, loss: 8.15%
Pop loss [45091018]: 2010: 3058, loss: 10.24%
Pop loss [45091018]: 2010: 753, loss: 16.2%
Pop loss [45091018]: 2010: 725, loss: 5.59%
Pop loss [45091018]: 2010: 1027, loss: 20.19%
Pop loss [45091018]: 2010: 4043, loss: 11.25%
Pop loss [45091018]: 2010: 3564, loss: 2.87%
Pop loss [45091018]: 2010: 2426, loss: 30.92%
Pop loss [45091018]: 2010: 3729, loss: 5.13%
Pop loss [45091018]: 2010: 2572, loss: 22.76%
Pop loss [45091018]: 2010: 2215, loss: 38.42%
Pop loss [45091018]: 2010: 2314, loss: 2.44%
Pop loss [45091018]: 2010: 4594, loss: 5.53%
Pop loss [45091018]: 2010: 2206, loss: 11.27%
Pop loss [45091018]: 2010: 4317, loss: 0.28%
Pop loss [45091018]: 2010: 4365, loss: 1.18%
Pop loss [45091018]: 2010: 3022, loss: 14.05%
Pop loss [45091018]: 2010: 2386, loss: 0.62%
Pop loss [45091018]: 2010: 1241, loss: 7.3%
Pop loss [45091018]: 2010: 2245, loss: 18.78%
Pop loss [45091018]: 2010: 2393, loss: 2.03%
Pop loss [45091018]: 2010: 2169, loss: 7.04%
Pop loss [45091018]: 2010: 3069, loss: 4.14%
Pop loss [45091018]: 2010: 1585, loss: 12.67%
Pop loss [45091018]: 2010: 4501, loss: 8.02%
Pop loss [45091018]: 2010: 1526, loss: 9.5%
Pop loss [45091018]: 2010: 1377, loss: 20.68%
Pop loss [45091018]: 2010: 5021, loss: 0.56%
Pop loss [45091018]: 2010: 3217, loss: 1.13%
Pop loss [45091018]: 2010: 1133, loss: 4.81%
Pop loss [45091018]: 2010: 1708, loss: 15.37%
Pop loss [45091018]: 2010: 2298, loss: 1.1%
Pop loss [45091018]: 2010: 2677, loss: 2.44%
Pop loss [45091018]: 2010: 2069, loss: 21.64%
Pop loss [45091018]: 2010: 3058, loss: 6.99%
Pop loss [45091018]: 2010: 2474, loss: 11.87%
Pop loss [45091018]: 2010: 5456, loss: 0.25%
Pop loss [45091018]: 2010: 4500, loss: 3.88%
Pop loss [45091018]: 2010: 3679, loss: 14.87%
Pop loss [45091018]: 2010: 812, loss: 0.25%
Pop loss [45091018]: 2010: 772, loss: 31.74%
Pop loss [45091018]: 2010: 514, loss: 9.36%
Pop loss [45091018]: 2010: 1835, loss: 10.84%
Pop loss [45091018]: 2010: 1987, loss: 1.97%
Pop loss [45091018]: 2010: 1984, loss: 1.97%
Pop loss [45091018]: 2010: 1580, loss: 25.01%
Pop loss [45091018]: 2010: 2516, loss: 17.64%
Pop loss [45091018]: 2010: 1251, loss: 10.02%
Pop loss [45091018]: 2010: 2264, loss: 0.16%
Pop loss [45091018]: 2010: 1533, loss: 9.49%
Pop loss [45091018]: 2010: 2199, loss: 9.53%
Pop loss [45091018]: 2010: 1040, loss: 9.12%
Pop loss [45091018]: 2010: 2408, loss: 20.4%
Pop loss [45091018]: 2010: 2248, loss: 0.44%
Pop loss [45091018]: 2010: 1356, loss: 12.65%
Pop loss [45091018]: 2010: 1029, loss: 13.61%
Pop loss [45091018]: 2010: 1425, loss: 41.82%
Pop loss [45091018]: 2010: 3212, loss: 10.1%
Pop loss [45091018]: 2010: 932, loss: 18.78%
Pop loss [45091018]: 2010: 906, loss: 17.11%
Pop loss [45091018]: 2010: 1458, loss: 18.46%
Pop loss [45091018]: 2010: 1050, loss: 26.03%
Pop loss [45091018]: 2010: 1917, loss: 9.38%
Pop loss [45091018]: 2010: 2300, loss: 4.41%
Pop loss [45091018]: 2010: 1889, loss: 5.38%
Pop loss [45091018]: 2010: 2799, loss: 18.76%
Pop loss [45091018]: 2010: 2751, loss: 5.69%
Pop loss [45091018]: 2010: 2193, loss: 2.93%
Pop loss [45091018]: 2010: 2184, loss: 11.15%
Pop loss [45091018]: 2010: 2698, loss: 13.17%
Pop loss [45091018]: 2010: 2395, loss: 22.02%
Pop loss [45091018]: 2010: 2263, loss: 12.17%
Pop loss [45091018]: 2010: 1350, loss: 31.47%
Pop loss [45091018]: 2010: 1051, loss: 1.0%
Pop loss [45091018]: 2010: 559, loss: 10.68%
Pop loss [45091018]: 2010: 1726, loss: 28.45%
Pop loss [45091018]: 2010: 1283, loss: 15.97%
Pop loss [45091018]: 2010: 2301, loss: 2.04%
Pop loss [45091018]: 2010: 1946, loss: 24.51%
Pop loss [45091018]: 2010: 1450, loss: 17.0%
Pop loss [45091018]: 2010: 1061, loss: 3.68%
Pop loss [45091018]: 2010: 738, loss: 51.86%
Pop loss [45091018]: 2010: 1091, loss: 16.38%
Pop loss [45091018]: 2010: 1039, loss: 9.45%
Pop loss [45091018]: 2010: 1798, loss: 3.1%
Pop loss [45091018]: 2010: 1392, loss: 6.16%
Pop loss [45091018]: 2010: 1500, loss: 7.38%
Pop loss [45091018]: 2010: 723, loss: 12.72%
Pop loss [45091018]: 2010: 1249, loss: 29.0%
Pop loss [45091018]: 2010: 898, loss: 1.6%
Pop loss [45091018]: 2010: 423, loss: 6.03%
Pop loss [45091018]: 2010: 1187, loss: 2.78%
Pop loss [45091018]: 2010: 1957, loss: 10.89%
Pop loss [45091018]: 2010: 753, loss: 7.4%
Pop loss [45091018]: 2010: 2244, loss: 8.94%
Pop loss [45091018]: 2010: 1889, loss: 24.52%
Pop loss [45091018]: 2010: 4340, loss: 7.17%
Pop loss [45091018]: 2010: 1586, loss: 19.17%
Pop loss [45091018]: 2010: 3485, loss: 1.96%
Pop loss [45091018]: 2010: 1918, loss: 25.94%
Pop loss [45091018]: 2010: 1129, loss: 6.54%
Pop loss [45091018]: 2010: 323, loss: 38.98%
Pop loss [45091018]: 2010: 509, loss: 3.3%
Pop loss [45091018]: 2010: 384, loss: 15.7%
Pop loss [45091018]: 2010: 556, loss: 34.32%
Pop loss [45091018]: 2010: 2545, loss: 8.06%
Pop loss [45091018]: 2010: 524, loss: 0.92%
Pop loss [45091018]: 2010: 407, loss: 31.35%
Pop loss [45091018]: 2010: 1135, loss: 0.86%
Pop loss [45091018]: 2010: 3151, loss: 5.27%
Pop loss [45091018]: 2010: 605, loss: 10.96%
Pop loss [45091018]: 2010: 2699, loss: 20.15%
Pop loss [45091018]: 2010: 1556, loss: 5.18%
Pop loss [45091018]: 2010: 2775, loss: 9.26%
Pop loss [45091018]: 2010: 2930, loss: 0.33%
Pop loss [45091018]: 2010: 1535, loss: 4.4%
Pop loss [45091018]: 2010: 2511, loss: 1.07%
Pop loss [45091018]: 2010: 3042, loss: 1.77%
Pop loss [45091018]: 2010: 2338, loss: 0.34%
Pop loss [45091018]: 2010: 3076, loss: 8.16%
Pop loss [45091018]: 2010: 2121, loss: 2.77%
Pop loss [45091018]: 2010: 2813, loss: 1.01%
Pop loss [45091018]: 2010: 1536, loss: 12.48%
Pop loss [45091018]: 2010: 2117, loss: 4.98%
Pop loss [45091018]: 2010: 2994, loss: 3.82%
Pop loss [45091018]: 2010: 1981, loss: 0.13%
Row count: 2122
Loss count: 841
Tot 2010 Pop: 4625364
Tot 2018 Pop: 4954661.0
