Make CSV: NV (census)
Pop loss [32510309]: 2010: 1597, loss: 2.56%
Pop loss [32510309]: 2010: 1662, loss: 12.52%
Pop loss [32510309]: 2010: 1404, loss: 41.49%
Pop loss [32510309]: 2010: 1248, loss: 1.89%
Pop loss [32510309]: 2010: 1617, loss: 5.62%
Pop loss [32510309]: 2010: 1378, loss: 1.98%
Pop loss [32510309]: 2010: 791, loss: 6.95%
Pop loss [32510309]: 2010: 904, loss: 2.77%
Pop loss [32510309]: 2010: 1926, loss: 34.84%
Pop loss [32510309]: 2010: 296, loss: 14.56%
Pop loss [32510309]: 2010: 7, loss: 28.57%
Pop loss [32510309]: 2010: 3, loss: 6.67%
Pop loss [32510309]: 2010: 8, loss: 28.75%
Pop loss [32510309]: 2010: 1191, loss: 8.91%
Pop loss [32510309]: 2010: 1719, loss: 4.78%
Pop loss [32510309]: 2010: 669, loss: 6.4%
Pop loss [32510309]: 2010: 1636, loss: 3.48%
Pop loss [32510309]: 2010: 1343, loss: 16.88%
Pop loss [32510309]: 2010: 590, loss: 10.34%
Pop loss [32510309]: 2010: 1318, loss: 5.92%
Pop loss [32510309]: 2010: 32, loss: 49.38%
Pop loss [32510309]: 2010: 2422, loss: 3.5%
Pop loss [32510309]: 2010: 974, loss: 39.67%
Pop loss [32510309]: 2010: 3485, loss: 5.08%
Pop loss [32510309]: 2010: 1955, loss: 0.24%
Pop loss [32510309]: 2010: 1083, loss: 6.7%
Pop loss [32510309]: 2010: 1672, loss: 9.83%
Pop loss [32510309]: 2010: 1781, loss: 2.8%
Pop loss [32510309]: 2010: 1660, loss: 12.23%
Pop loss [32510309]: 2010: 1773, loss: 12.94%
Pop loss [32510309]: 2010: 3090, loss: 7.12%
Pop loss [32510309]: 2010: 1924, loss: 0.94%
Pop loss [32510309]: 2010: 2638, loss: 1.35%
Pop loss [32510309]: 2010: 2844, loss: 14.8%
Pop loss [32510309]: 2010: 3298, loss: 19.28%
Pop loss [32510309]: 2010: 1506, loss: 10.76%
Pop loss [32510309]: 2010: 1490, loss: 1.48%
Pop loss [32510309]: 2010: 3006, loss: 5.66%
Pop loss [32510309]: 2010: 1668, loss: 2.82%
Pop loss [32510309]: 2010: 4007, loss: 2.05%
Pop loss [32510309]: 2010: 5, loss: 20.0%
Pop loss [32510309]: 2010: 1602, loss: 18.16%
Pop loss [32510309]: 2010: 2198, loss: 1.13%
Pop loss [32510309]: 2010: 453, loss: 28.85%
Pop loss [32510309]: 2010: 567, loss: 12.84%
Pop loss [32510309]: 2010: 936, loss: 4.6%
Pop loss [32510309]: 2010: 636, loss: 12.04%
Pop loss [32510309]: 2010: 1714, loss: 22.41%
Pop loss [32510309]: 2010: 1559, loss: 16.03%
Pop loss [32510309]: 2010: 2564, loss: 7.14%
Pop loss [32510309]: 2010: 1918, loss: 5.96%
Pop loss [32510309]: 2010: 1359, loss: 3.22%
Pop loss [32510309]: 2010: 1999, loss: 2.11%
Pop loss [32510309]: 2010: 1730, loss: 5.03%
Pop loss [32510309]: 2010: 1896, loss: 17.71%
Pop loss [32510309]: 2010: 2222, loss: 8.79%
Pop loss [32510309]: 2010: 2586, loss: 2.88%
Pop loss [32510309]: 2010: 2149, loss: 15.2%
Pop loss [32510309]: 2010: 789, loss: 21.17%
Pop loss [32510309]: 2010: 842, loss: 7.01%
Pop loss [32510309]: 2010: 1186, loss: 3.85%
Pop loss [32510309]: 2010: 688, loss: 1.05%
Pop loss [32510309]: 2010: 715, loss: 19.8%
Pop loss [32510309]: 2010: 1348, loss: 2.57%
Pop loss [32510309]: 2010: 2195, loss: 0.73%
Pop loss [32510309]: 2010: 1118, loss: 5.28%
Pop loss [32510309]: 2010: 84, loss: 51.9%
Pop loss [32510309]: 2010: 1371, loss: 16.16%
Pop loss [32510309]: 2010: 1634, loss: 11.9%
Pop loss [32510309]: 2010: 2281, loss: 5.44%
Pop loss [32510309]: 2010: 1256, loss: 8.65%
Pop loss [32510309]: 2010: 364, loss: 1.02%
Pop loss [32510309]: 2010: 184, loss: 3.32%
Pop loss [32510309]: 2010: 2575, loss: 21.27%
Pop loss [32510309]: 2010: 3188, loss: 8.03%
Pop loss [32510309]: 2010: 2337, loss: 7.16%
Pop loss [32510309]: 2010: 1272, loss: 6.96%
Pop loss [32510309]: 2010: 2352, loss: 11.25%
Pop loss [32510309]: 2010: 94, loss: 13.3%
Pop loss [32510309]: 2010: 1571, loss: 20.8%
Pop loss [32510309]: 2010: 907, loss: 0.87%
Pop loss [32510309]: 2010: 2869, loss: 1.37%
Pop loss [32510309]: 2010: 461, loss: 4.62%
Pop loss [32510309]: 2010: 13, loss: 6.15%
Pop loss [32510309]: 2010: 1922, loss: 18.78%
Pop loss [32510309]: 2010: 1481, loss: 32.7%
Pop loss [32510309]: 2010: 297, loss: 13.57%
Pop loss [32510309]: 2010: 363, loss: 4.16%
Pop loss [32510309]: 2010: 13, loss: 14.62%
Pop loss [32510309]: 2010: 2270, loss: 4.63%
Pop loss [32510309]: 2010: 3385, loss: 9.75%
Pop loss [32510309]: 2010: 3031, loss: 13.76%
Pop loss [32510309]: 2010: 3085, loss: 2.94%
Pop loss [32510309]: 2010: 2292, loss: 35.97%
Pop loss [32510309]: 2010: 515, loss: 1.4%
Pop loss [32510309]: 2010: 2765, loss: 24.54%
Pop loss [32510309]: 2010: 5733, loss: 8.73%
Pop loss [32510309]: 2010: 2738, loss: 3.43%
Pop loss [32510309]: 2010: 2897, loss: 18.75%
Pop loss [32510309]: 2010: 2550, loss: 5.84%
Pop loss [32510309]: 2010: 2864, loss: 4.19%
Pop loss [32510309]: 2010: 2362, loss: 8.72%
Pop loss [32510309]: 2010: 2340, loss: 2.31%
Pop loss [32510309]: 2010: 2592, loss: 4.55%
Pop loss [32510309]: 2010: 634, loss: 22.18%
Pop loss [32510309]: 2010: 689, loss: 2.1%
Pop loss [32510309]: 2010: 46, loss: 4.57%
Pop loss [32510309]: 2010: 1061, loss: 6.12%
Pop loss [32510309]: 2010: 2504, loss: 5.49%
Pop loss [32510309]: 2010: 3, loss: 60.0%
Pop loss [32510309]: 2010: 1040, loss: 5.09%
Pop loss [32510309]: 2010: 911, loss: 27.78%
Pop loss [32510309]: 2010: 1106, loss: 6.14%
Pop loss [32510309]: 2010: 2085, loss: 12.24%
Pop loss [32510309]: 2010: 1449, loss: 8.79%
Pop loss [32510309]: 2010: 1746, loss: 26.83%
Pop loss [32510309]: 2010: 2507, loss: 9.93%
Pop loss [32510309]: 2010: 305, loss: 16.36%
Pop loss [32510309]: 2010: 2096, loss: 5.91%
Pop loss [32510309]: 2010: 2181, loss: 18.94%
Pop loss [32510309]: 2010: 2492, loss: 31.98%
Pop loss [32510309]: 2010: 1039, loss: 25.44%
Pop loss [32510309]: 2010: 42, loss: 2.38%
Pop loss [32510309]: 2010: 456, loss: 8.42%
Pop loss [32510309]: 2010: 2147, loss: 24.64%
Pop loss [32510309]: 2010: 2286, loss: 9.1%
Pop loss [32510309]: 2010: 1433, loss: 1.05%
Pop loss [32510309]: 2010: 3838, loss: 20.69%
Pop loss [32510309]: 2010: 1733, loss: 11.38%
Pop loss [32510309]: 2010: 1733, loss: 5.64%
Pop loss [32510309]: 2010: 1090, loss: 8.73%
Pop loss [32510309]: 2010: 1402, loss: 10.98%
Pop loss [32510309]: 2010: 1230, loss: 2.12%
Pop loss [32510309]: 2010: 1670, loss: 6.77%
Pop loss [32510309]: 2010: 2046, loss: 11.24%
Pop loss [32510309]: 2010: 1247, loss: 1.28%
Pop loss [32510309]: 2010: 1232, loss: 20.54%
Pop loss [32510309]: 2010: 2418, loss: 0.45%
Pop loss [32510309]: 2010: 1101, loss: 6.49%
Pop loss [32510309]: 2010: 2474, loss: 7.17%
Pop loss [32510309]: 2010: 1930, loss: 10.98%
Pop loss [32510309]: 2010: 1127, loss: 5.59%
Pop loss [32510309]: 2010: 754, loss: 15.12%
Pop loss [32510309]: 2010: 1291, loss: 5.63%
Pop loss [32510309]: 2010: 1253, loss: 1.68%
Pop loss [32510309]: 2010: 990, loss: 3.15%
Pop loss [32510309]: 2010: 3449, loss: 1.4%
Pop loss [32510309]: 2010: 1223, loss: 5.52%
Pop loss [32510309]: 2010: 114, loss: 0.79%
Pop loss [32510309]: 2010: 2014, loss: 4.77%
Pop loss [32510309]: 2010: 145, loss: 3.24%
Pop loss [32510309]: 2010: 61, loss: 3.28%
Pop loss [32510309]: 2010: 12, loss: 1.67%
Pop loss [32510309]: 2010: 2348, loss: 1.9%
Pop loss [32510309]: 2010: 76, loss: 24.47%
Pop loss [32510309]: 2010: 1412, loss: 3.96%
Pop loss [32510309]: 2010: 1320, loss: 10.17%
Pop loss [32510309]: 2010: 1965, loss: 14.5%
Pop loss [32510309]: 2010: 2259, loss: 4.67%
Pop loss [32510309]: 2010: 2053, loss: 0.61%
Pop loss [32510309]: 2010: 172, loss: 3.43%
Pop loss [32510309]: 2010: 3108, loss: 2.34%
Pop loss [32510309]: 2010: 1670, loss: 7.26%
Pop loss [32510309]: 2010: 210, loss: 0.57%
Pop loss [32510309]: 2010: 1799, loss: 7.5%
Pop loss [32510309]: 2010: 2473, loss: 17.83%
Pop loss [32510309]: 2010: 983, loss: 16.01%
Pop loss [32510309]: 2010: 7, loss: 54.29%
Pop loss [32510309]: 2010: 3428, loss: 25.78%
Pop loss [32510309]: 2010: 391, loss: 17.9%
Pop loss [32510309]: 2010: 1164, loss: 26.24%
Pop loss [32510309]: 2010: 767, loss: 12.13%
Pop loss [32510309]: 2010: 2720, loss: 1.26%
Pop loss [32510309]: 2010: 473, loss: 9.94%
Pop loss [32510309]: 2010: 1936, loss: 25.83%
Pop loss [32510309]: 2010: 3687, loss: 27.72%
Pop loss [32510309]: 2010: 1352, loss: 22.19%
Pop loss [32510309]: 2010: 3451, loss: 10.61%
Pop loss [32510309]: 2010: 2644, loss: 22.33%
Pop loss [32510309]: 2010: 5858, loss: 0.57%
Pop loss [32510309]: 2010: 366, loss: 51.53%
Pop loss [32510309]: 2010: 683, loss: 4.73%
Pop loss [32510309]: 2010: 470, loss: 4.72%
Pop loss [32510309]: 2010: 5645, loss: 14.51%
Pop loss [32510309]: 2010: 1462, loss: 44.82%
Pop loss [32510309]: 2010: 3319, loss: 13.92%
Pop loss [32510309]: 2010: 1189, loss: 22.62%
Pop loss [32510309]: 2010: 3874, loss: 3.98%
Pop loss [32510309]: 2010: 3788, loss: 0.03%
Pop loss [32510309]: 2010: 3663, loss: 8.67%
Pop loss [32510309]: 2010: 1383, loss: 4.51%
Pop loss [32510309]: 2010: 5503, loss: 4.96%
Pop loss [32510309]: 2010: 850, loss: 20.8%
Pop loss [32510309]: 2010: 1649, loss: 22.13%
Pop loss [32510309]: 2010: 2113, loss: 35.36%
Pop loss [32510309]: 2010: 5202, loss: 12.7%
Pop loss [32510309]: 2010: 3190, loss: 24.71%
Pop loss [32510309]: 2010: 3467, loss: 11.7%
Pop loss [32510309]: 2010: 2395, loss: 27.27%
Pop loss [32510309]: 2010: 5309, loss: 8.85%
Pop loss [32510309]: 2010: 3238, loss: 7.96%
Pop loss [32510309]: 2010: 657, loss: 29.83%
Pop loss [32510309]: 2010: 837, loss: 6.45%
Pop loss [32510309]: 2010: 16, loss: 22.5%
Pop loss [32510309]: 2010: 4989, loss: 0.66%
Pop loss [32510309]: 2010: 3031, loss: 0.94%
Pop loss [32510309]: 2010: 2022, loss: 24.09%
Pop loss [32510309]: 2010: 1248, loss: 20.64%
Pop loss [32510309]: 2010: 1061, loss: 11.9%
Pop loss [32510309]: 2010: 2770, loss: 1.7%
Pop loss [32510309]: 2010: 2303, loss: 8.58%
Pop loss [32510309]: 2010: 5179, loss: 31.91%
Pop loss [32510309]: 2010: 2922, loss: 15.13%
Pop loss [32510309]: 2010: 2657, loss: 14.97%
Pop loss [32510309]: 2010: 1326, loss: 12.75%
Pop loss [32510309]: 2010: 2470, loss: 18.51%
Pop loss [32510309]: 2010: 2093, loss: 7.26%
Pop loss [32510309]: 2010: 680, loss: 34.22%
Pop loss [32510309]: 2010: 3417, loss: 5.12%
Pop loss [32510309]: 2010: 4276, loss: 17.47%
Pop loss [32510309]: 2010: 3288, loss: 8.28%
Pop loss [32510309]: 2010: 3269, loss: 35.06%
Pop loss [32510309]: 2010: 1965, loss: 2.6%
Pop loss [32510309]: 2010: 1840, loss: 0.06%
Pop loss [32510309]: 2010: 549, loss: 40.62%
Pop loss [32510309]: 2010: 596, loss: 37.5%
Pop loss [32510309]: 2010: 909, loss: 18.81%
Pop loss [32510309]: 2010: 4882, loss: 6.06%
Pop loss [32510309]: 2010: 1123, loss: 7.33%
Pop loss [32510309]: 2010: 4649, loss: 5.87%
Pop loss [32510309]: 2010: 3937, loss: 0.7%
Pop loss [32510309]: 2010: 2706, loss: 10.23%
Pop loss [32510309]: 2010: 1704, loss: 5.48%
Pop loss [32510309]: 2010: 275, loss: 28.8%
Pop loss [32510309]: 2010: 861, loss: 30.33%
Pop loss [32510309]: 2010: 800, loss: 2.06%
Pop loss [32510309]: 2010: 5887, loss: 10.01%
Pop loss [32510309]: 2010: 2505, loss: 16.88%
Pop loss [32510309]: 2010: 7588, loss: 2.63%
Pop loss [32510309]: 2010: 857, loss: 18.79%
Pop loss [32510309]: 2010: 3509, loss: 1.3%
Pop loss [32510309]: 2010: 2285, loss: 4.51%
Pop loss [32510309]: 2010: 4551, loss: 6.4%
Pop loss [32510309]: 2010: 2011, loss: 7.78%
Pop loss [32510309]: 2010: 928, loss: 23.38%
Pop loss [32510309]: 2010: 2891, loss: 4.8%
Pop loss [32510309]: 2010: 2289, loss: 9.99%
Pop loss [32510309]: 2010: 1733, loss: 29.58%
Pop loss [32510309]: 2010: 1737, loss: 3.91%
Pop loss [32510309]: 2010: 3547, loss: 43.81%
Pop loss [32510309]: 2010: 1402, loss: 1.93%
Pop loss [32510309]: 2010: 2341, loss: 11.76%
Pop loss [32510309]: 2010: 1900, loss: 27.58%
Pop loss [32510309]: 2010: 4402, loss: 5.93%
Pop loss [32510309]: 2010: 2953, loss: 1.25%
Pop loss [32510309]: 2010: 3105, loss: 2.77%
Pop loss [32510309]: 2010: 3819, loss: 10.66%
Pop loss [32510309]: 2010: 2540, loss: 4.8%
Pop loss [32510309]: 2010: 1966, loss: 4.74%
Pop loss [32510309]: 2010: 3732, loss: 4.89%
Pop loss [32510309]: 2010: 2137, loss: 4.37%
Pop loss [32510309]: 2010: 1816, loss: 5.73%
Pop loss [32510309]: 2010: 666, loss: 18.18%
Pop loss [32510309]: 2010: 2645, loss: 17.09%
Pop loss [32510309]: 2010: 1511, loss: 4.28%
Pop loss [32510309]: 2010: 3634, loss: 3.25%
Pop loss [32510309]: 2010: 2328, loss: 20.49%
Pop loss [32510309]: 2010: 2203, loss: 20.29%
Pop loss [32510309]: 2010: 1667, loss: 0.36%
Pop loss [32510309]: 2010: 3730, loss: 10.51%
Pop loss [32510309]: 2010: 2416, loss: 4.84%
Pop loss [32510309]: 2010: 1128, loss: 4.08%
Pop loss [32510309]: 2010: 3998, loss: 0.43%
Pop loss [32510309]: 2010: 1254, loss: 15.46%
Pop loss [32510309]: 2010: 1838, loss: 7.13%
Pop loss [32510309]: 2010: 745, loss: 8.05%
Pop loss [32510309]: 2010: 5579, loss: 0.41%
Pop loss [32510309]: 2010: 2, loss: 40.0%
Pop loss [32510309]: 2010: 1869, loss: 3.96%
Pop loss [32510309]: 2010: 5365, loss: 2.78%
Pop loss [32510309]: 2010: 2982, loss: 0.63%
Pop loss [32510309]: 2010: 2917, loss: 1.29%
Pop loss [32510309]: 2010: 1983, loss: 5.61%
Pop loss [32510309]: 2010: 2707, loss: 3.71%
Pop loss [32510309]: 2010: 2434, loss: 12.05%
Pop loss [32510309]: 2010: 1711, loss: 15.79%
Pop loss [32510309]: 2010: 2337, loss: 2.17%
Pop loss [32510309]: 2010: 2604, loss: 3.0%
Pop loss [32510309]: 2010: 356, loss: 21.12%
Pop loss [32510309]: 2010: 2081, loss: 18.64%
Pop loss [32510309]: 2010: 799, loss: 24.98%
Pop loss [32510309]: 2010: 1365, loss: 0.32%
Pop loss [32510309]: 2010: 1382, loss: 15.85%
Pop loss [32510309]: 2010: 2404, loss: 18.91%
Pop loss [32510309]: 2010: 2481, loss: 17.7%
Pop loss [32510309]: 2010: 938, loss: 11.11%
Pop loss [32510309]: 2010: 1519, loss: 0.51%
Pop loss [32510309]: 2010: 464, loss: 32.41%
Pop loss [32510309]: 2010: 2635, loss: 0.61%
Pop loss [32510309]: 2010: 3191, loss: 13.76%
Pop loss [32510309]: 2010: 1725, loss: 0.14%
Pop loss [32510309]: 2010: 2010, loss: 0.64%
Pop loss [32510309]: 2010: 1644, loss: 4.93%
Pop loss [32510309]: 2010: 2222, loss: 24.41%
Pop loss [32510309]: 2010: 1429, loss: 2.37%
Pop loss [32510309]: 2010: 2288, loss: 21.63%
Pop loss [32510309]: 2010: 923, loss: 8.68%
Pop loss [32510309]: 2010: 669, loss: 2.71%
Pop loss [32510309]: 2010: 2052, loss: 8.72%
Pop loss [32510309]: 2010: 462, loss: 18.59%
Pop loss [32510309]: 2010: 4874, loss: 13.48%
Pop loss [32510309]: 2010: 2828, loss: 1.0%
Pop loss [32510309]: 2010: 1628, loss: 3.99%
Pop loss [32510309]: 2010: 502, loss: 1.02%
Pop loss [32510309]: 2010: 1714, loss: 19.54%
Pop loss [32510309]: 2010: 1750, loss: 38.56%
Pop loss [32510309]: 2010: 1344, loss: 11.47%
Pop loss [32510309]: 2010: 1684, loss: 2.34%
Pop loss [32510309]: 2010: 1541, loss: 9.09%
Pop loss [32510309]: 2010: 1931, loss: 6.16%
Pop loss [32510309]: 2010: 1184, loss: 8.09%
Pop loss [32510309]: 2010: 2742, loss: 0.3%
Pop loss [32510309]: 2010: 718, loss: 4.39%
Pop loss [32510309]: 2010: 2445, loss: 1.96%
Pop loss [32510309]: 2010: 1350, loss: 4.85%
Pop loss [32510309]: 2010: 216, loss: 12.64%
Pop loss [32510309]: 2010: 1709, loss: 0.09%
Pop loss [32510309]: 2010: 2418, loss: 12.74%
Pop loss [32510309]: 2010: 1714, loss: 2.42%
Pop loss [32510309]: 2010: 2172, loss: 7.92%
Pop loss [32510309]: 2010: 2508, loss: 12.64%
Pop loss [32510309]: 2010: 906, loss: 22.8%
Pop loss [32510309]: 2010: 1698, loss: 0.12%
Pop loss [32510309]: 2010: 4071, loss: 1.42%
Pop loss [32510309]: 2010: 2002, loss: 9.09%
Pop loss [32510309]: 2010: 2305, loss: 2.5%
Pop loss [32510309]: 2010: 1940, loss: 0.07%
Pop loss [32510309]: 2010: 2340, loss: 4.05%
Pop loss [32510309]: 2010: 1500, loss: 0.57%
Pop loss [32510309]: 2010: 2895, loss: 0.63%
Pop loss [32510309]: 2010: 1837, loss: 1.73%
Pop loss [32510309]: 2010: 859, loss: 17.28%
Pop loss [32510309]: 2010: 1354, loss: 3.18%
Pop loss [32510309]: 2010: 1052, loss: 2.87%
Pop loss [32510309]: 2010: 1056, loss: 14.1%
Pop loss [32510309]: 2010: 570, loss: 17.39%
Pop loss [32510309]: 2010: 1688, loss: 4.22%
Pop loss [32510309]: 2010: 1741, loss: 7.31%
Pop loss [32510309]: 2010: 1841, loss: 7.3%
Pop loss [32510309]: 2010: 1521, loss: 17.8%
Pop loss [32510309]: 2010: 1574, loss: 18.41%
Pop loss [32510309]: 2010: 724, loss: 5.79%
Pop loss [32510309]: 2010: 443, loss: 19.89%
Pop loss [32510309]: 2010: 583, loss: 27.94%
Pop loss [32510309]: 2010: 565, loss: 18.41%
Pop loss [32510309]: 2010: 960, loss: 11.15%
Pop loss [32510309]: 2010: 1332, loss: 13.68%
Pop loss [32510309]: 2010: 1007, loss: 9.99%
Pop loss [32510309]: 2010: 2309, loss: 2.85%
Pop loss [32510309]: 2010: 879, loss: 1.68%
Pop loss [32510309]: 2010: 1429, loss: 13.25%
Pop loss [32510309]: 2010: 939, loss: 19.46%
Pop loss [32510309]: 2010: 21, loss: 6.19%
Pop loss [32510309]: 2010: 626, loss: 10.97%
Pop loss [32510309]: 2010: 666, loss: 11.56%
Pop loss [32510309]: 2010: 2812, loss: 10.52%
Pop loss [32510309]: 2010: 1598, loss: 3.33%
Pop loss [32510309]: 2010: 2456, loss: 2.68%
Pop loss [32510309]: 2010: 1760, loss: 10.91%
Pop loss [32510309]: 2010: 242, loss: 48.35%
Pop loss [32510309]: 2010: 91, loss: 52.31%
Pop loss [32510309]: 2010: 88, loss: 59.89%
Pop loss [32510309]: 2010: 1805, loss: 23.93%
Pop loss [32510309]: 2010: 289, loss: 25.47%
Pop loss [32510309]: 2010: 185, loss: 13.78%
Pop loss [32510309]: 2010: 205, loss: 4.24%
Pop loss [32510309]: 2010: 205, loss: 11.32%
Pop loss [32510309]: 2010: 629, loss: 14.42%
Pop loss [32510309]: 2010: 731, loss: 16.59%
Pop loss [32510309]: 2010: 1322, loss: 11.27%
Pop loss [32510309]: 2010: 1954, loss: 4.9%
Pop loss [32510309]: 2010: 256, loss: 45.2%
Pop loss [32510309]: 2010: 524, loss: 1.05%
Pop loss [32510309]: 2010: 563, loss: 0.89%
Pop loss [32510309]: 2010: 703, loss: 5.76%
Pop loss [32510309]: 2010: 641, loss: 15.87%
Pop loss [32510309]: 2010: 990, loss: 15.2%
Pop loss [32510309]: 2010: 1494, loss: 18.04%
Pop loss [32510309]: 2010: 1276, loss: 1.41%
Pop loss [32510309]: 2010: 1455, loss: 11.52%
Pop loss [32510309]: 2010: 1058, loss: 13.18%
Pop loss [32510309]: 2010: 1432, loss: 0.65%
Pop loss [32510309]: 2010: 1283, loss: 15.98%
Pop loss [32510309]: 2010: 1435, loss: 3.92%
Pop loss [32510309]: 2010: 1121, loss: 16.23%
Pop loss [32510309]: 2010: 1412, loss: 12.83%
Pop loss [32510309]: 2010: 1197, loss: 7.94%
Pop loss [32510309]: 2010: 473, loss: 3.17%
Pop loss [32510309]: 2010: 2053, loss: 19.06%
Pop loss [32510309]: 2010: 979, loss: 11.24%
Pop loss [32510309]: 2010: 503, loss: 21.13%
Pop loss [32510309]: 2010: 1611, loss: 22.56%
Pop loss [32510309]: 2010: 1268, loss: 13.82%
Pop loss [32510309]: 2010: 1387, loss: 7.99%
Pop loss [32510309]: 2010: 1043, loss: 11.65%
Pop loss [32510309]: 2010: 1004, loss: 12.39%
Pop loss [32510309]: 2010: 1078, loss: 14.29%
Pop loss [32510309]: 2010: 1248, loss: 11.68%
Pop loss [32510309]: 2010: 824, loss: 8.88%
Pop loss [32510309]: 2010: 1578, loss: 8.54%
Pop loss [32510309]: 2010: 2104, loss: 2.12%
Pop loss [32510309]: 2010: 648, loss: 19.86%
Pop loss [32510309]: 2010: 634, loss: 18.41%
Pop loss [32510309]: 2010: 478, loss: 21.34%
Pop loss [32510309]: 2010: 401, loss: 19.38%
Pop loss [32510309]: 2010: 484, loss: 21.84%
Pop loss [32510309]: 2010: 595, loss: 35.75%
Pop loss [32510309]: 2010: 282, loss: 7.91%
Pop loss [32510309]: 2010: 1032, loss: 12.94%
Pop loss [32510309]: 2010: 131, loss: 6.34%
Pop loss [32510309]: 2010: 1459, loss: 4.52%
Pop loss [32510309]: 2010: 2475, loss: 11.79%
Pop loss [32510309]: 2010: 1352, loss: 3.28%
Pop loss [32510309]: 2010: 1718, loss: 12.5%
Pop loss [32510309]: 2010: 1453, loss: 10.03%
Pop loss [32510309]: 2010: 1044, loss: 0.4%
Pop loss [32510309]: 2010: 1802, loss: 19.84%
Pop loss [32510309]: 2010: 765, loss: 23.59%
Pop loss [32510309]: 2010: 1816, loss: 7.59%
Pop loss [32510309]: 2010: 1824, loss: 21.73%
Pop loss [32510309]: 2010: 1791, loss: 15.58%
Pop loss [32510309]: 2010: 2788, loss: 15.99%
Pop loss [32510309]: 2010: 865, loss: 6.57%
Pop loss [32510309]: 2010: 295, loss: 27.29%
Pop loss [32510309]: 2010: 1207, loss: 25.65%
Pop loss [32510309]: 2010: 405, loss: 19.6%
Pop loss [32510309]: 2010: 516, loss: 6.71%
Pop loss [32510309]: 2010: 429, loss: 4.34%
Pop loss [32510309]: 2010: 1033, loss: 8.85%
Pop loss [32510309]: 2010: 8, loss: 16.25%
Pop loss [32510309]: 2010: 51, loss: 1.96%
Pop loss [32510309]: 2010: 2061, loss: 2.61%
Pop loss [32510309]: 2010: 422, loss: 8.96%
Pop loss [32510309]: 2010: 1774, loss: 8.91%
Pop loss [32510309]: 2010: 672, loss: 2.26%
Pop loss [32510309]: 2010: 4, loss: 67.5%
Pop loss [32510309]: 2010: 1665, loss: 23.35%
Pop loss [32510309]: 2010: 116, loss: 6.12%
Pop loss [32510309]: 2010: 1332, loss: 4.86%
Pop loss [32510309]: 2010: 1599, loss: 5.93%
Pop loss [32510309]: 2010: 615, loss: 5.11%
Pop loss [32510309]: 2010: 597, loss: 10.72%
Pop loss [32510309]: 2010: 1566, loss: 3.9%
Pop loss [32510309]: 2010: 990, loss: 0.03%
Pop loss [32510309]: 2010: 280, loss: 7.68%
Pop loss [32510309]: 2010: 389, loss: 4.4%
Pop loss [32510309]: 2010: 2034, loss: 1.4%
Pop loss [32510309]: 2010: 1468, loss: 8.05%
Pop loss [32510309]: 2010: 80, loss: 9.63%
Pop loss [32510309]: 2010: 432, loss: 8.91%
Pop loss [32510309]: 2010: 3071, loss: 0.49%
Pop loss [32510309]: 2010: 204, loss: 16.57%
Pop loss [32510309]: 2010: 1766, loss: 13.63%
Pop loss [32510309]: 2010: 96, loss: 19.58%
Pop loss [32510309]: 2010: 165, loss: 10.24%
Pop loss [32510309]: 2010: 1475, loss: 8.02%
Pop loss [32510309]: 2010: 857, loss: 0.83%
Pop loss [32510309]: 2010: 673, loss: 15.78%
Pop loss [32510309]: 2010: 670, loss: 9.6%
Pop loss [32510309]: 2010: 275, loss: 11.05%
Pop loss [32510309]: 2010: 831, loss: 1.13%
Pop loss [32510309]: 2010: 1562, loss: 0.37%
Pop loss [32510309]: 2010: 522, loss: 9.64%
Pop loss [32510309]: 2010: 176, loss: 15.97%
Pop loss [32510309]: 2010: 2015, loss: 2.12%
Pop loss [32510309]: 2010: 440, loss: 12.45%
Pop loss [32510309]: 2010: 160, loss: 22.5%
Pop loss [32510309]: 2010: 1334, loss: 10.87%
Pop loss [32510309]: 2010: 1125, loss: 7.0%
Pop loss [32510309]: 2010: 2425, loss: 10.76%
Pop loss [32510309]: 2010: 756, loss: 29.37%
Pop loss [32510309]: 2010: 212, loss: 52.36%
Pop loss [32510309]: 2010: 115, loss: 21.91%
Pop loss [32510309]: 2010: 1457, loss: 24.73%
Pop loss [32510309]: 2010: 2065, loss: 22.53%
Pop loss [32510309]: 2010: 527, loss: 2.49%
Pop loss [32510309]: 2010: 285, loss: 42.7%
Pop loss [32510309]: 2010: 2485, loss: 3.48%
Pop loss [32510309]: 2010: 321, loss: 17.48%
Pop loss [32510309]: 2010: 925, loss: 26.22%
Pop loss [32510309]: 2010: 230, loss: 37.13%
Pop loss [32510309]: 2010: 133, loss: 13.16%
Pop loss [32510309]: 2010: 1434, loss: 3.64%
Pop loss [32510309]: 2010: 795, loss: 14.75%
Pop loss [32510309]: 2010: 2917, loss: 3.86%
Pop loss [32510309]: 2010: 222, loss: 26.76%
Pop loss [32510309]: 2010: 138, loss: 0.72%
Pop loss [32510309]: 2010: 323, loss: 13.34%
Pop loss [32510309]: 2010: 1147, loss: 31.05%
Pop loss [32510309]: 2010: 764, loss: 12.32%
Pop loss [32510309]: 2010: 1342, loss: 1.74%
Pop loss [32510309]: 2010: 1856, loss: 10.96%
Pop loss [32510309]: 2010: 1040, loss: 3.4%
Pop loss [32510309]: 2010: 1297, loss: 3.35%
Pop loss [32510309]: 2010: 1851, loss: 2.6%
Pop loss [32510309]: 2010: 646, loss: 28.64%
Pop loss [32510309]: 2010: 1168, loss: 5.48%
Pop loss [32510309]: 2010: 2692, loss: 2.85%
Pop loss [32510309]: 2010: 391, loss: 11.23%
Pop loss [32510309]: 2010: 32, loss: 1.56%
Pop loss [32510309]: 2010: 136, loss: 2.65%
Pop loss [32510309]: 2010: 2192, loss: 9.43%
Pop loss [32510309]: 2010: 78, loss: 0.77%
Pop loss [32510309]: 2010: 1311, loss: 0.73%
Pop loss [32510309]: 2010: 1354, loss: 27.55%
Pop loss [32510309]: 2010: 7, loss: 38.57%
Pop loss [32510309]: 2010: 1382, loss: 9.83%
Pop loss [32510309]: 2010: 538, loss: 7.21%
Pop loss [32510309]: 2010: 1079, loss: 19.46%
Pop loss [32510309]: 2010: 956, loss: 0.5%
Pop loss [32510309]: 2010: 1823, loss: 33.08%
Pop loss [32510309]: 2010: 3056, loss: 1.42%
Pop loss [32510309]: 2010: 3911, loss: 8.87%
Pop loss [32510309]: 2010: 823, loss: 24.71%
Pop loss [32510309]: 2010: 1148, loss: 18.03%
Pop loss [32510309]: 2010: 2196, loss: 18.67%
Pop loss [32510309]: 2010: 1316, loss: 9.52%
Pop loss [32510309]: 2010: 2099, loss: 16.59%
Pop loss [32510309]: 2010: 918, loss: 17.58%
Pop loss [32510309]: 2010: 1591, loss: 10.37%
Pop loss [32510309]: 2010: 2016, loss: 8.22%
Pop loss [32510309]: 2010: 1871, loss: 1.34%
Pop loss [32510309]: 2010: 534, loss: 17.4%
Pop loss [32510309]: 2010: 1199, loss: 0.5%
Pop loss [32510309]: 2010: 863, loss: 4.01%
Pop loss [32510309]: 2010: 6, loss: 1.67%
Pop loss [32510309]: 2010: 401, loss: 6.86%
Pop loss [32510309]: 2010: 321, loss: 6.36%
Pop loss [32510309]: 2010: 669, loss: 12.6%
Pop loss [32510309]: 2010: 54, loss: 0.19%
Pop loss [32510309]: 2010: 1727, loss: 39.29%
Pop loss [32510309]: 2010: 1172, loss: 11.47%
Pop loss [32510309]: 2010: 1178, loss: 11.09%
Pop loss [32510309]: 2010: 2150, loss: 9.12%
Pop loss [32510309]: 2010: 26, loss: 20.77%
Pop loss [32510309]: 2010: 406, loss: 10.74%
Pop loss [32510309]: 2010: 1706, loss: 6.33%
Pop loss [32510309]: 2010: 222, loss: 8.83%
Pop loss [32510309]: 2010: 199, loss: 13.72%
Pop loss [32510309]: 2010: 12, loss: 31.67%
Pop loss [32510309]: 2010: 2116, loss: 15.93%
Pop loss [32510309]: 2010: 1902, loss: 1.76%
Pop loss [32510309]: 2010: 72, loss: 29.86%
Pop loss [32510309]: 2010: 206, loss: 32.23%
Pop loss [32510309]: 2010: 1209, loss: 7.76%
Pop loss [32510309]: 2010: 338, loss: 1.21%
Pop loss [32510309]: 2010: 240, loss: 43.83%
Pop loss [32510309]: 2010: 1082, loss: 1.67%
Pop loss [32510309]: 2010: 370, loss: 8.76%
Pop loss [32510309]: 2010: 67, loss: 8.66%
Pop loss [32510309]: 2010: 147, loss: 15.51%
Pop loss [32510309]: 2010: 1733, loss: 11.99%
Pop loss [32510309]: 2010: 52, loss: 7.88%
Pop loss [32510309]: 2010: 900, loss: 6.49%
Pop loss [32510309]: 2010: 766, loss: 5.76%
Pop loss [32510309]: 2010: 1244, loss: 5.39%
Pop loss [32510309]: 2010: 923, loss: 15.12%
Pop loss [32510309]: 2010: 1243, loss: 7.99%
Pop loss [32510309]: 2010: 273, loss: 48.42%
Pop loss [32510309]: 2010: 5, loss: 4.0%
Pop loss [32510309]: 2010: 47, loss: 15.32%
Pop loss [32510309]: 2010: 41, loss: 11.71%
Pop loss [32510309]: 2010: 844, loss: 7.61%
Pop loss [32510309]: 2010: 12, loss: 17.5%
Pop loss [32510309]: 2010: 28, loss: 2.5%
Pop loss [32510309]: 2010: 5, loss: 46.0%
Pop loss [32510309]: 2010: 1028, loss: 9.19%
Pop loss [32510309]: 2010: 1086, loss: 1.3%
Pop loss [32510309]: 2010: 1253, loss: 9.07%
Pop loss [32510309]: 2010: 641, loss: 8.16%
Pop loss [32510309]: 2010: 168, loss: 16.49%
Pop loss [32510309]: 2010: 932, loss: 6.63%
Pop loss [32510309]: 2010: 321, loss: 2.52%
Pop loss [32510309]: 2010: 63, loss: 12.86%
Pop loss [32510309]: 2010: 134, loss: 9.1%
Pop loss [32510309]: 2010: 430, loss: 0.16%
Pop loss [32510309]: 2010: 1181, loss: 4.02%
Pop loss [32510309]: 2010: 12, loss: 10.83%
Pop loss [32510309]: 2010: 464, loss: 14.68%
Pop loss [32510309]: 2010: 977, loss: 12.28%
Pop loss [32510309]: 2010: 883, loss: 5.89%
Pop loss [32510309]: 2010: 1217, loss: 24.49%
Pop loss [32510309]: 2010: 11, loss: 13.64%
Pop loss [32510309]: 2010: 94, loss: 27.87%
Pop loss [32510309]: 2010: 45, loss: 15.56%
Pop loss [32510309]: 2010: 1075, loss: 23.74%
Pop loss [32510309]: 2010: 83, loss: 9.64%
Pop loss [32510309]: 2010: 104, loss: 1.06%
Pop loss [32510309]: 2010: 145, loss: 13.86%
Pop loss [32510309]: 2010: 55, loss: 3.27%
Pop loss [32510309]: 2010: 649, loss: 12.5%
Pop loss [32510309]: 2010: 158, loss: 1.77%
Pop loss [32510309]: 2010: 990, loss: 7.22%
Pop loss [32510309]: 2010: 303, loss: 5.94%
Pop loss [32510309]: 2010: 269, loss: 12.94%
Pop loss [32510309]: 2010: 390, loss: 5.1%
Pop loss [32510309]: 2010: 356, loss: 6.74%
Pop loss [32510309]: 2010: 44, loss: 12.05%
Pop loss [32510309]: 2010: 548, loss: 4.62%
Pop loss [32510309]: 2010: 636, loss: 6.78%
Pop loss [32510309]: 2010: 21, loss: 10.95%
Pop loss [32510309]: 2010: 90, loss: 16.44%
Pop loss [32510309]: 2010: 9, loss: 11.11%
Pop loss [32510309]: 2010: 6, loss: 13.33%
Pop loss [32510309]: 2010: 1209, loss: 12.32%
Pop loss [32510309]: 2010: 930, loss: 2.38%
Pop loss [32510309]: 2010: 892, loss: 2.59%
Pop loss [32510309]: 2010: 1198, loss: 2.59%
Pop loss [32510309]: 2010: 337, loss: 11.07%
Pop loss [32510309]: 2010: 478, loss: 22.49%
Pop loss [32510309]: 2010: 510, loss: 3.61%
Pop loss [32510309]: 2010: 235, loss: 16.43%
Pop loss [32510309]: 2010: 1892, loss: 3.51%
Pop loss [32510309]: 2010: 1302, loss: 1.32%
Pop loss [32510309]: 2010: 2440, loss: 5.26%
Pop loss [32510309]: 2010: 2752, loss: 8.08%
Pop loss [32510309]: 2010: 2280, loss: 2.04%
Pop loss [32510309]: 2010: 954, loss: 12.83%
Pop loss [32510309]: 2010: 1323, loss: 7.06%
Pop loss [32510309]: 2010: 3475, loss: 41.4%
Pop loss [32510309]: 2010: 1647, loss: 4.47%
Pop loss [32510309]: 2010: 1865, loss: 2.67%
Pop loss [32510309]: 2010: 3398, loss: 3.19%
Pop loss [32510309]: 2010: 1125, loss: 0.22%
Pop loss [32510309]: 2010: 1903, loss: 8.88%
Pop loss [32510309]: 2010: 3010, loss: 6.07%
Pop loss [32510309]: 2010: 2351, loss: 8.15%
Pop loss [32510309]: 2010: 1863, loss: 8.36%
Pop loss [32510309]: 2010: 967, loss: 28.68%
Row count: 2126
Loss count: 639
Tot 2010 Pop: 2700551
Tot 2018 Pop: 2922848.0
