Make Demographic_Data_RI.v06 (2025-06-19)

Row count: 423
Totals from Block Data (BData) and CSV Data (CData)
Field;			BData;	CData;	Diff
T_10_CENS_Total;	1052567;	1052567;	0
T_10_CENS_White;	803685;	803685;	0
T_10_CENS_Hispanic;	130655;	130655;	0
T_10_CENS_Black;	77754;	77754;	0
T_10_CENS_Asian;	36763;	36763;	0
T_10_CENS_Native;	14394;	14394;	0
T_10_CENS_Pacific;	2260;	2260;	0
T_18_ACS_Total;	1056611;	1056611;	0
T_18_ACS_White;	767727;	767727;	0
T_18_ACS_Hispanic;	158858;	158858;	0
T_18_ACS_Black;	86052;	86052;	0
T_18_ACS_Asian;	43553;	43553;	0
T_18_ACS_Native;	14239;	14239;	0
T_18_ACS_Pacific;	2392;	2392;	0
T_19_ACS_Total;	1057231;	1057231;	0
T_19_ACS_White;	761432;	761432;	0
T_19_ACS_Hispanic;	163226;	163226;	0
T_19_ACS_Black;	89741;	89741;	0
T_19_ACS_Asian;	44653;	44653;	0
T_19_ACS_Native;	14220;	14220;	0
T_19_ACS_Pacific;	2369;	2369;	0
T_20_CENS_Total;	1097379;	1097379;	0
T_20_CENS_White;	754050;	754050;	0
T_20_CENS_Hispanic;	182101;	182101;	0
T_20_CENS_Black;	99925;	99925;	0
T_20_CENS_Asian;	48450;	48450;	0
T_20_CENS_Native;	23357;	23357;	0
T_20_CENS_Pacific;	2331;	2331;	0
T_20_ACS_Total;	1057798;	1057798;	0
T_20_ACS_White;	755708;	755708;	0
T_20_ACS_Hispanic;	168007;	168007;	0
T_20_ACS_Black;	91539;	91539;	0
T_20_ACS_Asian;	45472;	45472;	0
T_20_ACS_Native;	13851;	13851;	0
T_20_ACS_Pacific;	2413;	2413;	0
T_22_ACS_Total;	1094250;	1094250;	0
T_22_ACS_White;	764160;	764160;	0
T_22_ACS_Hispanic;	183196;	183196;	0
T_22_ACS_Black;	100064;	100064;	0
T_22_ACS_Asian;	46989;	46989;	0
T_22_ACS_Native;	15629;	15629;	0
T_22_ACS_Pacific;	2483;	2483;	0
V_10_VAP_Total;	828611;	828611;	0
V_10_VAP_White;	660823;	660823;	0
V_10_VAP_Hispanic;	84715;	84715;	0
V_10_VAP_Black;	51397;	51397;	0
V_10_VAP_Asian;	26765;	26765;	0
V_10_VAP_Native;	9438;	9438;	0
V_10_VAP_Pacific;	1514;	1514;	0
V_18_CVAP_Total;	789070;	789070;	0
V_18_CVAP_White;	637364;	637364;	0
V_18_CVAP_Hispanic;	78821;	78821;	0
V_18_CVAP_Black;	44828;	44828;	0
V_18_CVAP_Asian;	20786;	20786;	0
V_18_CVAP_Native;	7070;	7070;	0
V_18_CVAP_Pacific;	575;	575;	0
V_19_CVAP_Total;	792934;	792934;	0
V_19_CVAP_White;	633853;	633853;	0
V_19_CVAP_Hispanic;	83983;	83983;	0
V_19_CVAP_Black;	45969;	45969;	0
V_19_CVAP_Asian;	21552;	21552;	0
V_19_CVAP_Native;	6888;	6888;	0
V_19_CVAP_Pacific;	584;	584;	0
V_20_VAP_Total;	887594;	887594;	0
V_20_VAP_White;	642435;	642435;	0
V_20_VAP_Hispanic;	125988;	125988;	0
V_20_VAP_Black;	70366;	70366;	0
V_20_VAP_Asian;	36946;	36946;	0
V_20_VAP_Native;	16647;	16647;	0
V_20_VAP_Pacific;	1655;	1655;	0
V_20_VAP_NH_Total;	887594;	887594;	0
V_20_VAP_NH_White;	642435;	642435;	0
V_20_VAP_NH_Hispanic;	125988;	125988;	0
V_20_VAP_NH_BlackAlone;	41924;	41924;	0
V_20_VAP_NH_AsianAlone;	31412;	31412;	0
V_20_VAP_NH_NativeAlone;	2699;	2699;	0
V_20_VAP_NH_PacificAlone;	255;	255;	0
V_20_VAP_NH_OtherAlone;	8453;	8453;	0
V_20_VAP_NH_TwoOrMore;	34428;	34428;	0
V_20_CVAP_Total;	795088;	795088;	0
V_20_CVAP_White;	631561;	631561;	0
V_20_CVAP_Hispanic;	86637;	86637;	0
V_20_CVAP_Black;	46774;	46774;	0
V_20_CVAP_Asian;	22063;	22063;	0
V_20_CVAP_Native;	6854;	6854;	0
V_20_CVAP_Pacific;	506;	506;	0
V_22_CVAP_Total;	824535;	824535;	0
V_22_CVAP_White;	646860;	646860;	0
V_22_CVAP_Hispanic;	94256;	94256;	0
V_22_CVAP_Black;	51355;	51355;	0
V_22_CVAP_Asian;	23529;	23529;	0
V_22_CVAP_Native;	7050;	7050;	0
V_22_CVAP_Pacific;	424;	424;	0
V_22_CVAP_RemTwoOrMore;	2145;	2145;	0
