Make Election_Data_RI.v06 (2025-06-19)

Row count: 423
Totals from Block Data (BData) and CSV Data (CData)
Field;			BData;	CData;	Diff
E_08_PRES_Total;	470643;	470643;	0
E_08_PRES_Dem;	296571;	296571;	0
E_08_PRES_Rep;	165391;	165391;	0
E_12_PRES_Total;	439342;	439342;	0
E_12_PRES_Dem;	281514;	281514;	0
E_12_PRES_Rep;	157828;	157828;	0
E_16_PRES_Total;	464144;	464144;	0
E_16_PRES_Dem;	252525;	252525;	0
E_16_PRES_Rep;	180543;	180543;	0
E_18_SEN_Total;	376738;	376738;	0
E_18_SEN_Dem;	231477;	231477;	0
E_18_SEN_Rep;	144421;	144421;	0
E_18_GOV_Total;	376401;	376401;	0
E_18_GOV_Dem;	198122;	198122;	0
E_18_GOV_Rep;	139932;	139932;	0
E_18_AG_Total;	343681;	343681;	0
E_18_AG_Dem;	274350;	274350;	0
E_18_AG_Rep;	0;	0;	0
E_18_LTG_Total;	366152;	366152;	0
E_18_LTG_Dem;	226528;	226528;	0
E_18_LTG_Rep;	106505;	106505;	0
E_16-20_COMP_Total;	461598;	461598;	0
E_16-20_COMP_Dem;	279907;	279907;	0
E_16-20_COMP_Rep;	172352;	172352;	0
E_20_PRES_Total;	517757;	517757;	0
E_20_PRES_Dem;	307486;	307486;	0
E_20_PRES_Rep;	199922;	199922;	0
E_20_SEN_Total;	494262;	494262;	0
E_20_SEN_Dem;	328574;	328574;	0
E_20_SEN_Rep;	164855;	164855;	0
