Make CSV: NC (election)
Row count: 2666
R_2016_pres: 2362610
D_2016_pres: 2189106
Tot_2016_pres: 4741328
R_2016_sen: 2395348
D_2016_sen: 2127968
Tot_2016_sen: 4690901
R_2016_gov: 2298851
D_2016_gov: 2308957
Tot_2016_gov: 4710780
R_2016_ag: 2278985
D_2016_ag: 2303419
Tot_2016_ag: 4582404
R_2016_ltg: 2393490
D_2016_ltg: 2093180
Tot_2016_ltg: 4619312
R_2014_sen: 1414234
D_2014_sen: 1367234
Tot_2014_sen: 2894682
R_2020_pres: 2758731
D_2020_pres: 2684098
Tot_2020_pres: 5524566
R_2020_sen: 2665560
D_2020_sen: 2569778
Tot_2020_sen: 5474716
R_2020_gov: 2586571
D_2020_gov: 2834591
Tot_2020_gov: 5502540
R_2020_ag: 2699744
D_2020_ag: 2713204
Tot_2020_ag: 5412948
R_2020_ltg: 2800618
D_2020_ltg: 2623265
Tot_2020_ltg: 5423883
