Make Demographic_Data_NC.v06 (2025-06-18)

Row count: 2666
Totals from Block Data (BData) and CSV Data (CData)
Field;			BData;	CData;	Diff
T_10_CENS_Total;	9535483;	9535483;	0
T_10_CENS_White;	6223995;	6223995;	0
T_10_CENS_Hispanic;	800120;	800120;	0
T_10_CENS_Black;	2151456;	2151456;	0
T_10_CENS_Asian;	252585;	252585;	0
T_10_CENS_Native;	184082;	184082;	0
T_10_CENS_Pacific;	14774;	14774;	0
T_18_ACS_Total;	10155624;	10155624;	0
T_18_ACS_White;	6433039;	6433039;	0
T_18_ACS_Hispanic;	935950;	935950;	0
T_18_ACS_Black;	2331119;	2331119;	0
T_18_ACS_Asian;	342284;	342284;	0
T_18_ACS_Native;	198583;	198583;	0
T_18_ACS_Pacific;	17740;	17740;	0
T_19_ACS_Total;	10264876;	10264876;	0
T_19_ACS_White;	6474688;	6474688;	0
T_19_ACS_Hispanic;	962665;	962665;	0
T_19_ACS_Black;	2360234;	2360234;	0
T_19_ACS_Asian;	355907;	355907;	0
T_19_ACS_Native;	204106;	204106;	0
T_19_ACS_Pacific;	18280;	18280;	0
T_20_CENS_Total;	10439388;	10439388;	0
T_20_CENS_White;	6312148;	6312148;	0
T_20_CENS_Hispanic;	1118596;	1118596;	0
T_20_CENS_Black;	2344553;	2344553;	0
T_20_CENS_Asian;	425449;	425449;	0
T_20_CENS_Native;	318279;	318279;	0
T_20_CENS_Pacific;	20957;	20957;	0
T_20_ACS_Total;	10386227;	10386227;	0
T_20_ACS_White;	6503292;	6503292;	0
T_20_ACS_Hispanic;	991051;	991051;	0
T_20_ACS_Black;	2392742;	2392742;	0
T_20_ACS_Asian;	377854;	377854;	0
T_20_ACS_Native;	208642;	208642;	0
T_20_ACS_Pacific;	19899;	19899;	0
T_22_ACS_Total;	10470214;	10470214;	0
T_22_ACS_White;	6455988;	6455988;	0
T_22_ACS_Hispanic;	1051008;	1051008;	0
T_22_ACS_Black;	2411098;	2411098;	0
T_22_ACS_Asian;	408977;	408977;	0
T_22_ACS_Native;	226022;	226022;	0
T_22_ACS_Pacific;	20448;	20448;	0
V_10_VAP_Total;	7253848;	7253848;	0
V_10_VAP_White;	4964325;	4964325;	0
V_10_VAP_Hispanic;	492330;	492330;	0
V_10_VAP_Black;	1535515;	1535515;	0
V_10_VAP_Asian;	175080;	175080;	0
V_10_VAP_Native;	126821;	126821;	0
V_10_VAP_Pacific;	9097;	9097;	0
V_18_CVAP_Total;	7413195;	7413195;	0
V_18_CVAP_White;	5184129;	5184129;	0
V_18_CVAP_Hispanic;	291978;	291978;	0
V_18_CVAP_Black;	1656453;	1656453;	0
V_18_CVAP_Asian;	147744;	147744;	0
V_18_CVAP_Native;	124349;	124349;	0
V_18_CVAP_Pacific;	3604;	3604;	0
V_19_CVAP_Total;	7515070;	7515070;	0
V_19_CVAP_White;	5229359;	5229359;	0
V_19_CVAP_Hispanic;	313349;	313349;	0
V_19_CVAP_Black;	1681775;	1681775;	0
V_19_CVAP_Asian;	155182;	155182;	0
V_19_CVAP_Native;	126802;	126802;	0
V_19_CVAP_Pacific;	3763;	3763;	0
V_20_VAP_Total;	8155099;	8155099;	0
V_20_VAP_White;	5189633;	5189633;	0
V_20_VAP_Hispanic;	724311;	724311;	0
V_20_VAP_Black;	1743052;	1743052;	0
V_20_VAP_Asian;	302405;	302405;	0
V_20_VAP_Native;	231359;	231359;	0
V_20_VAP_Pacific;	14011;	14011;	0
V_20_VAP_NH_Total;	8155099;	8155099;	0
V_20_VAP_NH_White;	5189633;	5189633;	0
V_20_VAP_NH_Hispanic;	724311;	724311;	0
V_20_VAP_NH_BlackAlone;	1620569;	1620569;	0
V_20_VAP_NH_AsianAlone;	257602;	257602;	0
V_20_VAP_NH_NativeAlone;	77335;	77335;	0
V_20_VAP_NH_PacificAlone;	5144;	5144;	0
V_20_VAP_NH_OtherAlone;	30113;	30113;	0
V_20_VAP_NH_TwoOrMore;	250392;	250392;	0
V_20_CVAP_Total;	7636589;	7636589;	0
V_20_CVAP_White;	5284334;	5284334;	0
V_20_CVAP_Hispanic;	340983;	340983;	0
V_20_CVAP_Black;	1704919;	1704919;	0
V_20_CVAP_Asian;	165133;	165133;	0
V_20_CVAP_Native;	128578;	128578;	0
V_20_CVAP_Pacific;	3994;	3994;	0
V_22_CVAP_Total;	7734299;	7734299;	0
V_22_CVAP_White;	5293541;	5293541;	0
V_22_CVAP_Hispanic;	388185;	388185;	0
V_22_CVAP_Black;	1723442;	1723442;	0
V_22_CVAP_Asian;	185673;	185673;	0
V_22_CVAP_Native;	129222;	129222;	0
V_22_CVAP_Pacific;	4219;	4219;	0
V_22_CVAP_RemTwoOrMore;	24559;	24559;	0
