Make Demographic_Data_FL.v06 (2025-06-18)

Row count: 7247
Totals from Block Data (BData) and CSV Data (CData)
Field;			BData;	CData;	Diff
T_10_CENS_Total;	18801310;	18801310;	0
T_10_CENS_White;	10884722;	10884722;	0
T_10_CENS_Hispanic;	4223806;	4223806;	0
T_10_CENS_Black;	3200663;	3200663;	0
T_10_CENS_Asian;	573083;	573083;	0
T_10_CENS_Native;	162562;	162562;	0
T_10_CENS_Pacific;	39914;	39914;	0
T_18_ACS_Total;	20597236;	20597236;	0
T_18_ACS_White;	11196602;	11196602;	0
T_18_ACS_Hispanic;	5184158;	5184158;	0
T_18_ACS_Black;	3592274;	3592274;	0
T_18_ACS_Asian;	712397;	712397;	0
T_18_ACS_Native;	170283;	170283;	0
T_18_ACS_Pacific;	41004;	41004;	0
T_19_ACS_Total;	20901636;	20901636;	0
T_19_ACS_White;	11266347;	11266347;	0
T_19_ACS_Hispanic;	5346684;	5346684;	0
T_19_ACS_Black;	3653866;	3653866;	0
T_19_ACS_Asian;	734880;	734880;	0
T_19_ACS_Native;	174068;	174068;	0
T_19_ACS_Pacific;	41216;	41216;	0
T_20_CENS_Total;	21538187;	21538187;	0
T_20_CENS_White;	11100503;	11100503;	0
T_20_CENS_Hispanic;	5697240;	5697240;	0
T_20_CENS_Black;	3703952;	3703952;	0
T_20_CENS_Asian;	843005;	843005;	0
T_20_CENS_Native;	384485;	384485;	0
T_20_CENS_Pacific;	44454;	44454;	0
T_20_ACS_Total;	21216924;	21216924;	0
T_20_ACS_White;	11331222;	11331222;	0
T_20_ACS_Hispanic;	5468826;	5468826;	0
T_20_ACS_Black;	3735264;	3735264;	0
T_20_ACS_Asian;	763613;	763613;	0
T_20_ACS_Native;	178120;	178120;	0
T_20_ACS_Pacific;	41386;	41386;	0
T_22_ACS_Total;	21634529;	21634529;	0
T_22_ACS_White;	11242515;	11242515;	0
T_22_ACS_Hispanic;	5738283;	5738283;	0
T_22_ACS_Black;	3831598;	3831598;	0
T_22_ACS_Asian;	814152;	814152;	0
T_22_ACS_Native;	231845;	231845;	0
T_22_ACS_Pacific;	42105;	42105;	0
V_10_VAP_Total;	14799219;	14799219;	0
V_10_VAP_White;	9058437;	9058437;	0
V_10_VAP_Hispanic;	3119182;	3119182;	0
V_10_VAP_Black;	2231112;	2231112;	0
V_10_VAP_Asian;	422872;	422872;	0
V_10_VAP_Native;	118591;	118591;	0
V_10_VAP_Pacific;	28320;	28320;	0
V_18_CVAP_Total;	14723239;	14723239;	0
V_18_CVAP_White;	9201779;	9201779;	0
V_18_CVAP_Hispanic;	2854208;	2854208;	0
V_18_CVAP_Black;	2185116;	2185116;	0
V_18_CVAP_Asian;	357299;	357299;	0
V_18_CVAP_Native;	91085;	91085;	0
V_18_CVAP_Pacific;	8291;	8291;	0
V_19_CVAP_Total;	14987523;	14987523;	0
V_19_CVAP_White;	9274188;	9274188;	0
V_19_CVAP_Hispanic;	2982025;	2982025;	0
V_19_CVAP_Black;	2231442;	2231442;	0
V_19_CVAP_Asian;	371945;	371945;	0
V_19_CVAP_Native;	91954;	91954;	0
V_19_CVAP_Pacific;	7943;	7943;	0
V_20_VAP_Total;	17339232;	17339232;	0
V_20_VAP_White;	9476700;	9476700;	0
V_20_VAP_Hispanic;	4332685;	4332685;	0
V_20_VAP_Black;	2694907;	2694907;	0
V_20_VAP_Asian;	637361;	637361;	0
V_20_VAP_Native;	294420;	294420;	0
V_20_VAP_Pacific;	31873;	31873;	0
V_20_VAP_NH_Total;	17339232;	17339232;	0
V_20_VAP_NH_White;	9476700;	9476700;	0
V_20_VAP_NH_Hispanic;	4332685;	4332685;	0
V_20_VAP_NH_BlackAlone;	2344909;	2344909;	0
V_20_VAP_NH_AsianAlone;	510811;	510811;	0
V_20_VAP_NH_NativeAlone;	34541;	34541;	0
V_20_VAP_NH_PacificAlone;	9027;	9027;	0
V_20_VAP_NH_OtherAlone;	96170;	96170;	0
V_20_VAP_NH_TwoOrMore;	534389;	534389;	0
V_20_CVAP_Total;	15296890;	15296890;	0
V_20_CVAP_White;	9361841;	9361841;	0
V_20_CVAP_Hispanic;	3121183;	3121183;	0
V_20_CVAP_Black;	2290911;	2290911;	0
V_20_CVAP_Asian;	388886;	388886;	0
V_20_CVAP_Native;	92944;	92944;	0
V_20_CVAP_Pacific;	8085;	8085;	0
V_22_CVAP_Total;	15698553;	15698553;	0
V_22_CVAP_White;	9412685;	9412685;	0
V_22_CVAP_Hispanic;	3352737;	3352737;	0
V_22_CVAP_Black;	2363752;	2363752;	0
V_22_CVAP_Asian;	424573;	424573;	0
V_22_CVAP_Native;	101255;	101255;	0
V_22_CVAP_Pacific;	8798;	8798;	0
V_22_CVAP_RemTwoOrMore;	45871;	45871;	0
