Make Election_Data_FL.v02 (2024-04-21)

Row count: 7247
Totals from Block Data (BData) and CSV Data (CData)
Field;			BData;	CData;	Diff
E_08_PRES_Total;	8412585;	8412585;	0
E_08_PRES_Dem;	4282215;	4282215;	0
E_08_PRES_Rep;	4046064;	4046064;	0
E_12_PRES_Total;	8381825;	8381825;	0
E_12_PRES_Dem;	4227102;	4227102;	0
E_12_PRES_Rep;	4154723;	4154723;	0
E_16_PRES_Total;	9487756;	9487756;	0
E_16_PRES_Dem;	4497005;	4497005;	0
E_16_PRES_Rep;	4613451;	4613451;	0
E_16_SEN_Total;	9313787;	9313787;	0
E_16_SEN_Dem;	4114800;	4114800;	0
E_16_SEN_Rep;	4830807;	4830807;	0
E_18_SEN_Total;	8180548;	8180548;	0
E_18_SEN_Dem;	4081478;	4081478;	0
E_18_SEN_Rep;	4095251;	4095251;	0
E_18_GOV_Total;	8215612;	8215612;	0
E_18_GOV_Dem;	4038222;	4038222;	0
E_18_GOV_Rep;	4072210;	4072210;	0
E_18_AG_Total;	8117460;	8117460;	0
E_18_AG_Dem;	3738788;	3738788;	0
E_18_AG_Rep;	4228856;	4228856;	0
E_16-20_COMP_Total;	9035150;	9035150;	0
E_16-20_COMP_Dem;	4294081;	4294081;	0
E_16-20_COMP_Rep;	4584404;	4584404;	0
E_20_PRES_Total;	11090724;	11090724;	0
E_20_PRES_Dem;	5296948;	5296948;	0
E_20_PRES_Rep;	5668683;	5668683;	0
E_16-22_COMP_Total;	8638737;	8638737;	0
E_16-22_COMP_Dem;	3866445;	3866445;	0
E_16-22_COMP_Rep;	4685673;	4685673;	0
E_22_SEN_Total;	7760165;	7760165;	0
E_22_SEN_Dem;	3200760;	3200760;	0
E_22_SEN_Rep;	4474687;	4474687;	0
E_22_GOV_Total;	7771398;	7771398;	0
E_22_GOV_Dem;	3106313;	3106313;	0
E_22_GOV_Rep;	4614209;	4614209;	0
E_22_AG_Total;	7677223;	7677223;	0
E_22_AG_Dem;	3025944;	3025944;	0
E_22_AG_Rep;	4651279;	4651279;	0
E_22_TREAS_Total;	7614689;	7614689;	0
E_22_TREAS_Dem;	3085697;	3085697;	0
E_22_TREAS_Rep;	4528811;	4528811;	0
E_22_CONG_Total;	7334808;	7334808;	0
E_22_CONG_Dem;	2904954;	2904954;	0
E_22_CONG_Rep;	4271037;	4271037;	0
