Make CSV: TX (election)
Row count: 9007
R_2016_pres: 4684856
D_2016_pres: 3877861
Tot_2016_pres: 8983403
R_2018_sen: 4260461
D_2018_sen: 4045618
Tot_2018_sen: 8371562
R_2018_gov: 4656210
D_2018_gov: 3546595
Tot_2018_gov: 8343437
R_2018_ag: 4191243
D_2018_ag: 3898384
Tot_2018_ag: 8290934
R_2018_ltg: 4260984
D_2018_ltg: 3860840
Tot_2018_ltg: 8305339
R_2014_sen: 2852502
D_2014_sen: 1579300
Tot_2014_sen: 4454226
R_2014_gov: 2788047
D_2014_gov: 1819727
Tot_2014_gov: 4628276
R_2020_pres: 5890568
D_2020_pres: 5259279
Tot_2020_pres: 11320415
R_2020_sen: 5963177
D_2020_sen: 4888902
Tot_2020_sen: 11143574
