Make Demographic_Data_TX.v06 (2025-06-19)

Row count: 9007
Totals from Block Data (BData) and CSV Data (CData)
Field;			BData;	CData;	Diff
T_10_CENS_Total;	25145257;	25145257;	0
T_10_CENS_White;	11397251;	11397251;	0
T_10_CENS_Hispanic;	9460793;	9460793;	0
T_10_CENS_Black;	3168403;	3168403;	0
T_10_CENS_Asian;	1110649;	1110649;	0
T_10_CENS_Native;	315263;	315263;	0
T_10_CENS_Pacific;	47645;	47645;	0
T_18_ACS_Total;	27884259;	27884259;	0
T_18_ACS_White;	11807263;	11807263;	0
T_18_ACS_Hispanic;	10920645;	10920645;	0
T_18_ACS_Black;	3646769;	3646769;	0
T_18_ACS_Asian;	1507767;	1507767;	0
T_18_ACS_Native;	342393;	342393;	0
T_18_ACS_Pacific;	56073;	56073;	0
T_19_ACS_Total;	28260856;	28260856;	0
T_19_ACS_White;	11856336;	11856336;	0
T_19_ACS_Hispanic;	11116881;	11116881;	0
T_19_ACS_Black;	3727750;	3727750;	0
T_19_ACS_Asian;	1565746;	1565746;	0
T_19_ACS_Native;	349927;	349927;	0
T_19_ACS_Pacific;	60565;	60565;	0
T_20_CENS_Total;	29145505;	29145505;	0
T_20_CENS_White;	11584597;	11584597;	0
T_20_CENS_Hispanic;	11441717;	11441717;	0
T_20_CENS_Black;	3964700;	3964700;	0
T_20_CENS_Asian;	1849226;	1849226;	0
T_20_CENS_Native;	794062;	794062;	0
T_20_CENS_Pacific;	77196;	77196;	0
T_20_ACS_Total;	28635442;	28635442;	0
T_20_ACS_White;	11850477;	11850477;	0
T_20_ACS_Hispanic;	11294257;	11294257;	0
T_20_ACS_Black;	3834846;	3834846;	0
T_20_ACS_Asian;	1656166;	1656166;	0
T_20_ACS_Native;	370697;	370697;	0
T_20_ACS_Pacific;	60744;	60744;	0
T_22_ACS_Total;	29243342;	29243342;	0
T_22_ACS_White;	11732834;	11732834;	0
T_22_ACS_Hispanic;	11665280;	11665280;	0
T_22_ACS_Black;	4009301;	4009301;	0
T_22_ACS_Asian;	1784842;	1784842;	0
T_22_ACS_Native;	504436;	504436;	0
T_22_ACS_Pacific;	68911;	68911;	0
V_10_VAP_Total;	18279513;	18279513;	0
V_10_VAP_White;	9074601;	9074601;	0
V_10_VAP_Hispanic;	6143060;	6143060;	0
V_10_VAP_Black;	2194598;	2194598;	0
V_10_VAP_Asian;	802280;	802280;	0
V_10_VAP_Native;	218440;	218440;	0
V_10_VAP_Pacific;	30413;	30413;	0
V_18_CVAP_Total;	17859037;	17859037;	0
V_18_CVAP_White;	9335716;	9335716;	0
V_18_CVAP_Hispanic;	5243116;	5243116;	0
V_18_CVAP_Black;	2398750;	2398750;	0
V_18_CVAP_Asian;	697773;	697773;	0
V_18_CVAP_Native;	150282;	150282;	0
V_18_CVAP_Pacific;	13719;	13719;	0
V_19_CVAP_Total;	18181164;	18181164;	0
V_19_CVAP_White;	9380360;	9380360;	0
V_19_CVAP_Hispanic;	5428901;	5428901;	0
V_19_CVAP_Black;	2453693;	2453693;	0
V_19_CVAP_Asian;	730015;	730015;	0
V_19_CVAP_Native;	152650;	152650;	0
V_19_CVAP_Pacific;	14145;	14145;	0
V_20_VAP_Total;	21866700;	21866700;	0
V_20_VAP_White;	9437993;	9437993;	0
V_20_VAP_Hispanic;	7907319;	7907319;	0
V_20_VAP_Black;	2837841;	2837841;	0
V_20_VAP_Asian;	1358922;	1358922;	0
V_20_VAP_Native;	584904;	584904;	0
V_20_VAP_Pacific;	51835;	51835;	0
V_20_VAP_NH_Total;	21866700;	21866700;	0
V_20_VAP_NH_White;	9437993;	9437993;	0
V_20_VAP_NH_Hispanic;	7907319;	7907319;	0
V_20_VAP_NH_BlackAlone;	2575257;	2575257;	0
V_20_VAP_NH_AsianAlone;	1205578;	1205578;	0
V_20_VAP_NH_NativeAlone;	67248;	67248;	0
V_20_VAP_NH_PacificAlone;	20144;	20144;	0
V_20_VAP_NH_OtherAlone;	77691;	77691;	0
V_20_VAP_NH_TwoOrMore;	575470;	575470;	0
V_20_CVAP_Total;	18579395;	18579395;	0
V_20_CVAP_White;	9428992;	9428992;	0
V_20_CVAP_Hispanic;	5670626;	5670626;	0
V_20_CVAP_Black;	2511170;	2511170;	0
V_20_CVAP_Asian;	768105;	768105;	0
V_20_CVAP_Native;	154900;	154900;	0
V_20_CVAP_Pacific;	13583;	13583;	0
V_22_CVAP_Total;	19161709;	19161709;	0
V_22_CVAP_White;	9432950;	9432950;	0
V_22_CVAP_Hispanic;	6048998;	6048998;	0
V_22_CVAP_Black;	2613984;	2613984;	0
V_22_CVAP_Asian;	847579;	847579;	0
V_22_CVAP_Native;	171857;	171857;	0
V_22_CVAP_Pacific;	15609;	15609;	0
V_22_CVAP_RemTwoOrMore;	49860;	49860;	0
